..\\Data\\global_lib.h(372):     <br/>\n
..\\Data\\global_lib.h(372):               Moscow<br/>\n
..\\Data\\global_lib.h(372):               Moscow<br/>\n
..\\Data\\global_lib.h(372):               <br/>\n
..\\Data\\global_lib.h(372):               Total Charge: $ 789 <BR/> (CC: x-5673)\n
..\\Data\\global_lib.h(372):           </td> </tr> </table>\n
..\\Data\\global_lib.h(372):           </center>\n
..\\Data\\global_lib.h(372):       </TD>\n
..\\Data\\global_lib.h(372):     </TR>\n
..\\Data\\global_lib.h(372):     <TR bgcolor="#EFF2F7">\n
..\\Data\\global_lib.h(372):       <TD COLSPAN="3">\n
..\\Data\\global_lib.h(372):       <b>Flight Details:</b><BR/>  <center>\n
..\\Data\\global_lib.h(372):       05/31/2021\n
..\\Data\\global_lib.h(372):      :  8am : Flight 900 leaves Zurich  for Denver.<br>  </center>\n
..\\Data\\global_lib.h(372):       </TD>\n
..\\Data\\global_lib.h(372):     </TR>\n
..\\Data\\global_lib.h(372):     \n
..\\Data\\global_lib.h(372):     <TR bgcolor="#EFF2F7">\n
..\\Data\\global_lib.h(372):       <TD COLSPAN="4">\n
..\\Data\\global_lib.h(372):       <hr/>\n
..\\Data\\global_lib.h(372):       </TD>\n
..\\Data\\global_lib.h(372):     </TR>\n
..\\Data\\global_lib.h(372):     \n
..\\Data\\global_lib.h(372):     <!-- Flight #1 -->\n
..\\Data\\global_lib.h(372):     <TR bgcolor="#EFF2F7">\n
..\\Data\\global_lib.h(372):       <TD width="5%" rowspan="2" align="left" valign="top">\n
..\\Data\\global_lib.h(372):     <b>\n
..\\Data\\global_lib.h(372):     <label><input type="checkbox" name="6" value="on" /></label></font></b>\n
..\\Data\\global_lib.h(372):     <input type="hidden" name="flightID" value="2101411176-46289-ii"  />\n
..\\Data\\global_lib.h(372):       </TD>\n
..\\Data\\global_lib.h(372):       <TD width="45%" valign="top">\n
..\\Data\\global_lib.h(372):           <b>&nbsp;&nbsp;A Business class ticket for :</b><br/>\n
..\\Data\\global_lib.h(372):           <center><table border="0" width="85%"><tr><td>\n
..\\Data\\global_lib.h(372):           <li><i>ivan2 ivan2\n
..\\Data\\global_lib.h(372):           <li><i></i>\n
..\\Data\\global_lib.h(372):           </td></tr></table></center>\n
..\\Data\\global_lib.h(372):       </TD>\n
..\\Data\\global_lib.h(372):       <TD width="5%" >.<br/>.<br/>.<br/>.</TD>\n
..\\Data\\global_lib.h(372):       <TD width="45%" valign=top><b>Invoice sent to:</b><br/>\n
..\\Data\\global_lib.h(372):           <center>\n
..\\Data\\global_lib.h(372):           <Table width="80%" cellspacing="0" > <tr> <td>\n
..\\Data\\global_lib.h(372):               ivan2 ivan2\n
..\\Data\\global_lib.h(372):     <br/>\n
..\\Data\\global_lib.h(372):               Moscow<br/>\n
..\\Data\\global_lib.h(372):               Moscow<br/>\n
..\\Data\\global_lib.h(372):               <br/>\n
..\\Data\\global_lib.h(372):               Total Charge: $ 1768 <BR/> (CC: x-5673)\n
..\\Data\\global_lib.h(372):           </td> </tr> </table>\n
..\\Data\\global_lib.h(372):           </center>\n
..\\Data\\global_lib.h(372):       </TD>\n
..\\Data\\global_lib.h(372):     </TR>\n
..\\Data\\global_lib.h(372):     <TR bgcolor="#EFF2F7">\n
..\\Data\\global_lib.h(372):       <TD COLSPAN="3">\n
..\\Data\\global_lib.h(372):       <b>Flight Details:</b><BR/>  <center>\n
..\\Data\\global_lib.h(372):       05/31/2021\n
..\\Data\\global_lib.h(372):      :  8am : Flight 810 leaves Sydney  for Frankfurt.<br>  </center>\n
..\\Data\\global_lib.h(372):       </TD>\n
..\\Data\\global_lib.h(372):     </TR>\n
..\\Data\\global_lib.h(372):     \n
..\\Data\\global_lib.h(372):     <TR bgcolor="#EFF2F7">\n
..\\Data\\global_lib.h(372):       <TD COLSPAN="4">\n
..\\Data\\global_lib.h(372):       <hr/>\n
..\\Data\\global_lib.h(372):       </TD>\n
..\\Data\\global_lib.h(372):     </TR>\n
..\\Data\\global_lib.h(372):     \n
..\\Data\\global_lib.h(372):     <!-- Flight #1 -->\n
..\\Data\\global_lib.h(372):     <TR bgcolor="#EFF2F7">\n
..\\Data\\global_lib.h(372):       <TD width="5%" rowspan="2" align="left" valign="top">\n
..\\Data\\global_lib.h(372):     <b>\n
..\\Data\\global_lib.h(372):     <label><input type="checkbox" name="7" value="on" /></label></font></b>\n
..\\Data\\global_lib.h(372):     <input type="hidden" name="flightID" value="210124448-5393-ii"  />\n
..\\Data\\global_lib.h(372):       </TD>\n
..\\Data\\global_lib.h(372):       <TD width="45%" valign="top">\n
..\\Data\\global_lib.h(372):           <b>&nbsp;&nbsp;A First class ticket for :</b><br/>\n
..\\Data\\global_lib.h(372):           <center><table border="0" width="85%"><tr><td>\n
..\\Data\\global_lib.h(372):           <li><i>ivan2 ivan2\n
..\\Data\\global_lib.h(372):           <li><i></i>\n
..\\Data\\global_lib.h(372):           </td></tr></table></center>\n
..\\Data\\global_lib.h(372):       </TD>\n
..\\Data\\global_lib.h(372):       <TD width="5%" >.<br/>.<br/>.<br/>.</TD>\n
..\\Data\\global_lib.h(372):       <TD width="45%" valign=top><b>Invoice sent to:</b><br/>\n
..\\Data\\global_lib.h(372):           <center>\n
..\\Data\\global_lib.h(372):           <Table width="80%" cellspacing="0" > <tr> <td>\n
..\\Data\\global_lib.h(372):               ivan2 ivan2\n
..\\Data\\global_lib.h(372):     <br/>\n
..\\Data\\global_lib.h(372):               Moscow<br/>\n
..\\Data\\global_lib.h(372):               Moscow<br/>\n
..\\Data\\global_lib.h(372):               <br/>\n
..\\Data\\global_lib.h(372):               Total Charge: $ 113 <BR/> (CC: x-5673)\n
..\\Data\\global_lib.h(372):           </td> </tr> </table>\n
..\\Data\\global_lib.h(372):           </center>\n
..\\Data\\global_lib.h(372):       </TD>\n
..\\Data\\global_lib.h(372):     </TR>\n
..\\Data\\global_lib.h(372):     <TR bgcolor="#EFF2F7">\n
..\\Data\\global_lib.h(372):       <TD COLSPAN="3">\n
..\\Data\\global_lib.h(372):       <b>Flight Details:</b><BR/>  <center>\n
..\\Data\\global_lib.h(372):       05/31/2021\n
..\\Data\\global_lib.h(372):      :  8am : Flight 360 leaves Los Angeles  for San Francisco.<br>  </center>\n
..\\Data\\global_lib.h(372):       </TD>\n
..\\Data\\global_lib.h(372):     </TR>\n
..\\Data\\global_lib.h(372):     \n
..\\Data\\global_lib.h(372):     <TR bgcolor="#EFF2F7">\n
..\\Data\\global_lib.h(372):       <TD COLSPAN="4">\n
..\\Data\\global_lib.h(372):       <hr/>\n
..\\Data\\global_lib.h(372):       </TD>\n
..\\Data\\global_lib.h(372):     </TR>\n
..\\Data\\global_lib.h(372):     \n
..\\Data\\global_lib.h(372):     <!-- Flight #1 -->\n
..\\Data\\global_lib.h(372):     <TR bgcolor="#EFF2F7">\n
..\\Data\\global_lib.h(372):       <TD width="5%" rowspan="2" align="left" valign="top">\n
..\\Data\\global_lib.h(372):     <b>\n
..\\Data\\global_lib.h(372):     <label><input type="checkbox" name="8" value="on" /></label></font></b>\n
..\\Data\\global_lib.h(372):     <input type="hidden" name="flightID" value="210137798-6197-ii"  />\n
..\\Data\\global_lib.h(372):       </TD>\n
..\\Data\\global_lib.h(372):       <TD width="45%" valign="top">\n
..\\Data\\global_lib.h(372):           <b>&nbsp;&nbsp;A Coach class ticket for :</b><br/>\n
..\\Data\\global_lib.h(372):           <center><table border="0" width="85%"><tr><td>\n
..\\Data\\global_lib.h(372):           <li><i>ivan2 ivan2\n
..\\Data\\global_lib.h(372):           <li><i></i>\n
..\\Data\\global_lib.h(372):           </td></tr></table></center>\n
..\\Data\\global_lib.h(372):       </TD>\n
..\\Data\\global_lib.h(372):       <TD width="5%" >.<br/>.<br/>.<br/>.</TD>\n
..\\Data\\global_lib.h(372):       <TD width="45%" valign=top><b>Invoice sent to:</b><br/>\n
..\\Data\\global_lib.h(372):           <center>\n
..\\Data\\global_lib.h(372):           <Table width="80%" cellspacing="0" > <tr> <td>\n
..\\Data\\global_lib.h(372):               ivan2 ivan2\n
..\\Data\\global_lib.h(372):     <br/>\n
..\\Data\\global_lib.h(372):               Moscow<br/>\n
..\\Data\\global_lib.h(372):               Moscow<br/>\n
..\\Data\\global_lib.h(372):               <br/>\n
..\\Data\\global_lib.h(372):               Total Charge: $ 565 <BR/> (CC: x-5673)\n
..\\Data\\global_lib.h(372):           </td> </tr> </table>\n
..\\Data\\global_lib.h(372):           </center>\n
..\\Data\\global_lib.h(372):       </TD>\n
..\\Data\\global_lib.h(372):     </TR>\n
..\\Data\\global_lib.h(372):     <TR bgcolor="#EFF2F7">\n
..\\Data\\global_lib.h(372):       <TD COLSPAN="3">\n
..\\Data\\global_lib.h(372):       <b>Flight Details:</b><BR/>  <center>\n
..\\Data\\global_lib.h(372):       05/31/2021\n
..\\Data\\global_lib.h(372):      :  8am : Flight 720 leaves Seattle  for London.<br>  </center>\n
..\\Data\\global_lib.h(372):       </TD>\n
..\\Data\\global_lib.h(372):     </TR>\n
..\\Data\\global_lib.h(372):     \n
..\\Data\\global_lib.h(372):     <TR bgcolor="#EFF2F7">\n
..\\Data\\global_lib.h(372):       <TD COLSPAN="4">\n
..\\Data\\global_lib.h(372):       <hr/>\n
..\\Data\\global_lib.h(372):       </TD>\n
..\\Data\\global_lib.h(372):     </TR>\n
..\\Data\\global_lib.h(372):     \n
..\\Data\\global_lib.h(372):     <!-- Flight #1 -->\n
..\\Data\\global_lib.h(372):     <TR bgcolor="#EFF2F7">\n
..\\Data\\global_lib.h(372):       <TD width="5%" rowspan="2" align="left" valign="top">\n
..\\Data\\global_lib.h(372):     <b>\n
..\\Data\\global_lib.h(372):     <label><input type="checkbox" name="9" value="on" /></label></font></b>\n
..\\Data\\global_lib.h(372):     <input type="hidden" name="flightID" value="2101177843-69366-ii"  />\n
..\\Data\\global_lib.h(372):       </TD>\n
..\\Data\\global_lib.h(372):       <TD width="45%" valign="top">\n
..\\Data\\global_lib.h(372):           <b>&nbsp;&nbsp;A Business class ticket for :</b><br/>\n
..\\Data\\global_lib.h(372):           <center><table border="0" width="85%"><tr><td>\n
..\\Data\\global_lib.h(372):           <li><i>ivan2 ivan2\n
..\\Data\\global_lib.h(372):           <li><i></i>\n
..\\Data\\global_lib.h(372):           </td></tr></table></center>\n
..\\Data\\global_lib.h(372):       </TD>\n
..\\Data\\global_lib.h(372):       <TD width="5%" >.<br/>.<br/>.<br/>.</TD>\n
..\\Data\\global_lib.h(372):       <TD width="45%" valign=top><b>Invoice sent to:</b><br/>\n
..\\Data\\global_lib.h(372):           <center>\n
..\\Data\\global_lib.h(372):           <Table width="80%" cellspacing="0" > <tr> <td>\n
..\\Data\\global_lib.h(372):               ivan2 ivan2\n
..\\Data\\global_lib.h(372):     <br/>\n
..\\Data\\global_lib.h(372):               Moscow<br/>\n
..\\Data\\global_lib.h(372):               Moscow<br/>\n
..\\Data\\global_lib.h(372):               <br/>\n
..\\Data\\global_lib.h(372):               Total Charge: $ 1768 <BR/> (CC: x-5673)\n
..\\Data\\global_lib.h(372):           </td> </tr> </table>\n
..\\Data\\global_lib.h(372):           </center>\n
..\\Data\\global_lib.h(372):       </TD>\n
..\\Data\\global_lib.h(372):     </TR>\n
..\\Data\\global_lib.h(372):     <TR bgcolor="#EFF2F7">\n
..\\Data\\global_lib.h(372):       <TD COLSPAN="3">\n
..\\Data\\global_lib.h(372):       <b>Flight Details:</b><BR/>  <center>\n
..\\Data\\global_lib.h(372):       05/31/2021\n
..\\Data\\global_lib.h(372):      :  8am : Flight 180 leaves Frankfurt  for Sydney.<br>  </center>\n
..\\Data\\global_lib.h(372):       </TD>\n
..\\Data\\global_lib.h(372):     </TR>\n
..\\Data\\global_lib.h(372):     \n
..\\Data\\global_lib.h(372):     <TR bgcolor="#EFF2F7">\n
..\\Data\\global_lib.h(372):       <TD COLSPAN="4">\n
..\\Data\\global_lib.h(372):       <hr/>\n
..\\Data\\global_lib.h(372):       </TD>\n
..\\Data\\global_lib.h(372):     </TR>\n
..\\Data\\global_lib.h(372):     \n
..\\Data\\global_lib.h(372):     <!-- Flight #1 -->\n
..\\Data\\global_lib.h(372):     <TR bgcolor="#EFF2F7">\n
..\\Data\\global_lib.h(372):       <TD width="5%" rowspan="2" align="left" valign="top">\n
..\\Data\\global_lib.h(372):     <b>\n
..\\Data\\global_lib.h(372):     <label><input type="checkbox" name="10" value="on" /></label></font></b>\n
..\\Data\\global_lib.h(372):     <input type="hidden" name="flightID" value="2101177843-77059-ii"  />\n
..\\Data\\global_lib.h(372):       </TD>\n
..\\Data\\global_lib.h(372):       <TD width="45%" valign="top">\n
..\\Data\\global_lib.h(372):           <b>&nbsp;&nbsp;A Business class ticket for :</b><br/>\n
..\\Data\\global_lib.h(372):           <center><table border="0" width="85%"><tr><td>\n
..\\Data\\global_lib.h(372):           <li><i>ivan2 ivan2\n
..\\Data\\global_lib.h(372):           <li><i></i>\n
..\\Data\\global_lib.h(372):           </td></tr></table></center>\n
..\\Data\\global_lib.h(372):       </TD>\n
..\\Data\\global_lib.h(372):       <TD width="5%" >.<br/>.<br/>.<br/>.</TD>\n
..\\Data\\global_lib.h(372):       <TD width="45%" valign=top><b>Invoice sent to:</b><br/>\n
..\\Data\\global_lib.h(372):           <center>\n
..\\Data\\global_lib.h(372):           <Table width="80%" cellspacing="0" > <tr> <td>\n
..\\Data\\global_lib.h(372):               ivan2 ivan2\n
..\\Data\\global_lib.h(372):     <br/>\n
..\\Data\\global_lib.h(372):               Moscow<br/>\n
..\\Data\\global_lib.h(372):               Moscow<br/>\n
..\\Data\\global_lib.h(372):               <br/>\n
..\\Data\\global_lib.h(372):               Total Charge: $ 1768 <BR/> (CC: x-5673)\n
..\\Data\\global_lib.h(372):           </td> </tr> </table>\n
..\\Data\\global_lib.h(372):           </center>\n
..\\Data\\global_lib.h(372):       </TD>\n
..\\Data\\global_lib.h(372):     </TR>\n
..\\Data\\global_lib.h(372):     <TR bgcolor="#EFF2F7">\n
..\\Data\\global_lib.h(372):       <TD COLSPAN="3">\n
..\\Data\\global_lib.h(372):       <b>Flight Details:</b><BR/>  <center>\n
..\\Data\\global_lib.h(372):       05/31/2021\n
..\\Data\\global_lib.h(372):      :  8am : Flight 180 leaves Frankfurt  for Sydney.<br>  </center>\n
..\\Data\\global_lib.h(372):       </TD>\n
..\\Data\\global_lib.h(372):     </TR>\n
..\\Data\\global_lib.h(372):     \n
..\\Data\\global_lib.h(372):     <TR bgcolor="#EFF2F7">\n
..\\Data\\global_lib.h(372):       <TD COLSPAN="4">\n
..\\Data\\global_lib.h(372):       <hr/>\n
..\\Data\\global_lib.h(372):       </TD>\n
..\\Data\\global_lib.h(372):     </TR>\n
..\\Data\\global_lib.h(372):     \n
..\\Data\\global_lib.h(372):     <!-- Flight #1 -->\n
..\\Data\\global_lib.h(372):     <TR bgcolor="#EFF2F7">\n
..\\Data\\global_lib.h(372):       <TD width="5%" rowspan="2" align="left" valign="top">\n
..\\Data\\global_lib.h(372):     <b>\n
..\\Data\\global_lib.h(372):     <label><input type="checkbox" name="11" value="on" /></label></font></b>\n
..\\Data\\global_lib.h(372):     <input type="hidden" name="flightID" value="2101411195-84791-ii"  />\n
..\\Data\\global_lib.h(372):       </TD>\n
..\\Data\\global_lib.h(372):       <TD width="45%" valign="top">\n
..\\Data\\global_lib.h(372):           <b>&nbsp;&nbsp;A First class ticket for :</b><br/>\n
..\\Data\\global_lib.h(372):           <center><table border="0" width="85%"><tr><td>\n
..\\Data\\global_lib.h(372):           <li><i>ivan2 ivan2\n
..\\Data\\global_lib.h(372):           <li><i></i>\n
..\\Data\\global_lib.h(372):           </td></tr></table></center>\n
..\\Data\\global_lib.h(372):       </TD>\n
..\\Data\\global_lib.h(372):       <TD width="5%" >.<br/>.<br/>.<br/>.</TD>\n
..\\Data\\global_lib.h(372):       <TD width="45%" valign=top><b>Invoice sent to:</b><br/>\n
..\\Data\\global_lib.h(372):           <center>\n
..\\Data\\global_lib.h(372):           <Table width="80%" cellspacing="0" > <tr> <td>\n
..\\Data\\global_lib.h(372):               ivan2 ivan2\n
..\\Data\\global_lib.h(372):     <br/>\n
..\\Data\\global_lib.h(372):               Moscow<br/>\n
..\\Data\\global_lib.h(372):               Moscow<br/>\n
..\\Data\\global_lib.h(372):               <br/>\n
..\\Data\\global_lib.h(372):               Total Charge: $ 2287 <BR/> (CC: x-5673)\n
..\\Data\\global_lib.h(372):           </td> </tr> </table>\n
..\\Data\\global_lib.h(372):           </center>\n
..\\Data\\global_lib.h(372):       </TD>\n
..\\Data\\global_lib.h(372):     </TR>\n
..\\Data\\global_lib.h(372):     <TR bgcolor="#EFF2F7">\n
..\\Data\\global_lib.h(372):       <TD COLSPAN="3">\n
..\\Data\\global_lib.h(372):       <b>Flight Details:</b><BR/>  <center>\n
..\\Data\\global_lib.h(372):       05/31/2021\n
..\\Data\\global_lib.h(372):      :  8am : Flight 810 leaves Sydney  for Frankfurt.<br>  </center>\n
..\\Data\\global_lib.h(372):       </TD>\n
..\\Data\\global_lib.h(372):     </TR>\n
..\\Data\\global_lib.h(372):     \n
..\\Data\\global_lib.h(372):     <TR bgcolor="#EFF2F7">\n
..\\Data\\global_lib.h(372):       <TD COLSPAN="4">\n
..\\Data\\global_lib.h(372):       <hr/>\n
..\\Data\\global_lib.h(372):       </TD>\n
..\\Data\\global_lib.h(372):     </TR>\n
..\\Data\\global_lib.h(372):     \n
..\\Data\\global_lib.h(372):     <!-- Flight #1 -->\n
..\\Data\\global_lib.h(372):     <TR bgcolor="#EFF2F7">\n
..\\Data\\global_lib.h(372):       <TD width="5%" rowspan="2" align="left" valign="top">\n
..\\Data\\global_lib.h(372):     <b>\n
..\\Data\\global_lib.h(372):     <label><input type="checkbox" name="12" value="on" /></label></font></b>\n
..\\Data\\global_lib.h(372):     <input type="hidden" name="flightID" value="21013447-929-ii"  />\n
..\\Data\\global_lib.h(372):       </TD>\n
..\\Data\\global_lib.h(372):       <TD width="45%" valign="top">\n
..\\Data\\global_lib.h(372):           <b>&nbsp;&nbsp;A Business class ticket for :</b><br/>\n
..\\Data\\global_lib.h(372):           <center><table border="0" width="85%"><tr><td>\n
..\\Data\\global_lib.h(372):           <li><i>ivan2 ivan2\n
..\\Data\\global_lib.h(372):           <li><i></i>\n
..\\Data\\global_lib.h(372):           </td></tr></table></center>\n
..\\Data\\global_lib.h(372):       </TD>\n
..\\Data\\global_lib.h(372):       <TD width="5%" >.<br/>.<br/>.<br/>.</TD>\n
..\\Data\\global_lib.h(372):       <TD width="45%" valign=top><b>Invoice sent to:</b><br/>\n
..\\Data\\global_lib.h(372):           <center>\n
..\\Data\\global_lib.h(372):           <Table width="80%" cellspacing="0" > <tr> <td>\n
..\\Data\\global_lib.h(372):               ivan2 ivan2\n
..\\Data\\global_lib.h(372):     <br/>\n
..\\Data\\global_lib.h(372):               Moscow<br/>\n
..\\Data\\global_lib.h(372):               Moscow<br/>\n
..\\Data\\global_lib.h(372):               <br/>\n
..\\Data\\global_lib.h(372):               Total Charge: $ 87 <BR/> (CC: x-5673)\n
..\\Data\\global_lib.h(372):           </td> </tr> </table>\n
..\\Data\\global_lib.h(372):           </center>\n
..\\Data\\global_lib.h(372):       </TD>\n
..\\Data\\global_lib.h(372):     </TR>\n
..\\Data\\global_lib.h(372):     <TR bgcolor="#EFF2F7">\n
..\\Data\\global_lib.h(372):       <TD COLSPAN="3">\n
..\\Data\\global_lib.h(372):       <b>Flight Details:</b><BR/>  <center>\n
..\\Data\\global_lib.h(372):       05/31/2021\n
..\\Data\\global_lib.h(372):      :  8am : Flight 630 leaves San Francisco  for Los Angeles.<br>  </center>\n
..\\Data\\global_lib.h(372):       </TD>\n
..\\Data\\global_lib.h(372):     </TR>\n
..\\Data\\global_lib.h(372):     \n
..\\Data\\global_lib.h(372):     <TR bgcolor="#EFF2F7">\n
..\\Data\\global_lib.h(372):       <TD COLSPAN="4">\n
..\\Data\\global_lib.h(372):       <hr/>\n
..\\Data\\global_lib.h(372):       </TD>\n
..\\Data\\global_lib.h(372):     </TR>\n
..\\Data\\global_lib.h(372):     \n
..\\Data\\global_lib.h(372):     <!-- Flight #1 -->\n
..\\Data\\global_lib.h(372):     <TR bgcolor="#EFF2F7">\n
..\\Data\\global_lib.h(372):       <TD width="5%" rowspan="2" align="left" valign="top">\n
..\\Data\\global_lib.h(372):     <b>\n
..\\Data\\global_lib.h(372):     <label><input type="checkbox" name="13" value="on" /></label></font></b>\n
..\\Data\\global_lib.h(372):     <input type="hidden" name="flightID" value="210137798-10043-ii"  />\n
..\\Data\\global_lib.h(372):       </TD>\n
..\\Data\\global_lib.h(372):       <TD width="45%" valign="top">\n
..\\Data\\global_lib.h(372):           <b>&nbsp;&nbsp;A Coach class ticket for :</b><br/>\n
..\\Data\\global_lib.h(372):           <center><table border="0" width="85%"><tr><td>\n
..\\Data\\global_lib.h(372):           <li><i>ivan2 ivan2\n
..\\Data\\global_lib.h(372):           <li><i></i>\n
..\\Data\\global_lib.h(372):           </td></tr></table></center>\n
..\\Data\\global_lib.h(372):       </TD>\n
..\\Data\\global_lib.h(372):       <TD width="5%" >.<br/>.<br/>.<br/>.</TD>\n
..\\Data\\global_lib.h(372):       <TD width="45%" valign=top><b>Invoice sent to:</b><br/>\n
..\\Data\\global_lib.h(372):           <center>\n
..\\Data\\global_lib.h(372):           <Table width="80%" cellspacing="0" > <tr> <td>\n
..\\Data\\global_lib.h(372):               ivan2 ivan2\n
..\\Data\\global_lib.h(372):     <br/>\n
..\\Data\\global_lib.h(372):               Moscow<br/>\n
..\\Data\\global_lib.h(372):               Moscow<br/>\n
..\\Data\\global_lib.h(372):               <br/>\n
..\\Data\\global_lib.h(372):               Total Charge: $ 565 <BR/> (CC: x-5673)\n
..\\Data\\global_lib.h(372):           </td> </tr> </table>\n
..\\Data\\global_lib.h(372):           </center>\n
..\\Data\\global_lib.h(372):       </TD>\n
..\\Data\\global_lib.h(372):     </TR>\n
..\\Data\\global_lib.h(372):     <TR bgcolor="#EFF2F7">\n
..\\Data\\global_lib.h(372):       <TD COLSPAN="3">\n
..\\Data\\global_lib.h(372):       <b>Flight Details:</b><BR/>  <center>\n
..\\Data\\global_lib.h(372):       05/31/2021\n
..\\Data\\global_lib.h(372):      :  8am : Flight 720 leaves Seattle  for London.<br>  </center>\n
..\\Data\\global_lib.h(372):       </TD>\n
..\\Data\\global_lib.h(372):     </TR>\n
..\\Data\\global_lib.h(372):     \n
..\\Data\\global_lib.h(372):     <TR bgcolor="#EFF2F7">\n
..\\Data\\global_lib.h(372):       <TD COLSPAN="4">\n
..\\Data\\global_lib.h(372):       <hr/>\n
..\\Data\\global_lib.h(372):       </TD>\n
..\\Data\\global_lib.h(372):     </TR>\n
..\\Data\\global_lib.h(372):     \n
..\\Data\\global_lib.h(372):     <!-- Flight #1 -->\n
..\\Data\\global_lib.h(372):     <TR bgcolor="#EFF2F7">\n
..\\Data\\global_lib.h(372):       <TD width="5%" rowspan="2" align="left" valign="top">\n
..\\Data\\global_lib.h(372):     <b>\n
..\\Data\\global_lib.h(372):     <label><input type="checkbox" name="14" value="on" /></label></font></b>\n
..\\Data\\global_lib.h(372):     <input type="hidden" name="flightID" value="2101411156-107786-ii"  />\n
..\\Data\\global_lib.h(372):       </TD>\n
..\\Data\\global_lib.h(372):       <TD width="45%" valign="top">\n
..\\Data\\global_lib.h(372):           <b>&nbsp;&nbsp;A Coach class ticket for :</b><br/>\n
..\\Data\\global_lib.h(372):           <center><table border="0" width="85%"><tr><td>\n
..\\Data\\global_lib.h(372):           <li><i>ivan2 ivan2\n
..\\Data\\global_lib.h(372):           <li><i></i>\n
..\\Data\\global_lib.h(372):           </td></tr></table></center>\n
..\\Data\\global_lib.h(372):       </TD>\n
..\\Data\\global_lib.h(372):       <TD width="5%" >.<br/>.<br/>.<br/>.</TD>\n
..\\Data\\global_lib.h(372):       <TD width="45%" valign=top><b>Invoice sent to:</b><br/>\n
..\\Data\\global_lib.h(372):           <center>\n
..\\Data\\global_lib.h(372):           <Table width="80%" cellspacing="0" > <tr> <td>\n
..\\Data\\global_lib.h(372):               ivan2 ivan2\n
..\\Data\\global_lib.h(372):     <br/>\n
..\\Data\\global_lib.h(372):               Moscow<br/>\n
..\\Data\\global_lib.h(372):               Moscow<br/>\n
..\\Data\\global_lib.h(372):               <br/>\n
..\\Data\\global_lib.h(372):               Total Charge: $ 1219 <BR/> (CC: x-5673)\n
..\\Data\\global_lib.h(372):           </td> </tr> </table>\n
..\\Data\\global_lib.h(372):           </center>\n
..\\Data\\global_lib.h(372):       </TD>\n
..\\Data\\global_lib.h(372):     </TR>\n
..\\Data\\global_lib.h(372):     <TR bgcolor="#EFF2F7">\n
..\\Data\\global_lib.h(372):       <TD COLSPAN="3">\n
..\\Data\\global_lib.h(372):       <b>Flight Details:</b><BR/>  <center>\n
..\\Data\\global_lib.h(372):       05/31/2021\n
..\\Data\\global_lib.h(372):      :  8am : Flight 810 leaves Sydney  for Frankfurt.<br>  </center>\n
..\\Data\\global_lib.h(372):       </TD>\n
..\\Data\\global_lib.h(372):     </TR>\n
..\\Data\\global_lib.h(372):     \n
..\\Data\\global_lib.h(372):     <TR bgcolor="#EFF2F7">\n
..\\Data\\global_lib.h(372):       <TD COLSPAN="4">\n
..\\Data\\global_lib.h(372):       <hr/>\n
..\\Data\\global_lib.h(372):       </TD>\n
..\\Data\\global_lib.h(372):     </TR>\n
..\\Data\\global_lib.h(372):     \n
..\\Data\\global_lib.h(372):     <!-- Flight #1 -->\n
..\\Data\\global_lib.h(372):     <TR bgcolor="#EFF2F7">\n
..\\Data\\global_lib.h(372):       <TD width="5%" rowspan="2"
..\\Data\\global_lib.h(372): t=173616ms: 8-byte chunked response overhead for "http://localhost:1080/cgi-bin/itinerary.pl" (RelFrameId=1, Internal ID=49)
..\\Data\\global_lib.h(372):     \r\n
..\\Data\\global_lib.h(372):     1000\r\n
..\\Data\\global_lib.h(372): t=173616ms: 8-byte chunked response overhead for "http://localhost:1080/cgi-bin/itinerary.pl" (RelFrameId=1, Internal ID=49)
..\\Data\\global_lib.h(372):     \r\n
..\\Data\\global_lib.h(372):     1000\r\n
..\\Data\\global_lib.h(372): t=173617ms: 8-byte chunked response overhead for "http://localhost:1080/cgi-bin/itinerary.pl" (RelFrameId=1, Internal ID=49)
..\\Data\\global_lib.h(372):     \r\n
..\\Data\\global_lib.h(372):     1000\r\n
..\\Data\\global_lib.h(372): t=173617ms: 12263-byte chunked response body for "http://localhost:1080/cgi-bin/itinerary.pl" (RelFrameId=1, Internal ID=49)
..\\Data\\global_lib.h(372):      align="left" valign="top">\n
..\\Data\\global_lib.h(372):     <b>\n
..\\Data\\global_lib.h(372):     <label><input type="checkbox" name="15" value="on" /></label></font></b>\n
..\\Data\\global_lib.h(372):     <input type="hidden" name="flightID" value="210121132-11581-ii"  />\n
..\\Data\\global_lib.h(372):       </TD>\n
..\\Data\\global_lib.h(372):       <TD width="45%" valign="top">\n
..\\Data\\global_lib.h(372):           <b>&nbsp;&nbsp;A Coach class ticket for :</b><br/>\n
..\\Data\\global_lib.h(372):           <center><table border="0" width="85%"><tr><td>\n
..\\Data\\global_lib.h(372):           <li><i>ivan2 ivan2\n
..\\Data\\global_lib.h(372):           <li><i></i>\n
..\\Data\\global_lib.h(372):           </td></tr></table></center>\n
..\\Data\\global_lib.h(372):       </TD>\n
..\\Data\\global_lib.h(372):       <TD width="5%" >.<br/>.<br/>.<br/>.</TD>\n
..\\Data\\global_lib.h(372):       <TD width="45%" valign=top><b>Invoice sent to:</b><br/>\n
..\\Data\\global_lib.h(372):           <center>\n
..\\Data\\global_lib.h(372):           <Table width="80%" cellspacing="0" > <tr> <td>\n
..\\Data\\global_lib.h(372):               ivan2 ivan2\n
..\\Data\\global_lib.h(372):     <br/>\n
..\\Data\\global_lib.h(372):               Moscow<br/>\n
..\\Data\\global_lib.h(372):               Moscow<br/>\n
..\\Data\\global_lib.h(372):               <br/>\n
..\\Data\\global_lib.h(372):               Total Charge: $ 565 <BR/> (CC: x-5673)\n
..\\Data\\global_lib.h(372):           </td> </tr> </table>\n
..\\Data\\global_lib.h(372):           </center>\n
..\\Data\\global_lib.h(372):       </TD>\n
..\\Data\\global_lib.h(372):     </TR>\n
..\\Data\\global_lib.h(372):     <TR bgcolor="#EFF2F7">\n
..\\Data\\global_lib.h(372):       <TD COLSPAN="3">\n
..\\Data\\global_lib.h(372):       <b>Flight Details:</b><BR/>  <center>\n
..\\Data\\global_lib.h(372):       05/31/2021\n
..\\Data\\global_lib.h(372):      :  8am : Flight 270 leaves London  for Seattle.<br>  </center>\n
..\\Data\\global_lib.h(372):       </TD>\n
..\\Data\\global_lib.h(372):     </TR>\n
..\\Data\\global_lib.h(372):     \n
..\\Data\\global_lib.h(372):     <TR bgcolor="#EFF2F7">\n
..\\Data\\global_lib.h(372):       <TD COLSPAN="4">\n
..\\Data\\global_lib.h(372):       <hr/>\n
..\\Data\\global_lib.h(372):       </TD>\n
..\\Data\\global_lib.h(372):     </TR>\n
..\\Data\\global_lib.h(372):     \n
..\\Data\\global_lib.h(372):     <!-- Flight #1 -->\n
..\\Data\\global_lib.h(372):     <TR bgcolor="#EFF2F7">\n
..\\Data\\global_lib.h(372):       <TD width="5%" rowspan="2" align="left" valign="top">\n
..\\Data\\global_lib.h(372):     <b>\n
..\\Data\\global_lib.h(372):     <label><input type="checkbox" name="16" value="on" /></label></font></b>\n
..\\Data\\global_lib.h(372):     <input type="hidden" name="flightID" value="210131144-12377-ii"  />\n
..\\Data\\global_lib.h(372):       </TD>\n
..\\Data\\global_lib.h(372):       <TD width="45%" valign="top">\n
..\\Data\\global_lib.h(372):           <b>&nbsp;&nbsp;A Business class ticket for :</b><br/>\n
..\\Data\\global_lib.h(372):           <center><table border="0" width="85%"><tr><td>\n
..\\Data\\global_lib.h(372):           <li><i>ivan2 ivan2\n
..\\Data\\global_lib.h(372):           <li><i></i>\n
..\\Data\\global_lib.h(372):           </td></tr></table></center>\n
..\\Data\\global_lib.h(372):       </TD>\n
..\\Data\\global_lib.h(372):       <TD width="5%" >.<br/>.<br/>.<br/>.</TD>\n
..\\Data\\global_lib.h(372):       <TD width="45%" valign=top><b>Invoice sent to:</b><br/>\n
..\\Data\\global_lib.h(372):           <center>\n
..\\Data\\global_lib.h(372):           <Table width="80%" cellspacing="0" > <tr> <td>\n
..\\Data\\global_lib.h(372):               ivan2 ivan2\n
..\\Data\\global_lib.h(372):     <br/>\n
..\\Data\\global_lib.h(372):               Moscow<br/>\n
..\\Data\\global_lib.h(372):               Moscow<br/>\n
..\\Data\\global_lib.h(372):               <br/>\n
..\\Data\\global_lib.h(372):               Total Charge: $ 901 <BR/> (CC: x-5673)\n
..\\Data\\global_lib.h(372):           </td> </tr> </table>\n
..\\Data\\global_lib.h(372):           </center>\n
..\\Data\\global_lib.h(372):       </TD>\n
..\\Data\\global_lib.h(372):     </TR>\n
..\\Data\\global_lib.h(372):     <TR bgcolor="#EFF2F7">\n
..\\Data\\global_lib.h(372):       <TD COLSPAN="3">\n
..\\Data\\global_lib.h(372):       <b>Flight Details:</b><BR/>  <center>\n
..\\Data\\global_lib.h(372):       05/31/2021\n
..\\Data\\global_lib.h(372):      :  8am : Flight 540 leaves Portland  for Paris.<br>  </center>\n
..\\Data\\global_lib.h(372):       </TD>\n
..\\Data\\global_lib.h(372):     </TR>\n
..\\Data\\global_lib.h(372):     \n
..\\Data\\global_lib.h(372):     <TR bgcolor="#EFF2F7">\n
..\\Data\\global_lib.h(372):       <TD COLSPAN="4">\n
..\\Data\\global_lib.h(372):       <hr/>\n
..\\Data\\global_lib.h(372):       </TD>\n
..\\Data\\global_lib.h(372):     </TR>\n
..\\Data\\global_lib.h(372):     \n
..\\Data\\global_lib.h(372):     <!-- Flight #1 -->\n
..\\Data\\global_lib.h(372):     <TR bgcolor="#EFF2F7">\n
..\\Data\\global_lib.h(372):       <TD width="5%" rowspan="2" align="left" valign="top">\n
..\\Data\\global_lib.h(372):     <b>\n
..\\Data\\global_lib.h(372):     <label><input type="checkbox" name="17" value="on" /></label></font></b>\n
..\\Data\\global_lib.h(372):     <input type="hidden" name="flightID" value="2101277820-130858-ii"  />\n
..\\Data\\global_lib.h(372):       </TD>\n
..\\Data\\global_lib.h(372):       <TD width="45%" valign="top">\n
..\\Data\\global_lib.h(372):           <b>&nbsp;&nbsp;A First class ticket for :</b><br/>\n
..\\Data\\global_lib.h(372):           <center><table border="0" width="85%"><tr><td>\n
..\\Data\\global_lib.h(372):           <li><i>ivan2 ivan2\n
..\\Data\\global_lib.h(372):           <li><i></i>\n
..\\Data\\global_lib.h(372):           </td></tr></table></center>\n
..\\Data\\global_lib.h(372):       </TD>\n
..\\Data\\global_lib.h(372):       <TD width="5%" >.<br/>.<br/>.<br/>.</TD>\n
..\\Data\\global_lib.h(372):       <TD width="45%" valign=top><b>Invoice sent to:</b><br/>\n
..\\Data\\global_lib.h(372):           <center>\n
..\\Data\\global_lib.h(372):           <Table width="80%" cellspacing="0" > <tr> <td>\n
..\\Data\\global_lib.h(372):               ivan2 ivan2\n
..\\Data\\global_lib.h(372):     <br/>\n
..\\Data\\global_lib.h(372):               Moscow<br/>\n
..\\Data\\global_lib.h(372):               Moscow<br/>\n
..\\Data\\global_lib.h(372):               <br/>\n
..\\Data\\global_lib.h(372):               Total Charge: $ 1165 <BR/> (CC: x-5673)\n
..\\Data\\global_lib.h(372):           </td> </tr> </table>\n
..\\Data\\global_lib.h(372):           </center>\n
..\\Data\\global_lib.h(372):       </TD>\n
..\\Data\\global_lib.h(372):     </TR>\n
..\\Data\\global_lib.h(372):     <TR bgcolor="#EFF2F7">\n
..\\Data\\global_lib.h(372):       <TD COLSPAN="3">\n
..\\Data\\global_lib.h(372):       <b>Flight Details:</b><BR/>  <center>\n
..\\Data\\global_lib.h(372):       05/31/2021\n
..\\Data\\global_lib.h(372):      :  8am : Flight 450 leaves Paris  for Portland.<br>  </center>\n
..\\Data\\global_lib.h(372):       </TD>\n
..\\Data\\global_lib.h(372):     </TR>\n
..\\Data\\global_lib.h(372):     \n
..\\Data\\global_lib.h(372):     <TR bgcolor="#EFF2F7">\n
..\\Data\\global_lib.h(372):       <TD COLSPAN="4">\n
..\\Data\\global_lib.h(372):       <hr/>\n
..\\Data\\global_lib.h(372):       </TD>\n
..\\Data\\global_lib.h(372):     </TR>\n
..\\Data\\global_lib.h(372):     \n
..\\Data\\global_lib.h(372):     <!-- Flight #1 -->\n
..\\Data\\global_lib.h(372):     <TR bgcolor="#EFF2F7">\n
..\\Data\\global_lib.h(372):       <TD width="5%" rowspan="2" align="left" valign="top">\n
..\\Data\\global_lib.h(372):     <b>\n
..\\Data\\global_lib.h(372):     <label><input type="checkbox" name="18" value="on" /></label></font></b>\n
..\\Data\\global_lib.h(372):     <input type="hidden" name="flightID" value="210114473-13906-ii"  />\n
..\\Data\\global_lib.h(372):       </TD>\n
..\\Data\\global_lib.h(372):       <TD width="45%" valign="top">\n
..\\Data\\global_lib.h(372):           <b>&nbsp;&nbsp;A First class ticket for :</b><br/>\n
..\\Data\\global_lib.h(372):           <center><table border="0" width="85%"><tr><td>\n
..\\Data\\global_lib.h(372):           <li><i>ivan2 ivan2\n
..\\Data\\global_lib.h(372):           <li><i></i>\n
..\\Data\\global_lib.h(372):           </td></tr></table></center>\n
..\\Data\\global_lib.h(372):       </TD>\n
..\\Data\\global_lib.h(372):       <TD width="5%" >.<br/>.<br/>.<br/>.</TD>\n
..\\Data\\global_lib.h(372):       <TD width="45%" valign=top><b>Invoice sent to:</b><br/>\n
..\\Data\\global_lib.h(372):           <center>\n
..\\Data\\global_lib.h(372):           <Table width="80%" cellspacing="0" > <tr> <td>\n
..\\Data\\global_lib.h(372):               ivan2 ivan2\n
..\\Data\\global_lib.h(372):     <br/>\n
..\\Data\\global_lib.h(372):               Moscow<br/>\n
..\\Data\\global_lib.h(372):               Moscow<br/>\n
..\\Data\\global_lib.h(372):               <br/>\n
..\\Data\\global_lib.h(372):               Total Charge: $ 789 <BR/> (CC: x-5673)\n
..\\Data\\global_lib.h(372):           </td> </tr> </table>\n
..\\Data\\global_lib.h(372):           </center>\n
..\\Data\\global_lib.h(372):       </TD>\n
..\\Data\\global_lib.h(372):     </TR>\n
..\\Data\\global_lib.h(372):     <TR bgcolor="#EFF2F7">\n
..\\Data\\global_lib.h(372):       <TD COLSPAN="3">\n
..\\Data\\global_lib.h(372):       <b>Flight Details:</b><BR/>  <center>\n
..\\Data\\global_lib.h(372):       05/31/2021\n
..\\Data\\global_lib.h(372):      :  8am : Flight 090 leaves Denver  for Zurich.<br>  </center>\n
..\\Data\\global_lib.h(372):       </TD>\n
..\\Data\\global_lib.h(372):     </TR>\n
..\\Data\\global_lib.h(372):     \n
..\\Data\\global_lib.h(372):     <TR bgcolor="#EFF2F7">\n
..\\Data\\global_lib.h(372):       <TD COLSPAN="4">\n
..\\Data\\global_lib.h(372):       <hr/>\n
..\\Data\\global_lib.h(372):       </TD>\n
..\\Data\\global_lib.h(372):     </TR>\n
..\\Data\\global_lib.h(372):     \n
..\\Data\\global_lib.h(372):     <!-- Flight #1 -->\n
..\\Data\\global_lib.h(372):     <TR bgcolor="#EFF2F7">\n
..\\Data\\global_lib.h(372):       <TD width="5%" rowspan="2" align="left" valign="top">\n
..\\Data\\global_lib.h(372):     <b>\n
..\\Data\\global_lib.h(372):     <label><input type="checkbox" name="19" value="on" /></label></font></b>\n
..\\Data\\global_lib.h(372):     <input type="hidden" name="flightID" value="2101411195-146329-ii"  />\n
..\\Data\\global_lib.h(372):       </TD>\n
..\\Data\\global_lib.h(372):       <TD width="45%" valign="top">\n
..\\Data\\global_lib.h(372):           <b>&nbsp;&nbsp;A First class ticket for :</b><br/>\n
..\\Data\\global_lib.h(372):           <center><table border="0" width="85%"><tr><td>\n
..\\Data\\global_lib.h(372):           <li><i>ivan2 ivan2\n
..\\Data\\global_lib.h(372):           <li><i></i>\n
..\\Data\\global_lib.h(372):           </td></tr></table></center>\n
..\\Data\\global_lib.h(372):       </TD>\n
..\\Data\\global_lib.h(372):       <TD width="5%" >.<br/>.<br/>.<br/>.</TD>\n
..\\Data\\global_lib.h(372):       <TD width="45%" valign=top><b>Invoice sent to:</b><br/>\n
..\\Data\\global_lib.h(372):           <center>\n
..\\Data\\global_lib.h(372):           <Table width="80%" cellspacing="0" > <tr> <td>\n
..\\Data\\global_lib.h(372):               ivan2 ivan2\n
..\\Data\\global_lib.h(372):     <br/>\n
..\\Data\\global_lib.h(372):               Moscow<br/>\n
..\\Data\\global_lib.h(372):               Moscow<br/>\n
..\\Data\\global_lib.h(372):               <br/>\n
..\\Data\\global_lib.h(372):               Total Charge: $ 2287 <BR/> (CC: x-5673)\n
..\\Data\\global_lib.h(372):           </td> </tr> </table>\n
..\\Data\\global_lib.h(372):           </center>\n
..\\Data\\global_lib.h(372):       </TD>\n
..\\Data\\global_lib.h(372):     </TR>\n
..\\Data\\global_lib.h(372):     <TR bgcolor="#EFF2F7">\n
..\\Data\\global_lib.h(372):       <TD COLSPAN="3">\n
..\\Data\\global_lib.h(372):       <b>Flight Details:</b><BR/>  <center>\n
..\\Data\\global_lib.h(372):       05/31/2021\n
..\\Data\\global_lib.h(372):      :  8am : Flight 810 leaves Sydney  for Frankfurt.<br>  </center>\n
..\\Data\\global_lib.h(372):       </TD>\n
..\\Data\\global_lib.h(372):     </TR>\n
..\\Data\\global_lib.h(372):     \n
..\\Data\\global_lib.h(372):     <TR bgcolor="#EFF2F7">\n
..\\Data\\global_lib.h(372):       <TD COLSPAN="4">\n
..\\Data\\global_lib.h(372):       <hr/>\n
..\\Data\\global_lib.h(372):       </TD>\n
..\\Data\\global_lib.h(372):     </TR>\n
..\\Data\\global_lib.h(372):     \n
..\\Data\\global_lib.h(372):     <!-- Flight #1 -->\n
..\\Data\\global_lib.h(372):     <TR bgcolor="#EFF2F7">\n
..\\Data\\global_lib.h(372):       <TD width="5%" rowspan="2" align="left" valign="top">\n
..\\Data\\global_lib.h(372):     <b>\n
..\\Data\\global_lib.h(372):     <label><input type="checkbox" name="20" value="on" /></label></font></b>\n
..\\Data\\global_lib.h(372):     <input type="hidden" name="flightID" value="210137808-15447-ii"  />\n
..\\Data\\global_lib.h(372):       </TD>\n
..\\Data\\global_lib.h(372):       <TD width="45%" valign="top">\n
..\\Data\\global_lib.h(372):           <b>&nbsp;&nbsp;A Business class ticket for :</b><br/>\n
..\\Data\\global_lib.h(372):           <center><table border="0" width="85%"><tr><td>\n
..\\Data\\global_lib.h(372):           <li><i>ivan2 ivan2\n
..\\Data\\global_lib.h(372):           <li><i></i>\n
..\\Data\\global_lib.h(372):           </td></tr></table></center>\n
..\\Data\\global_lib.h(372):       </TD>\n
..\\Data\\global_lib.h(372):       <TD width="5%" >.<br/>.<br/>.<br/>.</TD>\n
..\\Data\\global_lib.h(372):       <TD width="45%" valign=top><b>Invoice sent to:</b><br/>\n
..\\Data\\global_lib.h(372):           <center>\n
..\\Data\\global_lib.h(372):           <Table width="80%" cellspacing="0" > <tr> <td>\n
..\\Data\\global_lib.h(372):               ivan2 ivan2\n
..\\Data\\global_lib.h(372):     <br/>\n
..\\Data\\global_lib.h(372):               Moscow<br/>\n
..\\Data\\global_lib.h(372):               Moscow<br/>\n
..\\Data\\global_lib.h(372):               <br/>\n
..\\Data\\global_lib.h(372):               Total Charge: $ 819 <BR/> (CC: x-5673)\n
..\\Data\\global_lib.h(372):           </td> </tr> </table>\n
..\\Data\\global_lib.h(372):           </center>\n
..\\Data\\global_lib.h(372):       </TD>\n
..\\Data\\global_lib.h(372):     </TR>\n
..\\Data\\global_lib.h(372):     <TR bgcolor="#EFF2F7">\n
..\\Data\\global_lib.h(372):       <TD COLSPAN="3">\n
..\\Data\\global_lib.h(372):       <b>Flight Details:</b><BR/>  <center>\n
..\\Data\\global_lib.h(372):       05/31/2021\n
..\\Data\\global_lib.h(372):      :  8am : Flight 720 leaves Seattle  for London.<br>  </center>\n
..\\Data\\global_lib.h(372):       </TD>\n
..\\Data\\global_lib.h(372):     </TR>\n
..\\Data\\global_lib.h(372):     \n
..\\Data\\global_lib.h(372):     <TR bgcolor="#EFF2F7">\n
..\\Data\\global_lib.h(372):       <TD COLSPAN="4">\n
..\\Data\\global_lib.h(372):       <hr/>\n
..\\Data\\global_lib.h(372):       </TD>\n
..\\Data\\global_lib.h(372):     </TR>\n
..\\Data\\global_lib.h(372):     \n
..\\Data\\global_lib.h(372):     <!-- Flight #1 -->\n
..\\Data\\global_lib.h(372):     <TR bgcolor="#EFF2F7">\n
..\\Data\\global_lib.h(372):       <TD width="5%" rowspan="2" align="left" valign="top">\n
..\\Data\\global_lib.h(372):     <b>\n
..\\Data\\global_lib.h(372):     <label><input type="checkbox" name="21" value="on" /></label></font></b>\n
..\\Data\\global_lib.h(372):     <input type="hidden" name="flightID" value="21013446-1620-ii"  />\n
..\\Data\\global_lib.h(372):       </TD>\n
..\\Data\\global_lib.h(372):       <TD width="45%" valign="top">\n
..\\Data\\global_lib.h(372):           <b>&nbsp;&nbsp;A Coach class ticket for :</b><br/>\n
..\\Data\\global_lib.h(372):           <center><table border="0" width="85%"><tr><td>\n
..\\Data\\global_lib.h(372):           <li><i>ivan2 ivan2\n
..\\Data\\global_lib.h(372):           <li><i></i>\n
..\\Data\\global_lib.h(372):           </td></tr></table></center>\n
..\\Data\\global_lib.h(372):       </TD>\n
..\\Data\\global_lib.h(372):       <TD width="5%" >.<br/>.<br/>.<br/>.</TD>\n
..\\Data\\global_lib.h(372):       <TD width="45%" valign=top><b>Invoice sent to:</b><br/>\n
..\\Data\\global_lib.h(372):           <center>\n
..\\Data\\global_lib.h(372):           <Table width="80%" cellspacing="0" > <tr> <td>\n
..\\Data\\global_lib.h(372):               ivan2 ivan2\n
..\\Data\\global_lib.h(372):     <br/>\n
..\\Data\\global_lib.h(372):               Moscow<br/>\n
..\\Data\\global_lib.h(372):               Moscow<br/>\n
..\\Data\\global_lib.h(372):               <br/>\n
..\\Data\\global_lib.h(372):               Total Charge: $ 60 <BR/> (CC: x-5673)\n
..\\Data\\global_lib.h(372):           </td> </tr> </table>\n
..\\Data\\global_lib.h(372):           </center>\n
..\\Data\\global_lib.h(372):       </TD>\n
..\\Data\\global_lib.h(372):     </TR>\n
..\\Data\\global_lib.h(372):     <TR bgcolor="#EFF2F7">\n
..\\Data\\global_lib.h(372):       <TD COLSPAN="3">\n
..\\Data\\global_lib.h(372):       <b>Flight Details:</b><BR/>  <center>\n
..\\Data\\global_lib.h(372):       05/31/2021\n
..\\Data\\global_lib.h(372):      :  8am : Flight 630 leaves San Francisco  for Los Angeles.<br>  </center>\n
..\\Data\\global_lib.h(372):       </TD>\n
..\\Data\\global_lib.h(372):     </TR>\n
..\\Data\\global_lib.h(372):     \n
..\\Data\\global_lib.h(372):     <TR bgcolor="#EFF2F7">\n
..\\Data\\global_lib.h(372):       <TD COLSPAN="4">\n
..\\Data\\global_lib.h(372):       <hr/>\n
..\\Data\\global_lib.h(372):       </TD>\n
..\\Data\\global_lib.h(372):     </TR>\n
..\\Data\\global_lib.h(372):     \n
..\\Data\\global_lib.h(372):     <!-- Flight #1 -->\n
..\\Data\\global_lib.h(372):     <TR bgcolor="#EFF2F7">\n
..\\Data\\global_lib.h(372):       <TD width="5%" rowspan="2" align="left" valign="top">\n
..\\Data\\global_lib.h(372):     <b>\n
..\\Data\\global_lib.h(372):     <label><input type="checkbox" name="22" value="on" /></label></font></b>\n
..\\Data\\global_lib.h(372):     <input type="hidden" name="flightID" value="21012446-1696-ii"  />\n
..\\Data\\global_lib.h(372):       </TD>\n
..\\Data\\global_lib.h(372):       <TD width="45%" valign="top">\n
..\\Data\\global_lib.h(372):           <b>&nbsp;&nbsp;A Coach class ticket for :</b><br/>\n
..\\Data\\global_lib.h(372):           <center><table border="0" width="85%"><tr><td>\n
..\\Data\\global_lib.h(372):           <li><i>ivan2 ivan2\n
..\\Data\\global_lib.h(372):           <li><i></i>\n
..\\Data\\global_lib.h(372):           </td></tr></table></center>\n
..\\Data\\global_lib.h(372):       </TD>\n
..\\Data\\global_lib.h(372):       <TD width="5%" >.<br/>.<br/>.<br/>.</TD>\n
..\\Data\\global_lib.h(372):       <TD width="45%" valign=top><b>Invoice sent to:</b><br/>\n
..\\Data\\global_lib.h(372):           <center>\n
..\\Data\\global_lib.h(372):           <Table width="80%" cellspacing="0" > <tr> <td>\n
..\\Data\\global_lib.h(372):               ivan2 ivan2\n
..\\Data\\global_lib.h(372):     <br/>\n
..\\Data\\global_lib.h(372):               Moscow<br/>\n
..\\Data\\global_lib.h(372):               Moscow<br/>\n
..\\Data\\global_lib.h(372):               <br/>\n
..\\Data\\global_lib.h(372):               Total Charge: $ 60 <BR/> (CC: x-5673)\n
..\\Data\\global_lib.h(372):           </td> </tr> </table>\n
..\\Data\\global_lib.h(372):           </center>\n
..\\Data\\global_lib.h(372):       </TD>\n
..\\Data\\global_lib.h(372):     </TR>\n
..\\Data\\global_lib.h(372):     <TR bgcolor="#EFF2F7">\n
..\\Data\\global_lib.h(372):       <TD COLSPAN="3">\n
..\\Data\\global_lib.h(372):       <b>Flight Details:</b><BR/>  <center>\n
..\\Data\\global_lib.h(372):       05/31/2021\n
..\\Data\\global_lib.h(372):      :  8am : Flight 360 leaves Los Angeles  for San Francisco.<br>  </center>\n
..\\Data\\global_lib.h(372):       </TD>\n
..\\Data\\global_lib.h(372):     </TR>\n
..\\Data\\global_lib.h(372):     \n
..\\Data\\global_lib.h(372):     <TR bgcolor="#EFF2F7">\n
..\\Data\\global_lib.h(372):       <TD COLSPAN="4">\n
..\\Data\\global_lib.h(372):       <hr/>\n
..\\Data\\global_lib.h(372):       </TD>\n
..\\Data\\global_lib.h(372):     </TR>\n
..\\Data\\global_lib.h(372):     \n
..\\Data\\global_lib.h(372):     <!-- Flight #1 -->\n
..\\Data\\global_lib.h(372):     <TR bgcolor="#EFF2F7">\n
..\\Data\\global_lib.h(372):       <TD width="5%" rowspan="2" align="left" valign="top">\n
..\\Data\\global_lib.h(372):     <b>\n
..\\Data\\global_lib.h(372):     <label><input type="checkbox" name="23" value="on" /></label></font></b>\n
..\\Data\\global_lib.h(372):     <input type="hidden" name="flightID" value="210124448-17701-ii"  />\n
..\\Data\\global_lib.h(372):       </TD>\n
..\\Data\\global_lib.h(372):       <TD width="45%" valign="top">\n
..\\Data\\global_lib.h(372):           <b>&nbsp;&nbsp;A First class ticket for :</b><br/>\n
..\\Data\\global_lib.h(372):           <center><table border="0" width="85%"><tr><td>\n
..\\Data\\global_lib.h(372):           <li><i>ivan2 ivan2\n
..\\Data\\global_lib.h(372):           <li><i></i>\n
..\\Data\\global_lib.h(372):           </td></tr></table></center>\n
..\\Data\\global_lib.h(372):       </TD>\n
..\\Data\\global_lib.h(372):       <TD width="5%" >.<br/>.<br/>.<br/>.</TD>\n
..\\Data\\global_lib.h(372):       <TD width="45%" valign=top><b>Invoice sent to:</b><br/>\n
..\\Data\\global_lib.h(372):           <center>\n
..\\Data\\global_lib.h(372):           <Table width="80%" cellspacing="0" > <tr> <td>\n
..\\Data\\global_lib.h(372):               ivan2 ivan2\n
..\\Data\\global_lib.h(372):     <br/>\n
..\\Data\\global_lib.h(372):               Moscow<br/>\n
..\\Data\\global_lib.h(372):               Moscow<br/>\n
..\\Data\\global_lib.h(372):               <br/>\n
..\\Data\\global_lib.h(372):               Total Charge: $ 113 <BR/> (CC: x-5673)\n
..\\Data\\global_lib.h(372):           </td> </tr> </table>\n
..\\Data\\global_lib.h(372):           </center>\n
..\\Data\\global_lib.h(372):       </TD>\n
..\\Data\\global_lib.h(372):     </TR>\n
..\\Data\\global_lib.h(372):     <TR bgcolor="#EFF2F7">\n
..\\Data\\global_lib.h(372):       <TD COLSPAN="3">\n
..\\Data\\global_lib.h(372):       <b>Flight Details:</b><BR/>  <center>\n
..\\Data\\global_lib.h(372):       05/31/2021\n
..\\Data\\global_lib.h(372):      :  8am : Flight 360 leaves Los Angeles  for San Francisco.<br>  </center>\n
..\\Data\\global_lib.h(372):       </TD>\n
..\\Data\\global_lib.h(372):     </TR>\n
..\\Data\\global_lib.h(372):     \n
..\\Data\\global_lib.h(372):     <TR bgcolor="#EFF2F7">\n
..\\Data\\global_lib.h(372):       <TD COLSPAN="4">\n
..\\Data\\global_lib.h(372):       <hr/>\n
..\\Data\\global_lib.h(372):       </TD>\n
..\\Data\\global_lib.h(372):     </TR>\n
..\\Data\\global_lib.h(372):     \n
..\\Data\\global_lib.h(372):     <!-- Flight #1 -->\n
..\\Data\\global_lib.h(372):     <TR bgcolor="#EFF2F7">\n
..\\Data\\global_lib.h(372):       <TD width="5%" rowspan="2" align="left" valign="top">\n
..\\Data\\global_lib.h(372):     <b>\n
..\\Data\\global_lib.h(372):     <label><input type="checkbox" name="24" value="on" /></label></font></b>\n
..\\Data\\global_lib.h(372):     <input type="hidden" name="flightID" value="210114467-18508-ii"  />\n
..\\Data\\global_lib.h(372):       </TD>\n
..\\Data\\global_lib.h(372):       <TD width="45%" valign="top">\n
..\\Data\\global_lib.h(372):           <b>&nbsp;&nbsp;A Business class ticket for :</b><br/>\n
..\\Data\\global_lib.h(372):           <center><table border="0" width="85%"><tr><td>\n
..\\Data\\global_lib.h(372):           <li><i>ivan2 ivan2\n
..\\Data\\global_lib.h(372):           <li><i></i>\n
..\\Data\\global_lib.h(372):           </td></tr></table></center>\n
..\\Data\\global_lib.h(372):       </TD>\n
..\\Data\\global_lib.h(372):       <TD width="5%" >.<br/>.<br/>.<br/>.</TD>\n
..\\Data\\global_lib.h(372):       <TD width="45%" valign=top><b>Invoice sent to:</b><br/>\n
..\\Data\\global_lib.h(372):           <center>\n
..\\Data\\global_lib.h(372):           <Table width="80%" cellspacing="0" > <tr> <td>\n
..\\Data\\global_lib.h(372):               ivan2 ivan2\n
..\\Data\\global_lib.h(372):     <br/>\n
..\\Data\\global_lib.h(372):               Moscow<br/>\n
..\\Data\\global_lib.h(372):               Moscow<br/>\n
..\\Data\\global_lib.h(372):               <br/>\n
..\\Data\\global_lib.h(372):               Total Charge: $ 610 <BR/> (CC: x-5673)\n
..\\Data\\global_lib.h(372):           </td> </tr> </table>\n
..\\Data\\global_lib.h(372):           </center>\n
..\\Data\\global_lib.h(372):       </TD>\n
..\\Data\\global_lib.h(372):     </TR>\n
..\\Data\\global_lib.h(372):     <TR bgcolor="#EFF2F7">\n
..\\Data\\global_lib.h(372):       <TD COLSPAN="3">\n
..\\Data\\global_lib.h(372):       <b>Flight Details:</b><BR/>  <center>\n
..\\Data\\global_lib.h(372):       06/04/2021\n
..\\Data\\global_lib.h(372):      :  8am : Flight 090 leaves Denver  for Zurich.<br>  </center>\n
..\\Data\\global_lib.h(372):       </TD>\n
..\\Data\\global_lib.h(372):     </TR>\n
..\\Data\\global_lib.h(372):     \n
..\\Data\\global_lib.h(372):     <TR bgcolor="#EFF2F7">\n
..\\Data\\global_lib.h(372):       <TD COLSPAN="4">\n
..\\Data\\global_lib.h(372):       <hr/>\n
..\\Data\\global_lib.h(372):       </TD>\n
..\\Data\\global_lib.h(372):     </TR>\n
..\\Data\\global_lib.h(372):     \n
..\\Data\\global_lib.h(372):     <!-- Flight #1 -->\n
..\\Data\\global_lib.h(372):     <TR bgcolor="#EFF2F7">\n
..\\Data\\global_lib.h(372):       <TD width="5%" rowspan="2" align="left" valign="top">\n
..\\Data\\global_lib.h(372):     <b>\n
..\\Data\\global_lib.h(372):     <label><input type="checkbox" name="25" value="on" /></label></font></b>\n
..\\Data\\global_lib.h(372):     <input type="hidden" name="flightID" value="210127800-19278-ii"  />\n
..\\Data\\global_lib.h(372):       </TD>\n
..\\Data\\global_lib.h(372):       <TD width="45%" valign="top">\n
..\\Data\\global_lib.h(372):           <b>&nbsp;&nbsp;A Coach class ticket for :</b><br/>\n
..\\Data\\global_lib.h(372):           <center><table border="0" width="85%"><tr><td>\n
..\\Data\\global_lib.h(372):           <li><i>ivan2 ivan2\n
..\\Data\\global_lib.h(372):           <li><i></i>\n
..\\Data\\global_lib.h(372):           </td></tr></table></center>\n
..\\Data\\global_lib.h(372):       </TD>\n
..\\Data\\global_lib.h(372):       <TD width="5%" >.<br/>.<br/>.<br/>.</TD>\n
..\\Data\\global_lib.h(372):       <TD width="45%" valign=top><b>Invoice sent to:</b><br/>\n
..\\Data\\global_lib.h(372):           <center>\n
..\\Data\\global_lib.h(372):           <Table width="80%" cellspacing="0" > <tr> <td>\n
..\\Data\\global_lib.h(372):               ivan2 ivan2\n
..\\Data\\global_lib.h(372):     <br/>\n
..\\Data\\global_lib.h(372):               Moscow<br/>\n
..\\Data\\global_lib.h(372):               Moscow<br/>\n
..\\Data\\global_lib.h(372):               <br/>\n
..\\Data\\global_lib.h(372):               Total Charge: $ 621 <BR/> (CC: x-5673)\n
..\\Data\\global_lib.h(372):           </td> </tr> </table>\n
..\\Data\\global_lib.h(372):           </center>\n
..\\Data\\global_lib.h(372):       </TD>\n
..\\Data\\global_lib.h(372):     </TR>\n
..\\Data\\global_lib.h(372):     <TR bgcolor="#EFF2F7">\n
..\\Data\\global_lib.h(372):       <TD COLSPAN="3">\n
..\\Data\\global_lib.h(372):       <b>Flight Details:</b><BR/>  <center>\n
..\\Data\\global_lib.h(372):       06/04/2021\n
..\\Data\\global_lib.h(372):      :  8am : Flight 450 leaves Paris  for Portland.<br>  </center>\n
..\\Data\\global_lib.h(372):       </TD>\n
..\\Data\\global_lib.h(372):     </TR>\n
..\\Data\\global_lib.h(372):     \n
..\\Data\\global_lib.h(372):     <TR bgcolor="#EFF2F7">\n
..\\Data\\global_lib.h(372):       <TD COLSPAN="4">\n
..\\Data\\global_lib.h(372):       <hr/>\n
..\\Data\\global_lib.h(372):       </TD>\n
..\\Data\\global_lib.h(372):     </TR>\n
..\\Data\\global_lib.h(372):     \n
..\\Data\\global_lib.h(372):     <!-- Flight #1 -->\n
..\\Data\\global_lib.h(372):     <TR bgcolor="#EFF2F7">\n
..\\Data\\global_lib.h(372):       <TD width="5%" rowspan="2" align="left" valign="top">\n
..\\Data\\global_lib.h(372):     <b>\n
..\\Data\\global_lib.h(372):     <label><input type="checkbox" name="26" value="on" /></label></font></b>\n
..\\Data\\global_lib.h(372):     <input type="hidden" name="flightID" value="210121141-20063-ii"  />\n
..\\Data\\global_lib.h(372):       </TD>\n
..\\Data\\global_lib.h(372):       <TD width="45%" valign="top">\n
..\\Data\\global_lib.h(372):           <b>&nbsp;&nbsp;A Business class ticket for :</b><br/>\n
..\\Data\\global_lib.h(372):           <center><table border="0" width="85%"><tr><td>\n
..\\Data\\global_lib.h(372):           <li><i>iv
..\\Data\\global_lib.h(372): t=173626ms: 7-byte chunked response overhead for "http://localhost:1080/cgi-bin/itinerary.pl" (RelFrameId=1, Internal ID=49)
..\\Data\\global_lib.h(372):     \r\n
..\\Data\\global_lib.h(372):     9bf\r\n
..\\Data\\global_lib.h(372): t=173626ms: 7-byte chunked response overhead for "http://localhost:1080/cgi-bin/itinerary.pl" (RelFrameId=1, Internal ID=49)
..\\Data\\global_lib.h(372):     \r\n
..\\Data\\global_lib.h(372):     0\r\n
..\\Data\\global_lib.h(372):     \r\n
..\\Data\\global_lib.h(372): t=173626ms: 2543-byte chunked response body for "http://localhost:1080/cgi-bin/itinerary.pl" (RelFrameId=1, Internal ID=49)
..\\Data\\global_lib.h(372):     an2 ivan2\n
..\\Data\\global_lib.h(372):           <li><i></i>\n
..\\Data\\global_lib.h(372):           </td></tr></table></center>\n
..\\Data\\global_lib.h(372):       </TD>\n
..\\Data\\global_lib.h(372):       <TD width="5%" >.<br/>.<br/>.<br/>.</TD>\n
..\\Data\\global_lib.h(372):       <TD width="45%" valign=top><b>Invoice sent to:</b><br/>\n
..\\Data\\global_lib.h(372):           <center>\n
..\\Data\\global_lib.h(372):           <Table width="80%" cellspacing="0" > <tr> <td>\n
..\\Data\\global_lib.h(372):               ivan2 ivan2\n
..\\Data\\global_lib.h(372):     <br/>\n
..\\Data\\global_lib.h(372):               Moscow<br/>\n
..\\Data\\global_lib.h(372):               Moscow<br/>\n
..\\Data\\global_lib.h(372):               <br/>\n
..\\Data\\global_lib.h(372):               Total Charge: $ 819 <BR/> (CC: x-5673)\n
..\\Data\\global_lib.h(372):           </td> </tr> </table>\n
..\\Data\\global_lib.h(372):           </center>\n
..\\Data\\global_lib.h(372):       </TD>\n
..\\Data\\global_lib.h(372):     </TR>\n
..\\Data\\global_lib.h(372):     <TR bgcolor="#EFF2F7">\n
..\\Data\\global_lib.h(372):       <TD COLSPAN="3">\n
..\\Data\\global_lib.h(372):       <b>Flight Details:</b><BR/>  <center>\n
..\\Data\\global_lib.h(372):       06/04/2021\n
..\\Data\\global_lib.h(372):      :  8am : Flight 270 leaves London  for Seattle.<br>  </center>\n
..\\Data\\global_lib.h(372):       </TD>\n
..\\Data\\global_lib.h(372):     </TR>\n
..\\Data\\global_lib.h(372):     \n
..\\Data\\global_lib.h(372):     <TR bgcolor="#EFF2F7">\n
..\\Data\\global_lib.h(372):       <TD COLSPAN="4">\n
..\\Data\\global_lib.h(372):       <hr/>\n
..\\Data\\global_lib.h(372):       </TD>\n
..\\Data\\global_lib.h(372):     </TR>\n
..\\Data\\global_lib.h(372):     <TR>\n
..\\Data\\global_lib.h(372):        <TD align="center" COLSPAN="4">\n
..\\Data\\global_lib.h(372):        <b>A total of 26 scheduled flights.</font></b>\n
..\\Data\\global_lib.h(372):        </TD>\n
..\\Data\\global_lib.h(372):     </TR>\n
..\\Data\\global_lib.h(372):     </TABLE>\n
..\\Data\\global_lib.h(372):     \n
..\\Data\\global_lib.h(372):     <TABLE WIDTH="87%" BORDER="0" CELLSPACING="0">\n
..\\Data\\global_lib.h(372):     <TR>\n
..\\Data\\global_lib.h(372):     <TD align="left" width="50%" >\n
..\\Data\\global_lib.h(372):     <input type="image" name="removeFlights" src="/WebTours/images/cancelreservation.gif" bord
..\\Data\\global_lib.h(372):     er="0" /></TD>\n
..\\Data\\global_lib.h(372):     <TD align="right" width="50%" >\n
..\\Data\\global_lib.h(372):     <input type="image" name="removeAllFlights" src="/WebTours/images/cancelallreservations.gi
..\\Data\\global_lib.h(372):     f" border="0" /></TD>\n
..\\Data\\global_lib.h(372):     </TABLE>\n
..\\Data\\global_lib.h(372):     \n
..\\Data\\global_lib.h(372):     <div><input type="hidden" name=".cgifields" value="11"  /><input type="hidden" name=".cgif
..\\Data\\global_lib.h(372):     ields" value="21"  /><input type="hidden" name=".cgifields" value="7"  /><input type="hidd
..\\Data\\global_lib.h(372):     en" name=".cgifields" value="26"  /><input type="hidden" name=".cgifields" value="17"  /><
..\\Data\\global_lib.h(372):     input type="hidden" name=".cgifields" value="2"  /><input type="hidden" name=".cgifields" 
..\\Data\\global_lib.h(372):     value="22"  /><input type="hidden" name=".cgifields" value="1"  /><input type="hidden" nam
..\\Data\\global_lib.h(372):     e=".cgifields" value="18"  /><input type="hidden" name=".cgifields" value="23"  /><input t
..\\Data\\global_lib.h(372):     ype="hidden" name=".cgifields" value="16"  /><input type="hidden" name=".cgifields" value=
..\\Data\\global_lib.h(372):     "13"  /><input type="hidden" name=".cgifields" value="25"  /><input type="hidden" name=".c
..\\Data\\global_lib.h(372):     gifields" value="6"  /><input type="hidden" name=".cgifields" value="3"  /><input type="hi
..\\Data\\global_lib.h(372):     dden" name=".cgifields" value="9"  /><input type="hidden" name=".cgifields" value="12"  />
..\\Data\\global_lib.h(372):     <input type="hidden" name=".cgifields" value="20"  /><input type="hidden" name=".cgifields
..\\Data\\global_lib.h(372):     " value="14"  /><input type="hidden" name=".cgifields" value="15"  /><input type="hidden" 
..\\Data\\global_lib.h(372):     name=".cgifields" value="8"  /><input type="hidden" name=".cgifields" value="4"  /><input 
..\\Data\\global_lib.h(372):     type="hidden" name=".cgifields" value="24"  /><input type="hidden" name=".cgifields" value
..\\Data\\global_lib.h(372):     ="19"  /><input type="hidden" name=".cgifields" value="10"  /><input type="hidden" name=".
..\\Data\\global_lib.h(372):     cgifields" value="5"  /></div></form>\n
..\\Data\\global_lib.h(372):     \n
..\\Data\\global_lib.h(372):     </center>\n
..\\Data\\global_lib.h(372):     \n
..\\Data\\global_lib.h(372):     </body>\n
..\\Data\\global_lib.h(372):     </html>
..\\Data\\global_lib.h(372): Resource "http://localhost:1080/WebTours/images/cancelreservation.gif" is in the cache already and will not be downloaded again  	[MsgId: MMSG-26655]
..\\Data\\global_lib.h(372): Resource "http://localhost:1080/WebTours/images/cancelallreservations.gif" is in the cache already and will not be downloaded again  	[MsgId: MMSG-26655]
..\\Data\\global_lib.h(372): t=173628ms: Request done "http://localhost:1080/cgi-bin/itinerary.pl"  	[MsgId: MMSG-26000]
..\\Data\\global_lib.h(372): Notify: Saving Parameter "flightNumber_1 = 1".	[MsgId: MMSG-13798]
..\\Data\\global_lib.h(372): Notify: Saving Parameter "flightNumber_2 = 2".	[MsgId: MMSG-13798]
..\\Data\\global_lib.h(372): Notify: Saving Parameter "flightNumber_3 = 3".	[MsgId: MMSG-13798]
..\\Data\\global_lib.h(372): Notify: Saving Parameter "flightNumber_4 = 4".	[MsgId: MMSG-13798]
..\\Data\\global_lib.h(372): Notify: Saving Parameter "flightNumber_5 = 5".	[MsgId: MMSG-13798]
..\\Data\\global_lib.h(372): Notify: Saving Parameter "flightNumber_6 = 6".	[MsgId: MMSG-13798]
..\\Data\\global_lib.h(372): Notify: Saving Parameter "flightNumber_7 = 7".	[MsgId: MMSG-13798]
..\\Data\\global_lib.h(372): Notify: Saving Parameter "flightNumber_8 = 8".	[MsgId: MMSG-13798]
..\\Data\\global_lib.h(372): Notify: Saving Parameter "flightNumber_9 = 9".	[MsgId: MMSG-13798]
..\\Data\\global_lib.h(372): Notify: Saving Parameter "flightNumber_10 = 10".	[MsgId: MMSG-13798]
..\\Data\\global_lib.h(372): Notify: Saving Parameter "flightNumber_11 = 11".	[MsgId: MMSG-13798]
..\\Data\\global_lib.h(372): Notify: Saving Parameter "flightNumber_12 = 12".	[MsgId: MMSG-13798]
..\\Data\\global_lib.h(372): Notify: Saving Parameter "flightNumber_13 = 13".	[MsgId: MMSG-13798]
..\\Data\\global_lib.h(372): Notify: Saving Parameter "flightNumber_14 = 14".	[MsgId: MMSG-13798]
..\\Data\\global_lib.h(372): Notify: Saving Parameter "flightNumber_15 = 15".	[MsgId: MMSG-13798]
..\\Data\\global_lib.h(372): Notify: Saving Parameter "flightNumber_16 = 16".	[MsgId: MMSG-13798]
..\\Data\\global_lib.h(372): Notify: Saving Parameter "flightNumber_17 = 17".	[MsgId: MMSG-13798]
..\\Data\\global_lib.h(372): Notify: Saving Parameter "flightNumber_18 = 18".	[MsgId: MMSG-13798]
..\\Data\\global_lib.h(372): Notify: Saving Parameter "flightNumber_19 = 19".	[MsgId: MMSG-13798]
..\\Data\\global_lib.h(372): Notify: Saving Parameter "flightNumber_20 = 20".	[MsgId: MMSG-13798]
..\\Data\\global_lib.h(372): Notify: Saving Parameter "flightNumber_21 = 21".	[MsgId: MMSG-13798]
..\\Data\\global_lib.h(372): Notify: Saving Parameter "flightNumber_22 = 22".	[MsgId: MMSG-13798]
..\\Data\\global_lib.h(372): Notify: Saving Parameter "flightNumber_23 = 23".	[MsgId: MMSG-13798]
..\\Data\\global_lib.h(372): Notify: Saving Parameter "flightNumber_24 = 24".	[MsgId: MMSG-13798]
..\\Data\\global_lib.h(372): Notify: Saving Parameter "flightNumber_25 = 25".	[MsgId: MMSG-13798]
..\\Data\\global_lib.h(372): Notify: Saving Parameter "flightNumber_26 = 26".	[MsgId: MMSG-13798]
..\\Data\\global_lib.h(372): Notify: Saving Parameter "flightNumber_count = 26".	[MsgId: MMSG-13798]
..\\Data\\global_lib.h(372): Registered web_reg_find successful for "Text=Flight #1 " (count=26)  	[MsgId: MMSG-26364]
..\\Data\\global_lib.h(372): web_submit_form("itinerary.pl") was successful, 31043 body bytes, 256 header bytes, 67 chunking overhead bytes  	[MsgId: MMSG-26385]
Action.c(31): Notify: Parameter Substitution: parameter "flightNumber_original_count" =  "27"	[MsgId: MMSG-13992]
Action.c(31): Notify: Parameter Substitution: parameter "flightNumber_count" =  "26"	[MsgId: MMSG-13992]
Action.c(32): Notify: Transaction "Delete_flight" ended with a "Pass" status (Duration: 5,0980 Think Time: 5,0046 Wasted Time: 0,0011).	[MsgId: MMSG-16870]
Action.c(38): Notify: Transaction "Sign_off" started.	[MsgId: MMSG-16999]
..\\Data\\global_lib.h(225): web_reg_find started  	[MsgId: MMSG-26355]
..\\Data\\global_lib.h(225): Registering web_reg_find was successful  	[MsgId: MMSG-26390]
..\\Data\\global_lib.h(227): web_url("SignOff Button") started  	[MsgId: MMSG-26355]
..\\Data\\global_lib.h(227): t=173630ms: Already connected [0] to localhost:1080  	[MsgId: MMSG-26000]
..\\Data\\global_lib.h(227): t=173630ms: 787-byte request headers for "http://localhost:1080/cgi-bin/welcome.pl?signOff=1" (RelFrameId=1, Internal ID=50)
..\\Data\\global_lib.h(227):     GET /cgi-bin/welcome.pl?signOff=1 HTTP/1.1\r\n
..\\Data\\global_lib.h(227):     Referer: http://localhost:1080/cgi-bin/nav.pl?page=menu&in=flights\r\n
..\\Data\\global_lib.h(227):     sec-ch-ua: " Not A;Brand";v="99", "Chromium";v="90", "Google Chrome";v="90"\r\n
..\\Data\\global_lib.h(227):     sec-ch-ua-mobile: ?0\r\n
..\\Data\\global_lib.h(227):     Sec-Fetch-Site: same-origin\r\n
..\\Data\\global_lib.h(227):     Sec-Fetch-Dest: frame\r\n
..\\Data\\global_lib.h(227):     Sec-Fetch-Mode: navigate\r\n
..\\Data\\global_lib.h(227):     Sec-Fetch-User: ?1\r\n
..\\Data\\global_lib.h(227):     Upgrade-Insecure-Requests: 1\r\n
..\\Data\\global_lib.h(227):     User-Agent: Mozilla/5.0 (Windows NT 10.0; Win64; x64) AppleWebKit/537.36 (KHTML, like Geck
..\\Data\\global_lib.h(227):     o) Chrome/90.0.4430.212 Safari/537.36\r\n
..\\Data\\global_lib.h(227):     Accept-Encoding: gzip, deflate\r\n
..\\Data\\global_lib.h(227):     Accept-Language: ru-RU,ru;q=0.8,en-US;q=0.5,en;q=0.3\r\n
..\\Data\\global_lib.h(227):     Accept: */*\r\n
..\\Data\\global_lib.h(227):     Connection: Keep-Alive\r\n
..\\Data\\global_lib.h(227):     Host: localhost:1080\r\n
..\\Data\\global_lib.h(227):     Cookie: MSO=SID&1622649924; MTUserInfo=firstName&ivan2&address2&Saint-Peterburg&username&i
..\\Data\\global_lib.h(227):     van2&hash&114&lastName&ivan2%0A&address1&Saint-Peterburg&creditCard&&expDate&%0A\r\n
..\\Data\\global_lib.h(227):     \r\n
..\\Data\\global_lib.h(227): t=173703ms: 327-byte response headers for "http://localhost:1080/cgi-bin/welcome.pl?signOff=1" (RelFrameId=1, Internal ID=50)
..\\Data\\global_lib.h(227):     HTTP/1.1 200 OK\r\n
..\\Data\\global_lib.h(227):     Date: Wed, 02 Jun 2021 16:05:40 GMT\r\n
..\\Data\\global_lib.h(227):     Server: Apache/2.2.21 (Win32)\r\n
..\\Data\\global_lib.h(227):     Set-Cookie: MSO=SID&1622649940; path=/\r\n
..\\Data\\global_lib.h(227):     Set-Cookie: MTUserInfo=; path=/; expires=Tue, 01-Jun-2021 16:05:40 GMT\r\n
..\\Data\\global_lib.h(227):     Keep-Alive: timeout=5, max=99\r\n
..\\Data\\global_lib.h(227):     Connection: Keep-Alive\r\n
..\\Data\\global_lib.h(227):     Transfer-Encoding: chunked\r\n
..\\Data\\global_lib.h(227):     Content-Type: text/html; charset=ISO-8859-1\r\n
..\\Data\\global_lib.h(227):     \r\n
..\\Data\\global_lib.h(227): t=173704ms: 5-byte chunked response overhead for "http://localhost:1080/cgi-bin/welcome.pl?signOff=1" (RelFrameId=1, Internal ID=50)
..\\Data\\global_lib.h(227):     2ae\r\n
..\\Data\\global_lib.h(227): t=173704ms: 2-byte chunked response overhead for "http://localhost:1080/cgi-bin/welcome.pl?signOff=1" (RelFrameId=1, Internal ID=50)
..\\Data\\global_lib.h(227):     \r\n
..\\Data\\global_lib.h(227): t=173704ms: 686-byte chunked response body for "http://localhost:1080/cgi-bin/welcome.pl?signOff=1" (RelFrameId=1, Internal ID=50)
..\\Data\\global_lib.h(227):     <!-- \n
..\\Data\\global_lib.h(227):      A Session ID has been created and loaded into a cookie called MSO.\n
..\\Data\\global_lib.h(227):      Also, the server options have been loaded into the cookie called\n
..\\Data\\global_lib.h(227):      MSO as well.  The server options can be set via the Admin page.\n
..\\Data\\global_lib.h(227):      --->\n
..\\Data\\global_lib.h(227):     \n
..\\Data\\global_lib.h(227):     <html>\n
..\\Data\\global_lib.h(227):     <title>Web Tours</title>\n
..\\Data\\global_lib.h(227):        <!-- Frame Set -->\n
..\\Data\\global_lib.h(227):        <frameset cols="160,*" border="1" frameborder="1">\n
..\\Data\\global_lib.h(227):           <!-- Navigation Frame -->\n
..\\Data\\global_lib.h(227):           <frame src="nav.pl?in=home" name="navbar" marginheight="2" marginwidth="2" \n
..\\Data\\global_lib.h(227):                 noresize="noresize" scrolling="auto"/>\n
..\\Data\\global_lib.h(227):           <!-- Home Frame -->\n
..\\Data\\global_lib.h(227):           <frame src="/WebTours/home.html" name="info" marginheight="2" marginwidth="2" \n
..\\Data\\global_lib.h(227):                 noresize="noresize" scrolling="auto"/>\n
..\\Data\\global_lib.h(227):        </frameset>\n
..\\Data\\global_lib.h(227):     </html>\n
..\\Data\\global_lib.h(227):     \n
..\\Data\\global_lib.h(227):     </body>\n
..\\Data\\global_lib.h(227):     </html>
..\\Data\\global_lib.h(227): Detected non-resource "http://localhost:1080/cgi-bin/nav.pl?in=home" in "http://localhost:1080/cgi-bin/welcome.pl?signOff=1"  	[MsgId: MMSG-26574]
..\\Data\\global_lib.h(227): Detected non-resource "http://localhost:1080/WebTours/home.html" in "http://localhost:1080/cgi-bin/welcome.pl?signOff=1"  	[MsgId: MMSG-26574]
..\\Data\\global_lib.h(227): Retrieving data from cache for "http://localhost:1080/WebTours/home.html"  	[MsgId: MMSG-26558]
..\\Data\\global_lib.h(227): t=173705ms: 1361-byte response body retrieved from cache for "http://localhost:1080/WebTours/home.html" (RelFrameId=1.2, Internal ID=52)
..\\Data\\global_lib.h(227):     <HTML>\n
..\\Data\\global_lib.h(227):     <HEAD>\n
..\\Data\\global_lib.h(227):     \t<title>Web Tours</title>\n
..\\Data\\global_lib.h(227):     </HEAD>\n
..\\Data\\global_lib.h(227):     <style>\n
..\\Data\\global_lib.h(227):     \tblockquote {font-family: tahoma; font-size : 10pt}\n
..\\Data\\global_lib.h(227):     \tH1 {font-family: tahoma; font-size : 22pt; color: #003366}\n
..\\Data\\global_lib.h(227):     \tsmall {font-family: tahoma; font-size : 8pt}\n
..\\Data\\global_lib.h(227):     \tH3{font-family: tahoma; font-size : 10pt; color: black}\n
..\\Data\\global_lib.h(227):     \tA {FONT-WEIGHT: bold; FONT-SIZE: 10pt; COLOR: black; FONT-FAMILY: Tahoma; TEXT-DECORATIO
..\\Data\\global_lib.h(227):     N: none}\n
..\\Data\\global_lib.h(227):     \tA:hover{ FONT-WEIGHT: bold; FONT-SIZE: 10pt; COLOR: #993333; FONT-FAMILY: Tahoma;TEXT-DE
..\\Data\\global_lib.h(227):     CORATION: underline}\n
..\\Data\\global_lib.h(227):     \tTD {font-family: tahoma; font-size : 10pt; color: black}\n
..\\Data\\global_lib.h(227):     </style>\n
..\\Data\\global_lib.h(227):     <body bgcolor="#e0e7f1">\n
..\\Data\\global_lib.h(227):     <BR/>\n
..\\Data\\global_lib.h(227):     <BR/>\n
..\\Data\\global_lib.h(227):     <BR/>\n
..\\Data\\global_lib.h(227):     <br/>\n
..\\Data\\global_lib.h(227):     <table border="0">\n
..\\Data\\global_lib.h(227):     <tr><td></td></tr>\n
..\\Data\\global_lib.h(227):     <TR><TD></TD></TR>\n
..\\Data\\global_lib.h(227):     <TR><TD>\n
..\\Data\\global_lib.h(227):     <blockquote>\n
..\\Data\\global_lib.h(227):     <H1><b>Web Tours</b></H1>\n
..\\Data\\global_lib.h(227):     Welcome to the Web Tours site.\n
..\\Data\\global_lib.h(227):     <br/>\n
..\\Data\\global_lib.h(227):     To make reservations,please enter your account information to the left.\n
..\\Data\\global_lib.h(227):     <br/>\n
..\\Data\\global_lib.h(227):     If you haven't registered yet, <A href="/cgi-bin/login.pl?username=&amp;password=&amp;getI
..\\Data\\global_lib.h(227):     nfo=true" ><B>sign up now</B></A> to get access to all our resources.\n
..\\Data\\global_lib.h(227):     <br/>\n
..\\Data\\global_lib.h(227):     To configure the server options, use <A href="/cgi-bin/admin.pl" target="body" ><b>adminis
..\\Data\\global_lib.h(227):     tration</b></A> link.\n
..\\Data\\global_lib.h(227):     <br/><br/><br/><br/><br/><br/>\n
..\\Data\\global_lib.h(227):     <br/><small>\n
..\\Data\\global_lib.h(227):     This product uses parts of the SMT Kernel, Copyright (c) 1991-99 <A href="http://www.imati
..\\Data\\global_lib.h(227):     x.com" target="new"><B><small>iMatix Corporation</small></B></A> \n
..\\Data\\global_lib.h(227):     </small>\n
..\\Data\\global_lib.h(227):     </blockquote></TD>\n
..\\Data\\global_lib.h(227):     <TD></TD></TR>\n
..\\Data\\global_lib.h(227):     </table>\n
..\\Data\\global_lib.h(227):     </body>\n
..\\Data\\global_lib.h(227):     </HTML>\n
..\\Data\\global_lib.h(227): t=173706ms: 5-byte chunked response overhead for "http://localhost:1080/cgi-bin/welcome.pl?signOff=1" (RelFrameId=1, Internal ID=50)
..\\Data\\global_lib.h(227):     0\r\n
..\\Data\\global_lib.h(227):     \r\n
..\\Data\\global_lib.h(227): t=173706ms: Request done "http://localhost:1080/cgi-bin/welcome.pl?signOff=1"  	[MsgId: MMSG-26000]
..\\Data\\global_lib.h(227): t=173706ms: Connecting [1] to host 127.0.0.1:1080  	[MsgId: MMSG-26000]
..\\Data\\global_lib.h(227): t=173707ms: Connected socket [1] from 127.0.0.1:3170 to 127.0.0.1:1080 in 1 ms  	[MsgId: MMSG-26000]
..\\Data\\global_lib.h(227): t=173707ms: 630-byte request headers for "http://localhost:1080/cgi-bin/nav.pl?in=home" (RelFrameId=1.1, Internal ID=51)
..\\Data\\global_lib.h(227):     GET /cgi-bin/nav.pl?in=home HTTP/1.1\r\n
..\\Data\\global_lib.h(227):     Referer: http://localhost:1080/cgi-bin/welcome.pl?signOff=1\r\n
..\\Data\\global_lib.h(227):     sec-ch-ua: " Not A;Brand";v="99", "Chromium";v="90", "Google Chrome";v="90"\r\n
..\\Data\\global_lib.h(227):     sec-ch-ua-mobile: ?0\r\n
..\\Data\\global_lib.h(227):     Sec-Fetch-Site: same-origin\r\n
..\\Data\\global_lib.h(227):     Sec-Fetch-Dest: frame\r\n
..\\Data\\global_lib.h(227):     Sec-Fetch-Mode: navigate\r\n
..\\Data\\global_lib.h(227):     Sec-Fetch-User: ?1\r\n
..\\Data\\global_lib.h(227):     Upgrade-Insecure-Requests: 1\r\n
..\\Data\\global_lib.h(227):     User-Agent: Mozilla/5.0 (Windows NT 10.0; Win64; x64) AppleWebKit/537.36 (KHTML, like Geck
..\\Data\\global_lib.h(227):     o) Chrome/90.0.4430.212 Safari/537.36\r\n
..\\Data\\global_lib.h(227):     Accept-Encoding: gzip, deflate\r\n
..\\Data\\global_lib.h(227):     Accept-Language: ru-RU,ru;q=0.8,en-US;q=0.5,en;q=0.3\r\n
..\\Data\\global_lib.h(227):     Accept: */*\r\n
..\\Data\\global_lib.h(227):     Connection: Keep-Alive\r\n
..\\Data\\global_lib.h(227):     Host: localhost:1080\r\n
..\\Data\\global_lib.h(227):     Cookie: MSO=SID&1622649940\r\n
..\\Data\\global_lib.h(227):     \r\n
..\\Data\\global_lib.h(227): t=173750ms: 256-byte response headers for "http://localhost:1080/cgi-bin/nav.pl?in=home" (RelFrameId=1.1, Internal ID=51)
..\\Data\\global_lib.h(227):     HTTP/1.1 200 OK\r\n
..\\Data\\global_lib.h(227):     Date: Wed, 02 Jun 2021 16:05:40 GMT\r\n
..\\Data\\global_lib.h(227):     Server: Apache/2.2.21 (Win32)\r\n
..\\Data\\global_lib.h(227):     Expires: Tue, 01 Jun 2021 16:05:40 GMT\r\n
..\\Data\\global_lib.h(227):     Keep-Alive: timeout=5, max=100\r\n
..\\Data\\global_lib.h(227):     Connection: Keep-Alive\r\n
..\\Data\\global_lib.h(227):     Transfer-Encoding: chunked\r\n
..\\Data\\global_lib.h(227):     Content-Type: text/html; charset=ISO-8859-1\r\n
..\\Data\\global_lib.h(227):     \r\n
..\\Data\\global_lib.h(227): t=173751ms: 5-byte chunked response overhead for "http://localhost:1080/cgi-bin/nav.pl?in=home" (RelFrameId=1.1, Internal ID=51)
..\\Data\\global_lib.h(227):     5d0\r\n
..\\Data\\global_lib.h(227): t=173751ms: 2-byte chunked response overhead for "http://localhost:1080/cgi-bin/nav.pl?in=home" (RelFrameId=1.1, Internal ID=51)
..\\Data\\global_lib.h(227):     \r\n
..\\Data\\global_lib.h(227): t=173751ms: 1488-byte chunked response body for "http://localhost:1080/cgi-bin/nav.pl?in=home" (RelFrameId=1.1, Internal ID=51)
..\\Data\\global_lib.h(227):     <!DOCTYPE html\n
..\\Data\\global_lib.h(227):     \tPUBLIC "-//W3C//DTD XHTML 1.0 Transitional//EN"\n
..\\Data\\global_lib.h(227):     \t "http://www.w3.org/TR/xhtml1/DTD/xhtml1-transitional.dtd">\n
..\\Data\\global_lib.h(227):     <html xmlns="http://www.w3.org/1999/xhtml" lang="en-US" xml:lang="en-US">\n
..\\Data\\global_lib.h(227):     <head>\n
..\\Data\\global_lib.h(227):     <title>Web Tours Navigation Bar</title>\n
..\\Data\\global_lib.h(227):     <meta http-equiv="Content-Type" content="text/html; charset=iso-8859-1" />\n
..\\Data\\global_lib.h(227):     </head>\n
..\\Data\\global_lib.h(227):     <body bgcolor="#E0E7F1">\n
..\\Data\\global_lib.h(227):     <style>\n
..\\Data\\global_lib.h(227):     blockquote {font-family: tahoma; font-size : 10pt}\n
..\\Data\\global_lib.h(227):     H1 {font-family: tahoma; font-size : 22pt; color: #993333}\n
..\\Data\\global_lib.h(227):     H3 {font-family: tahoma; font-size : 10pt; color: black}\n
..\\Data\\global_lib.h(227):     small {font-family: tahoma; font-size : 8pt}\n
..\\Data\\global_lib.h(227):     </style>\n
..\\Data\\global_lib.h(227):     <form method="post" action="/cgi-bin/login.pl" target="body">\n
..\\Data\\global_lib.h(227):     <input type="hidden" name="userSession" value="131441.874443094zHzVAtVptVzzzzzHtAfzzpctif"
..\\Data\\global_lib.h(227):     />\n
..\\Data\\global_lib.h(227):     <table border="0"><tr><td>&nbsp;</td>\n
..\\Data\\global_lib.h(227):     <td>&nbsp;</td></tr>\n
..\\Data\\global_lib.h(227):     <tr><td>&nbsp;</td>\n
..\\Data\\global_lib.h(227):     <td>&nbsp;</td></tr>\n
..\\Data\\global_lib.h(227):     <tr><td>&nbsp;</td>\n
..\\Data\\global_lib.h(227):     <td><small>&nbsp;Username</small></td></tr>\n
..\\Data\\global_lib.h(227):     <tr><td>&nbsp;</td>\n
..\\Data\\global_lib.h(227):     <td><input type="text" name="username" value="" size="14" maxlength="14"/></td></tr>\n
..\\Data\\global_lib.h(227):     <tr><td>&nbsp;</td>\n
..\\Data\\global_lib.h(227):     <td><small>&nbsp;Password</small></td>\n
..\\Data\\global_lib.h(227):     <tr><td>&nbsp;</td>\n
..\\Data\\global_lib.h(227):     <td><input type="password" name="password" value="" size="14" maxlength="14"/></td></tr>\n
..\\Data\\global_lib.h(227):     <tr><td>&nbsp;</td>\n
..\\Data\\global_lib.h(227):     <td>&nbsp;</td></tr>\n
..\\Data\\global_lib.h(227):     <tr><td>&nbsp;</td>\n
..\\Data\\global_lib.h(227):     <td><input type="image" name="login" value="Login" alt="Login" border="1" \n
..\\Data\\global_lib.h(227):     src="/WebTours/images/mer_login.gif"/></td></tr>\n
..\\Data\\global_lib.h(227):     <tr><td>&nbsp;</td><td>&nbsp;</td></tr>\n
..\\Data\\global_lib.h(227):     </table><input type="hidden" name="JSFormSubmit" value="off"/>\n
..\\Data\\global_lib.h(227):     </form>\n
..\\Data\\global_lib.h(227):     \n
..\\Data\\global_lib.h(227):     </body>\n
..\\Data\\global_lib.h(227):     </html>\n
..\\Data\\global_lib.h(227): Resource "http://localhost:1080/WebTours/images/mer_login.gif" is in the cache already and will not be downloaded again  	[MsgId: MMSG-26655]
..\\Data\\global_lib.h(227): t=173753ms: 5-byte chunked response overhead for "http://localhost:1080/cgi-bin/nav.pl?in=home" (RelFrameId=1.1, Internal ID=51)
..\\Data\\global_lib.h(227):     0\r\n
..\\Data\\global_lib.h(227):     \r\n
..\\Data\\global_lib.h(227): t=173753ms: Request done "http://localhost:1080/cgi-bin/nav.pl?in=home"  	[MsgId: MMSG-26000]
..\\Data\\global_lib.h(227): Registered web_reg_find successful for "Text=Welcome to the Web Tours site." (count=1)  	[MsgId: MMSG-26364]
..\\Data\\global_lib.h(227): web_url("SignOff Button") was successful, 2174 body bytes, 583 header bytes, 24 chunking overhead bytes  	[MsgId: MMSG-26385]
Action.c(42): Notify: Transaction "Sign_off" ended with a "Pass" status (Duration: 0,1234 Wasted Time: 0,0000).	[MsgId: MMSG-16871]
Action.c(45): Notify: Transaction "S4_DeleteFlight" ended with a "Pass" status (Duration: 20,6095 Think Time: 20,0281 Wasted Time: 0,0027).	[MsgId: MMSG-16870]
Ending action Action.	[MsgId: MMSG-15918]
Action was aborted.	[MsgId: MMSG-10694]
Ending Vuser...	[MsgId: MMSG-15966]
Starting action vuser_end.	[MsgId: MMSG-15919]
Ending action vuser_end.	[MsgId: MMSG-15918]
Vuser Terminated.	[MsgId: MMSG-15963]
t=173753ms: Closed connection [0] to localhost:1080 after completing 2 request(s)  	[MsgId: MMSG-26000]
t=173753ms: Closed connection [1] to localhost:1080 after completing 1 request(s)  	[MsgId: MMSG-26000]
HTML-Mode memory management statistics: Reusable=10, NonReusable=0, CsMemBlockSize=4096, checks disabled  	[MsgId: MMSG-26000]
Vuser 1 (thread 12504), ended OK."	[MsgId: MMSG-10695]
