..\\Data\\global_lib.h(348):           </center>\n
..\\Data\\global_lib.h(348):       </TD>\n
..\\Data\\global_lib.h(348):     </TR>\n
..\\Data\\global_lib.h(348):     <TR bgcolor="#EFF2F7">\n
..\\Data\\global_lib.h(348):       <TD COLSPAN="3">\n
..\\Data\\global_lib.h(348):       <b>Flight Details:</b><BR/>  <center>\n
..\\Data\\global_lib.h(348):       05/31/2021\n
..\\Data\\global_lib.h(348):      :  8am : Flight 630 leaves San Francisco  for Los Angeles.<br>  </center>\n
..\\Data\\global_lib.h(348):       </TD>\n
..\\Data\\global_lib.h(348):     </TR>\n
..\\Data\\global_lib.h(348):     \n
..\\Data\\global_lib.h(348):     <TR bgcolor="#EFF2F7">\n
..\\Data\\global_lib.h(348):       <TD COLSPAN="4">\n
..\\Data\\global_lib.h(348):       <hr/>\n
..\\Data\\global_lib.h(348):       </TD>\n
..\\Data\\global_lib.h(348):     </TR>\n
..\\Data\\global_lib.h(348):     \n
..\\Data\\global_lib.h(348):     <!-- Flight #1 -->\n
..\\Data\\global_lib.h(348):     <TR bgcolor="#EFF2F7">\n
..\\Data\\global_lib.h(348):       <TD width="5%" rowspan="2" align="left" valign="top">\n
..\\Data\\global_lib.h(348):     <b>\n
..\\Data\\global_lib.h(348):     <label><input type="checkbox" name="3" value="on" /></label></font></b>\n
..\\Data\\global_lib.h(348):     <input type="hidden" name="flightID" value="206195206-2351-ii"  />\n
..\\Data\\global_lib.h(348):       </TD>\n
..\\Data\\global_lib.h(348):       <TD width="45%" valign="top">\n
..\\Data\\global_lib.h(348):           <b>&nbsp;&nbsp;A Coach class ticket for :</b><br/>\n
..\\Data\\global_lib.h(348):           <center><table border="0" width="85%"><tr><td>\n
..\\Data\\global_lib.h(348):           <li><i>ivan5 ivan5\n
..\\Data\\global_lib.h(348):           <li><i></i>\n
..\\Data\\global_lib.h(348):           </td></tr></table></center>\n
..\\Data\\global_lib.h(348):       </TD>\n
..\\Data\\global_lib.h(348):       <TD width="5%" >.<br/>.<br/>.<br/>.</TD>\n
..\\Data\\global_lib.h(348):       <TD width="45%" valign=top><b>Invoice sent to:</b><br/>\n
..\\Data\\global_lib.h(348):           <center>\n
..\\Data\\global_lib.h(348):           <Table width="80%" cellspacing="0" > <tr> <td>\n
..\\Data\\global_lib.h(348):               ivan5 ivan5\n
..\\Data\\global_lib.h(348):     <br/>\n
..\\Data\\global_lib.h(348):               Moscow<br/>\n
..\\Data\\global_lib.h(348):               Moscow<br/>\n
..\\Data\\global_lib.h(348):               <br/>\n
..\\Data\\global_lib.h(348):               Total Charge: $ 565 <BR/> (CC: x-5567)\n
..\\Data\\global_lib.h(348):           </td> </tr> </table
..\\Data\\global_lib.h(348): t=163745ms: 6-byte chunked response overhead for "http://localhost:1080/cgi-bin/itinerary.pl" (RelFrameId=1.2, Internal ID=112)
..\\Data\\global_lib.h(348):     1000\r\n
..\\Data\\global_lib.h(348): t=163745ms: 8-byte chunked response overhead for "http://localhost:1080/cgi-bin/itinerary.pl" (RelFrameId=1.2, Internal ID=112)
..\\Data\\global_lib.h(348):     \r\n
..\\Data\\global_lib.h(348):     1000\r\n
..\\Data\\global_lib.h(348): t=163745ms: 8-byte chunked response overhead for "http://localhost:1080/cgi-bin/itinerary.pl" (RelFrameId=1.2, Internal ID=112)
..\\Data\\global_lib.h(348):     \r\n
..\\Data\\global_lib.h(348):     1000\r\n
..\\Data\\global_lib.h(348): t=163745ms: 12265-byte chunked response body for "http://localhost:1080/cgi-bin/itinerary.pl" (RelFrameId=1.2, Internal ID=112)
..\\Data\\global_lib.h(348):     >\n
..\\Data\\global_lib.h(348):           </center>\n
..\\Data\\global_lib.h(348):       </TD>\n
..\\Data\\global_lib.h(348):     </TR>\n
..\\Data\\global_lib.h(348):     <TR bgcolor="#EFF2F7">\n
..\\Data\\global_lib.h(348):       <TD COLSPAN="3">\n
..\\Data\\global_lib.h(348):       <b>Flight Details:</b><BR/>  <center>\n
..\\Data\\global_lib.h(348):       05/31/2021\n
..\\Data\\global_lib.h(348):      :  8am : Flight 270 leaves London  for Seattle.<br>  </center>\n
..\\Data\\global_lib.h(348):       </TD>\n
..\\Data\\global_lib.h(348):     </TR>\n
..\\Data\\global_lib.h(348):     \n
..\\Data\\global_lib.h(348):     <TR bgcolor="#EFF2F7">\n
..\\Data\\global_lib.h(348):       <TD COLSPAN="4">\n
..\\Data\\global_lib.h(348):       <hr/>\n
..\\Data\\global_lib.h(348):       </TD>\n
..\\Data\\global_lib.h(348):     </TR>\n
..\\Data\\global_lib.h(348):     \n
..\\Data\\global_lib.h(348):     <!-- Flight #1 -->\n
..\\Data\\global_lib.h(348):     <TR bgcolor="#EFF2F7">\n
..\\Data\\global_lib.h(348):       <TD width="5%" rowspan="2" align="left" valign="top">\n
..\\Data\\global_lib.h(348):     <b>\n
..\\Data\\global_lib.h(348):     <label><input type="checkbox" name="4" value="on" /></label></font></b>\n
..\\Data\\global_lib.h(348):     <input type="hidden" name="flightID" value="2061918603-30945-ii"  />\n
..\\Data\\global_lib.h(348):       </TD>\n
..\\Data\\global_lib.h(348):       <TD width="45%" valign="top">\n
..\\Data\\global_lib.h(348):           <b>&nbsp;&nbsp;A First class ticket for :</b><br/>\n
..\\Data\\global_lib.h(348):           <center><table border="0" width="85%"><tr><td>\n
..\\Data\\global_lib.h(348):           <li><i>ivan5 ivan5\n
..\\Data\\global_lib.h(348):           <li><i></i>\n
..\\Data\\global_lib.h(348):           </td></tr></table></center>\n
..\\Data\\global_lib.h(348):       </TD>\n
..\\Data\\global_lib.h(348):       <TD width="5%" >.<br/>.<br/>.<br/>.</TD>\n
..\\Data\\global_lib.h(348):       <TD width="45%" valign=top><b>Invoice sent to:</b><br/>\n
..\\Data\\global_lib.h(348):           <center>\n
..\\Data\\global_lib.h(348):           <Table width="80%" cellspacing="0" > <tr> <td>\n
..\\Data\\global_lib.h(348):               ivan5 ivan5\n
..\\Data\\global_lib.h(348):     <br/>\n
..\\Data\\global_lib.h(348):               Moscow<br/>\n
..\\Data\\global_lib.h(348):               Moscow<br/>\n
..\\Data\\global_lib.h(348):               <br/>\n
..\\Data\\global_lib.h(348):               Total Charge: $ 2287 <BR/> (CC: x-5567)\n
..\\Data\\global_lib.h(348):           </td> </tr> </table>\n
..\\Data\\global_lib.h(348):           </center>\n
..\\Data\\global_lib.h(348):       </TD>\n
..\\Data\\global_lib.h(348):     </TR>\n
..\\Data\\global_lib.h(348):     <TR bgcolor="#EFF2F7">\n
..\\Data\\global_lib.h(348):       <TD COLSPAN="3">\n
..\\Data\\global_lib.h(348):       <b>Flight Details:</b><BR/>  <center>\n
..\\Data\\global_lib.h(348):       05/31/2021\n
..\\Data\\global_lib.h(348):      :  8am : Flight 180 leaves Frankfurt  for Sydney.<br>  </center>\n
..\\Data\\global_lib.h(348):       </TD>\n
..\\Data\\global_lib.h(348):     </TR>\n
..\\Data\\global_lib.h(348):     \n
..\\Data\\global_lib.h(348):     <TR bgcolor="#EFF2F7">\n
..\\Data\\global_lib.h(348):       <TD COLSPAN="4">\n
..\\Data\\global_lib.h(348):       <hr/>\n
..\\Data\\global_lib.h(348):       </TD>\n
..\\Data\\global_lib.h(348):     </TR>\n
..\\Data\\global_lib.h(348):     \n
..\\Data\\global_lib.h(348):     <!-- Flight #1 -->\n
..\\Data\\global_lib.h(348):     <TR bgcolor="#EFF2F7">\n
..\\Data\\global_lib.h(348):       <TD width="5%" rowspan="2" align="left" valign="top">\n
..\\Data\\global_lib.h(348):     <b>\n
..\\Data\\global_lib.h(348):     <label><input type="checkbox" name="5" value="on" /></label></font></b>\n
..\\Data\\global_lib.h(348):     <input type="hidden" name="flightID" value="206218541-3893-ii"  />\n
..\\Data\\global_lib.h(348):       </TD>\n
..\\Data\\global_lib.h(348):       <TD width="45%" valign="top">\n
..\\Data\\global_lib.h(348):           <b>&nbsp;&nbsp;A Business class ticket for :</b><br/>\n
..\\Data\\global_lib.h(348):           <center><table border="0" width="85%"><tr><td>\n
..\\Data\\global_lib.h(348):           <li><i>ivan5 ivan5\n
..\\Data\\global_lib.h(348):           <li><i></i>\n
..\\Data\\global_lib.h(348):           </td></tr></table></center>\n
..\\Data\\global_lib.h(348):       </TD>\n
..\\Data\\global_lib.h(348):       <TD width="5%" >.<br/>.<br/>.<br/>.</TD>\n
..\\Data\\global_lib.h(348):       <TD width="45%" valign=top><b>Invoice sent to:</b><br/>\n
..\\Data\\global_lib.h(348):           <center>\n
..\\Data\\global_lib.h(348):           <Table width="80%" cellspacing="0" > <tr> <td>\n
..\\Data\\global_lib.h(348):               ivan5 ivan5\n
..\\Data\\global_lib.h(348):     <br/>\n
..\\Data\\global_lib.h(348):               Moscow<br/>\n
..\\Data\\global_lib.h(348):               Moscow<br/>\n
..\\Data\\global_lib.h(348):               <br/>\n
..\\Data\\global_lib.h(348):               Total Charge: $ 610 <BR/> (CC: x-5567)\n
..\\Data\\global_lib.h(348):           </td> </tr> </table>\n
..\\Data\\global_lib.h(348):           </center>\n
..\\Data\\global_lib.h(348):       </TD>\n
..\\Data\\global_lib.h(348):     </TR>\n
..\\Data\\global_lib.h(348):     <TR bgcolor="#EFF2F7">\n
..\\Data\\global_lib.h(348):       <TD COLSPAN="3">\n
..\\Data\\global_lib.h(348):       <b>Flight Details:</b><BR/>  <center>\n
..\\Data\\global_lib.h(348):       05/31/2021\n
..\\Data\\global_lib.h(348):      :  8am : Flight 900 leaves Zurich  for Denver.<br>  </center>\n
..\\Data\\global_lib.h(348):       </TD>\n
..\\Data\\global_lib.h(348):     </TR>\n
..\\Data\\global_lib.h(348):     \n
..\\Data\\global_lib.h(348):     <TR bgcolor="#EFF2F7">\n
..\\Data\\global_lib.h(348):       <TD COLSPAN="4">\n
..\\Data\\global_lib.h(348):       <hr/>\n
..\\Data\\global_lib.h(348):       </TD>\n
..\\Data\\global_lib.h(348):     </TR>\n
..\\Data\\global_lib.h(348):     \n
..\\Data\\global_lib.h(348):     <!-- Flight #1 -->\n
..\\Data\\global_lib.h(348):     <TR bgcolor="#EFF2F7">\n
..\\Data\\global_lib.h(348):       <TD width="5%" rowspan="2" align="left" valign="top">\n
..\\Data\\global_lib.h(348):     <b>\n
..\\Data\\global_lib.h(348):     <label><input type="checkbox" name="6" value="on" /></label></font></b>\n
..\\Data\\global_lib.h(348):     <input type="hidden" name="flightID" value="206201885-4684-ii"  />\n
..\\Data\\global_lib.h(348):       </TD>\n
..\\Data\\global_lib.h(348):       <TD width="45%" valign="top">\n
..\\Data\\global_lib.h(348):           <b>&nbsp;&nbsp;A Business class ticket for :</b><br/>\n
..\\Data\\global_lib.h(348):           <center><table border="0" width="85%"><tr><td>\n
..\\Data\\global_lib.h(348):           <li><i>ivan5 ivan5\n
..\\Data\\global_lib.h(348):           <li><i></i>\n
..\\Data\\global_lib.h(348):           </td></tr></table></center>\n
..\\Data\\global_lib.h(348):       </TD>\n
..\\Data\\global_lib.h(348):       <TD width="5%" >.<br/>.<br/>.<br/>.</TD>\n
..\\Data\\global_lib.h(348):       <TD width="45%" valign=top><b>Invoice sent to:</b><br/>\n
..\\Data\\global_lib.h(348):           <center>\n
..\\Data\\global_lib.h(348):           <Table width="80%" cellspacing="0" > <tr> <td>\n
..\\Data\\global_lib.h(348):               ivan5 ivan5\n
..\\Data\\global_lib.h(348):     <br/>\n
..\\Data\\global_lib.h(348):               Moscow<br/>\n
..\\Data\\global_lib.h(348):               Moscow<br/>\n
..\\Data\\global_lib.h(348):               <br/>\n
..\\Data\\global_lib.h(348):               Total Charge: $ 901 <BR/> (CC: x-5567)\n
..\\Data\\global_lib.h(348):           </td> </tr> </table>\n
..\\Data\\global_lib.h(348):           </center>\n
..\\Data\\global_lib.h(348):       </TD>\n
..\\Data\\global_lib.h(348):     </TR>\n
..\\Data\\global_lib.h(348):     <TR bgcolor="#EFF2F7">\n
..\\Data\\global_lib.h(348):       <TD COLSPAN="3">\n
..\\Data\\global_lib.h(348):       <b>Flight Details:</b><BR/>  <center>\n
..\\Data\\global_lib.h(348):       05/31/2021\n
..\\Data\\global_lib.h(348):      :  8am : Flight 450 leaves Paris  for Portland.<br>  </center>\n
..\\Data\\global_lib.h(348):       </TD>\n
..\\Data\\global_lib.h(348):     </TR>\n
..\\Data\\global_lib.h(348):     \n
..\\Data\\global_lib.h(348):     <TR bgcolor="#EFF2F7">\n
..\\Data\\global_lib.h(348):       <TD COLSPAN="4">\n
..\\Data\\global_lib.h(348):       <hr/>\n
..\\Data\\global_lib.h(348):       </TD>\n
..\\Data\\global_lib.h(348):     </TR>\n
..\\Data\\global_lib.h(348):     \n
..\\Data\\global_lib.h(348):     <!-- Flight #1 -->\n
..\\Data\\global_lib.h(348):     <TR bgcolor="#EFF2F7">\n
..\\Data\\global_lib.h(348):       <TD width="5%" rowspan="2" align="left" valign="top">\n
..\\Data\\global_lib.h(348):     <b>\n
..\\Data\\global_lib.h(348):     <label><input type="checkbox" name="7" value="on" /></label></font></b>\n
..\\Data\\global_lib.h(348):     <input type="hidden" name="flightID" value="20619855-545-ii"  />\n
..\\Data\\global_lib.h(348):       </TD>\n
..\\Data\\global_lib.h(348):       <TD width="45%" valign="top">\n
..\\Data\\global_lib.h(348):           <b>&nbsp;&nbsp;A Business class ticket for :</b><br/>\n
..\\Data\\global_lib.h(348):           <center><table border="0" width="85%"><tr><td>\n
..\\Data\\global_lib.h(348):           <li><i>ivan5 ivan5\n
..\\Data\\global_lib.h(348):           <li><i></i>\n
..\\Data\\global_lib.h(348):           </td></tr></table></center>\n
..\\Data\\global_lib.h(348):       </TD>\n
..\\Data\\global_lib.h(348):       <TD width="5%" >.<br/>.<br/>.<br/>.</TD>\n
..\\Data\\global_lib.h(348):       <TD width="45%" valign=top><b>Invoice sent to:</b><br/>\n
..\\Data\\global_lib.h(348):           <center>\n
..\\Data\\global_lib.h(348):           <Table width="80%" cellspacing="0" > <tr> <td>\n
..\\Data\\global_lib.h(348):               ivan5 ivan5\n
..\\Data\\global_lib.h(348):     <br/>\n
..\\Data\\global_lib.h(348):               Moscow<br/>\n
..\\Data\\global_lib.h(348):               Moscow<br/>\n
..\\Data\\global_lib.h(348):               <br/>\n
..\\Data\\global_lib.h(348):               Total Charge: $ 87 <BR/> (CC: x-5567)\n
..\\Data\\global_lib.h(348):           </td> </tr> </table>\n
..\\Data\\global_lib.h(348):           </center>\n
..\\Data\\global_lib.h(348):       </TD>\n
..\\Data\\global_lib.h(348):     </TR>\n
..\\Data\\global_lib.h(348):     <TR bgcolor="#EFF2F7">\n
..\\Data\\global_lib.h(348):       <TD COLSPAN="3">\n
..\\Data\\global_lib.h(348):       <b>Flight Details:</b><BR/>  <center>\n
..\\Data\\global_lib.h(348):       05/31/2021\n
..\\Data\\global_lib.h(348):      :  8am : Flight 360 leaves Los Angeles  for San Francisco.<br>  </center>\n
..\\Data\\global_lib.h(348):       </TD>\n
..\\Data\\global_lib.h(348):     </TR>\n
..\\Data\\global_lib.h(348):     \n
..\\Data\\global_lib.h(348):     <TR bgcolor="#EFF2F7">\n
..\\Data\\global_lib.h(348):       <TD COLSPAN="4">\n
..\\Data\\global_lib.h(348):       <hr/>\n
..\\Data\\global_lib.h(348):       </TD>\n
..\\Data\\global_lib.h(348):     </TR>\n
..\\Data\\global_lib.h(348):     \n
..\\Data\\global_lib.h(348):     <!-- Flight #1 -->\n
..\\Data\\global_lib.h(348):     <TR bgcolor="#EFF2F7">\n
..\\Data\\global_lib.h(348):       <TD width="5%" rowspan="2" align="left" valign="top">\n
..\\Data\\global_lib.h(348):     <b>\n
..\\Data\\global_lib.h(348):     <label><input type="checkbox" name="8" value="on" /></label></font></b>\n
..\\Data\\global_lib.h(348):     <input type="hidden" name="flightID" value="206188541-6200-ii"  />\n
..\\Data\\global_lib.h(348):       </TD>\n
..\\Data\\global_lib.h(348):       <TD width="45%" valign="top">\n
..\\Data\\global_lib.h(348):           <b>&nbsp;&nbsp;A Business class ticket for :</b><br/>\n
..\\Data\\global_lib.h(348):           <center><table border="0" width="85%"><tr><td>\n
..\\Data\\global_lib.h(348):           <li><i>ivan5 ivan5\n
..\\Data\\global_lib.h(348):           <li><i></i>\n
..\\Data\\global_lib.h(348):           </td></tr></table></center>\n
..\\Data\\global_lib.h(348):       </TD>\n
..\\Data\\global_lib.h(348):       <TD width="5%" >.<br/>.<br/>.<br/>.</TD>\n
..\\Data\\global_lib.h(348):       <TD width="45%" valign=top><b>Invoice sent to:</b><br/>\n
..\\Data\\global_lib.h(348):           <center>\n
..\\Data\\global_lib.h(348):           <Table width="80%" cellspacing="0" > <tr> <td>\n
..\\Data\\global_lib.h(348):               ivan5 ivan5\n
..\\Data\\global_lib.h(348):     <br/>\n
..\\Data\\global_lib.h(348):               Moscow<br/>\n
..\\Data\\global_lib.h(348):               Moscow<br/>\n
..\\Data\\global_lib.h(348):               <br/>\n
..\\Data\\global_lib.h(348):               Total Charge: $ 610 <BR/> (CC: x-5567)\n
..\\Data\\global_lib.h(348):           </td> </tr> </table>\n
..\\Data\\global_lib.h(348):           </center>\n
..\\Data\\global_lib.h(348):       </TD>\n
..\\Data\\global_lib.h(348):     </TR>\n
..\\Data\\global_lib.h(348):     <TR bgcolor="#EFF2F7">\n
..\\Data\\global_lib.h(348):       <TD COLSPAN="3">\n
..\\Data\\global_lib.h(348):       <b>Flight Details:</b><BR/>  <center>\n
..\\Data\\global_lib.h(348):       05/31/2021\n
..\\Data\\global_lib.h(348):      :  8am : Flight 090 leaves Denver  for Zurich.<br>  </center>\n
..\\Data\\global_lib.h(348):       </TD>\n
..\\Data\\global_lib.h(348):     </TR>\n
..\\Data\\global_lib.h(348):     \n
..\\Data\\global_lib.h(348):     <TR bgcolor="#EFF2F7">\n
..\\Data\\global_lib.h(348):       <TD COLSPAN="4">\n
..\\Data\\global_lib.h(348):       <hr/>\n
..\\Data\\global_lib.h(348):       </TD>\n
..\\Data\\global_lib.h(348):     </TR>\n
..\\Data\\global_lib.h(348):     \n
..\\Data\\global_lib.h(348):     <!-- Flight #1 -->\n
..\\Data\\global_lib.h(348):     <TR bgcolor="#EFF2F7">\n
..\\Data\\global_lib.h(348):       <TD width="5%" rowspan="2" align="left" valign="top">\n
..\\Data\\global_lib.h(348):     <b>\n
..\\Data\\global_lib.h(348):     <label><input type="checkbox" name="9" value="on" /></label></font></b>\n
..\\Data\\global_lib.h(348):     <input type="hidden" name="flightID" value="2061918584-69366-ii"  />\n
..\\Data\\global_lib.h(348):       </TD>\n
..\\Data\\global_lib.h(348):       <TD width="45%" valign="top">\n
..\\Data\\global_lib.h(348):           <b>&nbsp;&nbsp;A Business class ticket for :</b><br/>\n
..\\Data\\global_lib.h(348):           <center><table border="0" width="85%"><tr><td>\n
..\\Data\\global_lib.h(348):           <li><i>ivan5 ivan5\n
..\\Data\\global_lib.h(348):           <li><i></i>\n
..\\Data\\global_lib.h(348):           </td></tr></table></center>\n
..\\Data\\global_lib.h(348):       </TD>\n
..\\Data\\global_lib.h(348):       <TD width="5%" >.<br/>.<br/>.<br/>.</TD>\n
..\\Data\\global_lib.h(348):       <TD width="45%" valign=top><b>Invoice sent to:</b><br/>\n
..\\Data\\global_lib.h(348):           <center>\n
..\\Data\\global_lib.h(348):           <Table width="80%" cellspacing="0" > <tr> <td>\n
..\\Data\\global_lib.h(348):               ivan5 ivan5\n
..\\Data\\global_lib.h(348):     <br/>\n
..\\Data\\global_lib.h(348):               Moscow<br/>\n
..\\Data\\global_lib.h(348):               Moscow<br/>\n
..\\Data\\global_lib.h(348):               <br/>\n
..\\Data\\global_lib.h(348):               Total Charge: $ 1768 <BR/> (CC: x-5567)\n
..\\Data\\global_lib.h(348):           </td> </tr> </table>\n
..\\Data\\global_lib.h(348):           </center>\n
..\\Data\\global_lib.h(348):       </TD>\n
..\\Data\\global_lib.h(348):     </TR>\n
..\\Data\\global_lib.h(348):     <TR bgcolor="#EFF2F7">\n
..\\Data\\global_lib.h(348):       <TD COLSPAN="3">\n
..\\Data\\global_lib.h(348):       <b>Flight Details:</b><BR/>  <center>\n
..\\Data\\global_lib.h(348):       05/31/2021\n
..\\Data\\global_lib.h(348):      :  8am : Flight 180 leaves Frankfurt  for Sydney.<br>  </center>\n
..\\Data\\global_lib.h(348):       </TD>\n
..\\Data\\global_lib.h(348):     </TR>\n
..\\Data\\global_lib.h(348):     \n
..\\Data\\global_lib.h(348):     <TR bgcolor="#EFF2F7">\n
..\\Data\\global_lib.h(348):       <TD COLSPAN="4">\n
..\\Data\\global_lib.h(348):       <hr/>\n
..\\Data\\global_lib.h(348):       </TD>\n
..\\Data\\global_lib.h(348):     </TR>\n
..\\Data\\global_lib.h(348):     \n
..\\Data\\global_lib.h(348):     <!-- Flight #1 -->\n
..\\Data\\global_lib.h(348):     <TR bgcolor="#EFF2F7">\n
..\\Data\\global_lib.h(348):       <TD width="5%" rowspan="2" align="left" valign="top">\n
..\\Data\\global_lib.h(348):     <b>\n
..\\Data\\global_lib.h(348):     <label><input type="checkbox" name="10" value="on" /></label></font></b>\n
..\\Data\\global_lib.h(348):     <input type="hidden" name="flightID" value="2062051895-77012-ii"  />\n
..\\Data\\global_lib.h(348):       </TD>\n
..\\Data\\global_lib.h(348):       <TD width="45%" valign="top">\n
..\\Data\\global_lib.h(348):           <b>&nbsp;&nbsp;A First class ticket for :</b><br/>\n
..\\Data\\global_lib.h(348):           <center><table border="0" width="85%"><tr><td>\n
..\\Data\\global_lib.h(348):           <li><i>ivan5 ivan5\n
..\\Data\\global_lib.h(348):           <li><i></i>\n
..\\Data\\global_lib.h(348):           </td></tr></table></center>\n
..\\Data\\global_lib.h(348):       </TD>\n
..\\Data\\global_lib.h(348):       <TD width="5%" >.<br/>.<br/>.<br/>.</TD>\n
..\\Data\\global_lib.h(348):       <TD width="45%" valign=top><b>Invoice sent to:</b><br/>\n
..\\Data\\global_lib.h(348):           <center>\n
..\\Data\\global_lib.h(348):           <Table width="80%" cellspacing="0" > <tr> <td>\n
..\\Data\\global_lib.h(348):               ivan5 ivan5\n
..\\Data\\global_lib.h(348):     <br/>\n
..\\Data\\global_lib.h(348):               Moscow<br/>\n
..\\Data\\global_lib.h(348):               Moscow<br/>\n
..\\Data\\global_lib.h(348):               <br/>\n
..\\Data\\global_lib.h(348):               Total Charge: $ 1165 <BR/> (CC: x-5567)\n
..\\Data\\global_lib.h(348):           </td> </tr> </table>\n
..\\Data\\global_lib.h(348):           </center>\n
..\\Data\\global_lib.h(348):       </TD>\n
..\\Data\\global_lib.h(348):     </TR>\n
..\\Data\\global_lib.h(348):     <TR bgcolor="#EFF2F7">\n
..\\Data\\global_lib.h(348):       <TD COLSPAN="3">\n
..\\Data\\global_lib.h(348):       <b>Flight Details:</b><BR/>  <center>\n
..\\Data\\global_lib.h(348):       05/31/2021\n
..\\Data\\global_lib.h(348):      :  8am : Flight 540 leaves Portland  for Paris.<br>  </center>\n
..\\Data\\global_lib.h(348):       </TD>\n
..\\Data\\global_lib.h(348):     </TR>\n
..\\Data\\global_lib.h(348):     \n
..\\Data\\global_lib.h(348):     <TR bgcolor="#EFF2F7">\n
..\\Data\\global_lib.h(348):       <TD COLSPAN="4">\n
..\\Data\\global_lib.h(348):       <hr/>\n
..\\Data\\global_lib.h(348):       </TD>\n
..\\Data\\global_lib.h(348):     </TR>\n
..\\Data\\global_lib.h(348):     \n
..\\Data\\global_lib.h(348):     <!-- Flight #1 -->\n
..\\Data\\global_lib.h(348):     <TR bgcolor="#EFF2F7">\n
..\\Data\\global_lib.h(348):       <TD width="5%" rowspan="2" align="left" valign="top">\n
..\\Data\\global_lib.h(348):     <b>\n
..\\Data\\global_lib.h(348):     <label><input type="checkbox" name="11" value="on" /></label></font></b>\n
..\\Data\\global_lib.h(348):     <input type="hidden" name="flightID" value="206218534-8493-ii"  />\n
..\\Data\\global_lib.h(348):       </TD>\n
..\\Data\\global_lib.h(348):       <TD width="45%" valign="top">\n
..\\Data\\global_lib.h(348):           <b>&nbsp;&nbsp;A Coach class ticket for :</b><br/>\n
..\\Data\\global_lib.h(348):           <center><table border="0" width="85%"><tr><td>\n
..\\Data\\global_lib.h(348):           <li><i>ivan5 ivan5\n
..\\Data\\global_lib.h(348):           <li><i></i>\n
..\\Data\\global_lib.h(348):           </td></tr></table></center>\n
..\\Data\\global_lib.h(348):       </TD>\n
..\\Data\\global_lib.h(348):       <TD width="5%" >.<br/>.<br/>.<br/>.</TD>\n
..\\Data\\global_lib.h(348):       <TD width="45%" valign=top><b>Invoice sent to:</b><br/>\n
..\\Data\\global_lib.h(348):           <center>\n
..\\Data\\global_lib.h(348):           <Table width="80%" cellspacing="0" > <tr> <td>\n
..\\Data\\global_lib.h(348):               ivan5 ivan5\n
..\\Data\\global_lib.h(348):     <br/>\n
..\\Data\\global_lib.h(348):               Moscow<br/>\n
..\\Data\\global_lib.h(348):               Moscow<br/>\n
..\\Data\\global_lib.h(348):               <br/>\n
..\\Data\\global_lib.h(348):               Total Charge: $ 421 <BR/> (CC: x-5567)\n
..\\Data\\global_lib.h(348):           </td> </tr> </table>\n
..\\Data\\global_lib.h(348):           </center>\n
..\\Data\\global_lib.h(348):       </TD>\n
..\\Data\\global_lib.h(348):     </TR>\n
..\\Data\\global_lib.h(348):     <TR bgcolor="#EFF2F7">\n
..\\Data\\global_lib.h(348):       <TD COLSPAN="3">\n
..\\Data\\global_lib.h(348):       <b>Flight Details:</b><BR/>  <center>\n
..\\Data\\global_lib.h(348):       05/31/2021\n
..\\Data\\global_lib.h(348):      :  8am : Flight 900 leaves Zurich  for Denver.<br>  </center>\n
..\\Data\\global_lib.h(348):       </TD>\n
..\\Data\\global_lib.h(348):     </TR>\n
..\\Data\\global_lib.h(348):     \n
..\\Data\\global_lib.h(348):     <TR bgcolor="#EFF2F7">\n
..\\Data\\global_lib.h(348):       <TD COLSPAN="4">\n
..\\Data\\global_lib.h(348):       <hr/>\n
..\\Data\\global_lib.h(348):       </TD>\n
..\\Data\\global_lib.h(348):     </TR>\n
..\\Data\\global_lib.h(348):     \n
..\\Data\\global_lib.h(348):     <!-- Flight #1 -->\n
..\\Data\\global_lib.h(348):     <TR bgcolor="#EFF2F7">\n
..\\Data\\global_lib.h(348):       <TD width="5%" rowspan="2" align="left" valign="top">\n
..\\Data\\global_lib.h(348):     <b>\n
..\\Data\\global_lib.h(348):     <label><input type="checkbox" name="12" value="on" /></label></font></b>\n
..\\Data\\global_lib.h(348):     <input type="hidden" name="flightID" value="206211882-9293-ii"  />\n
..\\Data\\global_lib.h(348):       </TD>\n
..\\Data\\global_lib.h(348):       <TD width="45%" valign="top">\n
..\\Data\\global_lib.h(348):           <b>&nbsp;&nbsp;A Business class ticket for :</b><br/>\n
..\\Data\\global_lib.h(348):           <center><table border="0" width="85%"><tr><td>\n
..\\Data\\global_lib.h(348):           <li><i>ivan5 ivan5\n
..\\Data\\global_lib.h(348):           <li><i></i>\n
..\\Data\\global_lib.h(348):           </td></tr></table></center>\n
..\\Data\\global_lib.h(348):       </TD>\n
..\\Data\\global_lib.h(348):       <TD width="5%" >.<br/>.<br/>.<br/>.</TD>\n
..\\Data\\global_lib.h(348):       <TD width="45%" valign=top><b>Invoice sent to:</b><br/>\n
..\\Data\\global_lib.h(348):           <center>\n
..\\Data\\global_lib.h(348):           <Table width="80%" cellspacing="0" > <tr> <td>\n
..\\Data\\global_lib.h(348):               ivan5 ivan5\n
..\\Data\\global_lib.h(348):     <br/>\n
..\\Data\\global_lib.h(348):               Moscow<br/>\n
..\\Data\\global_lib.h(348):               Moscow<br/>\n
..\\Data\\global_lib.h(348):               <br/>\n
..\\Data\\global_lib.h(348):               Total Charge: $ 819 <BR/> (CC: x-5567)\n
..\\Data\\global_lib.h(348):           </td> </tr> </table>\n
..\\Data\\global_lib.h(348):           </center>\n
..\\Data\\global_lib.h(348):       </TD>\n
..\\Data\\global_lib.h(348):     </TR>\n
..\\Data\\global_lib.h(348):     <TR bgcolor="#EFF2F7">\n
..\\Data\\global_lib.h(348):       <TD COLSPAN="3">\n
..\\Data\\global_lib.h(348):       <b>Flight Details:</b><BR/>  <center>\n
..\\Data\\global_lib.h(348):       05/31/2021\n
..\\Data\\global_lib.h(348):      :  8am : Flight 720 leaves Seattle  for London.<br>  </center>\n
..\\Data\\global_lib.h(348):       </TD>\n
..\\Data\\global_lib.h(348):     </TR>\n
..\\Data\\global_lib.h(348):     \n
..\\Data\\global_lib.h(348):     <TR bgcolor="#EFF2F7">\n
..\\Data\\global_lib.h(348):       <TD COLSPAN="4">\n
..\\Data\\global_lib.h(348):       <hr/>\n
..\\Data\\global_lib.h(348):       </TD>\n
..\\Data\\global_lib.h(348):     </TR>\n
..\\Data\\global_lib.h(348):     \n
..\\Data\\global_lib.h(348):     <!-- Flight #1 -->\n
..\\Data\\global_lib.h(348):     <TR bgcolor="#EFF2F7">\n
..\\Data\\global_lib.h(348):       <TD width="5%" rowspan="2" align="left" valign="top">\n
..\\Data\\global_lib.h(348):     <b>\n
..\\Data\\global_lib.h(348):     <label><input type="checkbox" name="13" value="on" /></label></font></b>\n
..\\Data\\global_lib.h(348):     <input type="hidden" name="flightID" value="20620855-1006-ii"  />\n
..\\Data\\global_lib.h(348):       </TD>\n
..\\Data\\global_lib.h(348):       <TD width="45%" valign="top">\n
..\\Data\\global_lib.h(348):           <b>&nbsp;&nbsp;A Business class ticket for :</b><br/>\n
..\\Data\\global_lib.h(348):           <center><table border="0" width="85%"><tr><td>\n
..\\Data\\global_lib.h(348):           <li><i>ivan5 ivan5\n
..\\Data\\global_lib.h(348):           <li><i></i>\n
..\\Data\\global_lib.h(348):           </td></tr></table></center>\n
..\\Data\\global_lib.h(348):       </TD>\n
..\\Data\\global_lib.h(348):       <TD width="5%" >.<br/>.<br/>.<br/>.</TD>\n
..\\Data\\global_lib.h(348):       <TD width="45%" valign=top><b>Invoice sent to:</b><br/>\n
..\\Data\\global_lib.h(348):           <center>\n
..\\Data\\global_lib.h(348):           <Table width="80%" cellspacing="0" > <tr> <td>\n
..\\Data\\global_lib.h(348):               ivan5 ivan5\n
..\\Data\\global_lib.h(348):     <br/>\n
..\\Data\\global_lib.h(348):               Moscow<br/>\n
..\\Data\\global_lib.h(348):               Moscow<br/>\n
..\\Data\\global_lib.h(348):               <br/>\n
..\\Data\\global_lib.h(348):               Total Charge: $ 87 <BR/> (CC: x-5567)\n
..\\Data\\global_lib.h(348):           </td> </tr> </table>\n
..\\Data\\global_lib.h(348):           </center>\n
..\\Data\\global_lib.h(348):       </TD>\n
..\\Data\\global_lib.h(348):     </TR>\n
..\\Data\\global_lib.h(348):     <TR bgcolor="#EFF2F7">\n
..\\Data\\global_lib.h(348):       <TD COLSPAN="3">\n
..\\Data\\global_lib.h(348):       <b>Flight Details:</b><BR/>  <center>\n
..\\Data\\global_lib.h(348):       05/31/2021\n
..\\Data\\global_lib.h(348):      :  8am : Flight 630 leaves San Francisco  for Los Angeles.<br>  </center>\n
..\\Data\\global_lib.h(348):       </TD>\n
..\\Data\\global_lib.h(348):     </TR>\n
..\\Data\\global_lib.h(348):     \n
..\\Data\\global_lib.h(348):     <TR bgcolor="#EFF2F7">\n
..\\Data\\global_lib.h(348):       <TD COLSPAN="4">\n
..\\Data\\global_lib.h(348):       <hr/>\n
..\\Data\\global_lib.h(348):       </TD>\n
..\\Data\\global_lib.h(348):     </TR>\n
..\\Data\\global_lib.h(348):     \n
..\\Data\\global_lib.h(348):     <!-- Flight #1 -->\n
..\\Data\\global_lib.h(348):     <TR bgcolor="#EFF2F7">\n
..\\Data\\global_lib.h(348):       <TD width="5%" rowspan="2" align="left" valign="top">\n
..\\Data\\global_lib.h(348):     <b>\n
..\\Data\\global_lib.h(348):     <label><input type="checkbox" name="14" value="on" /></label></font></b>\n
..\\Data\\global_lib.h(348):     <input type="hidden" name="flightID" value="206205218-10838-ii"  />\n
..\\Data\\global_lib.h(348):       </TD>\n
..\\Data\\global_lib.h(348):       <TD width="45%" valign="top">\n
..\\Data\\global_lib.h(348):           <b>&nbsp;&nbsp;A Business class ticket for :</b><br/>\n
..\\Data\\global_lib.h(348):           <center><table border="0" width="85%"><tr><td>\n
..\\Data\\global_lib.h(348):           <li><i>ivan5 ivan5\n
..\\Data\\global_lib.h(348):           <li><i></i>\n
..\\Data\\global_lib.h(348):           </td></tr></table></center>\n
..\\Data\\global_lib.h(348):       </TD>\n
..\\Data\\global_lib.h(348):       <TD width="5%" >.<br/>.<br/>.<br/>.</TD>\n
..\\Data\\global_lib.h(348):       <TD width="45%" valign=top><b>Invoice sent to:</b><br/>\n
..\\Data\\global_lib.h(348):           <center>\n
..\\Data\\global_lib.h(348):           <Table width="80%" cellspacing="0" > <tr> <td>\n
..\\Data\\global_lib.h(348):               ivan5 ivan5\n
..\\Data\\global_lib.h(348):     <br/>\n
..\\Data\\global_lib.h(348):               Moscow<br/>\n
..\\Data\\global_lib.h(348):               Moscow<br/>\n
..\\Data\\global_lib.h(348):               <br/>\n
..\\Data\\global_lib.h(348):               Total Charge: $ 901 <BR/> (CC: x-5567)\n
..\\Data\\global_lib.h(348):           </td> </tr> </table>\n
..\\Data\\global_lib.h(348):           </center>\n
..\\Data\\global_lib.h(348):       </TD>\n
..\\Data\\global_lib.h(348):     </TR>\n
..\\Data\\global_lib.h(348):     <TR bgcolor="#EFF2F7">\n
..\\Data\\global_lib.h(348):       <TD COLSPAN="3">\n
..\\Data\\global_lib.h(348):       <b>Flight Details:</b><BR/>  <center>\n
..\\Data\\global_lib.h(348):       05/31/2021\n
..\\Data\\global_lib.h(348):      :  8am : Flight 540 leaves Portland  for Paris.<br>  </center>\n
..\\Data\\global_lib.h(348):       </TD>\n
..\\Data\\global_lib.h(348):     </TR>\n
..\\Data\\global_lib.h(348):     \n
..\\Data\\global_lib.h(348):     <TR bgcolor="#EFF2F7">\n
..\\Data\\global_lib.h(348):       <TD COLSPAN="4">\n
..\\Data\\global_lib.h(348):       <hr/>\n
..\\Data\\global_lib.h(348):       </TD>\n
..\\Data\\global_lib.h(348):     </TR>\n
..\\Data\\global_lib.h(348):     \n
..\\Data\\global_lib.h(348):     <!-- Flight #1 -->\n
..\\Data\\global_lib.h(348):     <TR bgcolor="#EFF2F7">\n
..\\Data\\global_lib.h(348):       <TD width="5%" rowspan="2" align="l
..\\Data\\global_lib.h(348): t=163758ms: 8-byte chunked response overhead for "http://localhost:1080/cgi-bin/itinerary.pl" (RelFrameId=1.2, Internal ID=112)
..\\Data\\global_lib.h(348):     \r\n
..\\Data\\global_lib.h(348):     1000\r\n
..\\Data\\global_lib.h(348): t=163758ms: 8-byte chunked response overhead for "http://localhost:1080/cgi-bin/itinerary.pl" (RelFrameId=1.2, Internal ID=112)
..\\Data\\global_lib.h(348):     \r\n
..\\Data\\global_lib.h(348):     1000\r\n
..\\Data\\global_lib.h(348): t=163759ms: 7-byte chunked response overhead for "http://localhost:1080/cgi-bin/itinerary.pl" (RelFrameId=1.2, Internal ID=112)
..\\Data\\global_lib.h(348):     \r\n
..\\Data\\global_lib.h(348):     7ff\r\n
..\\Data\\global_lib.h(348): t=163759ms: 7-byte chunked response overhead for "http://localhost:1080/cgi-bin/itinerary.pl" (RelFrameId=1.2, Internal ID=112)
..\\Data\\global_lib.h(348):     \r\n
..\\Data\\global_lib.h(348):     0\r\n
..\\Data\\global_lib.h(348):     \r\n
..\\Data\\global_lib.h(348): t=163759ms: 10262-byte chunked response body for "http://localhost:1080/cgi-bin/itinerary.pl" (RelFrameId=1.2, Internal ID=112)
..\\Data\\global_lib.h(348):     eft" valign="top">\n
..\\Data\\global_lib.h(348):     <b>\n
..\\Data\\global_lib.h(348):     <label><input type="checkbox" name="15" value="on" /></label></font></b>\n
..\\Data\\global_lib.h(348):     <input type="hidden" name="flightID" value="206218541-11585-ii"  />\n
..\\Data\\global_lib.h(348):       </TD>\n
..\\Data\\global_lib.h(348):       <TD width="45%" valign="top">\n
..\\Data\\global_lib.h(348):           <b>&nbsp;&nbsp;A Business class ticket for :</b><br/>\n
..\\Data\\global_lib.h(348):           <center><table border="0" width="85%"><tr><td>\n
..\\Data\\global_lib.h(348):           <li><i>ivan5 ivan5\n
..\\Data\\global_lib.h(348):           <li><i></i>\n
..\\Data\\global_lib.h(348):           </td></tr></table></center>\n
..\\Data\\global_lib.h(348):       </TD>\n
..\\Data\\global_lib.h(348):       <TD width="5%" >.<br/>.<br/>.<br/>.</TD>\n
..\\Data\\global_lib.h(348):       <TD width="45%" valign=top><b>Invoice sent to:</b><br/>\n
..\\Data\\global_lib.h(348):           <center>\n
..\\Data\\global_lib.h(348):           <Table width="80%" cellspacing="0" > <tr> <td>\n
..\\Data\\global_lib.h(348):               ivan5 ivan5\n
..\\Data\\global_lib.h(348):     <br/>\n
..\\Data\\global_lib.h(348):               Moscow<br/>\n
..\\Data\\global_lib.h(348):               Moscow<br/>\n
..\\Data\\global_lib.h(348):               <br/>\n
..\\Data\\global_lib.h(348):               Total Charge: $ 610 <BR/> (CC: x-5567)\n
..\\Data\\global_lib.h(348):           </td> </tr> </table>\n
..\\Data\\global_lib.h(348):           </center>\n
..\\Data\\global_lib.h(348):       </TD>\n
..\\Data\\global_lib.h(348):     </TR>\n
..\\Data\\global_lib.h(348):     <TR bgcolor="#EFF2F7">\n
..\\Data\\global_lib.h(348):       <TD COLSPAN="3">\n
..\\Data\\global_lib.h(348):       <b>Flight Details:</b><BR/>  <center>\n
..\\Data\\global_lib.h(348):       05/31/2021\n
..\\Data\\global_lib.h(348):      :  8am : Flight 900 leaves Zurich  for Denver.<br>  </center>\n
..\\Data\\global_lib.h(348):       </TD>\n
..\\Data\\global_lib.h(348):     </TR>\n
..\\Data\\global_lib.h(348):     \n
..\\Data\\global_lib.h(348):     <TR bgcolor="#EFF2F7">\n
..\\Data\\global_lib.h(348):       <TD COLSPAN="4">\n
..\\Data\\global_lib.h(348):       <hr/>\n
..\\Data\\global_lib.h(348):       </TD>\n
..\\Data\\global_lib.h(348):     </TR>\n
..\\Data\\global_lib.h(348):     \n
..\\Data\\global_lib.h(348):     <!-- Flight #1 -->\n
..\\Data\\global_lib.h(348):     <TR bgcolor="#EFF2F7">\n
..\\Data\\global_lib.h(348):       <TD width="5%" rowspan="2" align="left" valign="top">\n
..\\Data\\global_lib.h(348):     <b>\n
..\\Data\\global_lib.h(348):     <label><input type="checkbox" name="16" value="on" /></label></font></b>\n
..\\Data\\global_lib.h(348):     <input type="hidden" name="flightID" value="20619854-1235-ii"  />\n
..\\Data\\global_lib.h(348):       </TD>\n
..\\Data\\global_lib.h(348):       <TD width="45%" valign="top">\n
..\\Data\\global_lib.h(348):           <b>&nbsp;&nbsp;A Coach class ticket for :</b><br/>\n
..\\Data\\global_lib.h(348):           <center><table border="0" width="85%"><tr><td>\n
..\\Data\\global_lib.h(348):           <li><i>ivan5 ivan5\n
..\\Data\\global_lib.h(348):           <li><i></i>\n
..\\Data\\global_lib.h(348):           </td></tr></table></center>\n
..\\Data\\global_lib.h(348):       </TD>\n
..\\Data\\global_lib.h(348):       <TD width="5%" >.<br/>.<br/>.<br/>.</TD>\n
..\\Data\\global_lib.h(348):       <TD width="45%" valign=top><b>Invoice sent to:</b><br/>\n
..\\Data\\global_lib.h(348):           <center>\n
..\\Data\\global_lib.h(348):           <Table width="80%" cellspacing="0" > <tr> <td>\n
..\\Data\\global_lib.h(348):               ivan5 ivan5\n
..\\Data\\global_lib.h(348):     <br/>\n
..\\Data\\global_lib.h(348):               Moscow<br/>\n
..\\Data\\global_lib.h(348):               Moscow<br/>\n
..\\Data\\global_lib.h(348):               <br/>\n
..\\Data\\global_lib.h(348):               Total Charge: $ 60 <BR/> (CC: x-5567)\n
..\\Data\\global_lib.h(348):           </td> </tr> </table>\n
..\\Data\\global_lib.h(348):           </center>\n
..\\Data\\global_lib.h(348):       </TD>\n
..\\Data\\global_lib.h(348):     </TR>\n
..\\Data\\global_lib.h(348):     <TR bgcolor="#EFF2F7">\n
..\\Data\\global_lib.h(348):       <TD COLSPAN="3">\n
..\\Data\\global_lib.h(348):       <b>Flight Details:</b><BR/>  <center>\n
..\\Data\\global_lib.h(348):       05/31/2021\n
..\\Data\\global_lib.h(348):      :  8am : Flight 360 leaves Los Angeles  for San Francisco.<br>  </center>\n
..\\Data\\global_lib.h(348):       </TD>\n
..\\Data\\global_lib.h(348):     </TR>\n
..\\Data\\global_lib.h(348):     \n
..\\Data\\global_lib.h(348):     <TR bgcolor="#EFF2F7">\n
..\\Data\\global_lib.h(348):       <TD COLSPAN="4">\n
..\\Data\\global_lib.h(348):       <hr/>\n
..\\Data\\global_lib.h(348):       </TD>\n
..\\Data\\global_lib.h(348):     </TR>\n
..\\Data\\global_lib.h(348):     \n
..\\Data\\global_lib.h(348):     <!-- Flight #1 -->\n
..\\Data\\global_lib.h(348):     <TR bgcolor="#EFF2F7">\n
..\\Data\\global_lib.h(348):       <TD width="5%" rowspan="2" align="left" valign="top">\n
..\\Data\\global_lib.h(348):     <b>\n
..\\Data\\global_lib.h(348):     <label><input type="checkbox" name="17" value="on" /></label></font></b>\n
..\\Data\\global_lib.h(348):     <input type="hidden" name="flightID" value="206211882-13139-ii"  />\n
..\\Data\\global_lib.h(348):       </TD>\n
..\\Data\\global_lib.h(348):       <TD width="45%" valign="top">\n
..\\Data\\global_lib.h(348):           <b>&nbsp;&nbsp;A Business class ticket for :</b><br/>\n
..\\Data\\global_lib.h(348):           <center><table border="0" width="85%"><tr><td>\n
..\\Data\\global_lib.h(348):           <li><i>ivan5 ivan5\n
..\\Data\\global_lib.h(348):           <li><i></i>\n
..\\Data\\global_lib.h(348):           </td></tr></table></center>\n
..\\Data\\global_lib.h(348):       </TD>\n
..\\Data\\global_lib.h(348):       <TD width="5%" >.<br/>.<br/>.<br/>.</TD>\n
..\\Data\\global_lib.h(348):       <TD width="45%" valign=top><b>Invoice sent to:</b><br/>\n
..\\Data\\global_lib.h(348):           <center>\n
..\\Data\\global_lib.h(348):           <Table width="80%" cellspacing="0" > <tr> <td>\n
..\\Data\\global_lib.h(348):               ivan5 ivan5\n
..\\Data\\global_lib.h(348):     <br/>\n
..\\Data\\global_lib.h(348):               Moscow<br/>\n
..\\Data\\global_lib.h(348):               Moscow<br/>\n
..\\Data\\global_lib.h(348):               <br/>\n
..\\Data\\global_lib.h(348):               Total Charge: $ 819 <BR/> (CC: x-5567)\n
..\\Data\\global_lib.h(348):           </td> </tr> </table>\n
..\\Data\\global_lib.h(348):           </center>\n
..\\Data\\global_lib.h(348):       </TD>\n
..\\Data\\global_lib.h(348):     </TR>\n
..\\Data\\global_lib.h(348):     <TR bgcolor="#EFF2F7">\n
..\\Data\\global_lib.h(348):       <TD COLSPAN="3">\n
..\\Data\\global_lib.h(348):       <b>Flight Details:</b><BR/>  <center>\n
..\\Data\\global_lib.h(348):       05/31/2021\n
..\\Data\\global_lib.h(348):      :  8am : Flight 720 leaves Seattle  for London.<br>  </center>\n
..\\Data\\global_lib.h(348):       </TD>\n
..\\Data\\global_lib.h(348):     </TR>\n
..\\Data\\global_lib.h(348):     \n
..\\Data\\global_lib.h(348):     <TR bgcolor="#EFF2F7">\n
..\\Data\\global_lib.h(348):       <TD COLSPAN="4">\n
..\\Data\\global_lib.h(348):       <hr/>\n
..\\Data\\global_lib.h(348):       </TD>\n
..\\Data\\global_lib.h(348):     </TR>\n
..\\Data\\global_lib.h(348):     \n
..\\Data\\global_lib.h(348):     <!-- Flight #1 -->\n
..\\Data\\global_lib.h(348):     <TR bgcolor="#EFF2F7">\n
..\\Data\\global_lib.h(348):       <TD width="5%" rowspan="2" align="left" valign="top">\n
..\\Data\\global_lib.h(348):     <b>\n
..\\Data\\global_lib.h(348):     <label><input type="checkbox" name="18" value="on" /></label></font></b>\n
..\\Data\\global_lib.h(348):     <input type="hidden" name="flightID" value="2062151936-138637-ii"  />\n
..\\Data\\global_lib.h(348):       </TD>\n
..\\Data\\global_lib.h(348):       <TD width="45%" valign="top">\n
..\\Data\\global_lib.h(348):           <b>&nbsp;&nbsp;A First class ticket for :</b><br/>\n
..\\Data\\global_lib.h(348):           <center><table border="0" width="85%"><tr><td>\n
..\\Data\\global_lib.h(348):           <li><i>ivan5 ivan5\n
..\\Data\\global_lib.h(348):           <li><i></i>\n
..\\Data\\global_lib.h(348):           </td></tr></table></center>\n
..\\Data\\global_lib.h(348):       </TD>\n
..\\Data\\global_lib.h(348):       <TD width="5%" >.<br/>.<br/>.<br/>.</TD>\n
..\\Data\\global_lib.h(348):       <TD width="45%" valign=top><b>Invoice sent to:</b><br/>\n
..\\Data\\global_lib.h(348):           <center>\n
..\\Data\\global_lib.h(348):           <Table width="80%" cellspacing="0" > <tr> <td>\n
..\\Data\\global_lib.h(348):               ivan5 ivan5\n
..\\Data\\global_lib.h(348):     <br/>\n
..\\Data\\global_lib.h(348):               Moscow<br/>\n
..\\Data\\global_lib.h(348):               Moscow<br/>\n
..\\Data\\global_lib.h(348):               <br/>\n
..\\Data\\global_lib.h(348):               Total Charge: $ 2287 <BR/> (CC: x-5567)\n
..\\Data\\global_lib.h(348):           </td> </tr> </table>\n
..\\Data\\global_lib.h(348):           </center>\n
..\\Data\\global_lib.h(348):       </TD>\n
..\\Data\\global_lib.h(348):     </TR>\n
..\\Data\\global_lib.h(348):     <TR bgcolor="#EFF2F7">\n
..\\Data\\global_lib.h(348):       <TD COLSPAN="3">\n
..\\Data\\global_lib.h(348):       <b>Flight Details:</b><BR/>  <center>\n
..\\Data\\global_lib.h(348):       05/31/2021\n
..\\Data\\global_lib.h(348):      :  8am : Flight 810 leaves Sydney  for Frankfurt.<br>  </center>\n
..\\Data\\global_lib.h(348):       </TD>\n
..\\Data\\global_lib.h(348):     </TR>\n
..\\Data\\global_lib.h(348):     \n
..\\Data\\global_lib.h(348):     <TR bgcolor="#EFF2F7">\n
..\\Data\\global_lib.h(348):       <TD COLSPAN="4">\n
..\\Data\\global_lib.h(348):       <hr/>\n
..\\Data\\global_lib.h(348):       </TD>\n
..\\Data\\global_lib.h(348):     </TR>\n
..\\Data\\global_lib.h(348):     \n
..\\Data\\global_lib.h(348):     <!-- Flight #1 -->\n
..\\Data\\global_lib.h(348):     <TR bgcolor="#EFF2F7">\n
..\\Data\\global_lib.h(348):       <TD width="5%" rowspan="2" align="left" valign="top">\n
..\\Data\\global_lib.h(348):     <b>\n
..\\Data\\global_lib.h(348):     <label><input type="checkbox" name="19" value="on" /></label></font></b>\n
..\\Data\\global_lib.h(348):     <input type="hidden" name="flightID" value="206198522-14624-ii"  />\n
..\\Data\\global_lib.h(348):       </TD>\n
..\\Data\\global_lib.h(348):       <TD width="45%" valign="top">\n
..\\Data\\global_lib.h(348):           <b>&nbsp;&nbsp;A First class ticket for :</b><br/>\n
..\\Data\\global_lib.h(348):           <center><table border="0" width="85%"><tr><td>\n
..\\Data\\global_lib.h(348):           <li><i>ivan5 ivan5\n
..\\Data\\global_lib.h(348):           <li><i></i>\n
..\\Data\\global_lib.h(348):           </td></tr></table></center>\n
..\\Data\\global_lib.h(348):       </TD>\n
..\\Data\\global_lib.h(348):       <TD width="5%" >.<br/>.<br/>.<br/>.</TD>\n
..\\Data\\global_lib.h(348):       <TD width="45%" valign=top><b>Invoice sent to:</b><br/>\n
..\\Data\\global_lib.h(348):           <center>\n
..\\Data\\global_lib.h(348):           <Table width="80%" cellspacing="0" > <tr> <td>\n
..\\Data\\global_lib.h(348):               ivan5 ivan5\n
..\\Data\\global_lib.h(348):     <br/>\n
..\\Data\\global_lib.h(348):               Moscow<br/>\n
..\\Data\\global_lib.h(348):               Moscow<br/>\n
..\\Data\\global_lib.h(348):               <br/>\n
..\\Data\\global_lib.h(348):               Total Charge: $ 113 <BR/> (CC: x-5567)\n
..\\Data\\global_lib.h(348):           </td> </tr> </table>\n
..\\Data\\global_lib.h(348):           </center>\n
..\\Data\\global_lib.h(348):       </TD>\n
..\\Data\\global_lib.h(348):     </TR>\n
..\\Data\\global_lib.h(348):     <TR bgcolor="#EFF2F7">\n
..\\Data\\global_lib.h(348):       <TD COLSPAN="3">\n
..\\Data\\global_lib.h(348):       <b>Flight Details:</b><BR/>  <center>\n
..\\Data\\global_lib.h(348):       05/31/2021\n
..\\Data\\global_lib.h(348):      :  8am : Flight 360 leaves Los Angeles  for San Francisco.<br>  </center>\n
..\\Data\\global_lib.h(348):       </TD>\n
..\\Data\\global_lib.h(348):     </TR>\n
..\\Data\\global_lib.h(348):     \n
..\\Data\\global_lib.h(348):     <TR bgcolor="#EFF2F7">\n
..\\Data\\global_lib.h(348):       <TD COLSPAN="4">\n
..\\Data\\global_lib.h(348):       <hr/>\n
..\\Data\\global_lib.h(348):       </TD>\n
..\\Data\\global_lib.h(348):     </TR>\n
..\\Data\\global_lib.h(348):     \n
..\\Data\\global_lib.h(348):     <!-- Flight #1 -->\n
..\\Data\\global_lib.h(348):     <TR bgcolor="#EFF2F7">\n
..\\Data\\global_lib.h(348):       <TD width="5%" rowspan="2" align="left" valign="top">\n
..\\Data\\global_lib.h(348):     <b>\n
..\\Data\\global_lib.h(348):     <label><input type="checkbox" name="20" value="on" /></label></font></b>\n
..\\Data\\global_lib.h(348):     <input type="hidden" name="flightID" value="206205218-15453-ii"  />\n
..\\Data\\global_lib.h(348):       </TD>\n
..\\Data\\global_lib.h(348):       <TD width="45%" valign="top">\n
..\\Data\\global_lib.h(348):           <b>&nbsp;&nbsp;A Business class ticket for :</b><br/>\n
..\\Data\\global_lib.h(348):           <center><table border="0" width="85%"><tr><td>\n
..\\Data\\global_lib.h(348):           <li><i>ivan5 ivan5\n
..\\Data\\global_lib.h(348):           <li><i></i>\n
..\\Data\\global_lib.h(348):           </td></tr></table></center>\n
..\\Data\\global_lib.h(348):       </TD>\n
..\\Data\\global_lib.h(348):       <TD width="5%" >.<br/>.<br/>.<br/>.</TD>\n
..\\Data\\global_lib.h(348):       <TD width="45%" valign=top><b>Invoice sent to:</b><br/>\n
..\\Data\\global_lib.h(348):           <center>\n
..\\Data\\global_lib.h(348):           <Table width="80%" cellspacing="0" > <tr> <td>\n
..\\Data\\global_lib.h(348):               ivan5 ivan5\n
..\\Data\\global_lib.h(348):     <br/>\n
..\\Data\\global_lib.h(348):               Moscow<br/>\n
..\\Data\\global_lib.h(348):               Moscow<br/>\n
..\\Data\\global_lib.h(348):               <br/>\n
..\\Data\\global_lib.h(348):               Total Charge: $ 901 <BR/> (CC: x-5567)\n
..\\Data\\global_lib.h(348):           </td> </tr> </table>\n
..\\Data\\global_lib.h(348):           </center>\n
..\\Data\\global_lib.h(348):       </TD>\n
..\\Data\\global_lib.h(348):     </TR>\n
..\\Data\\global_lib.h(348):     <TR bgcolor="#EFF2F7">\n
..\\Data\\global_lib.h(348):       <TD COLSPAN="3">\n
..\\Data\\global_lib.h(348):       <b>Flight Details:</b><BR/>  <center>\n
..\\Data\\global_lib.h(348):       05/31/2021\n
..\\Data\\global_lib.h(348):      :  8am : Flight 540 leaves Portland  for Paris.<br>  </center>\n
..\\Data\\global_lib.h(348):       </TD>\n
..\\Data\\global_lib.h(348):     </TR>\n
..\\Data\\global_lib.h(348):     \n
..\\Data\\global_lib.h(348):     <TR bgcolor="#EFF2F7">\n
..\\Data\\global_lib.h(348):       <TD COLSPAN="4">\n
..\\Data\\global_lib.h(348):       <hr/>\n
..\\Data\\global_lib.h(348):       </TD>\n
..\\Data\\global_lib.h(348):     </TR>\n
..\\Data\\global_lib.h(348):     \n
..\\Data\\global_lib.h(348):     <!-- Flight #1 -->\n
..\\Data\\global_lib.h(348):     <TR bgcolor="#EFF2F7">\n
..\\Data\\global_lib.h(348):       <TD width="5%" rowspan="2" align="left" valign="top">\n
..\\Data\\global_lib.h(348):     <b>\n
..\\Data\\global_lib.h(348):     <label><input type="checkbox" name="21" value="on" /></label></font></b>\n
..\\Data\\global_lib.h(348):     <input type="hidden" name="flightID" value="206208522-16162-ii"  />\n
..\\Data\\global_lib.h(348):       </TD>\n
..\\Data\\global_lib.h(348):       <TD width="45%" valign="top">\n
..\\Data\\global_lib.h(348):           <b>&nbsp;&nbsp;A First class ticket for :</b><br/>\n
..\\Data\\global_lib.h(348):           <center><table border="0" width="85%"><tr><td>\n
..\\Data\\global_lib.h(348):           <li><i>ivan5 ivan5\n
..\\Data\\global_lib.h(348):           <li><i></i>\n
..\\Data\\global_lib.h(348):           </td></tr></table></center>\n
..\\Data\\global_lib.h(348):       </TD>\n
..\\Data\\global_lib.h(348):       <TD width="5%" >.<br/>.<br/>.<br/>.</TD>\n
..\\Data\\global_lib.h(348):       <TD width="45%" valign=top><b>Invoice sent to:</b><br/>\n
..\\Data\\global_lib.h(348):           <center>\n
..\\Data\\global_lib.h(348):           <Table width="80%" cellspacing="0" > <tr> <td>\n
..\\Data\\global_lib.h(348):               ivan5 ivan5\n
..\\Data\\global_lib.h(348):     <br/>\n
..\\Data\\global_lib.h(348):               Moscow<br/>\n
..\\Data\\global_lib.h(348):               Moscow<br/>\n
..\\Data\\global_lib.h(348):               <br/>\n
..\\Data\\global_lib.h(348):               Total Charge: $ 113 <BR/> (CC: x-5567)\n
..\\Data\\global_lib.h(348):           </td> </tr> </table>\n
..\\Data\\global_lib.h(348):           </center>\n
..\\Data\\global_lib.h(348):       </TD>\n
..\\Data\\global_lib.h(348):     </TR>\n
..\\Data\\global_lib.h(348):     <TR bgcolor="#EFF2F7">\n
..\\Data\\global_lib.h(348):       <TD COLSPAN="3">\n
..\\Data\\global_lib.h(348):       <b>Flight Details:</b><BR/>  <center>\n
..\\Data\\global_lib.h(348):       05/31/2021\n
..\\Data\\global_lib.h(348):      :  8am : Flight 630 leaves San Francisco  for Los Angeles.<br>  </center>\n
..\\Data\\global_lib.h(348):       </TD>\n
..\\Data\\global_lib.h(348):     </TR>\n
..\\Data\\global_lib.h(348):     \n
..\\Data\\global_lib.h(348):     <TR bgcolor="#EFF2F7">\n
..\\Data\\global_lib.h(348):       <TD COLSPAN="4">\n
..\\Data\\global_lib.h(348):       <hr/>\n
..\\Data\\global_lib.h(348):       </TD>\n
..\\Data\\global_lib.h(348):     </TR>\n
..\\Data\\global_lib.h(348):     \n
..\\Data\\global_lib.h(348):     <!-- Flight #1 -->\n
..\\Data\\global_lib.h(348):     <TR bgcolor="#EFF2F7">\n
..\\Data\\global_lib.h(348):       <TD width="5%" rowspan="2" align="left" valign="top">\n
..\\Data\\global_lib.h(348):     <b>\n
..\\Data\\global_lib.h(348):     <label><input type="checkbox" name="22" value="on" /></label></font></b>\n
..\\Data\\global_lib.h(348):     <input type="hidden" name="flightID" value="206218547-16983-ii"  />\n
..\\Data\\global_lib.h(348):       </TD>\n
..\\Data\\global_lib.h(348):       <TD width="45%" valign="top">\n
..\\Data\\global_lib.h(348):           <b>&nbsp;&nbsp;A First class ticket for :</b><br/>\n
..\\Data\\global_lib.h(348):           <center><table border="0" width="85%"><tr><td>\n
..\\Data\\global_lib.h(348):           <li><i>ivan5 ivan5\n
..\\Data\\global_lib.h(348):           <li><i></i>\n
..\\Data\\global_lib.h(348):           </td></tr></table></center>\n
..\\Data\\global_lib.h(348):       </TD>\n
..\\Data\\global_lib.h(348):       <TD width="5%" >.<br/>.<br/>.<br/>.</TD>\n
..\\Data\\global_lib.h(348):       <TD width="45%" valign=top><b>Invoice sent to:</b><br/>\n
..\\Data\\global_lib.h(348):           <center>\n
..\\Data\\global_lib.h(348):           <Table width="80%" cellspacing="0" > <tr> <td>\n
..\\Data\\global_lib.h(348):               ivan5 ivan5\n
..\\Data\\global_lib.h(348):     <br/>\n
..\\Data\\global_lib.h(348):               Moscow<br/>\n
..\\Data\\global_lib.h(348):               Moscow<br/>\n
..\\Data\\global_lib.h(348):               <br/>\n
..\\Data\\global_lib.h(348):               Total Charge: $ 789 <BR/> (CC: x-5567)\n
..\\Data\\global_lib.h(348):           </td> </tr> </table>\n
..\\Data\\global_lib.h(348):           </center>\n
..\\Data\\global_lib.h(348):       </TD>\n
..\\Data\\global_lib.h(348):     </TR>\n
..\\Data\\global_lib.h(348):     <TR bgcolor="#EFF2F7">\n
..\\Data\\global_lib.h(348):       <TD COLSPAN="3">\n
..\\Data\\global_lib.h(348):       <b>Flight Details:</b><BR/>  <center>\n
..\\Data\\global_lib.h(348):       05/31/2021\n
..\\Data\\global_lib.h(348):      :  8am : Flight 900 leaves Zurich  for Denver.<br>  </center>\n
..\\Data\\global_lib.h(348):       </TD>\n
..\\Data\\global_lib.h(348):     </TR>\n
..\\Data\\global_lib.h(348):     \n
..\\Data\\global_lib.h(348):     <TR bgcolor="#EFF2F7">\n
..\\Data\\global_lib.h(348):       <TD COLSPAN="4">\n
..\\Data\\global_lib.h(348):       <hr/>\n
..\\Data\\global_lib.h(348):       </TD>\n
..\\Data\\global_lib.h(348):     </TR>\n
..\\Data\\global_lib.h(348):     <TR>\n
..\\Data\\global_lib.h(348):        <TD align="center" COLSPAN="4">\n
..\\Data\\global_lib.h(348):        <b>A total of 22 scheduled flights.</font></b>\n
..\\Data\\global_lib.h(348):        </TD>\n
..\\Data\\global_lib.h(348):     </TR>\n
..\\Data\\global_lib.h(348):     </TABLE>\n
..\\Data\\global_lib.h(348):     \n
..\\Data\\global_lib.h(348):     <TABLE WIDTH="87%" BORDER="0" CELLSPACING="0">\n
..\\Data\\global_lib.h(348):     <TR>\n
..\\Data\\global_lib.h(348):     <TD align="left" width="50%" >\n
..\\Data\\global_lib.h(348):     <input type="image" name="removeFlights" src="/WebTours/images/cancelreservation.gif" bord
..\\Data\\global_lib.h(348):     er="0" /></TD>\n
..\\Data\\global_lib.h(348):     <TD align="right" width="50%" >\n
..\\Data\\global_lib.h(348):     <input type="image" name="removeAllFlights" src="/WebTours/images/cancelallreservations.gi
..\\Data\\global_lib.h(348):     f" border="0" /></TD>\n
..\\Data\\global_lib.h(348):     </TABLE>\n
..\\Data\\global_lib.h(348):     \n
..\\Data\\global_lib.h(348):     <div><input type="hidden" name=".cgifields" value="11"  /><input type="hidden" name=".cgif
..\\Data\\global_lib.h(348):     ields" value="21"  /><input type="hidden" name=".cgifields" value="7"  /><input type="hidd
..\\Data\\global_lib.h(348):     en" name=".cgifields" value="17"  /><input type="hidden" name=".cgifields" value="2"  /><i
..\\Data\\global_lib.h(348):     nput type="hidden" name=".cgifields" value="22"  /><input type="hidden" name=".cgifields" 
..\\Data\\global_lib.h(348):     value="1"  /><input type="hidden" name=".cgifields" value="18"  /><input type="hidden" nam
..\\Data\\global_lib.h(348):     e=".cgifields" value="16"  /><input type="hidden" name=".cgifields" value="13"  /><input t
..\\Data\\global_lib.h(348):     ype="hidden" name=".cgifields" value="6"  /><input type="hidden" name=".cgifields" value="
..\\Data\\global_lib.h(348):     3"  /><input type="hidden" name=".cgifields" value="9"  /><input type="hidden" name=".cgif
..\\Data\\global_lib.h(348):     ields" value="12"  /><input type="hidden" name=".cgifields" value="20"  /><input type="hid
..\\Data\\global_lib.h(348):     den" name=".cgifields" value="14"  /><input type="hidden" name=".cgifields" value="15"  />
..\\Data\\global_lib.h(348):     <input type="hidden" name=".cgifields" value="8"  /><input type="hidden" name=".cgifields"
..\\Data\\global_lib.h(348):      value="4"  /><input type="hidden" name=".cgifields" value="19"  /><input type="hidden" na
..\\Data\\global_lib.h(348):     me=".cgifields" value="10"  /><input type="hidden" name=".cgifields" value="5"  /></div></
..\\Data\\global_lib.h(348):     form>\n
..\\Data\\global_lib.h(348):     \n
..\\Data\\global_lib.h(348):     </center>\n
..\\Data\\global_lib.h(348):     \n
..\\Data\\global_lib.h(348):     </body>\n
..\\Data\\global_lib.h(348):     </html>
..\\Data\\global_lib.h(348): Found resource "http://localhost:1080/WebTours/images/cancelreservation.gif" in HTML "http://localhost:1080/cgi-bin/itinerary.pl"  	[MsgId: MMSG-26659]
..\\Data\\global_lib.h(348): Found resource "http://localhost:1080/WebTours/images/cancelallreservations.gif" in HTML "http://localhost:1080/cgi-bin/itinerary.pl"  	[MsgId: MMSG-26659]
..\\Data\\global_lib.h(348): t=163767ms: Request done "http://localhost:1080/cgi-bin/itinerary.pl"  	[MsgId: MMSG-26000]
..\\Data\\global_lib.h(348): Notify: Saving Parameter "flightNumber_original_1 = 1".	[MsgId: MMSG-13798]
..\\Data\\global_lib.h(348): Notify: Saving Parameter "flightNumber_original_2 = 2".	[MsgId: MMSG-13798]
..\\Data\\global_lib.h(348): Notify: Saving Parameter "flightNumber_original_3 = 3".	[MsgId: MMSG-13798]
..\\Data\\global_lib.h(348): Notify: Saving Parameter "flightNumber_original_4 = 4".	[MsgId: MMSG-13798]
..\\Data\\global_lib.h(348): Notify: Saving Parameter "flightNumber_original_5 = 5".	[MsgId: MMSG-13798]
..\\Data\\global_lib.h(348): Notify: Saving Parameter "flightNumber_original_6 = 6".	[MsgId: MMSG-13798]
..\\Data\\global_lib.h(348): Notify: Saving Parameter "flightNumber_original_7 = 7".	[MsgId: MMSG-13798]
..\\Data\\global_lib.h(348): Notify: Saving Parameter "flightNumber_original_8 = 8".	[MsgId: MMSG-13798]
..\\Data\\global_lib.h(348): Notify: Saving Parameter "flightNumber_original_9 = 9".	[MsgId: MMSG-13798]
..\\Data\\global_lib.h(348): Notify: Saving Parameter "flightNumber_original_10 = 10".	[MsgId: MMSG-13798]
..\\Data\\global_lib.h(348): Notify: Saving Parameter "flightNumber_original_11 = 11".	[MsgId: MMSG-13798]
..\\Data\\global_lib.h(348): Notify: Saving Parameter "flightNumber_original_12 = 12".	[MsgId: MMSG-13798]
..\\Data\\global_lib.h(348): Notify: Saving Parameter "flightNumber_original_13 = 13".	[MsgId: MMSG-13798]
..\\Data\\global_lib.h(348): Notify: Saving Parameter "flightNumber_original_14 = 14".	[MsgId: MMSG-13798]
..\\Data\\global_lib.h(348): Notify: Saving Parameter "flightNumber_original_15 = 15".	[MsgId: MMSG-13798]
..\\Data\\global_lib.h(348): Notify: Saving Parameter "flightNumber_original_16 = 16".	[MsgId: MMSG-13798]
..\\Data\\global_lib.h(348): Notify: Saving Parameter "flightNumber_original_17 = 17".	[MsgId: MMSG-13798]
..\\Data\\global_lib.h(348): Notify: Saving Parameter "flightNumber_original_18 = 18".	[MsgId: MMSG-13798]
..\\Data\\global_lib.h(348): Notify: Saving Parameter "flightNumber_original_19 = 19".	[MsgId: MMSG-13798]
..\\Data\\global_lib.h(348): Notify: Saving Parameter "flightNumber_original_20 = 20".	[MsgId: MMSG-13798]
..\\Data\\global_lib.h(348): Notify: Saving Parameter "flightNumber_original_21 = 21".	[MsgId: MMSG-13798]
..\\Data\\global_lib.h(348): Notify: Saving Parameter "flightNumber_original_22 = 22".	[MsgId: MMSG-13798]
..\\Data\\global_lib.h(348): t=163768ms: Already connected [2] to localhost:1080  	[MsgId: MMSG-26000]
..\\Data\\global_lib.h(348): t=163768ms: 714-byte request headers for "http://localhost:1080/WebTours/images/cancelreservation.gif" (RelFrameId=, Internal ID=114)
..\\Data\\global_lib.h(348):     GET /WebTours/images/cancelreservation.gif HTTP/1.1\r\n
..\\Data\\global_lib.h(348):     Referer: http://localhost:1080/cgi-bin/itinerary.pl\r\n
..\\Data\\global_lib.h(348):     sec-ch-ua: " Not A;Brand";v="99", "Chromium";v="90", "Google Chrome";v="90"\r\n
..\\Data\\global_lib.h(348):     sec-ch-ua-mobile: ?0\r\n
..\\Data\\global_lib.h(348):     Sec-Fetch-Site: same-origin\r\n
..\\Data\\global_lib.h(348):     Sec-Fetch-Dest: frame\r\n
..\\Data\\global_lib.h(348):     Sec-Fetch-Mode: navigate\r\n
..\\Data\\global_lib.h(348):     Sec-Fetch-User: ?1\r\n
..\\Data\\global_lib.h(348):     Upgrade-Insecure-Requests: 1\r\n
..\\Data\\global_lib.h(348):     User-Agent: Mozilla/5.0 (Windows NT 10.0; Win64; x64; rv:88.0) Gecko/20100101 Firefox/88.0
..\\Data\\global_lib.h(348):     \r\n
..\\Data\\global_lib.h(348):     Accept-Encoding: gzip, deflate\r\n
..\\Data\\global_lib.h(348):     Accept-Language: ru-RU,ru;q=0.8,en-US;q=0.5,en;q=0.3\r\n
..\\Data\\global_lib.h(348):     Accept: */*\r\n
..\\Data\\global_lib.h(348):     Connection: Keep-Alive\r\n
..\\Data\\global_lib.h(348):     Host: localhost:1080\r\n
..\\Data\\global_lib.h(348):     Cookie: MSO=SID&1622649899; MTUserInfo=firstName&ivan5&address2&&username&ivan5&hash&117&l
..\\Data\\global_lib.h(348):     astName&ivan5%0A&address1&&creditCard&&expDate&%0A\r\n
..\\Data\\global_lib.h(348):     \r\n
..\\Data\\global_lib.h(348): t=163768ms: Already connected [5] to localhost:1080  	[MsgId: MMSG-26000]
..\\Data\\global_lib.h(348): t=163768ms: 718-byte request headers for "http://localhost:1080/WebTours/images/cancelallreservations.gif" (RelFrameId=, Internal ID=115)
..\\Data\\global_lib.h(348):     GET /WebTours/images/cancelallreservations.gif HTTP/1.1\r\n
..\\Data\\global_lib.h(348):     Referer: http://localhost:1080/cgi-bin/itinerary.pl\r\n
..\\Data\\global_lib.h(348):     sec-ch-ua: " Not A;Brand";v="99", "Chromium";v="90", "Google Chrome";v="90"\r\n
..\\Data\\global_lib.h(348):     sec-ch-ua-mobile: ?0\r\n
..\\Data\\global_lib.h(348):     Sec-Fetch-Site: same-origin\r\n
..\\Data\\global_lib.h(348):     Sec-Fetch-Dest: frame\r\n
..\\Data\\global_lib.h(348):     Sec-Fetch-Mode: navigate\r\n
..\\Data\\global_lib.h(348):     Sec-Fetch-User: ?1\r\n
..\\Data\\global_lib.h(348):     Upgrade-Insecure-Requests: 1\r\n
..\\Data\\global_lib.h(348):     User-Agent: Mozilla/5.0 (Windows NT 10.0; Win64; x64; rv:88.0) Gecko/20100101 Firefox/88.0
..\\Data\\global_lib.h(348):     \r\n
..\\Data\\global_lib.h(348):     Accept-Encoding: gzip, deflate\r\n
..\\Data\\global_lib.h(348):     Accept-Language: ru-RU,ru;q=0.8,en-US;q=0.5,en;q=0.3\r\n
..\\Data\\global_lib.h(348):     Accept: */*\r\n
..\\Data\\global_lib.h(348):     Connection: Keep-Alive\r\n
..\\Data\\global_lib.h(348):     Host: localhost:1080\r\n
..\\Data\\global_lib.h(348):     Cookie: MSO=SID&1622649899; MTUserInfo=firstName&ivan5&address2&&username&ivan5&hash&117&l
..\\Data\\global_lib.h(348):     astName&ivan5%0A&address1&&creditCard&&expDate&%0A\r\n
..\\Data\\global_lib.h(348):     \r\n
..\\Data\\global_lib.h(348): t=163769ms: 297-byte response headers for "http://localhost:1080/WebTours/images/in_itinerary.gif" (RelFrameId=, Internal ID=113)
..\\Data\\global_lib.h(348):     HTTP/1.1 200 OK\r\n
..\\Data\\global_lib.h(348):     Date: Wed, 02 Jun 2021 16:05:10 GMT\r\n
..\\Data\\global_lib.h(348):     Server: Apache/2.2.21 (Win32)\r\n
..\\Data\\global_lib.h(348):     Last-Modified: Thu, 12 Jan 2012 13:30:27 GMT\r\n
..\\Data\\global_lib.h(348):     ETag: "200000002e4c2-2dd-4b654c052c2c0"\r\n
..\\Data\\global_lib.h(348):     Accept-Ranges: bytes\r\n
..\\Data\\global_lib.h(348):     Content-Length: 733\r\n
..\\Data\\global_lib.h(348):     Keep-Alive: timeout=5, max=99\r\n
..\\Data\\global_lib.h(348):     Connection: Keep-Alive\r\n
..\\Data\\global_lib.h(348):     Content-Type: image/gif\r\n
..\\Data\\global_lib.h(348):     \r\n
..\\Data\\global_lib.h(348): t=163769ms: 733-byte response body for "http://localhost:1080/WebTours/images/in_itinerary.gif" (RelFrameId=, Internal ID=113)
..\\Data\\global_lib.h(348): t=163769ms: Request done "http://localhost:1080/WebTours/images/in_itinerary.gif"  	[MsgId: MMSG-26000]
..\\Data\\global_lib.h(348): t=163769ms: Server localhost has shut down the connection [5] prematurely (empty response, no HTTP headers received). Considering retry  	[MsgId: MMSG-26000]
..\\Data\\global_lib.h(348): t=163769ms: Closed connection [5] to localhost:1080 after completing 1 request(s)  	[MsgId: MMSG-26000]
..\\Data\\global_lib.h(348): t=163769ms: reporting user data point RETRY_KEEP_ALIVE  	[MsgId: MMSG-26000]
..\\Data\\global_lib.h(348): t=163769ms: Connecting [5] to host 127.0.0.1:1080  	[MsgId: MMSG-26000]
..\\Data\\global_lib.h(348): t=163770ms: Connected socket [5] from 127.0.0.1:3141 to 127.0.0.1:1080 in 1 ms  	[MsgId: MMSG-26000]
..\\Data\\global_lib.h(348): t=163770ms: 718-byte request headers for "http://localhost:1080/WebTours/images/cancelallreservations.gif" (RelFrameId=, Internal ID=115)
..\\Data\\global_lib.h(348):     GET /WebTours/images/cancelallreservations.gif HTTP/1.1\r\n
..\\Data\\global_lib.h(348):     Referer: http://localhost:1080/cgi-bin/itinerary.pl\r\n
..\\Data\\global_lib.h(348):     sec-ch-ua: " Not A;Brand";v="99", "Chromium";v="90", "Google Chrome";v="90"\r\n
..\\Data\\global_lib.h(348):     sec-ch-ua-mobile: ?0\r\n
..\\Data\\global_lib.h(348):     Sec-Fetch-Site: same-origin\r\n
..\\Data\\global_lib.h(348):     Sec-Fetch-Dest: frame\r\n
..\\Data\\global_lib.h(348):     Sec-Fetch-Mode: navigate\r\n
..\\Data\\global_lib.h(348):     Sec-Fetch-User: ?1\r\n
..\\Data\\global_lib.h(348):     Upgrade-Insecure-Requests: 1\r\n
..\\Data\\global_lib.h(348):     User-Agent: Mozilla/5.0 (Windows NT 10.0; Win64; x64; rv:88.0) Gecko/20100101 Firefox/88.0
..\\Data\\global_lib.h(348):     \r\n
..\\Data\\global_lib.h(348):     Accept-Encoding: gzip, deflate\r\n
..\\Data\\global_lib.h(348):     Accept-Language: ru-RU,ru;q=0.8,en-US;q=0.5,en;q=0.3\r\n
..\\Data\\global_lib.h(348):     Accept: */*\r\n
..\\Data\\global_lib.h(348):     Connection: Keep-Alive\r\n
..\\Data\\global_lib.h(348):     Host: localhost:1080\r\n
..\\Data\\global_lib.h(348):     Cookie: MSO=SID&1622649899; MTUserInfo=firstName&ivan5&address2&&username&ivan5&hash&117&l
..\\Data\\global_lib.h(348):     astName&ivan5%0A&address1&&creditCard&&expDate&%0A\r\n
..\\Data\\global_lib.h(348):     \r\n
..\\Data\\global_lib.h(348): t=163771ms: 298-byte response headers for "http://localhost:1080/WebTours/images/cancelallreservations.gif" (RelFrameId=, Internal ID=115)
..\\Data\\global_lib.h(348):     HTTP/1.1 200 OK\r\n
..\\Data\\global_lib.h(348):     Date: Wed, 02 Jun 2021 16:05:10 GMT\r\n
..\\Data\\global_lib.h(348):     Server: Apache/2.2.21 (Win32)\r\n
..\\Data\\global_lib.h(348):     Last-Modified: Thu, 12 Jan 2012 13:30:27 GMT\r\n
..\\Data\\global_lib.h(348):     ETag: "200000002e4ab-2e6-4b654c052c2c0"\r\n
..\\Data\\global_lib.h(348):     Accept-Ranges: bytes\r\n
..\\Data\\global_lib.h(348):     Content-Length: 742\r\n
..\\Data\\global_lib.h(348):     Keep-Alive: timeout=5, max=100\r\n
..\\Data\\global_lib.h(348):     Connection: Keep-Alive\r\n
..\\Data\\global_lib.h(348):     Content-Type: image/gif\r\n
..\\Data\\global_lib.h(348):     \r\n
..\\Data\\global_lib.h(348): t=163771ms: 742-byte response body for "http://localhost:1080/WebTours/images/cancelallreservations.gif" (RelFrameId=, Internal ID=115)
..\\Data\\global_lib.h(348): t=163771ms: Request done "http://localhost:1080/WebTours/images/cancelallreservations.gif"  	[MsgId: MMSG-26000]
..\\Data\\global_lib.h(348): t=163789ms: 297-byte response headers for "http://localhost:1080/WebTours/images/cancelreservation.gif" (RelFrameId=, Internal ID=114)
..\\Data\\global_lib.h(348):     HTTP/1.1 200 OK\r\n
..\\Data\\global_lib.h(348):     Date: Wed, 02 Jun 2021 16:05:10 GMT\r\n
..\\Data\\global_lib.h(348):     Server: Apache/2.2.21 (Win32)\r\n
..\\Data\\global_lib.h(348):     Last-Modified: Thu, 12 Jan 2012 13:30:27 GMT\r\n
..\\Data\\global_lib.h(348):     ETag: "200000002e4b0-33f-4b654c052c2c0"\r\n
..\\Data\\global_lib.h(348):     Accept-Ranges: bytes\r\n
..\\Data\\global_lib.h(348):     Content-Length: 831\r\n
..\\Data\\global_lib.h(348):     Keep-Alive: timeout=5, max=97\r\n
..\\Data\\global_lib.h(348):     Connection: Keep-Alive\r\n
..\\Data\\global_lib.h(348):     Content-Type: image/gif\r\n
..\\Data\\global_lib.h(348):     \r\n
..\\Data\\global_lib.h(348): t=163790ms: 831-byte response body for "http://localhost:1080/WebTours/images/cancelreservation.gif" (RelFrameId=, Internal ID=114)
..\\Data\\global_lib.h(348): t=163790ms: Request done "http://localhost:1080/WebTours/images/cancelreservation.gif"  	[MsgId: MMSG-26000]
..\\Data\\global_lib.h(348): Notify: Saving Parameter "flightNumber_original_count = 22".	[MsgId: MMSG-13798]
..\\Data\\global_lib.h(348): Registered web_reg_find successful for "Text=User wants the intineraries" (count=1)  	[MsgId: MMSG-26364]
..\\Data\\global_lib.h(348): web_image("Itinerary Button") was successful, 30878 body bytes, 1619 header bytes, 83 chunking overhead bytes  	[MsgId: MMSG-26385]
Action.c(38): Notify: Transaction "Go_to_itinerary_page" ended with a "Pass" status (Duration: 5,1566 Think Time: 5,0138 Wasted Time: 0,0012).	[MsgId: MMSG-16870]
Action.c(41): Notify: Transaction "S5_CheckItinerary" ended with a "Pass" status (Duration: 15,5142 Think Time: 15,0288 Wasted Time: 0,0015).	[MsgId: MMSG-16870]
Ending action Action.	[MsgId: MMSG-15918]
Action was aborted.	[MsgId: MMSG-10694]
Ending Vuser...	[MsgId: MMSG-15966]
Starting action vuser_end.	[MsgId: MMSG-15919]
Ending action vuser_end.	[MsgId: MMSG-15918]
Vuser Terminated.	[MsgId: MMSG-15963]
..\\Data\\global_lib.h(348): t=163790ms: Closed connection [0] to localhost:1080 after completing 2 request(s)  	[MsgId: MMSG-26000]
..\\Data\\global_lib.h(348): t=163790ms: Closed connection [2] to localhost:1080 after completing 4 request(s)  	[MsgId: MMSG-26000]
..\\Data\\global_lib.h(348): t=163791ms: Closed connection [3] to localhost:1080 after completing 1 request(s)  	[MsgId: MMSG-26000]
..\\Data\\global_lib.h(348): t=163791ms: Closed connection [5] to localhost:1080 after completing 1 request(s)  	[MsgId: MMSG-26000]
HTML-Mode memory management statistics: Reusable=8, NonReusable=0, CsMemBlockSize=4096, checks disabled  	[MsgId: MMSG-26000]
Vuser 0 (thread 3128), ended OK."	[MsgId: MMSG-10695]
