Virtual User Script started at: 03.06.2021 10:21:49	[MsgId: MMSG-15967]
Starting action vuser_init.	[MsgId: MMSG-15919]
Web Turbo Replay of LoadRunner 12.55.0 for Windows 10; build 911 (Jul 24 2017 19:46:00)  	[MsgId: MMSG-26983]
Run mode: HTML  	[MsgId: MMSG-26993]
Replay user agent: Mozilla/5.0 (Windows NT 10.0; Win64; x64) AppleWebKit/537.36 (KHTML, like Gecko) Chrome/90.0.4430.212 Safari/537.36  	[MsgId: MMSG-26988]
Run-Time Settings file: "C:\Users\fikser\AppData\Local\Temp\lr5tmpdirGAx.272\lrcfg5tg.273\cfghpB.280"  	[MsgId: MMSG-27141]
Vuser directory: "C:\Users\fikser\Desktop\HomeWork_IBS\Scripts\S3_UsersRegistration"  	[MsgId: MMSG-27052]
Vuser output directory: "C:\Users\fikser\Desktop\HomeWork_IBS\Scripts\S3_UsersRegistration"  	[MsgId: MMSG-27050]
Operating system's current working directory: "C:\Users\fikser\Desktop\HomeWork_IBS\Scripts\S3_UsersRegistration"  	[MsgId: MMSG-27048]
UTC (GMT) start date/time   : 2021-06-03 07:21:49  	[MsgId: MMSG-26992]
LOCAL start date/time       : 2021-06-03 10:21:49  	[MsgId: MMSG-26991]
Local daylight-Savings-Time : No  	[MsgId: MMSG-26990]
Some of the Run-Time Settings:  	[MsgId: MMSG-27142]
    Download non-HTML resources: Yes  	[MsgId: MMSG-27018]
    Verification checks: No  	[MsgId: MMSG-27017]
    Convert from/to UTF-8: No  	[MsgId: MMSG-27016]
    Simulate a new user each iteration: Yes  	[MsgId: MMSG-27009]
    Non-critical item errors as warnings: Yes  	[MsgId: MMSG-27008]
    HTTP errors as warnings: No  	[MsgId: MMSG-27007]
    WinInet replay instead of Sockets: No  	[MsgId: MMSG-27006]
    HTTP version: 1.1  	[MsgId: MMSG-27005]
    Keep-Alive HTTP connections: Yes  	[MsgId: MMSG-27004]
    Max self Meta refresh updates: 2  	[MsgId: MMSG-27003]
    No proxy is used (direct connection to the Internet)  	[MsgId: MMSG-27171]
    DNS caching: Yes  	[MsgId: MMSG-27035]
    Simulate browser cache: Yes  	[MsgId: MMSG-27034]
        Cache URLs requiring content (e.g., HTMLs): Yes  	[MsgId: MMSG-27033]
            Additional URLs requiring content: text/xml;text/plain  	[MsgId: MMSG-27032]
        Check for newer versions every visit to the page: No  	[MsgId: MMSG-27031]
    Page download timeout (sec): 120  	[MsgId: MMSG-27030]
    Resource Page Timeout is a Warning: No  	[MsgId: MMSG-27029]
    ContentCheck enabled: Yes  	[MsgId: MMSG-27028]
    ContentCheck script-level file: "C:\Users\fikser\AppData\Local\Temp\lr5tmpdirGAx.272\lrcfg5tg.273\LrwiAedScript.xml"  	[MsgId: MMSG-27027]
    Enable Web Page Breakdown: Yes  	[MsgId: MMSG-27026]
    Enable connection data points: Yes  	[MsgId: MMSG-27023]
    Process socket after reschedule: Yes  	[MsgId: MMSG-27022]
    Snapshot on error: No  	[MsgId: MMSG-27021]
    Define each step as a transaction: No  	[MsgId: MMSG-27020]
    Read beyond Content-Length: No  	[MsgId: MMSG-26994]
    Parse HTML Content-Type: TEXT  	[MsgId: MMSG-26999]
    Graph hits per second and HTTP status codes: Yes  	[MsgId: MMSG-26998]
    Graph response bytes per second: Yes  	[MsgId: MMSG-26997]
    Graph pages per second: No  	[MsgId: MMSG-26996]
    Web recorder version ID: 10  	[MsgId: MMSG-26995]
Ending action vuser_init.	[MsgId: MMSG-15918]
Running Vuser...	[MsgId: MMSG-15964]
Starting iteration 1.	[MsgId: MMSG-15968]
Maximum number of concurrent connections per server: 6  	[MsgId: MMSG-26989]
Starting action Action.	[MsgId: MMSG-15919]
Action.c(3): Notify: Transaction "S3_UserRegistration" started.	[MsgId: MMSG-16999]
Action.c(6): Notify: Transaction "Welcome_page" started.	[MsgId: MMSG-16999]
..\\Data\\global_lib.h(7): web_set_sockets_option started  	[MsgId: MMSG-26355]
..\\Data\\global_lib.h(7): web_set_sockets_option was successful  	[MsgId: MMSG-26392]
..\\Data\\global_lib.h(8): web_add_header("Sec-Fetch-Site") started  	[MsgId: MMSG-26355]
..\\Data\\global_lib.h(8): An unrecognized header ("Sec-Fetch-Site") is being added  	[MsgId: MMSG-26595]
..\\Data\\global_lib.h(8): "Sec-Fetch-Site: cross-site" header registered for adding to requests from the immediately following Action function  	[MsgId: MMSG-26506]
..\\Data\\global_lib.h(8): web_add_header("Sec-Fetch-Site") was successful  	[MsgId: MMSG-26392]
..\\Data\\global_lib.h(11): web_add_header("Sec-Fetch-Mode") started  	[MsgId: MMSG-26355]
..\\Data\\global_lib.h(11): An unrecognized header ("Sec-Fetch-Mode") is being added  	[MsgId: MMSG-26595]
..\\Data\\global_lib.h(11): "Sec-Fetch-Mode: cors" header registered for adding to requests from the immediately following Action function  	[MsgId: MMSG-26506]
..\\Data\\global_lib.h(11): web_add_header("Sec-Fetch-Mode") was successful  	[MsgId: MMSG-26392]
..\\Data\\global_lib.h(14): web_add_header("Sec-Fetch-Dest") started  	[MsgId: MMSG-26355]
..\\Data\\global_lib.h(14): An unrecognized header ("Sec-Fetch-Dest") is being added  	[MsgId: MMSG-26595]
..\\Data\\global_lib.h(14): "Sec-Fetch-Dest: empty" header registered for adding to requests from the immediately following Action function  	[MsgId: MMSG-26506]
..\\Data\\global_lib.h(14): web_add_header("Sec-Fetch-Dest") was successful  	[MsgId: MMSG-26392]
..\\Data\\global_lib.h(17): web_add_header("Origin") started  	[MsgId: MMSG-26355]
..\\Data\\global_lib.h(17): An unrecognized header ("Origin") is being added  	[MsgId: MMSG-26595]
..\\Data\\global_lib.h(17): "Origin: chrome-extension://gamlckmepdclkglolaedeigblmmpmfhf" header registered for adding to requests from the immediately following Action function  	[MsgId: MMSG-26506]
..\\Data\\global_lib.h(17): web_add_header("Origin") was successful  	[MsgId: MMSG-26392]
..\\Data\\global_lib.h(20): web_add_auto_header("sec-ch-ua") started  	[MsgId: MMSG-26355]
..\\Data\\global_lib.h(20): An unrecognized header ("sec-ch-ua") is being added  	[MsgId: MMSG-26595]
..\\Data\\global_lib.h(20): "sec-ch-ua: " Not A;Brand";v="99", "Chromium";v="90", "Google Chrome";v="90"" header registered for adding to requests from all following Action functions  	[MsgId: MMSG-26505]
..\\Data\\global_lib.h(20): web_add_auto_header("sec-ch-ua") was successful  	[MsgId: MMSG-26392]
..\\Data\\global_lib.h(23): web_add_auto_header("sec-ch-ua-mobile") started  	[MsgId: MMSG-26355]
..\\Data\\global_lib.h(23): An unrecognized header ("sec-ch-ua-mobile") is being added  	[MsgId: MMSG-26595]
..\\Data\\global_lib.h(23): "sec-ch-ua-mobile: ?0" header registered for adding to requests from all following Action functions  	[MsgId: MMSG-26505]
..\\Data\\global_lib.h(23): web_add_auto_header("sec-ch-ua-mobile") was successful  	[MsgId: MMSG-26392]
..\\Data\\global_lib.h(26): web_add_auto_header("Sec-Fetch-Site") started  	[MsgId: MMSG-26355]
..\\Data\\global_lib.h(26): An unrecognized header ("Sec-Fetch-Site") is being added  	[MsgId: MMSG-26595]
..\\Data\\global_lib.h(26): "Sec-Fetch-Site: none" header registered for adding to requests from all following Action functions  	[MsgId: MMSG-26505]
..\\Data\\global_lib.h(26): web_add_auto_header("Sec-Fetch-Site") was successful  	[MsgId: MMSG-26392]
..\\Data\\global_lib.h(29): web_add_auto_header("Sec-Fetch-Dest") started  	[MsgId: MMSG-26355]
..\\Data\\global_lib.h(29): An unrecognized header ("Sec-Fetch-Dest") is being added  	[MsgId: MMSG-26595]
..\\Data\\global_lib.h(29): "Sec-Fetch-Dest: document" header registered for adding to requests from all following Action functions  	[MsgId: MMSG-26505]
..\\Data\\global_lib.h(29): web_add_auto_header("Sec-Fetch-Dest") was successful  	[MsgId: MMSG-26392]
..\\Data\\global_lib.h(32): web_add_auto_header("Sec-Fetch-Mode") started  	[MsgId: MMSG-26355]
..\\Data\\global_lib.h(32): An unrecognized header ("Sec-Fetch-Mode") is being added  	[MsgId: MMSG-26595]
..\\Data\\global_lib.h(32): "Sec-Fetch-Mode: navigate" header registered for adding to requests from all following Action functions  	[MsgId: MMSG-26505]
..\\Data\\global_lib.h(32): web_add_auto_header("Sec-Fetch-Mode") was successful  	[MsgId: MMSG-26392]
..\\Data\\global_lib.h(35): web_add_auto_header("Sec-Fetch-User") started  	[MsgId: MMSG-26355]
..\\Data\\global_lib.h(35): An unrecognized header ("Sec-Fetch-User") is being added  	[MsgId: MMSG-26595]
..\\Data\\global_lib.h(35): "Sec-Fetch-User: ?1" header registered for adding to requests from all following Action functions  	[MsgId: MMSG-26505]
..\\Data\\global_lib.h(35): web_add_auto_header("Sec-Fetch-User") was successful  	[MsgId: MMSG-26392]
..\\Data\\global_lib.h(38): web_add_auto_header("Upgrade-Insecure-Requests") started  	[MsgId: MMSG-26355]
..\\Data\\global_lib.h(38): An unrecognized header ("Upgrade-Insecure-Requests") is being added  	[MsgId: MMSG-26595]
..\\Data\\global_lib.h(38): "Upgrade-Insecure-Requests: 1" header registered for adding to requests from all following Action functions  	[MsgId: MMSG-26505]
..\\Data\\global_lib.h(38): web_add_auto_header("Upgrade-Insecure-Requests") was successful  	[MsgId: MMSG-26392]
..\\Data\\global_lib.h(41): Think time - Waiting 5,00 seconds (according to limit).	[MsgId: MMSG-15946]
..\\Data\\global_lib.h(41): lr_think_time: 5,00 seconds (recorded think time was 13,00 seconds).	[MsgId: MMSG-15947]
..\\Data\\global_lib.h(41): Notify: Transaction "Welcome_page" ended with a "Stop" status (Duration: 1,5753).	[MsgId: MMSG-16873]
..\\Data\\global_lib.h(41): Notify: Transaction "S3_UserRegistration" ended with a "Stop" status (Duration: 1,5753).	[MsgId: MMSG-16873]
Abort was called from an action.	[MsgId: MMSG-10447]
Ending Vuser...	[MsgId: MMSG-15966]
Starting action vuser_end.	[MsgId: MMSG-15919]
Ending action vuser_end.	[MsgId: MMSG-15918]
Vuser Terminated.	[MsgId: MMSG-15963]
HTML-Mode memory management statistics: Reusable=0, NonReusable=0, CsMemBlockSize=4096, checks disabled  	[MsgId: MMSG-26000]
Vuser 0 (thread 2764), ended OK."	[MsgId: MMSG-10695]
