..\\Data\\global_lib.h(110): t=7101878ms: 255-byte response headers for "http://localhost:1080/cgi-bin/reservations.pl?page=welcome" (RelFrameId=1.2, Internal ID=1074)
..\\Data\\global_lib.h(110):     HTTP/1.1 200 OK\r\n
..\\Data\\global_lib.h(110):     Date: Wed, 09 Jun 2021 18:29:54 GMT\r\n
..\\Data\\global_lib.h(110):     Server: Apache/2.2.21 (Win32)\r\n
..\\Data\\global_lib.h(110):     Expires: Tue, 08 Jun 2021 18:29:54 GMT\r\n
..\\Data\\global_lib.h(110):     Keep-Alive: timeout=5, max=99\r\n
..\\Data\\global_lib.h(110):     Connection: Keep-Alive\r\n
..\\Data\\global_lib.h(110):     Transfer-Encoding: chunked\r\n
..\\Data\\global_lib.h(110):     Content-Type: text/html; charset=ISO-8859-1\r\n
..\\Data\\global_lib.h(110):     \r\n
..\\Data\\global_lib.h(110): t=7101878ms: 5-byte chunked response overhead for "http://localhost:1080/cgi-bin/reservations.pl?page=welcome" (RelFrameId=1.2, Internal ID=1074)
..\\Data\\global_lib.h(110):     f84\r\n
..\\Data\\global_lib.h(110): t=7101878ms: 2-byte chunked response overhead for "http://localhost:1080/cgi-bin/reservations.pl?page=welcome" (RelFrameId=1.2, Internal ID=1074)
..\\Data\\global_lib.h(110):     \r\n
..\\Data\\global_lib.h(110): t=7101878ms: 3972-byte chunked response body for "http://localhost:1080/cgi-bin/reservations.pl?page=welcome" (RelFrameId=1.2, Internal ID=1074)
..\\Data\\global_lib.h(110):     <!DOCTYPE html\n
..\\Data\\global_lib.h(110):     \tPUBLIC "-//W3C//DTD XHTML 1.0 Transitional//EN"\n
..\\Data\\global_lib.h(110):     \t "http://www.w3.org/TR/xhtml1/DTD/xhtml1-transitional.dtd">\n
..\\Data\\global_lib.h(110):     <html xmlns="http://www.w3.org/1999/xhtml" lang="en-US" xml:lang="en-US">\n
..\\Data\\global_lib.h(110):     <head>\n
..\\Data\\global_lib.h(110):     <title>Flight Selections</title>\n
..\\Data\\global_lib.h(110):     <meta http-equiv="Content-Type" content="text/html; charset=iso-8859-1" />\n
..\\Data\\global_lib.h(110):     </head>\n
..\\Data\\global_lib.h(110):     <body bgcolor="#E0E7F1">\n
..\\Data\\global_lib.h(110):     <style>blockquote {font-family: tahoma; font-size : 10pt}H1 {font-family: tahoma; font-siz
..\\Data\\global_lib.h(110):     e : 22pt; color: #993333}small {font-family: tahoma; font-size : 8pt}H3 {font-family: taho
..\\Data\\global_lib.h(110):     ma; font-size : 10pt; color: black}TD {font-family: tahoma; font-size : 10pt; color: black
..\\Data\\global_lib.h(110):     }</style><BR/><BR/><h1><font color="#003366">&nbsp;&nbsp;<b>Find Flight</font></b></h1><bl
..\\Data\\global_lib.h(110):     ockquote>\n
..\\Data\\global_lib.h(110):     <form method="post" action="reservations.pl" enctype="application/x-www-form-urlencoded" o
..\\Data\\global_lib.h(110):     nsubmit="" name="DestForm">\n
..\\Data\\global_lib.h(110):     <input type="hidden" name="advanceDiscount" value="0"  /><table border="0" cellspacing="5"
..\\Data\\global_lib.h(110):     ><tr><td align="left">Departure City :</td> <td><select name="depart" >\n
..\\Data\\global_lib.h(110):     <option selected="selected" value="Denver">Denver</option>\n
..\\Data\\global_lib.h(110):     <option value="Frankfurt">Frankfurt</option>\n
..\\Data\\global_lib.h(110):     <option value="London">London</option>\n
..\\Data\\global_lib.h(110):     <option value="Los Angeles">Los Angeles</option>\n
..\\Data\\global_lib.h(110):     <option value="Paris">Paris</option>\n
..\\Data\\global_lib.h(110):     <option value="Portland">Portland</option>\n
..\\Data\\global_lib.h(110):     <option value="San Francisco">San Francisco</option>\n
..\\Data\\global_lib.h(110):     <option value="Seattle">Seattle</option>\n
..\\Data\\global_lib.h(110):     <option value="Sydney">Sydney</option>\n
..\\Data\\global_lib.h(110):     <option value="Zurich">Zurich</option>\n
..\\Data\\global_lib.h(110):     </select></td> <td align="left">Departure Date :</td> <td><input type="text" name="departD
..\\Data\\global_lib.h(110):     ate" value="06/10/2021" size="10" maxlength="10" /> \n
..\\Data\\global_lib.h(110):     <!-- Departure Date Applet -->\n
..\\Data\\global_lib.h(110):     <APPLET CODEBASE="/WebTours/classes/" CODE="FormDateUpdate.class" MAYSCRIPT Width=26 Heigh
..\\Data\\global_lib.h(110):     t=28 BORDER=0>\n
..\\Data\\global_lib.h(110):        <PARAM NAME=CalenderTitle  VALUE="Select Departure Date">\n
..\\Data\\global_lib.h(110):        <PARAM NAME=HtmlFormIndex  VALUE=0>\n
..\\Data\\global_lib.h(110):        <PARAM NAME=HtmlEditIndex  VALUE=2>\n
..\\Data\\global_lib.h(110):        <PARAM NAME=AutoClose      VALUE=1>\n
..\\Data\\global_lib.h(110):        <PARAM NAME=Label          VALUE="...">\n
..\\Data\\global_lib.h(110):     </APPLET>\n
..\\Data\\global_lib.h(110):     </td></tr> <tr><td align="left">Arrival City :</td> <td><select name="arrive" >\n
..\\Data\\global_lib.h(110):     <option selected="selected" value="Denver">Denver</option>\n
..\\Data\\global_lib.h(110):     <option value="Frankfurt">Frankfurt</option>\n
..\\Data\\global_lib.h(110):     <option value="London">London</option>\n
..\\Data\\global_lib.h(110):     <option value="Los Angeles">Los Angeles</option>\n
..\\Data\\global_lib.h(110):     <option value="Paris">Paris</option>\n
..\\Data\\global_lib.h(110):     <option value="Portland">Portland</option>\n
..\\Data\\global_lib.h(110):     <option value="San Francisco">San Francisco</option>\n
..\\Data\\global_lib.h(110):     <option value="Seattle">Seattle</option>\n
..\\Data\\global_lib.h(110):     <option value="Sydney">Sydney</option>\n
..\\Data\\global_lib.h(110):     <option value="Zurich">Zurich</option>\n
..\\Data\\global_lib.h(110):     </select></td> <td align="left">Return Date :</td> <td><input type="text" name="returnDate
..\\Data\\global_lib.h(110):     " value="06/11/2021" size="10" maxlength="10" /> \n
..\\Data\\global_lib.h(110):     <!-- Return Date Applet -->\n
..\\Data\\global_lib.h(110):     <APPLET CODEBASE="/WebTours/classes/" CODE="FormDateUpdate.class" MAYSCRIPT Width=26 Heigh
..\\Data\\global_lib.h(110):     t=28 BORDER=0>\n
..\\Data\\global_lib.h(110):        <PARAM NAME=CalenderTitle  VALUE="Select Return Date">\n
..\\Data\\global_lib.h(110):        <PARAM NAME=HtmlFormIndex  VALUE=0>\n
..\\Data\\global_lib.h(110):        <PARAM NAME=HtmlEditIndex  VALUE=4>\n
..\\Data\\global_lib.h(110):        <PARAM NAME=AutoClose      VALUE=1>\n
..\\Data\\global_lib.h(110):        <PARAM NAME=Label          VALUE="...">\n
..\\Data\\global_lib.h(110):     </APPLET>\n
..\\Data\\global_lib.h(110):     </td></tr> <tr><td align="left">No. of Passengers : </td> <td><input type="text" name="num
..\\Data\\global_lib.h(110):     Passengers" value="1" size="3" maxlength="8" /></td> <td colspan="2"><label><input type="c
..\\Data\\global_lib.h(110):     heckbox" name="roundtrip" value="on" />Roundtrip ticket</label></td></tr> <tr><td>Seating 
..\\Data\\global_lib.h(110):     Preference</td> <td /> <td>Type of Seat</td></tr> <tr><td><label><input type="radio" name=
..\\Data\\global_lib.h(110):     "seatPref" value="Aisle" />Aisle</label><br /> <label><input type="radio" name="seatPref" 
..\\Data\\global_lib.h(110):     value="Window" />Window</label><br /> <label><input type="radio" name="seatPref" value="No
..\\Data\\global_lib.h(110):     ne" checked="checked" />None</label><br /></td> <td /> <td><label><input type="radio" name
..\\Data\\global_lib.h(110):     ="seatType" value="First" />First</label><br /> <label><input type="radio" name="seatType"
..\\Data\\global_lib.h(110):      value="Business" />Business</label><br /> <label><input type="radio" name="seatType" valu
..\\Data\\global_lib.h(110):     e="Coach" checked="checked" />Coach</label><br /></td></tr> <tr><td height="10" /></tr> <t
..\\Data\\global_lib.h(110):     r><td align="center" colspan="4"><input type="image" name="findFlights" src="/WebTours/ima
..\\Data\\global_lib.h(110):     ges/bu
..\\Data\\global_lib.h(110): t=7101878ms: 5-byte chunked response overhead for "http://localhost:1080/cgi-bin/reservations.pl?page=welcome" (RelFrameId=1.2, Internal ID=1074)
..\\Data\\global_lib.h(110):     112\r\n
..\\Data\\global_lib.h(110): t=7101878ms: 7-byte chunked response overhead for "http://localhost:1080/cgi-bin/reservations.pl?page=welcome" (RelFrameId=1.2, Internal ID=1074)
..\\Data\\global_lib.h(110):     \r\n
..\\Data\\global_lib.h(110):     0\r\n
..\\Data\\global_lib.h(110):     \r\n
..\\Data\\global_lib.h(110): t=7101878ms: 274-byte chunked response body for "http://localhost:1080/cgi-bin/reservations.pl?page=welcome" (RelFrameId=1.2, Internal ID=1074)
..\\Data\\global_lib.h(110):     tton_next.gif" border="0" /></td></tr></table><div><input type="hidden" name=".cgifields" 
..\\Data\\global_lib.h(110):     value="roundtrip"  /><input type="hidden" name=".cgifields" value="seatType"  /><input typ
..\\Data\\global_lib.h(110):     e="hidden" name=".cgifields" value="seatPref"  /></div></form>\n
..\\Data\\global_lib.h(110):     </blockquote>\n
..\\Data\\global_lib.h(110):     \n
..\\Data\\global_lib.h(110):     </body>\n
..\\Data\\global_lib.h(110):     </html>\n
..\\Data\\global_lib.h(110): Found resource "http://localhost:1080/WebTours/images/button_next.gif" in HTML "http://localhost:1080/cgi-bin/reservations.pl?page=welcome"  	[MsgId: MMSG-26659]
..\\Data\\global_lib.h(110): t=7101878ms: Request done "http://localhost:1080/cgi-bin/reservations.pl?page=welcome"  	[MsgId: MMSG-26000]
..\\Data\\global_lib.h(110): t=7101878ms: Already connected [0] to localhost:1080  	[MsgId: MMSG-26000]
..\\Data\\global_lib.h(110): t=7101878ms: 619-byte request headers for "http://localhost:1080/WebTours/images/button_next.gif" (RelFrameId=, Internal ID=1077)
..\\Data\\global_lib.h(110):     GET /WebTours/images/button_next.gif HTTP/1.1\r\n
..\\Data\\global_lib.h(110):     Referer: http://localhost:1080/cgi-bin/reservations.pl?page=welcome\r\n
..\\Data\\global_lib.h(110):     Sec-Fetch-Dest: frame\r\n
..\\Data\\global_lib.h(110):     Sec-Fetch-Site: same-origin\r\n
..\\Data\\global_lib.h(110):     Sec-Fetch-User: ?1\r\n
..\\Data\\global_lib.h(110):     Upgrade-Insecure-Requests: 1\r\n
..\\Data\\global_lib.h(110):     User-Agent: Mozilla/5.0 (Windows NT 10.0; Win64; x64) AppleWebKit/537.36 (KHTML, like Geck
..\\Data\\global_lib.h(110):     o) Chrome/90.0.4430.212 Safari/537.36\r\n
..\\Data\\global_lib.h(110):     Accept-Encoding: gzip, deflate, br\r\n
..\\Data\\global_lib.h(110):     Accept-Language: en-US,en;q=0.9\r\n
..\\Data\\global_lib.h(110):     Accept: */*\r\n
..\\Data\\global_lib.h(110):     Connection: Keep-Alive\r\n
..\\Data\\global_lib.h(110):     Host: localhost:1080\r\n
..\\Data\\global_lib.h(110):     Cookie: MSO=SID&1623263389; MTUserInfo=firstName&ivan5&address2&&username&ivan5&hash&117&l
..\\Data\\global_lib.h(110):     astName&ivan5%0A&address1&&creditCard&&expDate&%0A\r\n
..\\Data\\global_lib.h(110):     \r\n
..\\Data\\global_lib.h(110): t=7101878ms: 297-byte response headers for "http://localhost:1080/WebTours/images/button_next.gif" (RelFrameId=, Internal ID=1077)
..\\Data\\global_lib.h(110):     HTTP/1.1 200 OK\r\n
..\\Data\\global_lib.h(110):     Date: Wed, 09 Jun 2021 18:29:54 GMT\r\n
..\\Data\\global_lib.h(110):     Server: Apache/2.2.21 (Win32)\r\n
..\\Data\\global_lib.h(110):     Last-Modified: Sun, 06 Jun 2021 20:13:35 GMT\r\n
..\\Data\\global_lib.h(110):     ETag: "100000001ebc7-2f6-5c41e8f4e9c6d"\r\n
..\\Data\\global_lib.h(110):     Accept-Ranges: bytes\r\n
..\\Data\\global_lib.h(110):     Content-Length: 758\r\n
..\\Data\\global_lib.h(110):     Keep-Alive: timeout=5, max=93\r\n
..\\Data\\global_lib.h(110):     Connection: Keep-Alive\r\n
..\\Data\\global_lib.h(110):     Content-Type: image/gif\r\n
..\\Data\\global_lib.h(110):     \r\n
..\\Data\\global_lib.h(110): t=7101878ms: 758-byte response body for "http://localhost:1080/WebTours/images/button_next.gif" (RelFrameId=, Internal ID=1077)
..\\Data\\global_lib.h(110): t=7101878ms: Request done "http://localhost:1080/WebTours/images/button_next.gif"  	[MsgId: MMSG-26000]
..\\Data\\global_lib.h(110): Registered web_reg_find successful for "Text=Flight Selections" (count=1)  	[MsgId: MMSG-26364]
..\\Data\\global_lib.h(110): web_url("Search Flights Button") was successful, 8516 body bytes, 1616 header bytes, 43 chunking overhead bytes  	[MsgId: MMSG-26385]
Action.c(25): Notify: Transaction "Go_to_flights" ended with a "Pass" status (Duration: 0.1383).	[MsgId: MMSG-16873]
Action.c(28): Notify: Transaction "Find_flight" started.	[MsgId: MMSG-16999]
..\\Data\\global_lib.h(124): web_add_auto_header("Origin") started  	[MsgId: MMSG-26355]
..\\Data\\global_lib.h(124): An unrecognized header ("Origin") is being added  	[MsgId: MMSG-26595]
..\\Data\\global_lib.h(124): "Origin: http://localhost:1080" header registered for adding to requests from all following Action functions  	[MsgId: MMSG-26505]
..\\Data\\global_lib.h(124): web_add_auto_header("Origin") was successful  	[MsgId: MMSG-26392]
..\\Data\\global_lib.h(127): web_add_auto_header("Sec-Fetch-User") started  	[MsgId: MMSG-26355]
..\\Data\\global_lib.h(127): An unrecognized header ("Sec-Fetch-User") is being added  	[MsgId: MMSG-26595]
..\\Data\\global_lib.h(127): "Sec-Fetch-User: ?1" header registered (superseding previous registration) for adding to requests from all following Action functions  	[MsgId: MMSG-26504]
..\\Data\\global_lib.h(127): web_add_auto_header("Sec-Fetch-User") was successful  	[MsgId: MMSG-26392]
..\\Data\\global_lib.h(130): web_add_auto_header("Upgrade-Insecure-Requests") started  	[MsgId: MMSG-26355]
..\\Data\\global_lib.h(130): An unrecognized header ("Upgrade-Insecure-Requests") is being added  	[MsgId: MMSG-26595]
..\\Data\\global_lib.h(130): "Upgrade-Insecure-Requests: 1" header registered (superseding previous registration) for adding to requests from all following Action functions  	[MsgId: MMSG-26504]
..\\Data\\global_lib.h(130): web_add_auto_header("Upgrade-Insecure-Requests") was successful  	[MsgId: MMSG-26392]
..\\Data\\global_lib.h(133): lr_think_time: 5.00 seconds.	[MsgId: MMSG-15948]
..\\Data\\global_lib.h(192): web_submit_data("reservations.pl_3") started  	[MsgId: MMSG-26355]
..\\Data\\global_lib.h(192): Notify: Next row for parameter firstName = 10 [table  = firstName].	[MsgId: MMSG-13876]
..\\Data\\global_lib.h(192): Notify: Parameter Substitution: parameter "firstName" =  "ivan10"	[MsgId: MMSG-13992]
..\\Data\\global_lib.h(192): Notify: Next row for parameter lastName = 10 [table  = lastName].	[MsgId: MMSG-13876]
..\\Data\\global_lib.h(192): Notify: Parameter Substitution: parameter "lastName" =  "ivan10"	[MsgId: MMSG-13992]
..\\Data\\global_lib.h(192): Notify: Next row for parameter adress = 10 [table  = adress].	[MsgId: MMSG-13876]
..\\Data\\global_lib.h(192): Notify: Parameter Substitution: parameter "adress" =  "Moscow"	[MsgId: MMSG-13992]
..\\Data\\global_lib.h(192): Notify: Next row for parameter adress = 10 [table  = adress].	[MsgId: MMSG-13876]
..\\Data\\global_lib.h(192): Notify: Parameter Substitution: parameter "adress" =  "Moscow"	[MsgId: MMSG-13992]
..\\Data\\global_lib.h(192): Notify: Next row for parameter lastName = 10 [table  = lastName].	[MsgId: MMSG-13876]
..\\Data\\global_lib.h(192): Notify: Parameter Substitution: parameter "lastName" =  "ivan10"	[MsgId: MMSG-13992]
..\\Data\\global_lib.h(192): Notify: Next row for parameter lastName = 10 [table  = lastName].	[MsgId: MMSG-13876]
..\\Data\\global_lib.h(192): Notify: Parameter Substitution: parameter "lastName" =  "ivan10"	[MsgId: MMSG-13992]
..\\Data\\global_lib.h(192): Notify: Next row for parameter creditCard = 10 [table  = creditCard].	[MsgId: MMSG-13876]
..\\Data\\global_lib.h(192): Notify: Parameter Substitution: parameter "creditCard" =  "642387468"	[MsgId: MMSG-13992]
..\\Data\\global_lib.h(192): Notify: Next row for parameter expDate = 10 [table  = expDate].	[MsgId: MMSG-13876]
..\\Data\\global_lib.h(192): Notify: Parameter Substitution: parameter "expDate" =  "1092"	[MsgId: MMSG-13992]
..\\Data\\global_lib.h(192): Notify: Parameter Substitution: parameter "seatType" =  "First"	[MsgId: MMSG-13992]
..\\Data\\global_lib.h(192): Notify: Parameter Substitution: parameter "seatPreference" =  "Window"	[MsgId: MMSG-13992]
..\\Data\\global_lib.h(192): Notify: Parameter Substitution: parameter "outboundFlight" =  "720;1060;06/11/2021"	[MsgId: MMSG-13992]
..\\Data\\global_lib.h(192): t=7106475ms: Already connected [0] to localhost:1080  	[MsgId: MMSG-26000]
..\\Data\\global_lib.h(192): t=7106475ms: 702-byte request headers for "http://localhost:1080/cgi-bin/reservations.pl" (RelFrameId=1, Internal ID=2639)
..\\Data\\global_lib.h(192):     POST /cgi-bin/reservations.pl HTTP/1.1\r\n
..\\Data\\global_lib.h(192):     Content-Type: application/x-www-form-urlencoded\r\n
..\\Data\\global_lib.h(192):     Referer: http://localhost:1080/cgi-bin/reservations.pl\r\n
..\\Data\\global_lib.h(192):     Origin: http://localhost:1080\r\n
..\\Data\\global_lib.h(192):     Sec-Fetch-Dest: frame\r\n
..\\Data\\global_lib.h(192):     Sec-Fetch-Site: same-origin\r\n
..\\Data\\global_lib.h(192):     Sec-Fetch-User: ?1\r\n
..\\Data\\global_lib.h(192):     Upgrade-Insecure-Requests: 1\r\n
..\\Data\\global_lib.h(192):     User-Agent: Mozilla/5.0 (Windows NT 10.0; Win64; x64) AppleWebKit/537.36 (KHTML, like Geck
..\\Data\\global_lib.h(192):     o) Chrome/90.0.4430.212 Safari/537.36\r\n
..\\Data\\global_lib.h(192):     Accept-Encoding: gzip, deflate, br\r\n
..\\Data\\global_lib.h(192):     Accept-Language: en-US,en;q=0.9\r\n
..\\Data\\global_lib.h(192):     Accept: */*\r\n
..\\Data\\global_lib.h(192):     Connection: Keep-Alive\r\n
..\\Data\\global_lib.h(192):     Host: localhost:1080\r\n
..\\Data\\global_lib.h(192):     Cookie: MSO=SID&1623263383; MTUserInfo=firstName&ivan10&address2&&username&ivan10&hash&16&
..\\Data\\global_lib.h(192):     lastName&ivan10%0A&address1&&creditCard&&expDate&%0A\r\n
..\\Data\\global_lib.h(192):     Content-Length: 320\r\n
..\\Data\\global_lib.h(192):     \r\n
..\\Data\\global_lib.h(192): t=7106475ms: 320-byte request body for "http://localhost:1080/cgi-bin/reservations.pl" (RelFrameId=1, Internal ID=2639)
..\\Data\\global_lib.h(192):     firstName=ivan10&lastName=ivan10&address1=Moscow&address2=Moscow&pass1=ivan10+ivan10&credi
..\\Data\\global_lib.h(192):     tCard=642387468&expDate=1092&oldCCOption=&numPassengers=1&seatType=First&seatPref=Window&o
..\\Data\\global_lib.h(192):     utboundFlight=720%3B1060%3B06%2F11%2F2021&advanceDiscount=0&returnFlight=&JSFormSubmit=off
..\\Data\\global_lib.h(192):     &buyFlights.x=30&buyFlights.y=12&.cgifields=saveCC
..\\Data\\global_lib.h(192): t=7106475ms: Inactive socket [2] was closed by localhost:1080, probably due to Keep-Alive timeout  	[MsgId: MMSG-26000]
..\\Data\\global_lib.h(192): t=7106475ms: Closed connection [2] to localhost:1080 after completing 2 request(s)  	[MsgId: MMSG-26000]
..\\Data\\global_lib.h(192): t=7106522ms: 367-byte response headers for "http://localhost:1080/cgi-bin/reservations.pl" (RelFrameId=1, Internal ID=2639)
..\\Data\\global_lib.h(192):     HTTP/1.1 200 OK\r\n
..\\Data\\global_lib.h(192):     Date: Wed, 09 Jun 2021 18:29:59 GMT\r\n
..\\Data\\global_lib.h(192):     Server: Apache/2.2.21 (Win32)\r\n
..\\Data\\global_lib.h(192):     Expires: Tue, 08 Jun 2021 18:29:59 GMT\r\n
..\\Data\\global_lib.h(192):     Set-Cookie: MTUserInfo=firstName&ivan10&username&ivan10&address2&&hash&16&address1&&lastNa
..\\Data\\global_lib.h(192):     me&ivan10%0A; path=/\r\n
..\\Data\\global_lib.h(192):     Keep-Alive: timeout=5, max=99\r\n
..\\Data\\global_lib.h(192):     Connection: Keep-Alive\r\n
..\\Data\\global_lib.h(192):     Transfer-Encoding: chunked\r\n
..\\Data\\global_lib.h(192):     Content-Type: text/html; charset=ISO-8859-1\r\n
..\\Data\\global_lib.h(192):     \r\n
..\\Data\\global_lib.h(192): t=7106522ms: 5-byte chunked response overhead for "http://localhost:1080/cgi-bin/reservations.pl" (RelFrameId=1, Internal ID=2639)
..\\Data\\global_lib.h(192):     9af\r\n
..\\Data\\global_lib.h(192): t=7106522ms: 2-byte chunked response overhead for "http://localhost:1080/cgi-bin/reservations.pl" (RelFrameId=1, Internal ID=2639)
..\\Data\\global_lib.h(192):     \r\n
..\\Data\\global_lib.h(192): t=7106522ms: 2479-byte chunked response body for "http://localhost:1080/cgi-bin/reservations.pl" (RelFrameId=1, Internal ID=2639)
..\\Data\\global_lib.h(192):     <!DOCTYPE html\n
..\\Data\\global_lib.h(192):     \tPUBLIC "-//W3C//DTD XHTML 1.0 Transitional//EN"\n
..\\Data\\global_lib.h(192):     \t "http://www.w3.org/TR/xhtml1/DTD/xhtml1-transitional.dtd">\n
..\\Data\\global_lib.h(192):     <html xmlns="http://www.w3.org/1999/xhtml" lang="en-US" xml:lang="en-US">\n
..\\Data\\global_lib.h(192):     <head>\n
..\\Data\\global_lib.h(192):     <title>Reservation Made!</title>\n
..\\Data\\global_lib.h(192):     <meta http-equiv="Content-Type" content="text/html; charset=iso-8859-1" />\n
..\\Data\\global_lib.h(192):     </head>\n
..\\Data\\global_lib.h(192):     <body bgcolor="#E0E7F1">\n
..\\Data\\global_lib.h(192):     <style>blockquote {font-family: tahoma; font-size : 10pt}H1 {font-family: tahoma; font-siz
..\\Data\\global_lib.h(192):     e : 22pt; color: #993333}small {font-family: tahoma; font-size : 8pt}H3 {font-family: taho
..\\Data\\global_lib.h(192):     ma; font-size : 10pt; color: black}TD {font-family: tahoma; font-size : 10pt; color: black
..\\Data\\global_lib.h(192):     }</style><BR/><BR/><h1><font color="#003366">&nbsp;&nbsp;<b>Invoice</font></b></h1><blockq
..\\Data\\global_lib.h(192):     uote>\n
..\\Data\\global_lib.h(192):     <CENTER>\n
..\\Data\\global_lib.h(192):     <small><B>Thank you for booking through Web Tours.</B></small>\n
..\\Data\\global_lib.h(192):     <BR/>\n
..\\Data\\global_lib.h(192):     <BR/>\n
..\\Data\\global_lib.h(192):     <!-- Customer Name header -->\n
..\\Data\\global_lib.h(192):     <Table width="85%" border="0" cellspacing="0" >\n
..\\Data\\global_lib.h(192):       <TR bgcolor="#5E7884">\n
..\\Data\\global_lib.h(192):          <TD colspan="2" align="center">\n
..\\Data\\global_lib.h(192):             <font color="white"><b>ivan10ivan10's Flight Invoice</b></font>\n
..\\Data\\global_lib.h(192):          </TD>\n
..\\Data\\global_lib.h(192):          <TD width="160" align="right">\n
..\\Data\\global_lib.h(192):              <font color="white"><small>Wed Jun  9 21:29:59 2021\n
..\\Data\\global_lib.h(192):     </small>\n
..\\Data\\global_lib.h(192):          </TD>\n
..\\Data\\global_lib.h(192):       </TR>\n
..\\Data\\global_lib.h(192):     </Table>\n
..\\Data\\global_lib.h(192):     \n
..\\Data\\global_lib.h(192):     <Table width="85%" border="0" cellspacing="1" >\n
..\\Data\\global_lib.h(192):     <!-- Flight Item header -->\n
..\\Data\\global_lib.h(192):       <TR bgcolor="#EFF2F7">\n
..\\Data\\global_lib.h(192):          <TD colspan="2" align="left">\n
..\\Data\\global_lib.h(192):              Flights Reservation Requests:\n
..\\Data\\global_lib.h(192):         </TD>\n
..\\Data\\global_lib.h(192):         <TD align="center">Cost\n
..\\Data\\global_lib.h(192):         </TD>\n
..\\Data\\global_lib.h(192):       </TR>\n
..\\Data\\global_lib.h(192):     \n
..\\Data\\global_lib.h(192):     <!-- Flight reserved -->\n
..\\Data\\global_lib.h(192):     <TR bgcolor="#EFF2F7">\n
..\\Data\\global_lib.h(192):         <TD valign="top">1.</TD>\n
..\\Data\\global_lib.h(192):         <TD align="left">\n
..\\Data\\global_lib.h(192):            A First Class ticket\n
..\\Data\\global_lib.h(192):      from Seattle to London.</u></b>\n
..\\Data\\global_lib.h(192):     <br/>\n
..\\Data\\global_lib.h(192):     <center>\n
..\\Data\\global_lib.h(192):            <i>\n
..\\Data\\global_lib.h(192):               06/11/2021 :  8am : Flight 720 leaves Seattle  for London.<br>\n
..\\Data\\global_lib.h(192):            <br/>\n
..\\Data\\global_lib.h(192):         </TD>\n
..\\Data\\global_lib.h(192):         <TD valign="top">\n
..\\Data\\global_lib.h(192):              $1060\n
..\\Data\\global_lib.h(192):         </TD>\n
..\\Data\\global_lib.h(192):       </TR>\n
..\\Data\\global_lib.h(192):     <!-- Total Cost -->\n
..\\Data\\global_lib.h(192):       <TR bgcolor="#EFF2F7">\n
..\\Data\\global_lib.h(192):         <TD>*\n
..\\Data\\global_lib.h(192):         </TD>\n
..\\Data\\global_lib.h(192):         <TD > Total Cost\n
..\\Data\\global_lib.h(192):         </TD>\n
..\\Data\\global_lib.h(192):         <TD>\n
..\\Data\\global_lib.h(192):            <b> $1060 </b>\n
..\\Data\\global_lib.h(192):         </TD>\n
..\\Data\\global_lib.h(192):       </TR>\n
..\\Data\\global_lib.h(192):     \n
..\\Data\\global_lib.h(192):       <TR bgcolor="#EFF2F7">\n
..\\Data\\global_lib.h(192):         <TD>-\n
..\\Data\\global_lib.h(192):         </TD>\n
..\\Data\\global_lib.h(192):         <TD >\n
..\\Data\\global_lib.h(192):            Total Charged to Credit Card # 642387468\n
..\\Data\\global_lib.h(192):         </TD>\n
..\\Data\\global_lib.h(192):         <TD>\n
..\\Data\\global_lib.h(192):            <b> $1060 </b>\n
..\\Data\\global_lib.h(192):         </TD>\n
..\\Data\\global_lib.h(192):       </TR>\n
..\\Data\\global_lib.h(192):     \n
..\\Data\\global_lib.h(192):       <TR bgcolor="#EFF2F7">\n
..\\Data\\global_lib.h(192):         <TD>*\n
..\\Data\\global_lib.h(192):         </TD>\n
..\\Data\\global_lib.h(192):         <TD >\n
..\\Data\\global_lib.h(192):             Credit Account Balance\n
..\\Data\\global_lib.h(192):         </TD>\n
..\\Data\\global_lib.h(192):         <TD>\n
..\\Data\\global_lib.h(192):            <b> $0.00 </b>\n
..\\Data\\global_lib.h(192):         </TD>\n
..\\Data\\global_lib.h(192):       </TR></Table>\n
..\\Data\\global_lib.h(192):     <BR/>\n
..\\Data\\global_lib.h(192):     <Table width="85%" border="0">\n
..\\Data\\global_lib.h(192):       <tr>\n
..\\Data\\global_lib.h(192):         <td align=right>\n
..\\Data\\global_lib.h(192):     <form method="post" action="" enctype="application/x-www-form-urlencoded">\n
..\\Data\\global_lib.h(192):     <input type="image" name="Book Another" src="/WebTours/images/bookanother.gif" border="0" 
..\\Data\\global_lib.h(192):     /></form>    </td>\n
..\\Data\\global_lib.h(192):       </tr>\n
..\\Data\\global_lib.h(192):     </Table>\n
..\\Data\\global_lib.h(192):     \n
..\\Data\\global_lib.h(192):     </Center>\n
..\\Data\\global_lib.h(192):     \n
..\\Data\\global_lib.h(192):     </body>\n
..\\Data\\global_lib.h(192):     </html>
..\\Data\\global_lib.h(192): Found resource "http://localhost:1080/WebTours/images/bookanother.gif" in HTML "http://localhost:1080/cgi-bin/reservations.pl"  	[MsgId: MMSG-26659]
..\\Data\\global_lib.h(192): t=7106522ms: 5-byte chunked response overhead for "http://localhost:1080/cgi-bin/reservations.pl" (RelFrameId=1, Internal ID=2639)
..\\Data\\global_lib.h(192):     0\r\n
..\\Data\\global_lib.h(192):     \r\n
..\\Data\\global_lib.h(192): t=7106522ms: Request done "http://localhost:1080/cgi-bin/reservations.pl"  	[MsgId: MMSG-26000]
..\\Data\\global_lib.h(192): t=7106522ms: Already connected [5] to localhost:1080  	[MsgId: MMSG-26000]
..\\Data\\global_lib.h(192): t=7106522ms: 615-byte request headers for "http://localhost:1080/WebTours/images/bookanother.gif" (RelFrameId=, Internal ID=2640)
..\\Data\\global_lib.h(192):     GET /WebTours/images/bookanother.gif HTTP/1.1\r\n
..\\Data\\global_lib.h(192):     Referer: http://localhost:1080/cgi-bin/reservations.pl\r\n
..\\Data\\global_lib.h(192):     Origin: http://localhost:1080\r\n
..\\Data\\global_lib.h(192):     Sec-Fetch-Dest: frame\r\n
..\\Data\\global_lib.h(192):     Sec-Fetch-Site: same-origin\r\n
..\\Data\\global_lib.h(192):     Sec-Fetch-User: ?1\r\n
..\\Data\\global_lib.h(192):     Upgrade-Insecure-Requests: 1\r\n
..\\Data\\global_lib.h(192):     User-Agent: Mozilla/5.0 (Windows NT 10.0; Win64; x64) AppleWebKit/537.36 (KHTML, like Geck
..\\Data\\global_lib.h(192):     o) Chrome/90.0.4430.212 Safari/537.36\r\n
..\\Data\\global_lib.h(192):     Accept-Encoding: gzip, deflate, br\r\n
..\\Data\\global_lib.h(192):     Accept-Language: en-US,en;q=0.9\r\n
..\\Data\\global_lib.h(192):     Accept: */*\r\n
..\\Data\\global_lib.h(192):     Connection: Keep-Alive\r\n
..\\Data\\global_lib.h(192):     Host: localhost:1080\r\n
..\\Data\\global_lib.h(192):     Cookie: MSO=SID&1623263383; MTUserInfo=firstName&ivan10&username&ivan10&address2&&hash&16&
..\\Data\\global_lib.h(192):     address1&&lastName&ivan10%0A\r\n
..\\Data\\global_lib.h(192):     \r\n
..\\Data\\global_lib.h(192): t=7106522ms: reporting user data point RETRY_KEEP_ALIVE  	[MsgId: MMSG-26000]
..\\Data\\global_lib.h(192): RETRY 0: WSA_IO_PENDING  	[MsgId: MMSG-26000]
..\\Data\\global_lib.h(192): t=7106522ms: Closed connection [5] to localhost:1080 after completing 1 request(s)  	[MsgId: MMSG-26000]
..\\Data\\global_lib.h(192): t=7106522ms: Connecting [5] to host 127.0.0.1:1080  	[MsgId: MMSG-26000]
..\\Data\\global_lib.h(192): t=7106522ms: Connected socket [5] from 127.0.0.1:12906 to 127.0.0.1:1080 in 0 ms  	[MsgId: MMSG-26000]
..\\Data\\global_lib.h(192): t=7106522ms: 615-byte request headers for "http://localhost:1080/WebTours/images/bookanother.gif" (RelFrameId=, Internal ID=2640)
..\\Data\\global_lib.h(192):     GET /WebTours/images/bookanother.gif HTTP/1.1\r\n
..\\Data\\global_lib.h(192):     Referer: http://localhost:1080/cgi-bin/reservations.pl\r\n
..\\Data\\global_lib.h(192):     Origin: http://localhost:1080\r\n
..\\Data\\global_lib.h(192):     Sec-Fetch-Dest: frame\r\n
..\\Data\\global_lib.h(192):     Sec-Fetch-Site: same-origin\r\n
..\\Data\\global_lib.h(192):     Sec-Fetch-User: ?1\r\n
..\\Data\\global_lib.h(192):     Upgrade-Insecure-Requests: 1\r\n
..\\Data\\global_lib.h(192):     User-Agent: Mozilla/5.0 (Windows NT 10.0; Win64; x64) AppleWebKit/537.36 (KHTML, like Geck
..\\Data\\global_lib.h(192):     o) Chrome/90.0.4430.212 Safari/537.36\r\n
..\\Data\\global_lib.h(192):     Accept-Encoding: gzip, deflate, br\r\n
..\\Data\\global_lib.h(192):     Accept-Language: en-US,en;q=0.9\r\n
..\\Data\\global_lib.h(192):     Accept: */*\r\n
..\\Data\\global_lib.h(192):     Connection: Keep-Alive\r\n
..\\Data\\global_lib.h(192):     Host: localhost:1080\r\n
..\\Data\\global_lib.h(192):     Cookie: MSO=SID&1623263383; MTUserInfo=firstName&ivan10&username&ivan10&address2&&hash&16&
..\\Data\\global_lib.h(192):     address1&&lastName&ivan10%0A\r\n
..\\Data\\global_lib.h(192):     \r\n
..\\Data\\global_lib.h(192): t=7106537ms: 298-byte response headers for "http://localhost:1080/WebTours/images/bookanother.gif" (RelFrameId=, Internal ID=2640)
..\\Data\\global_lib.h(192):     HTTP/1.1 200 OK\r\n
..\\Data\\global_lib.h(192):     Date: Wed, 09 Jun 2021 18:29:59 GMT\r\n
..\\Data\\global_lib.h(192):     Server: Apache/2.2.21 (Win32)\r\n
..\\Data\\global_lib.h(192):     Last-Modified: Sun, 06 Jun 2021 20:13:35 GMT\r\n
..\\Data\\global_lib.h(192):     ETag: "100000001ebc6-326-5c41e8f4e32f2"\r\n
..\\Data\\global_lib.h(192):     Accept-Ranges: bytes\r\n
..\\Data\\global_lib.h(192):     Content-Length: 806\r\n
..\\Data\\global_lib.h(192):     Keep-Alive: timeout=5, max=100\r\n
..\\Data\\global_lib.h(192):     Connection: Keep-Alive\r\n
..\\Data\\global_lib.h(192):     Content-Type: image/gif\r\n
..\\Data\\global_lib.h(192):     \r\n
..\\Data\\global_lib.h(192): t=7106537ms: 806-byte response body for "http://localhost:1080/WebTours/images/bookanother.gif" (RelFrameId=, Internal ID=2640)
..\\Data\\global_lib.h(192): t=7106537ms: Request done "http://localhost:1080/WebTours/images/bookanother.gif"  	[MsgId: MMSG-26000]
..\\Data\\global_lib.h(192): Registered web_reg_find successful for "Text=hank you for booking through Web Tours" (count=1)  	[MsgId: MMSG-26364]
..\\Data\\global_lib.h(192): web_submit_data("reservations.pl_3") was successful, 3285 body bytes, 665 header bytes, 12 chunking overhead bytes  	[MsgId: MMSG-26385]
Action.c(39): Notify: Transaction "Reserve_flight" ended with a "Pass" status (Duration: 5.0819 Think Time: 5.0182).	[MsgId: MMSG-16872]
Action.c(43): Notify: Transaction "S2_FlightReservation" ended with a "Pass" status (Duration: 20.4483 Think Time: 20.0396).	[MsgId: MMSG-16872]
Ending action Action.	[MsgId: MMSG-15918]
Action was aborted.	[MsgId: MMSG-10694]
Ending Vuser...	[MsgId: MMSG-15966]
Starting action vuser_end.	[MsgId: MMSG-15919]
Ending action vuser_end.	[MsgId: MMSG-15918]
Vuser Terminated.	[MsgId: MMSG-15963]
t=7106537ms: Closed connection [0] to localhost:1080 after completing 2 request(s)  	[MsgId: MMSG-26000]
t=7106537ms: Closed connection [5] to localhost:1080 after completing 1 request(s)  	[MsgId: MMSG-26000]
HTML-Mode memory management statistics: Reusable=6, NonReusable=0, CsMemBlockSize=4096, checks disabled  	[MsgId: MMSG-26000]
Vuser 0 (thread 11800), ended OK."	[MsgId: MMSG-10695]
..\\Data\\global_lib.h(136): web_reg_save_param_attrib started  	[MsgId: MMSG-26355]
..\\Data\\global_lib.h(136): Registering web_reg_save_param_attrib was successful  	[MsgId: MMSG-26390]
..\\Data\\global_lib.h(145): web_reg_find started  	[MsgId: MMSG-26355]
..\\Data\\global_lib.h(145): Registering web_reg_find was successful  	[MsgId: MMSG-26390]
..\\Data\\global_lib.h(146): web_submit_data("reservations.pl") started  	[MsgId: MMSG-26355]
..\\Data\\global_lib.h(146): Notify: Parameter Substitution: parameter "departCity" =  "London"	[MsgId: MMSG-13992]
..\\Data\\global_lib.h(146): Notify: Parameter Substitution: parameter "departDate" =  "06/11/2021"	[MsgId: MMSG-13992]
..\\Data\\global_lib.h(146): Notify: Next row for parameter arriveCity = 3 [table  = arriveCity].	[MsgId: MMSG-13876]
..\\Data\\global_lib.h(146): Notify: Parameter Substitution: parameter "arriveCity" =  "Seattle"	[MsgId: MMSG-13992]
..\\Data\\global_lib.h(146): Notify: Parameter Substitution: parameter "returnDate" =  "08/08/2021"	[MsgId: MMSG-13992]
..\\Data\\global_lib.h(146): Notify: Parameter Substitution: parameter "seatPreference" =  "None"	[MsgId: MMSG-13992]
..\\Data\\global_lib.h(146): Notify: Parameter Substitution: parameter "seatType" =  "First"	[MsgId: MMSG-13992]
..\\Data\\global_lib.h(146): t=7106860ms: Closed connection [0] to localhost:1080 after completing 8 request(s)  	[MsgId: MMSG-26000]
..\\Data\\global_lib.h(146): t=7106860ms: Connecting [0] to host 127.0.0.1:1080  	[MsgId: MMSG-26000]
..\\Data\\global_lib.h(146): t=7106860ms: Connected socket [0] from 127.0.0.1:12907 to 127.0.0.1:1080 in 0 ms  	[MsgId: MMSG-26000]
..\\Data\\global_lib.h(146): t=7106860ms: 713-byte request headers for "http://localhost:1080/cgi-bin/reservations.pl" (RelFrameId=1, Internal ID=2086)
..\\Data\\global_lib.h(146):     POST /cgi-bin/reservations.pl HTTP/1.1\r\n
..\\Data\\global_lib.h(146):     Content-Type: application/x-www-form-urlencoded\r\n
..\\Data\\global_lib.h(146):     Referer: http://localhost:1080/cgi-bin/reservations.pl?page=welcome\r\n
..\\Data\\global_lib.h(146):     Sec-Fetch-Dest: frame\r\n
..\\Data\\global_lib.h(146):     Sec-Fetch-Site: same-origin\r\n
..\\Data\\global_lib.h(146):     Sec-Fetch-User: ?1\r\n
..\\Data\\global_lib.h(146):     Upgrade-Insecure-Requests: 1\r\n
..\\Data\\global_lib.h(146):     Origin: http://localhost:1080\r\n
..\\Data\\global_lib.h(146):     User-Agent: Mozilla/5.0 (Windows NT 10.0; Win64; x64) AppleWebKit/537.36 (KHTML, like Geck
..\\Data\\global_lib.h(146):     o) Chrome/90.0.4430.212 Safari/537.36\r\n
..\\Data\\global_lib.h(146):     Accept-Encoding: gzip, deflate, br\r\n
..\\Data\\global_lib.h(146):     Accept-Language: en-US,en;q=0.9\r\n
..\\Data\\global_lib.h(146):     Accept: */*\r\n
..\\Data\\global_lib.h(146):     Connection: Keep-Alive\r\n
..\\Data\\global_lib.h(146):     Host: localhost:1080\r\n
..\\Data\\global_lib.h(146):     Cookie: MSO=SID&1623263389; MTUserInfo=firstName&ivan7&address2&&username&ivan7&hash&119&l
..\\Data\\global_lib.h(146):     astName&ivan7%0A&address1&&creditCard&&expDate&%0A\r\n
..\\Data\\global_lib.h(146):     Content-Length: 267\r\n
..\\Data\\global_lib.h(146):     \r\n
..\\Data\\global_lib.h(146): t=7106860ms: 267-byte request body for "http://localhost:1080/cgi-bin/reservations.pl" (RelFrameId=1, Internal ID=2086)
..\\Data\\global_lib.h(146):     advanceDiscount=0&depart=London&departDate=06%2F11%2F2021&arrive=Seattle&returnDate=08%2F0
..\\Data\\global_lib.h(146):     8%2F2021&numPassengers=1&seatPref=None&seatType=First&findFlights.x=31&findFlights.y=5&.cg
..\\Data\\global_lib.h(146):     ifields=roundtrip&.cgifields=seatType&.cgifields=seatPref&departCity=&departCity=Zurich
..\\Data\\global_lib.h(146): t=7106860ms: Inactive socket [3] was closed by localhost:1080, probably due to Keep-Alive timeout  	[MsgId: MMSG-26000]
..\\Data\\global_lib.h(146): t=7106860ms: Closed connection [3] to localhost:1080 after completing 2 request(s)  	[MsgId: MMSG-26000]
..\\Data\\global_lib.h(146): t=7106860ms: Inactive socket [4] was closed by localhost:1080, probably due to Keep-Alive timeout  	[MsgId: MMSG-26000]
..\\Data\\global_lib.h(146): t=7106860ms: Closed connection [4] to localhost:1080 after completing 1 request(s)  	[MsgId: MMSG-26000]
..\\Data\\global_lib.h(136): web_reg_save_param_attrib started  	[MsgId: MMSG-26355]
..\\Data\\global_lib.h(146): t=7106907ms: Inactive socket [1] was closed by localhost:1080, probably due to Keep-Alive timeout  	[MsgId: MMSG-26000]
..\\Data\\global_lib.h(146): t=7106907ms: Closed connection [1] to localhost:1080 after completing 2 request(s)  	[MsgId: MMSG-26000]
..\\Data\\global_lib.h(136): Registering web_reg_save_param_attrib was successful  	[MsgId: MMSG-26390]
..\\Data\\global_lib.h(145): web_reg_find started  	[MsgId: MMSG-26355]
..\\Data\\global_lib.h(145): Registering web_reg_find was successful  	[MsgId: MMSG-26390]
..\\Data\\global_lib.h(146): web_submit_data("reservations.pl") started  	[MsgId: MMSG-26355]
..\\Data\\global_lib.h(146): Notify: Parameter Substitution: parameter "departCity" =  "Portland"	[MsgId: MMSG-13992]
..\\Data\\global_lib.h(146): Notify: Parameter Substitution: parameter "departDate" =  "06/11/2021"	[MsgId: MMSG-13992]
..\\Data\\global_lib.h(146): Notify: Next row for parameter arriveCity = 6 [table  = arriveCity].	[MsgId: MMSG-13876]
..\\Data\\global_lib.h(146): Notify: Parameter Substitution: parameter "arriveCity" =  "Paris"	[MsgId: MMSG-13992]
..\\Data\\global_lib.h(146): Notify: Parameter Substitution: parameter "returnDate" =  "08/08/2021"	[MsgId: MMSG-13992]
..\\Data\\global_lib.h(146): Notify: Parameter Substitution: parameter "seatPreference" =  "None"	[MsgId: MMSG-13992]
..\\Data\\global_lib.h(146): Notify: Parameter Substitution: parameter "seatType" =  "Business"	[MsgId: MMSG-13992]
..\\Data\\global_lib.h(146): t=7106907ms: Closed connection [0] to localhost:1080 after completing 8 request(s)  	[MsgId: MMSG-26000]
..\\Data\\global_lib.h(146): t=7106907ms: Connecting [0] to host 127.0.0.1:1080  	[MsgId: MMSG-26000]
..\\Data\\global_lib.h(146): t=7106907ms: Connected socket [0] from 127.0.0.1:12908 to 127.0.0.1:1080 in 0 ms  	[MsgId: MMSG-26000]
..\\Data\\global_lib.h(146): t=7106907ms: 713-byte request headers for "http://localhost:1080/cgi-bin/reservations.pl" (RelFrameId=1, Internal ID=1078)
..\\Data\\global_lib.h(146):     POST /cgi-bin/reservations.pl HTTP/1.1\r\n
..\\Data\\global_lib.h(146):     Content-Type: application/x-www-form-urlencoded\r\n
..\\Data\\global_lib.h(146):     Referer: http://localhost:1080/cgi-bin/reservations.pl?page=welcome\r\n
..\\Data\\global_lib.h(146):     Sec-Fetch-Dest: frame\r\n
..\\Data\\global_lib.h(146):     Sec-Fetch-Site: same-origin\r\n
..\\Data\\global_lib.h(146):     Sec-Fetch-User: ?1\r\n
..\\Data\\global_lib.h(146):     Upgrade-Insecure-Requests: 1\r\n
..\\Data\\global_lib.h(146):     Origin: http://localhost:1080\r\n
..\\Data\\global_lib.h(146):     User-Agent: Mozilla/5.0 (Windows NT 10.0; Win64; x64) AppleWebKit/537.36 (KHTML, like Geck
..\\Data\\global_lib.h(146):     o) Chrome/90.0.4430.212 Safari/537.36\r\n
..\\Data\\global_lib.h(146):     Accept-Encoding: gzip, deflate, br\r\n
..\\Data\\global_lib.h(146):     Accept-Language: en-US,en;q=0.9\r\n
..\\Data\\global_lib.h(146):     Accept: */*\r\n
..\\Data\\global_lib.h(146):     Connection: Keep-Alive\r\n
..\\Data\\global_lib.h(146):     Host: localhost:1080\r\n
..\\Data\\global_lib.h(146):     Cookie: MSO=SID&1623263389; MTUserInfo=firstName&ivan5&address2&&username&ivan5&hash&117&l
..\\Data\\global_lib.h(146):     astName&ivan5%0A&address1&&creditCard&&expDate&%0A\r\n
..\\Data\\global_lib.h(146):     Content-Length: 270\r\n
..\\Data\\global_lib.h(146):     \r\n
..\\Data\\global_lib.h(146): t=7106907ms: 270-byte request body for "http://localhost:1080/cgi-bin/reservations.pl" (RelFrameId=1, Internal ID=1078)
..\\Data\\global_lib.h(146):     advanceDiscount=0&depart=Portland&departDate=06%2F11%2F2021&arrive=Paris&returnDate=08%2F0
..\\Data\\global_lib.h(146):     8%2F2021&numPassengers=1&seatPref=None&seatType=Business&findFlights.x=31&findFlights.y=5&
..\\Data\\global_lib.h(146):     .cgifields=roundtrip&.cgifields=seatType&.cgifields=seatPref&departCity=&departCity=Zurich
..\\Data\\global_lib.h(146): t=7106907ms: Inactive socket [3] was closed by localhost:1080, probably due to Keep-Alive timeout  	[MsgId: MMSG-26000]
..\\Data\\global_lib.h(146): t=7106907ms: Closed connection [3] to localhost:1080 after completing 2 request(s)  	[MsgId: MMSG-26000]
..\\Data\\global_lib.h(146): t=7106907ms: Inactive socket [4] was closed by localhost:1080, probably due to Keep-Alive timeout  	[MsgId: MMSG-26000]
..\\Data\\global_lib.h(146): t=7106907ms: Closed connection [4] to localhost:1080 after completing 1 request(s)  	[MsgId: MMSG-26000]
..\\Data\\global_lib.h(146): t=7106907ms: Inactive socket [5] was closed by localhost:1080, probably due to Keep-Alive timeout  	[MsgId: MMSG-26000]
..\\Data\\global_lib.h(146): t=7106907ms: Closed connection [5] to localhost:1080 after completing 1 request(s)  	[MsgId: MMSG-26000]
..\\Data\\global_lib.h(146): t=7106907ms: 256-byte response headers for "http://localhost:1080/cgi-bin/reservations.pl" (RelFrameId=1, Internal ID=2086)
..\\Data\\global_lib.h(146):     HTTP/1.1 200 OK\r\n
..\\Data\\global_lib.h(146):     Date: Wed, 09 Jun 2021 18:29:59 GMT\r\n
..\\Data\\global_lib.h(146):     Server: Apache/2.2.21 (Win32)\r\n
..\\Data\\global_lib.h(146):     Expires: Tue, 08 Jun 2021 18:29:59 GMT\r\n
..\\Data\\global_lib.h(146):     Keep-Alive: timeout=5, max=100\r\n
..\\Data\\global_lib.h(146):     Connection: Keep-Alive\r\n
..\\Data\\global_lib.h(146):     Transfer-Encoding: chunked\r\n
..\\Data\\global_lib.h(146):     Content-Type: text/html; charset=ISO-8859-1\r\n
..\\Data\\global_lib.h(146):     \r\n
..\\Data\\global_lib.h(146): t=7106907ms: 5-byte chunked response overhead for "http://localhost:1080/cgi-bin/reservations.pl" (RelFrameId=1, Internal ID=2086)
..\\Data\\global_lib.h(146):     98a\r\n
..\\Data\\global_lib.h(146): t=7106907ms: 2-byte chunked response overhead for "http://localhost:1080/cgi-bin/reservations.pl" (RelFrameId=1, Internal ID=2086)
..\\Data\\global_lib.h(146):     \r\n
..\\Data\\global_lib.h(146): t=7106907ms: 2442-byte chunked response body for "http://localhost:1080/cgi-bin/reservations.pl" (RelFrameId=1, Internal ID=2086)
..\\Data\\global_lib.h(146):     <!DOCTYPE html\n
..\\Data\\global_lib.h(146):     \tPUBLIC "-//W3C//DTD XHTML 1.0 Transitional//EN"\n
..\\Data\\global_lib.h(146):     \t "http://www.w3.org/TR/xhtml1/DTD/xhtml1-transitional.dtd">\n
..\\Data\\global_lib.h(146):     <html xmlns="http://www.w3.org/1999/xhtml" lang="en-US" xml:lang="en-US">\n
..\\Data\\global_lib.h(146):     <head>\n
..\\Data\\global_lib.h(146):     <title>Flight Selections</title>\n
..\\Data\\global_lib.h(146):     <meta http-equiv="Content-Type" content="text/html; charset=iso-8859-1" />\n
..\\Data\\global_lib.h(146):     </head>\n
..\\Data\\global_lib.h(146):     <body bgcolor="#E0E7F1">\n
..\\Data\\global_lib.h(146):     <style>blockquote {font-family: tahoma; font-size : 10pt}H1 {font-family: tahoma; font-siz
..\\Data\\global_lib.h(146):     e : 22pt; color: #993333}small {font-family: tahoma; font-size : 8pt}H3 {font-family: taho
..\\Data\\global_lib.h(146):     ma; font-size : 10pt; color: black}TD {font-family: tahoma; font-size : 10pt; color: black
..\\Data\\global_lib.h(146):     }</style><BR/><BR/><h1><font color="#003366">&nbsp;&nbsp;<b>Find Flight</font></b></h1><bl
..\\Data\\global_lib.h(146):     ockquote>\n
..\\Data\\global_lib.h(146):     <form method="post" action="reservations.pl" enctype="application/x-www-form-urlencoded">\n
..\\Data\\global_lib.h(146):     \n
..\\Data\\global_lib.h(146):     <center>\n
..\\Data\\global_lib.h(146):     <!-- From London (2) To Seattle (7) -->\n
..\\Data\\global_lib.h(146):     <table cellspacing="2" border="0" width="50%">\n
..\\Data\\global_lib.h(146):     <blockquote>Flight departing from <B>London</B> to <B>Seattle</B> on <B>06/11/2021</B><BR/
..\\Data\\global_lib.h(146):     ><BR/><tr bgcolor="#5E7884"><td align="center"><font color="white"><B>Flight</B></font>\n
..\\Data\\global_lib.h(146):           \t\t<td align="center"><font color="white"><B>Departure time</B>\n
..\\Data\\global_lib.h(146):           \t\t<td align="center"><font color="white"><B>Cost</B>\n
..\\Data\\global_lib.h(146):     <tr bgcolor="#EFF2F7"><td align="center"><input type="radio" name="outboundFlight" value="
..\\Data\\global_lib.h(146):     270;1060;06/11/2021" checked="checked" >Blue Sky Air 270<td align="center">8am<td align="c
..\\Data\\global_lib.h(146):     enter">$ 1060</TD></TR><tr bgcolor="#EFF2F7"><td align="center"><input type="radio" name="
..\\Data\\global_lib.h(146):     outboundFlight" value="271;944;06/11/2021">Blue Sky Air 271<td align="center">1pm<td align
..\\Data\\global_lib.h(146):     ="center">$ 944</TD></TR><tr bgcolor="#EFF2F7"><td align="center"><input type="radio" name
..\\Data\\global_lib.h(146):     ="outboundFlight" value="272;1002;06/11/2021">Blue Sky Air 272<td align="center">5pm<td al
..\\Data\\global_lib.h(146):     ign="center">$ 1002</TD></TR><tr bgcolor="#EFF2F7"><td align="center"><input type="radio" 
..\\Data\\global_lib.h(146):     name="outboundFlight" value="273;867;06/11/2021">Blue Sky Air 273<td align="center">11pm<t
..\\Data\\global_lib.h(146):     d align="center">$ 867</TD></TR></table>\n
..\\Data\\global_lib.h(146):     \n
..\\Data\\global_lib.h(146):     <input type="hidden" name="numPassengers" value="1"  /><input type="hidden" name="advanceD
..\\Data\\global_lib.h(146):     iscount" value="0"  /><input type="hidden" name="seatType" value="First"  /><input type="h
..\\Data\\global_lib.h(146):     idden" name="seatPref" value="None"  />\n
..\\Data\\global_lib.h(146):     <P><center><table width=80% cellspacing=1><tr><td align=center>\n
..\\Data\\global_lib.h(146):     <input type="image" name="reserveFlights" src="/WebTours/images/button_next.gif" border="0
..\\Data\\global_lib.h(146):     " />\n
..\\Data\\global_lib.h(146):     <td>&nbsp;<td align=center></table></center></form></center>\n
..\\Data\\global_lib.h(146):     </blockquote>\n
..\\Data\\global_lib.h(146):     \n
..\\Data\\global_lib.h(146):     </body>\n
..\\Data\\global_lib.h(146):     </html>
..\\Data\\global_lib.h(146): Resource "http://localhost:1080/WebTours/images/button_next.gif" is in the cache already and will not be downloaded again  	[MsgId: MMSG-26655]
..\\Data\\global_lib.h(146): t=7106907ms: 5-byte chunked response overhead for "http://localhost:1080/cgi-bin/reservations.pl" (RelFrameId=1, Internal ID=2086)
..\\Data\\global_lib.h(146):     0\r\n
..\\Data\\global_lib.h(146):     \r\n
..\\Data\\global_lib.h(146): t=7106907ms: Request done "http://localhost:1080/cgi-bin/reservations.pl"  	[MsgId: MMSG-26000]
..\\Data\\global_lib.h(146): Notify: Saving Parameter "outboundFlight = 270;1060;06/11/2021".	[MsgId: MMSG-13798]
..\\Data\\global_lib.h(146): Registered web_reg_find successful for "Text=Find Flight" (count=1)  	[MsgId: MMSG-26364]
..\\Data\\global_lib.h(146): t=7106922ms: Inactive socket [1] was closed by localhost:1080, probably due to Keep-Alive timeout  	[MsgId: MMSG-26000]
..\\Data\\global_lib.h(146): web_submit_data("reservations.pl") was successful, 2442 body bytes, 256 header bytes, 12 chunking overhead bytes  	[MsgId: MMSG-26385]
..\\Data\\global_lib.h(146): t=7106922ms: Closed connection [1] to localhost:1080 after completing 2 request(s)  	[MsgId: MMSG-26000]
Action.c(32): Notify: Transaction "Find_flight" ended with a "Pass" status (Duration: 5.0752 Think Time: 5.0127).	[MsgId: MMSG-16872]
Action.c(35): Notify: Transaction "Reserve_flight" started.	[MsgId: MMSG-16999]
..\\Data\\global_lib.h(174): web_reg_find started  	[MsgId: MMSG-26355]
..\\Data\\global_lib.h(174): Registering web_reg_find was successful  	[MsgId: MMSG-26390]
..\\Data\\global_lib.h(175): web_remove_auto_header("Origin") started  	[MsgId: MMSG-26355]
..\\Data\\global_lib.h(175): Previous automatically added web header for "Origin" removed  	[MsgId: MMSG-26587]
..\\Data\\global_lib.h(175): web_remove/revert_auto_header("Origin") was successful  	[MsgId: MMSG-26392]
..\\Data\\global_lib.h(177): web_remove_auto_header("Sec-Fetch-User") started  	[MsgId: MMSG-26355]
..\\Data\\global_lib.h(177): Previous automatically added web header for "Sec-Fetch-User" removed  	[MsgId: MMSG-26587]
..\\Data\\global_lib.h(177): web_remove/revert_auto_header("Sec-Fetch-User") was successful  	[MsgId: MMSG-26392]
..\\Data\\global_lib.h(179): web_remove_auto_header("Upgrade-Insecure-Requests") started  	[MsgId: MMSG-26355]
..\\Data\\global_lib.h(179): Previous automatically added web header for "Upgrade-Insecure-Requests" removed  	[MsgId: MMSG-26587]
..\\Data\\global_lib.h(179): web_remove/revert_auto_header("Upgrade-Insecure-Requests") was successful  	[MsgId: MMSG-26392]
..\\Data\\global_lib.h(181): web_add_header("Origin") started  	[MsgId: MMSG-26355]
..\\Data\\global_lib.h(181): An unrecognized header ("Origin") is being added  	[MsgId: MMSG-26595]
..\\Data\\global_lib.h(181): "Origin: http://localhost:1080" header registered for adding to requests from the immediately following Action function  	[MsgId: MMSG-26506]
..\\Data\\global_lib.h(181): web_add_header("Origin") was successful  	[MsgId: MMSG-26392]
..\\Data\\global_lib.h(184): web_add_auto_header("Sec-Fetch-User") started  	[MsgId: MMSG-26355]
..\\Data\\global_lib.h(184): An unrecognized header ("Sec-Fetch-User") is being added  	[MsgId: MMSG-26595]
..\\Data\\global_lib.h(184): "Sec-Fetch-User: ?1" header registered for adding to requests from all following Action functions  	[MsgId: MMSG-26505]
..\\Data\\global_lib.h(184): web_add_auto_header("Sec-Fetch-User") was successful  	[MsgId: MMSG-26392]
..\\Data\\global_lib.h(187): web_add_auto_header("Upgrade-Insecure-Requests") started  	[MsgId: MMSG-26355]
..\\Data\\global_lib.h(187): An unrecognized header ("Upgrade-Insecure-Requests") is being added  	[MsgId: MMSG-26595]
..\\Data\\global_lib.h(187): "Upgrade-Insecure-Requests: 1" header registered for adding to requests from all following Action functions  	[MsgId: MMSG-26505]
..\\Data\\global_lib.h(187): web_add_auto_header("Upgrade-Insecure-Requests") was successful  	[MsgId: MMSG-26392]
..\\Data\\global_lib.h(190): lr_think_time: 5.00 seconds.	[MsgId: MMSG-15948]
..\\Data\\global_lib.h(146): t=7106954ms: Inactive socket [2] was closed by localhost:1080, probably due to Keep-Alive timeout  	[MsgId: MMSG-26000]
..\\Data\\global_lib.h(146): t=7106954ms: Closed connection [2] to localhost:1080 after completing 2 request(s)  	[MsgId: MMSG-26000]
..\\Data\\global_lib.h(146): t=7106954ms: 256-byte response headers for "http://localhost:1080/cgi-bin/reservations.pl" (RelFrameId=1, Internal ID=1078)
..\\Data\\global_lib.h(146):     HTTP/1.1 200 OK\r\n
..\\Data\\global_lib.h(146):     Date: Wed, 09 Jun 2021 18:29:59 GMT\r\n
..\\Data\\global_lib.h(146):     Server: Apache/2.2.21 (Win32)\r\n
..\\Data\\global_lib.h(146):     Expires: Tue, 08 Jun 2021 18:29:59 GMT\r\n
..\\Data\\global_lib.h(146):     Keep-Alive: timeout=5, max=100\r\n
..\\Data\\global_lib.h(146):     Connection: Keep-Alive\r\n
..\\Data\\global_lib.h(146):     Transfer-Encoding: chunked\r\n
..\\Data\\global_lib.h(146):     Content-Type: text/html; charset=ISO-8859-1\r\n
..\\Data\\global_lib.h(146):     \r\n
..\\Data\\global_lib.h(146): t=7106954ms: 5-byte chunked response overhead for "http://localhost:1080/cgi-bin/reservations.pl" (RelFrameId=1, Internal ID=1078)
..\\Data\\global_lib.h(146):     989\r\n
..\\Data\\global_lib.h(146): t=7106954ms: 2-byte chunked response overhead for "http://localhost:1080/cgi-bin/reservations.pl" (RelFrameId=1, Internal ID=1078)
..\\Data\\global_lib.h(146):     \r\n
..\\Data\\global_lib.h(146): t=7106954ms: 2441-byte chunked response body for "http://localhost:1080/cgi-bin/reservations.pl" (RelFrameId=1, Internal ID=1078)
..\\Data\\global_lib.h(146):     <!DOCTYPE html\n
..\\Data\\global_lib.h(146):     \tPUBLIC "-//W3C//DTD XHTML 1.0 Transitional//EN"\n
..\\Data\\global_lib.h(146):     \t "http://www.w3.org/TR/xhtml1/DTD/xhtml1-transitional.dtd">\n
..\\Data\\global_lib.h(146):     <html xmlns="http://www.w3.org/1999/xhtml" lang="en-US" xml:lang="en-US">\n
..\\Data\\global_lib.h(146):     <head>\n
..\\Data\\global_lib.h(146):     <title>Flight Selections</title>\n
..\\Data\\global_lib.h(146):     <meta http-equiv="Content-Type" content="text/html; charset=iso-8859-1" />\n
..\\Data\\global_lib.h(146):     </head>\n
..\\Data\\global_lib.h(146):     <body bgcolor="#E0E7F1">\n
..\\Data\\global_lib.h(146):     <style>blockquote {font-family: tahoma; font-size : 10pt}H1 {font-family: tahoma; font-siz
..\\Data\\global_lib.h(146):     e : 22pt; color: #993333}small {font-family: tahoma; font-size : 8pt}H3 {font-family: taho
..\\Data\\global_lib.h(146):     ma; font-size : 10pt; color: black}TD {font-family: tahoma; font-size : 10pt; color: black
..\\Data\\global_lib.h(146):     }</style><BR/><BR/><h1><font color="#003366">&nbsp;&nbsp;<b>Find Flight</font></b></h1><bl
..\\Data\\global_lib.h(146):     ockquote>\n
..\\Data\\global_lib.h(146):     <form method="post" action="reservations.pl" enctype="application/x-www-form-urlencoded">\n
..\\Data\\global_lib.h(146):     \n
..\\Data\\global_lib.h(146):     <center>\n
..\\Data\\global_lib.h(146):     <!-- From Portland (5) To Paris (4) -->\n
..\\Data\\global_lib.h(146):     <table cellspacing="2" border="0" width="50%">\n
..\\Data\\global_lib.h(146):     <blockquote>Flight departing from <B>Portland</B> to <B>Paris</B> on <B>06/11/2021</B><BR/
..\\Data\\global_lib.h(146):     ><BR/><tr bgcolor="#5E7884"><td align="center"><font color="white"><B>Flight</B></font>\n
..\\Data\\global_lib.h(146):           \t\t<td align="center"><font color="white"><B>Departure time</B>\n
..\\Data\\global_lib.h(146):           \t\t<td align="center"><font color="white"><B>Cost</B>\n
..\\Data\\global_lib.h(146):     <tr bgcolor="#EFF2F7"><td align="center"><input type="radio" name="outboundFlight" value="
..\\Data\\global_lib.h(146):     540;901;06/11/2021" checked="checked" >Blue Sky Air 540<td align="center">8am<td align="ce
..\\Data\\global_lib.h(146):     nter">$ 901</TD></TR><tr bgcolor="#EFF2F7"><td align="center"><input type="radio" name="ou
..\\Data\\global_lib.h(146):     tboundFlight" value="541;802;06/11/2021">Blue Sky Air 541<td align="center">1pm<td align="
..\\Data\\global_lib.h(146):     center">$ 802</TD></TR><tr bgcolor="#EFF2F7"><td align="center"><input type="radio" name="
..\\Data\\global_lib.h(146):     outboundFlight" value="542;852;06/11/2021">Blue Sky Air 542<td align="center">5pm<td align
..\\Data\\global_lib.h(146):     ="center">$ 852</TD></TR><tr bgcolor="#EFF2F7"><td align="center"><input type="radio" name
..\\Data\\global_lib.h(146):     ="outboundFlight" value="543;737;06/11/2021">Blue Sky Air 543<td align="center">11pm<td al
..\\Data\\global_lib.h(146):     ign="center">$ 737</TD></TR></table>\n
..\\Data\\global_lib.h(146):     \n
..\\Data\\global_lib.h(146):     <input type="hidden" name="numPassengers" value="1"  /><input type="hidden" name="advanceD
..\\Data\\global_lib.h(146):     iscount" value="0"  /><input type="hidden" name="seatType" value="Business"  /><input type
..\\Data\\global_lib.h(146):     ="hidden" name="seatPref" value="None"  />\n
..\\Data\\global_lib.h(146):     <P><center><table width=80% cellspacing=1><tr><td align=center>\n
..\\Data\\global_lib.h(146):     <input type="image" name="reserveFlights" src="/WebTours/images/button_next.gif" border="0
..\\Data\\global_lib.h(146):     " />\n
..\\Data\\global_lib.h(146):     <td>&nbsp;<td align=center></table></center></form></center>\n
..\\Data\\global_lib.h(146):     </blockquote>\n
..\\Data\\global_lib.h(146):     \n
..\\Data\\global_lib.h(146):     </body>\n
..\\Data\\global_lib.h(146):     </html>
..\\Data\\global_lib.h(146): Resource "http://localhost:1080/WebTours/images/button_next.gif" is in the cache already and will not be downloaded again  	[MsgId: MMSG-26655]
..\\Data\\global_lib.h(146): t=7106954ms: 5-byte chunked response overhead for "http://localhost:1080/cgi-bin/reservations.pl" (RelFrameId=1, Internal ID=1078)
..\\Data\\global_lib.h(146):     0\r\n
..\\Data\\global_lib.h(146):     \r\n
..\\Data\\global_lib.h(146): t=7106954ms: Request done "http://localhost:1080/cgi-bin/reservations.pl"  	[MsgId: MMSG-26000]
..\\Data\\global_lib.h(146): Notify: Saving Parameter "outboundFlight = 540;901;06/11/2021".	[MsgId: MMSG-13798]
..\\Data\\global_lib.h(146): Registered web_reg_find successful for "Text=Find Flight" (count=1)  	[MsgId: MMSG-26364]
..\\Data\\global_lib.h(146): web_submit_data("reservations.pl") was successful, 2441 body bytes, 256 header bytes, 12 chunking overhead bytes  	[MsgId: MMSG-26385]
Action.c(32): Notify: Transaction "Find_flight" ended with a "Pass" status (Duration: 5.0619 Think Time: 5.0150).	[MsgId: MMSG-16872]
Action.c(35): Notify: Transaction "Reserve_flight" started.	[MsgId: MMSG-16999]
..\\Data\\global_lib.h(174): web_reg_find started  	[MsgId: MMSG-26355]
..\\Data\\global_lib.h(174): Registering web_reg_find was successful  	[MsgId: MMSG-26390]
..\\Data\\global_lib.h(175): web_remove_auto_header("Origin") started  	[MsgId: MMSG-26355]
..\\Data\\global_lib.h(175): Previous automatically added web header for "Origin" removed  	[MsgId: MMSG-26587]
..\\Data\\global_lib.h(175): web_remove/revert_auto_header("Origin") was successful  	[MsgId: MMSG-26392]
..\\Data\\global_lib.h(177): web_remove_auto_header("Sec-Fetch-User") started  	[MsgId: MMSG-26355]
..\\Data\\global_lib.h(177): Previous automatically added web header for "Sec-Fetch-User" removed  	[MsgId: MMSG-26587]
..\\Data\\global_lib.h(177): web_remove/revert_auto_header("Sec-Fetch-User") was successful  	[MsgId: MMSG-26392]
..\\Data\\global_lib.h(179): web_remove_auto_header("Upgrade-Insecure-Requests") started  	[MsgId: MMSG-26355]
..\\Data\\global_lib.h(179): Previous automatically added web header for "Upgrade-Insecure-Requests" removed  	[MsgId: MMSG-26587]
..\\Data\\global_lib.h(179): web_remove/revert_auto_header("Upgrade-Insecure-Requests") was successful  	[MsgId: MMSG-26392]
..\\Data\\global_lib.h(181): web_add_header("Origin") started  	[MsgId: MMSG-26355]
..\\Data\\global_lib.h(181): An unrecognized header ("Origin") is being added  	[MsgId: MMSG-26595]
..\\Data\\global_lib.h(181): "Origin: http://localhost:1080" header registered for adding to requests from the immediately following Action function  	[MsgId: MMSG-26506]
..\\Data\\global_lib.h(181): web_add_header("Origin") was successful  	[MsgId: MMSG-26392]
..\\Data\\global_lib.h(184): web_add_auto_header("Sec-Fetch-User") started  	[MsgId: MMSG-26355]
..\\Data\\global_lib.h(184): An unrecognized header ("Sec-Fetch-User") is being added  	[MsgId: MMSG-26595]
..\\Data\\global_lib.h(184): "Sec-Fetch-User: ?1" header registered for adding to requests from all following Action functions  	[MsgId: MMSG-26505]
..\\Data\\global_lib.h(184): web_add_auto_header("Sec-Fetch-User") was successful  	[MsgId: MMSG-26392]
..\\Data\\global_lib.h(187): web_add_auto_header("Upgrade-Insecure-Requests") started  	[MsgId: MMSG-26355]
..\\Data\\global_lib.h(187): An unrecognized header ("Upgrade-Insecure-Requests") is being added  	[MsgId: MMSG-26595]
..\\Data\\global_lib.h(187): "Upgrade-Insecure-Requests: 1" header registered for adding to requests from all following Action functions  	[MsgId: MMSG-26505]
..\\Data\\global_lib.h(187): web_add_auto_header("Upgrade-Insecure-Requests") was successful  	[MsgId: MMSG-26392]
..\\Data\\global_lib.h(190): lr_think_time: 5.00 seconds.	[MsgId: MMSG-15948]
..\\Data\\global_lib.h(192): web_submit_data("reservations.pl_3") started  	[MsgId: MMSG-26355]
..\\Data\\global_lib.h(192): Notify: Next row for parameter firstName = 7 [table  = firstName].	[MsgId: MMSG-13876]
..\\Data\\global_lib.h(192): Notify: Parameter Substitution: parameter "firstName" =  "ivan7"	[MsgId: MMSG-13992]
..\\Data\\global_lib.h(192): Notify: Next row for parameter lastName = 7 [table  = lastName].	[MsgId: MMSG-13876]
..\\Data\\global_lib.h(192): Notify: Parameter Substitution: parameter "lastName" =  "ivan7"	[MsgId: MMSG-13992]
..\\Data\\global_lib.h(192): Notify: Next row for parameter adress = 7 [table  = adress].	[MsgId: MMSG-13876]
..\\Data\\global_lib.h(192): Notify: Parameter Substitution: parameter "adress" =  "Moscow"	[MsgId: MMSG-13992]
..\\Data\\global_lib.h(192): Notify: Next row for parameter adress = 7 [table  = adress].	[MsgId: MMSG-13876]
..\\Data\\global_lib.h(192): Notify: Parameter Substitution: parameter "adress" =  "Moscow"	[MsgId: MMSG-13992]
..\\Data\\global_lib.h(192): Notify: Next row for parameter lastName = 7 [table  = lastName].	[MsgId: MMSG-13876]
..\\Data\\global_lib.h(192): Notify: Parameter Substitution: parameter "lastName" =  "ivan7"	[MsgId: MMSG-13992]
..\\Data\\global_lib.h(192): Notify: Next row for parameter lastName = 7 [table  = lastName].	[MsgId: MMSG-13876]
..\\Data\\global_lib.h(192): Notify: Parameter Substitution: parameter "lastName" =  "ivan7"	[MsgId: MMSG-13992]
..\\Data\\global_lib.h(192): Notify: Next row for parameter creditCard = 7 [table  = creditCard].	[MsgId: MMSG-13876]
..\\Data\\global_lib.h(192): Notify: Parameter Substitution: parameter "creditCard" =  "12312312"	[MsgId: MMSG-13992]
..\\Data\\global_lib.h(192): Notify: Next row for parameter expDate = 7 [table  = expDate].	[MsgId: MMSG-13876]
..\\Data\\global_lib.h(192): Notify: Parameter Substitution: parameter "expDate" =  "3123"	[MsgId: MMSG-13992]
..\\Data\\global_lib.h(192): Notify: Parameter Substitution: parameter "seatType" =  "First"	[MsgId: MMSG-13992]
..\\Data\\global_lib.h(192): Notify: Parameter Substitution: parameter "seatPreference" =  "None"	[MsgId: MMSG-13992]
..\\Data\\global_lib.h(192): Notify: Parameter Substitution: parameter "outboundFlight" =  "270;1060;06/11/2021"	[MsgId: MMSG-13992]
..\\Data\\global_lib.h(192): t=7111923ms: Already connected [0] to localhost:1080  	[MsgId: MMSG-26000]
..\\Data\\global_lib.h(192): t=7111923ms: 700-byte request headers for "http://localhost:1080/cgi-bin/reservations.pl" (RelFrameId=1, Internal ID=2087)
..\\Data\\global_lib.h(192):     POST /cgi-bin/reservations.pl HTTP/1.1\r\n
..\\Data\\global_lib.h(192):     Content-Type: application/x-www-form-urlencoded\r\n
..\\Data\\global_lib.h(192):     Referer: http://localhost:1080/cgi-bin/reservations.pl\r\n
..\\Data\\global_lib.h(192):     Origin: http://localhost:1080\r\n
..\\Data\\global_lib.h(192):     Sec-Fetch-Dest: frame\r\n
..\\Data\\global_lib.h(192):     Sec-Fetch-Site: same-origin\r\n
..\\Data\\global_lib.h(192):     Sec-Fetch-User: ?1\r\n
..\\Data\\global_lib.h(192):     Upgrade-Insecure-Requests: 1\r\n
..\\Data\\global_lib.h(192):     User-Agent: Mozilla/5.0 (Windows NT 10.0; Win64; x64) AppleWebKit/537.36 (KHTML, like Geck
..\\Data\\global_lib.h(192):     o) Chrome/90.0.4430.212 Safari/537.36\r\n
..\\Data\\global_lib.h(192):     Accept-Encoding: gzip, deflate, br\r\n
..\\Data\\global_lib.h(192):     Accept-Language: en-US,en;q=0.9\r\n
..\\Data\\global_lib.h(192):     Accept: */*\r\n
..\\Data\\global_lib.h(192):     Connection: Keep-Alive\r\n
..\\Data\\global_lib.h(192):     Host: localhost:1080\r\n
..\\Data\\global_lib.h(192):     Cookie: MSO=SID&1623263389; MTUserInfo=firstName&ivan7&address2&&username&ivan7&hash&119&l
..\\Data\\global_lib.h(192):     astName&ivan7%0A&address1&&creditCard&&expDate&%0A\r\n
..\\Data\\global_lib.h(192):     Content-Length: 313\r\n
..\\Data\\global_lib.h(192):     \r\n
..\\Data\\global_lib.h(192): t=7111923ms: 313-byte request body for "http://localhost:1080/cgi-bin/reservations.pl" (RelFrameId=1, Internal ID=2087)
..\\Data\\global_lib.h(192):     firstName=ivan7&lastName=ivan7&address1=Moscow&address2=Moscow&pass1=ivan7+ivan7&creditCar
..\\Data\\global_lib.h(192):     d=12312312&expDate=3123&oldCCOption=&numPassengers=1&seatType=First&seatPref=None&outbound
..\\Data\\global_lib.h(192):     Flight=270%3B1060%3B06%2F11%2F2021&advanceDiscount=0&returnFlight=&JSFormSubmit=off&buyFli
..\\Data\\global_lib.h(192):     ghts.x=30&buyFlights.y=12&.cgifields=saveCC
..\\Data\\global_lib.h(192): t=7111923ms: Inactive socket [2] was closed by localhost:1080, probably due to Keep-Alive timeout  	[MsgId: MMSG-26000]
..\\Data\\global_lib.h(192): t=7111923ms: Closed connection [2] to localhost:1080 after completing 3 request(s)  	[MsgId: MMSG-26000]
..\\Data\\global_lib.h(192): web_submit_data("reservations.pl_3") started  	[MsgId: MMSG-26355]
..\\Data\\global_lib.h(192): Notify: Next row for parameter firstName = 5 [table  = firstName].	[MsgId: MMSG-13876]
..\\Data\\global_lib.h(192): Notify: Parameter Substitution: parameter "firstName" =  "ivan5"	[MsgId: MMSG-13992]
..\\Data\\global_lib.h(192): Notify: Next row for parameter lastName = 5 [table  = lastName].	[MsgId: MMSG-13876]
..\\Data\\global_lib.h(192): Notify: Parameter Substitution: parameter "lastName" =  "ivan5"	[MsgId: MMSG-13992]
..\\Data\\global_lib.h(192): Notify: Next row for parameter adress = 5 [table  = adress].	[MsgId: MMSG-13876]
..\\Data\\global_lib.h(192): Notify: Parameter Substitution: parameter "adress" =  "Moscow"	[MsgId: MMSG-13992]
..\\Data\\global_lib.h(192): Notify: Next row for parameter adress = 5 [table  = adress].	[MsgId: MMSG-13876]
..\\Data\\global_lib.h(192): Notify: Parameter Substitution: parameter "adress" =  "Moscow"	[MsgId: MMSG-13992]
..\\Data\\global_lib.h(192): Notify: Next row for parameter lastName = 5 [table  = lastName].	[MsgId: MMSG-13876]
..\\Data\\global_lib.h(192): Notify: Parameter Substitution: parameter "lastName" =  "ivan5"	[MsgId: MMSG-13992]
..\\Data\\global_lib.h(192): Notify: Next row for parameter lastName = 5 [table  = lastName].	[MsgId: MMSG-13876]
..\\Data\\global_lib.h(192): Notify: Parameter Substitution: parameter "lastName" =  "ivan5"	[MsgId: MMSG-13992]
..\\Data\\global_lib.h(192): Notify: Next row for parameter creditCard = 5 [table  = creditCard].	[MsgId: MMSG-13876]
..\\Data\\global_lib.h(192): Notify: Parameter Substitution: parameter "creditCard" =  "12345567"	[MsgId: MMSG-13992]
..\\Data\\global_lib.h(192): Notify: Next row for parameter expDate = 5 [table  = expDate].	[MsgId: MMSG-13876]
..\\Data\\global_lib.h(192): Notify: Parameter Substitution: parameter "expDate" =  "1223"	[MsgId: MMSG-13992]
..\\Data\\global_lib.h(192): Notify: Parameter Substitution: parameter "seatType" =  "Business"	[MsgId: MMSG-13992]
..\\Data\\global_lib.h(192): Notify: Parameter Substitution: parameter "seatPreference" =  "None"	[MsgId: MMSG-13992]
..\\Data\\global_lib.h(192): Notify: Parameter Substitution: parameter "outboundFlight" =  "540;901;06/11/2021"	[MsgId: MMSG-13992]
..\\Data\\global_lib.h(192): t=7111970ms: Already connected [0] to localhost:1080  	[MsgId: MMSG-26000]
..\\Data\\global_lib.h(192): t=7111970ms: 700-byte request headers for "http://localhost:1080/cgi-bin/reservations.pl" (RelFrameId=1, Internal ID=1079)
..\\Data\\global_lib.h(192):     POST /cgi-bin/reservations.pl HTTP/1.1\r\n
..\\Data\\global_lib.h(192):     Content-Type: application/x-www-form-urlencoded\r\n
..\\Data\\global_lib.h(192):     Referer: http://localhost:1080/cgi-bin/reservations.pl\r\n
..\\Data\\global_lib.h(192):     Origin: http://localhost:1080\r\n
..\\Data\\global_lib.h(192):     Sec-Fetch-Dest: frame\r\n
..\\Data\\global_lib.h(192):     Sec-Fetch-Site: same-origin\r\n
..\\Data\\global_lib.h(192):     Sec-Fetch-User: ?1\r\n
..\\Data\\global_lib.h(192):     Upgrade-Insecure-Requests: 1\r\n
..\\Data\\global_lib.h(192):     User-Agent: Mozilla/5.0 (Windows NT 10.0; Win64; x64) AppleWebKit/537.36 (KHTML, like Geck
..\\Data\\global_lib.h(192):     o) Chrome/90.0.4430.212 Safari/537.36\r\n
..\\Data\\global_lib.h(192):     Accept-Encoding: gzip, deflate, br\r\n
..\\Data\\global_lib.h(192):     Accept-Language: en-US,en;q=0.9\r\n
..\\Data\\global_lib.h(192):     Accept: */*\r\n
..\\Data\\global_lib.h(192):     Connection: Keep-Alive\r\n
..\\Data\\global_lib.h(192):     Host: localhost:1080\r\n
..\\Data\\global_lib.h(192):     Cookie: MSO=SID&1623263389; MTUserInfo=firstName&ivan5&address2&&username&ivan5&hash&117&l
..\\Data\\global_lib.h(192):     astName&ivan5%0A&address1&&creditCard&&expDate&%0A\r\n
..\\Data\\global_lib.h(192):     Content-Length: 315\r\n
..\\Data\\global_lib.h(192):     \r\n
..\\Data\\global_lib.h(192): t=7111970ms: 315-byte request body for "http://localhost:1080/cgi-bin/reservations.pl" (RelFrameId=1, Internal ID=1079)
..\\Data\\global_lib.h(192):     firstName=ivan5&lastName=ivan5&address1=Moscow&address2=Moscow&pass1=ivan5+ivan5&creditCar
..\\Data\\global_lib.h(192):     d=12345567&expDate=1223&oldCCOption=&numPassengers=1&seatType=Business&seatPref=None&outbo
..\\Data\\global_lib.h(192):     undFlight=540%3B901%3B06%2F11%2F2021&advanceDiscount=0&returnFlight=&JSFormSubmit=off&buyF
..\\Data\\global_lib.h(192):     lights.x=30&buyFlights.y=12&.cgifields=saveCC
..\\Data\\global_lib.h(192): t=7111970ms: 365-byte response headers for "http://localhost:1080/cgi-bin/reservations.pl" (RelFrameId=1, Internal ID=2087)
..\\Data\\global_lib.h(192):     HTTP/1.1 200 OK\r\n
..\\Data\\global_lib.h(192):     Date: Wed, 09 Jun 2021 18:30:04 GMT\r\n
..\\Data\\global_lib.h(192):     Server: Apache/2.2.21 (Win32)\r\n
..\\Data\\global_lib.h(192):     Expires: Tue, 08 Jun 2021 18:30:04 GMT\r\n
..\\Data\\global_lib.h(192):     Set-Cookie: MTUserInfo=firstName&ivan7&username&ivan7&address2&&hash&119&address1&&lastNam
..\\Data\\global_lib.h(192):     e&ivan7%0A; path=/\r\n
..\\Data\\global_lib.h(192):     Keep-Alive: timeout=5, max=99\r\n
..\\Data\\global_lib.h(192):     Connection: Keep-Alive\r\n
..\\Data\\global_lib.h(192):     Transfer-Encoding: chunked\r\n
..\\Data\\global_lib.h(192):     Content-Type: text/html; charset=ISO-8859-1\r\n
..\\Data\\global_lib.h(192):     \r\n
..\\Data\\global_lib.h(192): t=7111970ms: 5-byte chunked response overhead for "http://localhost:1080/cgi-bin/reservations.pl" (RelFrameId=1, Internal ID=2087)
..\\Data\\global_lib.h(192):     9ac\r\n
..\\Data\\global_lib.h(192): t=7111970ms: 2-byte chunked response overhead for "http://localhost:1080/cgi-bin/reservations.pl" (RelFrameId=1, Internal ID=2087)
..\\Data\\global_lib.h(192):     \r\n
..\\Data\\global_lib.h(192): t=7111970ms: 2476-byte chunked response body for "http://localhost:1080/cgi-bin/reservations.pl" (RelFrameId=1, Internal ID=2087)
..\\Data\\global_lib.h(192):     <!DOCTYPE html\n
..\\Data\\global_lib.h(192):     \tPUBLIC "-//W3C//DTD XHTML 1.0 Transitional//EN"\n
..\\Data\\global_lib.h(192):     \t "http://www.w3.org/TR/xhtml1/DTD/xhtml1-transitional.dtd">\n
..\\Data\\global_lib.h(192):     <html xmlns="http://www.w3.org/1999/xhtml" lang="en-US" xml:lang="en-US">\n
..\\Data\\global_lib.h(192):     <head>\n
..\\Data\\global_lib.h(192):     <title>Reservation Made!</title>\n
..\\Data\\global_lib.h(192):     <meta http-equiv="Content-Type" content="text/html; charset=iso-8859-1" />\n
..\\Data\\global_lib.h(192):     </head>\n
..\\Data\\global_lib.h(192):     <body bgcolor="#E0E7F1">\n
..\\Data\\global_lib.h(192):     <style>blockquote {font-family: tahoma; font-size : 10pt}H1 {font-family: tahoma; font-siz
..\\Data\\global_lib.h(192):     e : 22pt; color: #993333}small {font-family: tahoma; font-size : 8pt}H3 {font-family: taho
..\\Data\\global_lib.h(192):     ma; font-size : 10pt; color: black}TD {font-family: tahoma; font-size : 10pt; color: black
..\\Data\\global_lib.h(192):     }</style><BR/><BR/><h1><font color="#003366">&nbsp;&nbsp;<b>Invoice</font></b></h1><blockq
..\\Data\\global_lib.h(192):     uote>\n
..\\Data\\global_lib.h(192):     <CENTER>\n
..\\Data\\global_lib.h(192):     <small><B>Thank you for booking through Web Tours.</B></small>\n
..\\Data\\global_lib.h(192):     <BR/>\n
..\\Data\\global_lib.h(192):     <BR/>\n
..\\Data\\global_lib.h(192):     <!-- Customer Name header -->\n
..\\Data\\global_lib.h(192):     <Table width="85%" border="0" cellspacing="0" >\n
..\\Data\\global_lib.h(192):       <TR bgcolor="#5E7884">\n
..\\Data\\global_lib.h(192):          <TD colspan="2" align="center">\n
..\\Data\\global_lib.h(192):             <font color="white"><b>ivan7ivan7's Flight Invoice</b></font>\n
..\\Data\\global_lib.h(192):          </TD>\n
..\\Data\\global_lib.h(192):          <TD width="160" align="right">\n
..\\Data\\global_lib.h(192):              <font color="white"><small>Wed Jun  9 21:30:04 2021\n
..\\Data\\global_lib.h(192):     </small>\n
..\\Data\\global_lib.h(192):          </TD>\n
..\\Data\\global_lib.h(192):       </TR>\n
..\\Data\\global_lib.h(192):     </Table>\n
..\\Data\\global_lib.h(192):     \n
..\\Data\\global_lib.h(192):     <Table width="85%" border="0" cellspacing="1" >\n
..\\Data\\global_lib.h(192):     <!-- Flight Item header -->\n
..\\Data\\global_lib.h(192):       <TR bgcolor="#EFF2F7">\n
..\\Data\\global_lib.h(192):          <TD colspan="2" align="left">\n
..\\Data\\global_lib.h(192):              Flights Reservation Requests:\n
..\\Data\\global_lib.h(192):         </TD>\n
..\\Data\\global_lib.h(192):         <TD align="center">Cost\n
..\\Data\\global_lib.h(192):         </TD>\n
..\\Data\\global_lib.h(192):       </TR>\n
..\\Data\\global_lib.h(192):     \n
..\\Data\\global_lib.h(192):     <!-- Flight reserved -->\n
..\\Data\\global_lib.h(192):     <TR bgcolor="#EFF2F7">\n
..\\Data\\global_lib.h(192):         <TD valign="top">1.</TD>\n
..\\Data\\global_lib.h(192):         <TD align="left">\n
..\\Data\\global_lib.h(192):            A First Class ticket\n
..\\Data\\global_lib.h(192):      from London to Seattle.</u></b>\n
..\\Data\\global_lib.h(192):     <br/>\n
..\\Data\\global_lib.h(192):     <center>\n
..\\Data\\global_lib.h(192):            <i>\n
..\\Data\\global_lib.h(192):               06/11/2021 :  8am : Flight 270 leaves London  for Seattle.<br>\n
..\\Data\\global_lib.h(192):            <br/>\n
..\\Data\\global_lib.h(192):         </TD>\n
..\\Data\\global_lib.h(192):         <TD valign="top">\n
..\\Data\\global_lib.h(192):              $1060\n
..\\Data\\global_lib.h(192):         </TD>\n
..\\Data\\global_lib.h(192):       </TR>\n
..\\Data\\global_lib.h(192):     <!-- Total Cost -->\n
..\\Data\\global_lib.h(192):       <TR bgcolor="#EFF2F7">\n
..\\Data\\global_lib.h(192):         <TD>*\n
..\\Data\\global_lib.h(192):         </TD>\n
..\\Data\\global_lib.h(192):         <TD > Total Cost\n
..\\Data\\global_lib.h(192):         </TD>\n
..\\Data\\global_lib.h(192):         <TD>\n
..\\Data\\global_lib.h(192):            <b> $1060 </b>\n
..\\Data\\global_lib.h(192):         </TD>\n
..\\Data\\global_lib.h(192):       </TR>\n
..\\Data\\global_lib.h(192):     \n
..\\Data\\global_lib.h(192):       <TR bgcolor="#EFF2F7">\n
..\\Data\\global_lib.h(192):         <TD>-\n
..\\Data\\global_lib.h(192):         </TD>\n
..\\Data\\global_lib.h(192):         <TD >\n
..\\Data\\global_lib.h(192):            Total Charged to Credit Card # 12312312\n
..\\Data\\global_lib.h(192):         </TD>\n
..\\Data\\global_lib.h(192):         <TD>\n
..\\Data\\global_lib.h(192):            <b> $1060 </b>\n
..\\Data\\global_lib.h(192):         </TD>\n
..\\Data\\global_lib.h(192):       </TR>\n
..\\Data\\global_lib.h(192):     \n
..\\Data\\global_lib.h(192):       <TR bgcolor="#EFF2F7">\n
..\\Data\\global_lib.h(192):         <TD>*\n
..\\Data\\global_lib.h(192):         </TD>\n
..\\Data\\global_lib.h(192):         <TD >\n
..\\Data\\global_lib.h(192):             Credit Account Balance\n
..\\Data\\global_lib.h(192):         </TD>\n
..\\Data\\global_lib.h(192):         <TD>\n
..\\Data\\global_lib.h(192):            <b> $0.00 </b>\n
..\\Data\\global_lib.h(192):         </TD>\n
..\\Data\\global_lib.h(192):       </TR></Table>\n
..\\Data\\global_lib.h(192):     <BR/>\n
..\\Data\\global_lib.h(192):     <Table width="85%" border="0">\n
..\\Data\\global_lib.h(192):       <tr>\n
..\\Data\\global_lib.h(192):         <td align=right>\n
..\\Data\\global_lib.h(192):     <form method="post" action="" enctype="application/x-www-form-urlencoded">\n
..\\Data\\global_lib.h(192):     <input type="image" name="Book Another" src="/WebTours/images/bookanother.gif" border="0" 
..\\Data\\global_lib.h(192):     /></form>    </td>\n
..\\Data\\global_lib.h(192):       </tr>\n
..\\Data\\global_lib.h(192):     </Table>\n
..\\Data\\global_lib.h(192):     \n
..\\Data\\global_lib.h(192):     </Center>\n
..\\Data\\global_lib.h(192):     \n
..\\Data\\global_lib.h(192):     </body>\n
..\\Data\\global_lib.h(192):     </html>
..\\Data\\global_lib.h(192): Found resource "http://localhost:1080/WebTours/images/bookanother.gif" in HTML "http://localhost:1080/cgi-bin/reservations.pl"  	[MsgId: MMSG-26659]
..\\Data\\global_lib.h(192): t=7111970ms: 5-byte chunked response overhead for "http://localhost:1080/cgi-bin/reservations.pl" (RelFrameId=1, Internal ID=2087)
..\\Data\\global_lib.h(192):     0\r\n
..\\Data\\global_lib.h(192):     \r\n
..\\Data\\global_lib.h(192): t=7111970ms: Request done "http://localhost:1080/cgi-bin/reservations.pl"  	[MsgId: MMSG-26000]
..\\Data\\global_lib.h(192): t=7111970ms: Connecting [1] to host 127.0.0.1:1080  	[MsgId: MMSG-26000]
..\\Data\\global_lib.h(192): t=7111970ms: Connected socket [1] from 127.0.0.1:12925 to 127.0.0.1:1080 in 0 ms  	[MsgId: MMSG-26000]
..\\Data\\global_lib.h(192): t=7111970ms: 613-byte request headers for "http://localhost:1080/WebTours/images/bookanother.gif" (RelFrameId=, Internal ID=2088)
..\\Data\\global_lib.h(192):     GET /WebTours/images/bookanother.gif HTTP/1.1\r\n
..\\Data\\global_lib.h(192):     Referer: http://localhost:1080/cgi-bin/reservations.pl\r\n
..\\Data\\global_lib.h(192):     Origin: http://localhost:1080\r\n
..\\Data\\global_lib.h(192):     Sec-Fetch-Dest: frame\r\n
..\\Data\\global_lib.h(192):     Sec-Fetch-Site: same-origin\r\n
..\\Data\\global_lib.h(192):     Sec-Fetch-User: ?1\r\n
..\\Data\\global_lib.h(192):     Upgrade-Insecure-Requests: 1\r\n
..\\Data\\global_lib.h(192):     User-Agent: Mozilla/5.0 (Windows NT 10.0; Win64; x64) AppleWebKit/537.36 (KHTML, like Geck
..\\Data\\global_lib.h(192):     o) Chrome/90.0.4430.212 Safari/537.36\r\n
..\\Data\\global_lib.h(192):     Accept-Encoding: gzip, deflate, br\r\n
..\\Data\\global_lib.h(192):     Accept-Language: en-US,en;q=0.9\r\n
..\\Data\\global_lib.h(192):     Accept: */*\r\n
..\\Data\\global_lib.h(192):     Connection: Keep-Alive\r\n
..\\Data\\global_lib.h(192):     Host: localhost:1080\r\n
..\\Data\\global_lib.h(192):     Cookie: MSO=SID&1623263389; MTUserInfo=firstName&ivan7&username&ivan7&address2&&hash&119&a
..\\Data\\global_lib.h(192):     ddress1&&lastName&ivan7%0A\r\n
..\\Data\\global_lib.h(192):     \r\n
..\\Data\\global_lib.h(192): t=7111970ms: 298-byte response headers for "http://localhost:1080/WebTours/images/bookanother.gif" (RelFrameId=, Internal ID=2088)
..\\Data\\global_lib.h(192):     HTTP/1.1 200 OK\r\n
..\\Data\\global_lib.h(192):     Date: Wed, 09 Jun 2021 18:30:04 GMT\r\n
..\\Data\\global_lib.h(192):     Server: Apache/2.2.21 (Win32)\r\n
..\\Data\\global_lib.h(192):     Last-Modified: Sun, 06 Jun 2021 20:13:35 GMT\r\n
..\\Data\\global_lib.h(192):     ETag: "100000001ebc6-326-5c41e8f4e32f2"\r\n
..\\Data\\global_lib.h(192):     Accept-Ranges: bytes\r\n
..\\Data\\global_lib.h(192):     Content-Length: 806\r\n
..\\Data\\global_lib.h(192):     Keep-Alive: timeout=5, max=100\r\n
..\\Data\\global_lib.h(192):     Connection: Keep-Alive\r\n
..\\Data\\global_lib.h(192):     Content-Type: image/gif\r\n
..\\Data\\global_lib.h(192):     \r\n
..\\Data\\global_lib.h(192): t=7111970ms: 806-byte response body for "http://localhost:1080/WebTours/images/bookanother.gif" (RelFrameId=, Internal ID=2088)
..\\Data\\global_lib.h(192): t=7111970ms: Request done "http://localhost:1080/WebTours/images/bookanother.gif"  	[MsgId: MMSG-26000]
..\\Data\\global_lib.h(192): Registered web_reg_find successful for "Text=hank you for booking through Web Tours" (count=1)  	[MsgId: MMSG-26364]
..\\Data\\global_lib.h(192): web_submit_data("reservations.pl_3") was successful, 3282 body bytes, 663 header bytes, 12 chunking overhead bytes  	[MsgId: MMSG-26385]
Action.c(39): Notify: Transaction "Reserve_flight" ended with a "Pass" status (Duration: 5.0475 Think Time: 5.0006).	[MsgId: MMSG-16872]
Action.c(43): Notify: Transaction "S2_FlightReservation" ended with a "Pass" status (Duration: 20.5172 Think Time: 20.0421).	[MsgId: MMSG-16872]
Ending action Action.	[MsgId: MMSG-15918]
Action was aborted.	[MsgId: MMSG-10694]
Ending Vuser...	[MsgId: MMSG-15966]
Starting action vuser_end.	[MsgId: MMSG-15919]
Ending action vuser_end.	[MsgId: MMSG-15918]
Vuser Terminated.	[MsgId: MMSG-15963]
t=7111985ms: Closed connection [0] to localhost:1080 after completing 2 request(s)  	[MsgId: MMSG-26000]
t=7111985ms: Closed connection [1] to localhost:1080 after completing 1 request(s)  	[MsgId: MMSG-26000]
HTML-Mode memory management statistics: Reusable=6, NonReusable=0, CsMemBlockSize=4096, checks disabled  	[MsgId: MMSG-26000]
Vuser 5 (thread 2416), ended OK."	[MsgId: MMSG-10695]
..\\Data\\global_lib.h(192): t=7112024ms: 365-byte response headers for "http://localhost:1080/cgi-bin/reservations.pl" (RelFrameId=1, Internal ID=1079)
..\\Data\\global_lib.h(192):     HTTP/1.1 200 OK\r\n
..\\Data\\global_lib.h(192):     Date: Wed, 09 Jun 2021 18:30:04 GMT\r\n
..\\Data\\global_lib.h(192):     Server: Apache/2.2.21 (Win32)\r\n
..\\Data\\global_lib.h(192):     Expires: Tue, 08 Jun 2021 18:30:04 GMT\r\n
..\\Data\\global_lib.h(192):     Set-Cookie: MTUserInfo=firstName&ivan5&username&ivan5&address2&&hash&117&address1&&lastNam
..\\Data\\global_lib.h(192):     e&ivan5%0A; path=/\r\n
..\\Data\\global_lib.h(192):     Keep-Alive: timeout=5, max=99\r\n
..\\Data\\global_lib.h(192):     Connection: Keep-Alive\r\n
..\\Data\\global_lib.h(192):     Transfer-Encoding: chunked\r\n
..\\Data\\global_lib.h(192):     Content-Type: text/html; charset=ISO-8859-1\r\n
..\\Data\\global_lib.h(192):     \r\n
..\\Data\\global_lib.h(192): t=7112024ms: 5-byte chunked response overhead for "http://localhost:1080/cgi-bin/reservations.pl" (RelFrameId=1, Internal ID=1079)
..\\Data\\global_lib.h(192):     9ac\r\n
..\\Data\\global_lib.h(192): t=7112024ms: 2-byte chunked response overhead for "http://localhost:1080/cgi-bin/reservations.pl" (RelFrameId=1, Internal ID=1079)
..\\Data\\global_lib.h(192):     \r\n
..\\Data\\global_lib.h(192): t=7112024ms: 2476-byte chunked response body for "http://localhost:1080/cgi-bin/reservations.pl" (RelFrameId=1, Internal ID=1079)
..\\Data\\global_lib.h(192):     <!DOCTYPE html\n
..\\Data\\global_lib.h(192):     \tPUBLIC "-//W3C//DTD XHTML 1.0 Transitional//EN"\n
..\\Data\\global_lib.h(192):     \t "http://www.w3.org/TR/xhtml1/DTD/xhtml1-transitional.dtd">\n
..\\Data\\global_lib.h(192):     <html xmlns="http://www.w3.org/1999/xhtml" lang="en-US" xml:lang="en-US">\n
..\\Data\\global_lib.h(192):     <head>\n
..\\Data\\global_lib.h(192):     <title>Reservation Made!</title>\n
..\\Data\\global_lib.h(192):     <meta http-equiv="Content-Type" content="text/html; charset=iso-8859-1" />\n
..\\Data\\global_lib.h(192):     </head>\n
..\\Data\\global_lib.h(192):     <body bgcolor="#E0E7F1">\n
..\\Data\\global_lib.h(192):     <style>blockquote {font-family: tahoma; font-size : 10pt}H1 {font-family: tahoma; font-siz
..\\Data\\global_lib.h(192):     e : 22pt; color: #993333}small {font-family: tahoma; font-size : 8pt}H3 {font-family: taho
..\\Data\\global_lib.h(192):     ma; font-size : 10pt; color: black}TD {font-family: tahoma; font-size : 10pt; color: black
..\\Data\\global_lib.h(192):     }</style><BR/><BR/><h1><font color="#003366">&nbsp;&nbsp;<b>Invoice</font></b></h1><blockq
..\\Data\\global_lib.h(192):     uote>\n
..\\Data\\global_lib.h(192):     <CENTER>\n
..\\Data\\global_lib.h(192):     <small><B>Thank you for booking through Web Tours.</B></small>\n
..\\Data\\global_lib.h(192):     <BR/>\n
..\\Data\\global_lib.h(192):     <BR/>\n
..\\Data\\global_lib.h(192):     <!-- Customer Name header -->\n
..\\Data\\global_lib.h(192):     <Table width="85%" border="0" cellspacing="0" >\n
..\\Data\\global_lib.h(192):       <TR bgcolor="#5E7884">\n
..\\Data\\global_lib.h(192):          <TD colspan="2" align="center">\n
..\\Data\\global_lib.h(192):             <font color="white"><b>ivan5ivan5's Flight Invoice</b></font>\n
..\\Data\\global_lib.h(192):          </TD>\n
..\\Data\\global_lib.h(192):          <TD width="160" align="right">\n
..\\Data\\global_lib.h(192):              <font color="white"><small>Wed Jun  9 21:30:04 2021\n
..\\Data\\global_lib.h(192):     </small>\n
..\\Data\\global_lib.h(192):          </TD>\n
..\\Data\\global_lib.h(192):       </TR>\n
..\\Data\\global_lib.h(192):     </Table>\n
..\\Data\\global_lib.h(192):     \n
..\\Data\\global_lib.h(192):     <Table width="85%" border="0" cellspacing="1" >\n
..\\Data\\global_lib.h(192):     <!-- Flight Item header -->\n
..\\Data\\global_lib.h(192):       <TR bgcolor="#EFF2F7">\n
..\\Data\\global_lib.h(192):          <TD colspan="2" align="left">\n
..\\Data\\global_lib.h(192):              Flights Reservation Requests:\n
..\\Data\\global_lib.h(192):         </TD>\n
..\\Data\\global_lib.h(192):         <TD align="center">Cost\n
..\\Data\\global_lib.h(192):         </TD>\n
..\\Data\\global_lib.h(192):       </TR>\n
..\\Data\\global_lib.h(192):     \n
..\\Data\\global_lib.h(192):     <!-- Flight reserved -->\n
..\\Data\\global_lib.h(192):     <TR bgcolor="#EFF2F7">\n
..\\Data\\global_lib.h(192):         <TD valign="top">1.</TD>\n
..\\Data\\global_lib.h(192):         <TD align="left">\n
..\\Data\\global_lib.h(192):            A Business Class ticket\n
..\\Data\\global_lib.h(192):      from Portland to Paris.</u></b>\n
..\\Data\\global_lib.h(192):     <br/>\n
..\\Data\\global_lib.h(192):     <center>\n
..\\Data\\global_lib.h(192):            <i>\n
..\\Data\\global_lib.h(192):               06/11/2021 :  8am : Flight 540 leaves Portland  for Paris.<br>\n
..\\Data\\global_lib.h(192):            <br/>\n
..\\Data\\global_lib.h(192):         </TD>\n
..\\Data\\global_lib.h(192):         <TD valign="top">\n
..\\Data\\global_lib.h(192):              $901\n
..\\Data\\global_lib.h(192):         </TD>\n
..\\Data\\global_lib.h(192):       </TR>\n
..\\Data\\global_lib.h(192):     <!-- Total Cost -->\n
..\\Data\\global_lib.h(192):       <TR bgcolor="#EFF2F7">\n
..\\Data\\global_lib.h(192):         <TD>*\n
..\\Data\\global_lib.h(192):         </TD>\n
..\\Data\\global_lib.h(192):         <TD > Total Cost\n
..\\Data\\global_lib.h(192):         </TD>\n
..\\Data\\global_lib.h(192):         <TD>\n
..\\Data\\global_lib.h(192):            <b> $901 </b>\n
..\\Data\\global_lib.h(192):         </TD>\n
..\\Data\\global_lib.h(192):       </TR>\n
..\\Data\\global_lib.h(192):     \n
..\\Data\\global_lib.h(192):       <TR bgcolor="#EFF2F7">\n
..\\Data\\global_lib.h(192):         <TD>-\n
..\\Data\\global_lib.h(192):         </TD>\n
..\\Data\\global_lib.h(192):         <TD >\n
..\\Data\\global_lib.h(192):            Total Charged to Credit Card # 12345567\n
..\\Data\\global_lib.h(192):         </TD>\n
..\\Data\\global_lib.h(192):         <TD>\n
..\\Data\\global_lib.h(192):            <b> $901 </b>\n
..\\Data\\global_lib.h(192):         </TD>\n
..\\Data\\global_lib.h(192):       </TR>\n
..\\Data\\global_lib.h(192):     \n
..\\Data\\global_lib.h(192):       <TR bgcolor="#EFF2F7">\n
..\\Data\\global_lib.h(192):         <TD>*\n
..\\Data\\global_lib.h(192):         </TD>\n
..\\Data\\global_lib.h(192):         <TD >\n
..\\Data\\global_lib.h(192):             Credit Account Balance\n
..\\Data\\global_lib.h(192):         </TD>\n
..\\Data\\global_lib.h(192):         <TD>\n
..\\Data\\global_lib.h(192):            <b> $0.00 </b>\n
..\\Data\\global_lib.h(192):         </TD>\n
..\\Data\\global_lib.h(192):       </TR></Table>\n
..\\Data\\global_lib.h(192):     <BR/>\n
..\\Data\\global_lib.h(192):     <Table width="85%" border="0">\n
..\\Data\\global_lib.h(192):       <tr>\n
..\\Data\\global_lib.h(192):         <td align=right>\n
..\\Data\\global_lib.h(192):     <form method="post" action="" enctype="application/x-www-form-urlencoded">\n
..\\Data\\global_lib.h(192):     <input type="image" name="Book Another" src="/WebTours/images/bookanother.gif" border="0" 
..\\Data\\global_lib.h(192):     /></form>    </td>\n
..\\Data\\global_lib.h(192):       </tr>\n
..\\Data\\global_lib.h(192):     </Table>\n
..\\Data\\global_lib.h(192):     \n
..\\Data\\global_lib.h(192):     </Center>\n
..\\Data\\global_lib.h(192):     \n
..\\Data\\global_lib.h(192):     </body>\n
..\\Data\\global_lib.h(192):     </html>
..\\Data\\global_lib.h(192): Found resource "http://localhost:1080/WebTours/images/bookanother.gif" in HTML "http://localhost:1080/cgi-bin/reservations.pl"  	[MsgId: MMSG-26659]
..\\Data\\global_lib.h(192): t=7112024ms: Connecting [1] to host 127.0.0.1:1080  	[MsgId: MMSG-26000]
..\\Data\\global_lib.h(192): t=7112024ms: Connected socket [1] from 127.0.0.1:12926 to 127.0.0.1:1080 in 0 ms  	[MsgId: MMSG-26000]
..\\Data\\global_lib.h(192): t=7112024ms: 613-byte request headers for "http://localhost:1080/WebTours/images/bookanother.gif" (RelFrameId=, Internal ID=1080)
..\\Data\\global_lib.h(192):     GET /WebTours/images/bookanother.gif HTTP/1.1\r\n
..\\Data\\global_lib.h(192):     Referer: http://localhost:1080/cgi-bin/reservations.pl\r\n
..\\Data\\global_lib.h(192):     Origin: http://localhost:1080\r\n
..\\Data\\global_lib.h(192):     Sec-Fetch-Dest: frame\r\n
..\\Data\\global_lib.h(192):     Sec-Fetch-Site: same-origin\r\n
..\\Data\\global_lib.h(192):     Sec-Fetch-User: ?1\r\n
..\\Data\\global_lib.h(192):     Upgrade-Insecure-Requests: 1\r\n
..\\Data\\global_lib.h(192):     User-Agent: Mozilla/5.0 (Windows NT 10.0; Win64; x64) AppleWebKit/537.36 (KHTML, like Geck
..\\Data\\global_lib.h(192):     o) Chrome/90.0.4430.212 Safari/537.36\r\n
..\\Data\\global_lib.h(192):     Accept-Encoding: gzip, deflate, br\r\n
..\\Data\\global_lib.h(192):     Accept-Language: en-US,en;q=0.9\r\n
..\\Data\\global_lib.h(192):     Accept: */*\r\n
..\\Data\\global_lib.h(192):     Connection: Keep-Alive\r\n
..\\Data\\global_lib.h(192):     Host: localhost:1080\r\n
..\\Data\\global_lib.h(192):     Cookie: MSO=SID&1623263389; MTUserInfo=firstName&ivan5&username&ivan5&address2&&hash&117&a
..\\Data\\global_lib.h(192):     ddress1&&lastName&ivan5%0A\r\n
..\\Data\\global_lib.h(192):     \r\n
..\\Data\\global_lib.h(192): t=7112024ms: 5-byte chunked response overhead for "http://localhost:1080/cgi-bin/reservations.pl" (RelFrameId=1, Internal ID=1079)
..\\Data\\global_lib.h(192):     0\r\n
..\\Data\\global_lib.h(192):     \r\n
..\\Data\\global_lib.h(192): t=7112024ms: Request done "http://localhost:1080/cgi-bin/reservations.pl"  	[MsgId: MMSG-26000]
..\\Data\\global_lib.h(192): t=7112024ms: 298-byte response headers for "http://localhost:1080/WebTours/images/bookanother.gif" (RelFrameId=, Internal ID=1080)
..\\Data\\global_lib.h(192):     HTTP/1.1 200 OK\r\n
..\\Data\\global_lib.h(192):     Date: Wed, 09 Jun 2021 18:30:04 GMT\r\n
..\\Data\\global_lib.h(192):     Server: Apache/2.2.21 (Win32)\r\n
..\\Data\\global_lib.h(192):     Last-Modified: Sun, 06 Jun 2021 20:13:35 GMT\r\n
..\\Data\\global_lib.h(192):     ETag: "100000001ebc6-326-5c41e8f4e32f2"\r\n
..\\Data\\global_lib.h(192):     Accept-Ranges: bytes\r\n
..\\Data\\global_lib.h(192):     Content-Length: 806\r\n
..\\Data\\global_lib.h(192):     Keep-Alive: timeout=5, max=100\r\n
..\\Data\\global_lib.h(192):     Connection: Keep-Alive\r\n
..\\Data\\global_lib.h(192):     Content-Type: image/gif\r\n
..\\Data\\global_lib.h(192):     \r\n
..\\Data\\global_lib.h(192): t=7112024ms: 806-byte response body for "http://localhost:1080/WebTours/images/bookanother.gif" (RelFrameId=, Internal ID=1080)
..\\Data\\global_lib.h(192): t=7112024ms: Request done "http://localhost:1080/WebTours/images/bookanother.gif"  	[MsgId: MMSG-26000]
..\\Data\\global_lib.h(192): Registered web_reg_find successful for "Text=hank you for booking through Web Tours" (count=1)  	[MsgId: MMSG-26364]
..\\Data\\global_lib.h(192): web_submit_data("reservations.pl_3") was successful, 3282 body bytes, 663 header bytes, 12 chunking overhead bytes  	[MsgId: MMSG-26385]
Action.c(39): Notify: Transaction "Reserve_flight" ended with a "Pass" status (Duration: 5.0707 Think Time: 5.0162).	[MsgId: MMSG-16872]
Action.c(43): Notify: Transaction "S2_FlightReservation" ended with a "Pass" status (Duration: 20.4936 Think Time: 20.0601).	[MsgId: MMSG-16872]
Ending action Action.	[MsgId: MMSG-15918]
Action was aborted.	[MsgId: MMSG-10694]
Ending Vuser...	[MsgId: MMSG-15966]
Starting action vuser_end.	[MsgId: MMSG-15919]
Ending action vuser_end.	[MsgId: MMSG-15918]
Vuser Terminated.	[MsgId: MMSG-15963]
t=7112024ms: Closed connection [0] to localhost:1080 after completing 2 request(s)  	[MsgId: MMSG-26000]
t=7112024ms: Closed connection [1] to localhost:1080 after completing 1 request(s)  	[MsgId: MMSG-26000]
HTML-Mode memory management statistics: Reusable=6, NonReusable=0, CsMemBlockSize=4096, checks disabled  	[MsgId: MMSG-26000]
Vuser 9 (thread 14280), ended OK."	[MsgId: MMSG-10695]
