Virtual User Script started at: 6/10/2021 10:34:27 AM	[MsgId: MMSG-15967]
Starting action vuser_init.	[MsgId: MMSG-15919]
Web Turbo Replay of LoadRunner 12.55.0 for Windows 10; build 911 (Jul 24 2017 19:46:00)  	[MsgId: MMSG-26983]
Run mode: HTML  	[MsgId: MMSG-26993]
Replay user agent: Mozilla/5.0 (Windows NT 10.0; Win64; x64) AppleWebKit/537.36 (KHTML, like Gecko) Chrome/90.0.4430.212 Safari/537.36  	[MsgId: MMSG-26988]
Run-Time Settings file: "C:\Users\fikser\AppData\Local\Temp\lr5tmpdir1xL.64\lrcfgzvK.65\cfg3JJ.76"  	[MsgId: MMSG-27141]
Vuser directory: "C:\Users\fikser\Desktop\IBS HOME WORK\LRHomeWork\Scripts\S1_Login"  	[MsgId: MMSG-27052]
Vuser output directory: "C:\Users\fikser\Desktop\IBS HOME WORK\LRHomeWork\Scripts\S1_Login"  	[MsgId: MMSG-27050]
Operating system's current working directory: "C:\Users\fikser\Desktop\IBS HOME WORK\LRHomeWork\Scripts\S1_Login"  	[MsgId: MMSG-27048]
UTC (GMT) start date/time   : 2021-06-10 07:34:27  	[MsgId: MMSG-26992]
LOCAL start date/time       : 2021-06-10 10:34:27  	[MsgId: MMSG-26991]
Local daylight-Savings-Time : No  	[MsgId: MMSG-26990]
Some of the Run-Time Settings:  	[MsgId: MMSG-27142]
    Download non-HTML resources: Yes  	[MsgId: MMSG-27018]
    Verification checks: No  	[MsgId: MMSG-27017]
    Convert from/to UTF-8: No  	[MsgId: MMSG-27016]
    Simulate a new user each iteration: Yes  	[MsgId: MMSG-27009]
    Non-critical item errors as warnings: Yes  	[MsgId: MMSG-27008]
    HTTP errors as warnings: No  	[MsgId: MMSG-27007]
    WinInet replay instead of Sockets: No  	[MsgId: MMSG-27006]
    HTTP version: 1.1  	[MsgId: MMSG-27005]
    Keep-Alive HTTP connections: Yes  	[MsgId: MMSG-27004]
    Max self Meta refresh updates: 2  	[MsgId: MMSG-27003]
    No proxy is used (direct connection to the Internet)  	[MsgId: MMSG-27171]
    DNS caching: No  	[MsgId: MMSG-27035]
    Simulate browser cache: Yes  	[MsgId: MMSG-27034]
        Cache URLs requiring content (e.g., HTMLs): Yes  	[MsgId: MMSG-27033]
            Additional URLs requiring content: text/xml;text/plain  	[MsgId: MMSG-27032]
        Check for newer versions every visit to the page: No  	[MsgId: MMSG-27031]
    Page download timeout (sec): 120  	[MsgId: MMSG-27030]
    Resource Page Timeout is a Warning: No  	[MsgId: MMSG-27029]
    ContentCheck enabled: Yes  	[MsgId: MMSG-27028]
    ContentCheck script-level file: "C:\Users\fikser\AppData\Local\Temp\lr5tmpdir1xL.64\lrcfgzvK.65\LrwiAedScript.xml"  	[MsgId: MMSG-27027]
    Enable Web Page Breakdown: Yes  	[MsgId: MMSG-27026]
    Enable connection data points: Yes  	[MsgId: MMSG-27023]
    Process socket after reschedule: Yes  	[MsgId: MMSG-27022]
    Snapshot on error: No  	[MsgId: MMSG-27021]
    Define each step as a transaction: No  	[MsgId: MMSG-27020]
    Read beyond Content-Length: No  	[MsgId: MMSG-26994]
    Parse HTML Content-Type: TEXT  	[MsgId: MMSG-26999]
    Graph hits per second and HTTP status codes: Yes  	[MsgId: MMSG-26998]
    Graph response bytes per second: Yes  	[MsgId: MMSG-26997]
    Graph pages per second: No  	[MsgId: MMSG-26996]
    Web recorder version ID: 10  	[MsgId: MMSG-26995]
Ending action vuser_init.	[MsgId: MMSG-15918]
Running Vuser...	[MsgId: MMSG-15964]
Starting iteration 1.	[MsgId: MMSG-15968]
Maximum number of concurrent connections per server: 6  	[MsgId: MMSG-26989]
Starting action Action.	[MsgId: MMSG-15919]
Action.c(3): web_set_max_html_param_len started  	[MsgId: MMSG-26355]
Action.c(3): web_set_max_html_param_len was successful  	[MsgId: MMSG-26392]
Action.c(5): Notify: Transaction "S1_Go_to_flights" started.	[MsgId: MMSG-16999]
Action.c(7): web_set_sockets_option started  	[MsgId: MMSG-26355]
Action.c(7): web_set_sockets_option was successful  	[MsgId: MMSG-26392]
Action.c(9): Notify: Transaction "Welcome_page" started.	[MsgId: MMSG-16999]
..\\Data\\global_lib.h(7): web_set_sockets_option started  	[MsgId: MMSG-26355]
..\\Data\\global_lib.h(7): web_set_sockets_option was successful  	[MsgId: MMSG-26392]
..\\Data\\global_lib.h(8): web_add_header("Sec-Fetch-Site") started  	[MsgId: MMSG-26355]
..\\Data\\global_lib.h(8): An unrecognized header ("Sec-Fetch-Site") is being added  	[MsgId: MMSG-26595]
..\\Data\\global_lib.h(8): "Sec-Fetch-Site: cross-site" header registered for adding to requests from the immediately following Action function  	[MsgId: MMSG-26506]
..\\Data\\global_lib.h(8): web_add_header("Sec-Fetch-Site") was successful  	[MsgId: MMSG-26392]
..\\Data\\global_lib.h(41): lr_think_time: 5.00 seconds.	[MsgId: MMSG-15948]
..\\Data\\global_lib.h(42): web_reg_find started  	[MsgId: MMSG-26355]
..\\Data\\global_lib.h(42): Registering web_reg_find was successful  	[MsgId: MMSG-26390]
..\\Data\\global_lib.h(43): web_reg_save_param_ex started  	[MsgId: MMSG-26355]
..\\Data\\global_lib.h(43): Registering web_reg_save_param_ex was successful  	[MsgId: MMSG-26390]
..\\Data\\global_lib.h(52): web_url("WebTours") started  	[MsgId: MMSG-26355]
..\\Data\\global_lib.h(52): t=5406ms: Connecting [0] to host 127.0.0.1:1080  	[MsgId: MMSG-26000]
..\\Data\\global_lib.h(52): Error -27792: Failed to connect to server "localhost:1080": [10061] Connection refused  	[MsgId: MERR-27792]
..\\Data\\global_lib.h(52): t=7444ms: Closed connection [0] to localhost:1080 after completing 0 request(s)  	[MsgId: MMSG-26000]
..\\Data\\global_lib.h(52): Search registration for "userSession" parameter is filtered by "Scope"  	[MsgId: MMSG-26000]
..\\Data\\global_lib.h(52): Notify: Saving Parameter "userSession = ".	[MsgId: MMSG-13798]
..\\Data\\global_lib.h(52): Error -35061: No match found for the requested parameter "userSession". Either the specified boundaries were not found in the response or the matched text is longer than current max html parameter size of 4500 bytes. The total length of the response is 0 bytes. You can use "web_set_max_html_param_len" to increase the max parameter size.  	[MsgId: MERR-35061]
..\\Data\\global_lib.h(52): Error -26366: "Text=Web Tours" not found for web_reg_find  	[MsgId: MERR-26366]
..\\Data\\global_lib.h(52): Error -26374: The above "not found" error(s) may be explained by header and body byte counts being 0 and 0, respectively.  	[MsgId: MERR-26374]
..\\Data\\global_lib.h(52): web_url("WebTours") highest severity level was "ERROR", 0 body bytes, 0 header bytes  	[MsgId: MMSG-26388]
..\\Data\\global_lib.h(52): Notify: Transaction "Welcome_page" ended with a "Fail" status (Duration: 7.0485 Think Time: 5.0056 Wasted Time: 0.0005).	[MsgId: MMSG-16870]
..\\Data\\global_lib.h(52): Notify: Transaction "Welcome_page" has 3 error message(s).	[MsgId: MMSG-16818]
..\\Data\\global_lib.h(52): Notify: The 1st error message associated with transaction "Welcome_page" is "Error -27792: Failed to connect to server "localhost:1080": [10061] Connection refused"	[MsgId: MMSG-16819]
..\\Data\\global_lib.h(52): Notify: The 2nd error message associated with transaction "Welcome_page" is "Error -26366: "Text=Web Tours" not found for web_reg_find"	[MsgId: MMSG-16819]
..\\Data\\global_lib.h(52): Notify: The 3rd error message associated with transaction "Welcome_page" is "Error -26374: The above "not found" error(s) may be explained by header and body byte counts being 0 and 0, respectively."	[MsgId: MMSG-16819]
..\\Data\\global_lib.h(52): Notify: Transaction "S1_Go_to_flights" ended with a "Fail" status (Duration: 7.0487 Think Time: 5.0056 Wasted Time: 0.0005).	[MsgId: MMSG-16870]
..\\Data\\global_lib.h(52): Notify: Transaction "S1_Go_to_flights" has 3 error message(s).	[MsgId: MMSG-16818]
..\\Data\\global_lib.h(52): Notify: The 1st error message associated with transaction "S1_Go_to_flights" is "Error -27792: Failed to connect to server "localhost:1080": [10061] Connection refused"	[MsgId: MMSG-16819]
..\\Data\\global_lib.h(52): Notify: The 2nd error message associated with transaction "S1_Go_to_flights" is "Error -26366: "Text=Web Tours" not found for web_reg_find"	[MsgId: MMSG-16819]
..\\Data\\global_lib.h(52): Notify: The 3rd error message associated with transaction "S1_Go_to_flights" is "Error -26374: The above "not found" error(s) may be explained by header and body byte counts being 0 and 0, respectively."	[MsgId: MMSG-16819]
Ending action Action.	[MsgId: MMSG-15918]
Action was aborted.	[MsgId: MMSG-10694]
Ending Vuser...	[MsgId: MMSG-15966]
Starting action vuser_end.	[MsgId: MMSG-15919]
Ending action vuser_end.	[MsgId: MMSG-15918]
Vuser Terminated.	[MsgId: MMSG-15963]
HTML-Mode memory management statistics: Reusable=0, NonReusable=0, CsMemBlockSize=4096, checks disabled  	[MsgId: MMSG-26000]
Vuser 0 (thread 748), ended OK."	[MsgId: MMSG-10695]
