..\\Data\\global_lib.h(349):       <TD width="5%" >.<br/>.<br/>.<br/>.</TD>\n
..\\Data\\global_lib.h(349):       <TD width="45%" valign=top><b>Invoice sent to:</b><br/>\n
..\\Data\\global_lib.h(349):           <center>\n
..\\Data\\global_lib.h(349):           <Table width="80%" cellspacing="0" > <tr> <td>\n
..\\Data\\global_lib.h(349):               ivan9 ivan9\n
..\\Data\\global_lib.h(349):     <br/>\n
..\\Data\\global_lib.h(349):               Moscow<br/>\n
..\\Data\\global_lib.h(349):               Moscow<br/>\n
..\\Data\\global_lib.h(349):               <br/>\n
..\\Data\\global_lib.h(349):               Total Charge: $ 565 <BR/> (CC: x-4534)\n
..\\Data\\global_lib.h(349):           </td> </tr> </table>\n
..\\Data\\global_lib.h(349):           </center>\n
..\\Data\\global_lib.h(349):       </TD>\n
..\\Data\\global_lib.h(349):     </TR>\n
..\\Data\\global_lib.h(349):     <TR bgcolor="#EFF2F7">\n
..\\Data\\global_lib.h(349):       <TD COLSPAN="3">\n
..\\Data\\global_lib.h(349):       <b>Flight Details:</b><BR/>  <center>\n
..\\Data\\global_lib.h(349):       06/10/2021\n
..\\Data\\global_lib.h(349):      :  8am : Flight 720 leaves Seattle  for London.<br>  </center>\n
..\\Data\\global_lib.h(349):       </TD>\n
..\\Data\\global_lib.h(349):     </TR>\n
..\\Data\\global_lib.h(349):     \n
..\\Data\\global_lib.h(349):     <TR bgcolor="#EFF2F7">\n
..\\Data\\global_lib.h(349):       <TD COLSPAN="4">\n
..\\Data\\global_lib.h(349):       <hr/>\n
..\\Data\\global_lib.h(349):       </TD>\n
..\\Data\\global_lib.h(349):     </TR>\n
..\\Data\\global_lib.h(349):     \n
..\\Data\\global_lib.h(349):     <!-- Flight #1 -->\n
..\\Data\\global_lib.h(349):     <TR bgcolor="#EFF2F7">\n
..\\Data\\global_lib.h(349):       <TD width="5%" rowspan="2" align="left" valign="top">\n
..\\Data\\global_lib.h(349):     <b>\n
..\\Data\\global_lib.h(349):     <label><input type="checkbox" name="302" value="on" /></label></font></b>\n
..\\Data\\global_lib.h(349):     <input type="hidden" name="flightID" value="167942625-232377-ii"  />\n
..\\Data\\global_lib.h(349):       </TD>\n
..\\Data\\global_lib.h(349):       <TD width="45%" valign="top">\n
..\\Data\\global_lib.h(349):           <b>&nbsp;&nbsp;A Business class ticket for :</b><br/>\n
..\\Data\\global_lib.h(349):           <center><table border="0" width="85%"><tr><td>\n
..\\Data\\global_lib.h(349):           <li><i>ivan9 ivan9\n
..\\Data\\global_lib.h(349):           <li><i></i>\n
..\\Data\\global_lib.h(349):           </td></tr></table></center>\n
..\\Data\\global_lib.h(349):       </TD>\n
..\\Data\\global_lib.h(349):       <TD width="5%" >.<br/>.<br/>.<br/>.</TD>\n
..\\Data\\global_lib.h(349):       <TD width="45%" valign=top><b>Invoice sent to:</b><br/>\n
..\\Data\\global_lib.h(349):           <center>\n
..\\Data\\global_lib.h(349):           <Table width="80%" cellspacing="0" > <tr> <td>\n
..\\Data\\global_lib.h(349):               ivan9 ivan9\n
..\\Data\\global_lib.h(349):     <br/>\n
..\\Data\\global_lib.h(349):               Moscow<br/>\n
..\\Data\\global_lib.h(349):               Moscow<br/>\n
..\\Data\\global_lib.h(349):               <br/>\n
..\\Data\\global_lib.h(349):               Total Charge: $ 901 <BR/> (CC: x-4534)\n
..\\Data\\global_lib.h(349):           </td> </tr> </table>\n
..\\Data\\global_lib.h(349):           </center>\n
..\\Data\\global_lib.h(349):       </TD>\n
..\\Data\\global_lib.h(349):     </TR>\n
..\\Data\\global_lib.h(349):     <TR bgcolor="#EFF2F7">\n
..\\Data\\global_lib.h(349):       <TD COLSPAN="3">\n
..\\Data\\global_lib.h(349):       <b>Flight Details:</b><BR/>  <center>\n
..\\Data\\global_lib.h(349):       06/10/2021\n
..\\Data\\global_lib.h(349):      :  8am : Flight 450 leaves Paris  for Portland.<br>  </center>\n
..\\Data\\global_lib.h(349):       </TD>\n
..\\Data\\global_lib.h(349):     </TR>\n
..\\Data\\global_lib.h(349):     \n
..\\Data\\global_lib.h(349):     <TR bgcolor="#EFF2F7">\n
..\\Data\\global_lib.h(349):       <TD COLSPAN="4">\n
..\\Data\\global_lib.h(349):       <hr/>\n
..\\Data\\global_lib.h(349):       </TD>\n
..\\Data\\global_lib.h(349):     </TR>\n
..\\Data\\global_lib.h(349):     <TR>\n
..\\Data\\global_lib.h(349):        <TD align="center" COLSPAN="4">\n
..\\Data\\global_lib.h(349):        <b>A total of 302 scheduled flights.</font></b>\n
..\\Data\\global_lib.h(349):        </TD>\n
..\\Data\\global_lib.h(349):     </TR>\n
..\\Data\\global_lib.h(349):     </TABLE>\n
..\\Data\\global_lib.h(349):     \n
..\\Data\\global_lib.h(349):     <TABLE WIDTH="87%" BORDER="0" CELLSPACING="0">\n
..\\Data\\global_lib.h(349):     <TR>\n
..\\Data\\global_lib.h(349):     <TD align="left" width="50%" >\n
..\\Data\\global_lib.h(349):     <input type="image" name="removeFlights" src="/WebTours/images/cancelreservation.gif" bord
..\\Data\\global_lib.h(349):     er="0" /></TD>\n
..\\Data\\global_lib.h(349):     <TD align="right" width="50%" >\n
..\\Data\\global_lib.h(349):     <input type="image" name="removeAllFlights" src="/WebTours/images/cancelallreservations.gi
..\\Data\\global_lib.h(349):     f" border="0" /></TD>\n
..\\Data\\global_lib.h(349):     </TABLE>\n
..\\Data\\global_lib.h(349):     \n
..\\Data\\global_lib.h(349):     <div><input type="hidden" name=".cgifields" value="127"  /><input type="hidden" name=".cgi
..\\Data\\global_lib.h(349):     fields" value="32"  /><input type="hidden" name=".cgifields" value="276"  /><input type="h
..\\Data\\global_lib.h(349):     idden" name=".cgifields" value="90"  /><input type="hidden" name=".cgifields" value="206" 
..\\Data\\global_lib.h(349):      /><input type="hidden" name=".cgifields" value="118"  /><input type="hidden" name=".cgifi
..\\Data\\global_lib.h(349):     elds" value="71"  /><input type="hidden" name=".cgifields" value="102"  /><input type="hid
..\\Data\\global_lib.h(349):     den" name=".cgifields" value="16"  /><input type="hidden" name=".cgifields" value="55"  />
..\\Data\\global_lib.h(349):     <input type="hidden" name=".cgifields" value="84"  /><input type="hidden" name=".cgifields
..\\Data\\global_lib.h(349):     " value="233"  /><input type="hidden" name=".cgifields" value="259"  /><input type="hidden
..\\Data\\global_lib.h(349):     " name=".cgifields" value="194"  /><input type="hidden" name=".cgifields" value="57"  /><i
..\\Data\\global_lib.h(349):     nput type="hidden" name=".cgifields" value="220"  /><input type="hidden" name=".cgifields"
..\\Data\\global_lib.h(349):      value="163"  /><input type="hidden" name=".cgifields" value="89"  /><input type="hidden" 
..\\Data\\global_lib.h(349):     name=".cgifields" value="175"  /><input type="hidden" name=".cgifields" value="31"  /><inp
..\\Data\\global_lib.h(349):     ut type="hidden" name=".cgifields" value="35"  /><input type="hidden" name=".cgifields" va
..\\Data\\global_lib.h(349):     lue="11"  /><input type="hidden" name=".cgifields" value="208"  /><input type="hidden" nam
..\\Data\\global_lib.h(349):     e=".cgifields" value="93"  /><input type="hidden" name=".cgifields" value="292"  /><input 
..\\Data\\global_lib.h(349):     type="hidden" name=".cgifields" value="29"  /><input type="hidden" name=".cgifields" value
..\\Data\\global_lib.h(349):     ="291"  /><input type="hidden" name=".cgifields" value="199"  /><input type="hidden" name=
..\\Data\\global_lib.h(349):     ".cgifields" value="114"  /><input type="hidden" name=".cgifields" value="226"  /><input t
..\\Data\\global_lib.h(349):     ype="hidden" name=".cgifields" value="58"  /><input type="hidden" name=".cgifields" value=
..\\Data\\global_lib.h(349):     "211"  /><input type="hidden" name=".cgifields" value="153"  /><input type="hidden" name="
..\\Data\\global_lib.h(349):     .cgifields" value="15"  /><input type="hidden" name=".cgifields" value="101"  /><input typ
..\\Data\\global_lib.h(349):     e="hidden" name=".cgifields" value="73"  /><input type="hidden" name=".cgifields" value="7
..\\Data\\global_lib.h(349):     6"  /><input type="hidden" name=".cgifields" value="62"  /><input type="hidden" name=".cgi
..\\Data\\global_lib.h(349):     fields" value="67"  /><input type="hidden" name=".cgifields" value="241"  /><input type="h
..\\Data\\global_lib.h(349):     idden" name=".cgifields" value="198"  /><input type="hidden" name=".cgifields" value="139"
..\\Data\\global_lib.h(349):       /><input type="hidden" name=".cgifields" value="129"  /><input type="hidden" name=".cgif
..\\Data\\global_lib.h(349):     ields" value="280"  /><input type="hidden" name=".cgifields" value="273"  /><input type="h
..\\Data\\global_lib.h(349):     idden" name=".cgifields" value="236"  /><input type="hidden" name=".cgifields" value="249"
..\\Data\\global_lib.h(349):       /><input type="hidden" name=".cgifields" value="218"  /><input type="hidden" name=".cgif
..\\Data\\global_lib.h(349):     ields" value="202"  /><input type="hidden" name=".cgifields" value="168"  /><input type="h
..\\Data\\global_lib.h(349):     idden" name=".cgifields" value="184"  /><input type="hidden" name=".cgifields" value="135"
..\\Data\\global_lib.h(349):       /><input type="hidden" name=".cgifields" value="14"  /><input type="hidden" name=".cgifi
..\\Data\\global_lib.h(349):     elds" value="145"  /><input type="hidden" name=".cgifields" value="49"  /><input type="hid
..\\Data\\global_lib.h(349):     den" name=".cgifields" value="178"  /><input type="hidden" name=".cgifields" value="24"  /
..\\Data\\global_lib.h(349):     ><input type="hidden" name=".cgifields" value="285"  /><input type="hidden" name=".cgifiel
..\\Data\\global_lib.h(349):     ds" value="140"  /><input type="hidden" name=".cgifields" value="124"  /><input type="hidd
..\\Data\\global_lib.h(349):     en" name=".cgifields" value="104"  /><input type="hidden" name=".cgifields" value="131"  /
..\\Data\\global_lib.h(349):     ><input type="hidden" name=".cgifields" value="181"  /><input type="hidden" name=".cgifiel
..\\Data\\global_lib.h(349):     ds" value="234"  /><input type="hidden" name=".cgifields" value="154"  /><input type="hidd
..\\Data\\global_lib.h(349):     en" name=".cgifields" value="23"  /><input type="hidden" name=".cgifields" value="96"  /><
..\\Data\\global_lib.h(349):     input type="hidden" name=".cgifields" value="159"  /><input type="hidden" name=".cgifields
..\\Data\\global_lib.h(349):     " value="160"  /><input type="hidden" name=".cgifields" value="47"  /><input type="hidden"
..\\Data\\global_lib.h(349):      name=".cgifields" value="8"  /><input type="hidden" name=".cgifields" value="98"  /><inpu
..\\Data\\global_lib.h(349):     t type="hidden" name=".cgifields" value="37"  /><input type="hidden" name=".cgifields" val
..\\Data\\global_lib.h(349):     ue="43"  /><input type="hidden" name=".cgifields" value="270"  /><input type="hidden" name
..\\Data\\global_lib.h(349):     =".cgifields" value="195"  /><input type="hidden" name=".cgifields" value="5"  /><input ty
..\\Data\\global_lib.h(349):     pe="hidden" name=".cgifields" value="21"  /><input type="hidden" name=".cgifields" value="
..\\Data\\global_lib.h(349):     288"  /><input type="hidden" name=".cgifields" value="193"  /><input type="hidden" name=".
..\\Data\\global_lib.h(349):     cgifields" value="119"  /><input type="hidden" name=".cgifields" value="180"  /><input typ
..\\Data\\global_lib.h(349):     e="hidden" name=".cgifields" value="244"  /><input type="hidden" name=".cgifields" value="
..\\Data\\global_lib.h(349):     162"  /><input type="hidden" name=".cgifields" value="246"  /><input type="hidden" name=".
..\\Data\\global_lib.h(349):     cgifields" value="240"  /><input type="hidden" name=".cgifields" value="74"  /><input type
..\\Data\\global_lib.h(349):     ="hidden" name=".cgifields" value="61"  /><input type="hidden" name=".cgifields" value="23
..\\Data\\global_lib.h(349):     0"  /><input type="hidden" name=".cgifields" value="299"  /><input type="hidden" name=".cg
..\\Data\\global_lib.h(349):     ifields" value="115"  /><input type="hidden" name=".cgifields" value="103"  /><input type=
..\\Data\\global_lib.h(349):     "hidden" name=".cgifields" value="201"  /><input type="hidden" name=".cgifields" value="11
..\\Data\\global_lib.h(349):     3"  /><input type="hidden" name=".cgifields" value="152"  /><input type="hidden" name=".cg
..\\Data\\global_lib.h(349):     ifields" value="189"  /><input type="hidden" name=".cgifields" value="295"  /><input type=
..\\Data\\global_lib.h(349):     "hidden" name=".cgifields" value="266"  /><input type="hidden" name=".cgifields" value="91
..\\Data\\global_lib.h(349):     "  /><input type="hidden" name=".cgifields" value="107"  /><input type="hidden" name=".cgi
..\\Data\\global_lib.h(349):     fields" value="87"  /><input type="hidden" name=".cgifields" value="174"  /><input type="h
..\\Data\\global_lib.h(349):     idden" name=".cgifields" value="77"  /><input type="hidden" name=".cgifields" value="214" 
..\\Data\\global_lib.h(349):      /><input type="hidden" name=".cgifields" value="221"  /><input type="hidden" name=".cgifi
..\\Data\\global_lib.h(349):     elds" value="39"  /><input type="hidden" name=".cgifields" value="64"  /><input type="hidd
..\\Data\\global_lib.h(349):     en" name=".cgifields" value="97"  /><input type="hidden" name=".cgif
..\\Data\\global_lib.h(349): Found resource "http://localhost:1080/WebTours/images/cancelreservation.gif" in HTML "http://localhost:1080/cgi-bin/itinerary.pl"  	[MsgId: MMSG-26659]
..\\Data\\global_lib.h(349): Found resource "http://localhost:1080/WebTours/images/cancelallreservations.gif" in HTML "http://localhost:1080/cgi-bin/itinerary.pl"  	[MsgId: MMSG-26659]
..\\Data\\global_lib.h(349): t=7246455ms: 7-byte chunked response overhead for "http://localhost:1080/cgi-bin/itinerary.pl" (RelFrameId=1.2, Internal ID=468)
..\\Data\\global_lib.h(349):     \r\n
..\\Data\\global_lib.h(349):     619\r\n
..\\Data\\global_lib.h(349): t=7246455ms: 7-byte chunked response overhead for "http://localhost:1080/cgi-bin/itinerary.pl" (RelFrameId=1.2, Internal ID=468)
..\\Data\\global_lib.h(349):     \r\n
..\\Data\\global_lib.h(349):     0\r\n
..\\Data\\global_lib.h(349):     \r\n
..\\Data\\global_lib.h(349): t=7246455ms: 10418-byte chunked response body for "http://localhost:1080/cgi-bin/itinerary.pl" (RelFrameId=1.2, Internal ID=468)
..\\Data\\global_lib.h(349):     ields" value="12"  /><input type="hidden" name=".cgifields" value="41"  /><input type="hid
..\\Data\\global_lib.h(349):     den" name=".cgifields" value="52"  /><input type="hidden" name=".cgifields" value="302"  /
..\\Data\\global_lib.h(349):     ><input type="hidden" name=".cgifields" value="229"  /><input type="hidden" name=".cgifiel
..\\Data\\global_lib.h(349):     ds" value="45"  /><input type="hidden" name=".cgifields" value="260"  /><input type="hidde
..\\Data\\global_lib.h(349):     n" name=".cgifields" value="237"  /><input type="hidden" name=".cgifields" value="188"  />
..\\Data\\global_lib.h(349):     <input type="hidden" name=".cgifields" value="68"  /><input type="hidden" name=".cgifields
..\\Data\\global_lib.h(349):     " value="1"  /><input type="hidden" name=".cgifields" value="136"  /><input type="hidden" 
..\\Data\\global_lib.h(349):     name=".cgifields" value="116"  /><input type="hidden" name=".cgifields" value="144"  /><in
..\\Data\\global_lib.h(349):     put type="hidden" name=".cgifields" value="100"  /><input type="hidden" name=".cgifields" 
..\\Data\\global_lib.h(349):     value="300"  /><input type="hidden" name=".cgifields" value="222"  /><input type="hidden" 
..\\Data\\global_lib.h(349):     name=".cgifields" value="25"  /><input type="hidden" name=".cgifields" value="286"  /><inp
..\\Data\\global_lib.h(349):     ut type="hidden" name=".cgifields" value="120"  /><input type="hidden" name=".cgifields" v
..\\Data\\global_lib.h(349):     alue="83"  /><input type="hidden" name=".cgifields" value="254"  /><input type="hidden" na
..\\Data\\global_lib.h(349):     me=".cgifields" value="177"  /><input type="hidden" name=".cgifields" value="217"  /><inpu
..\\Data\\global_lib.h(349):     t type="hidden" name=".cgifields" value="239"  /><input type="hidden" name=".cgifields" va
..\\Data\\global_lib.h(349):     lue="122"  /><input type="hidden" name=".cgifields" value="143"  /><input type="hidden" na
..\\Data\\global_lib.h(349):     me=".cgifields" value="281"  /><input type="hidden" name=".cgifields" value="269"  /><inpu
..\\Data\\global_lib.h(349):     t type="hidden" name=".cgifields" value="205"  /><input type="hidden" name=".cgifields" va
..\\Data\\global_lib.h(349):     lue="158"  /><input type="hidden" name=".cgifields" value="42"  /><input type="hidden" nam
..\\Data\\global_lib.h(349):     e=".cgifields" value="22"  /><input type="hidden" name=".cgifields" value="46"  /><input t
..\\Data\\global_lib.h(349):     ype="hidden" name=".cgifields" value="235"  /><input type="hidden" name=".cgifields" value
..\\Data\\global_lib.h(349):     ="301"  /><input type="hidden" name=".cgifields" value="6"  /><input type="hidden" name=".
..\\Data\\global_lib.h(349):     cgifields" value="36"  /><input type="hidden" name=".cgifields" value="213"  /><input type
..\\Data\\global_lib.h(349):     ="hidden" name=".cgifields" value="183"  /><input type="hidden" name=".cgifields" value="9
..\\Data\\global_lib.h(349):     4"  /><input type="hidden" name=".cgifields" value="51"  /><input type="hidden" name=".cgi
..\\Data\\global_lib.h(349):     fields" value="296"  /><input type="hidden" name=".cgifields" value="265"  /><input type="
..\\Data\\global_lib.h(349):     hidden" name=".cgifields" value="169"  /><input type="hidden" name=".cgifields" value="132
..\\Data\\global_lib.h(349):     "  /><input type="hidden" name=".cgifields" value="171"  /><input type="hidden" name=".cgi
..\\Data\\global_lib.h(349):     fields" value="200"  /><input type="hidden" name=".cgifields" value="18"  /><input type="h
..\\Data\\global_lib.h(349):     idden" name=".cgifields" value="125"  /><input type="hidden" name=".cgifields" value="44" 
..\\Data\\global_lib.h(349):      /><input type="hidden" name=".cgifields" value="27"  /><input type="hidden" name=".cgifie
..\\Data\\global_lib.h(349):     lds" value="272"  /><input type="hidden" name=".cgifields" value="161"  /><input type="hid
..\\Data\\global_lib.h(349):     den" name=".cgifields" value="190"  /><input type="hidden" name=".cgifields" value="298"  
..\\Data\\global_lib.h(349):     /><input type="hidden" name=".cgifields" value="95"  /><input type="hidden" name=".cgifiel
..\\Data\\global_lib.h(349):     ds" value="20"  /><input type="hidden" name=".cgifields" value="109"  /><input type="hidde
..\\Data\\global_lib.h(349):     n" name=".cgifields" value="231"  /><input type="hidden" name=".cgifields" value="243"  />
..\\Data\\global_lib.h(349):     <input type="hidden" name=".cgifields" value="151"  /><input type="hidden" name=".cgifield
..\\Data\\global_lib.h(349):     s" value="148"  /><input type="hidden" name=".cgifields" value="287"  /><input type="hidde
..\\Data\\global_lib.h(349):     n" name=".cgifields" value="78"  /><input type="hidden" name=".cgifields" value="294"  /><
..\\Data\\global_lib.h(349):     input type="hidden" name=".cgifields" value="106"  /><input type="hidden" name=".cgifields
..\\Data\\global_lib.h(349):     " value="275"  /><input type="hidden" name=".cgifields" value="157"  /><input type="hidden
..\\Data\\global_lib.h(349):     " name=".cgifields" value="65"  /><input type="hidden" name=".cgifields" value="197"  /><i
..\\Data\\global_lib.h(349):     nput type="hidden" name=".cgifields" value="203"  /><input type="hidden" name=".cgifields"
..\\Data\\global_lib.h(349):      value="261"  /><input type="hidden" name=".cgifields" value="138"  /><input type="hidden"
..\\Data\\global_lib.h(349):      name=".cgifields" value="81"  /><input type="hidden" name=".cgifields" value="137"  /><in
..\\Data\\global_lib.h(349):     put type="hidden" name=".cgifields" value="60"  /><input type="hidden" name=".cgifields" v
..\\Data\\global_lib.h(349):     alue="284"  /><input type="hidden" name=".cgifields" value="86"  /><input type="hidden" na
..\\Data\\global_lib.h(349):     me=".cgifields" value="247"  /><input type="hidden" name=".cgifields" value="204"  /><inpu
..\\Data\\global_lib.h(349):     t type="hidden" name=".cgifields" value="289"  /><input type="hidden" name=".cgifields" va
..\\Data\\global_lib.h(349):     lue="165"  /><input type="hidden" name=".cgifields" value="17"  /><input type="hidden" nam
..\\Data\\global_lib.h(349):     e=".cgifields" value="2"  /><input type="hidden" name=".cgifields" value="186"  /><input t
..\\Data\\global_lib.h(349):     ype="hidden" name=".cgifields" value="82"  /><input type="hidden" name=".cgifields" value=
..\\Data\\global_lib.h(349):     "110"  /><input type="hidden" name=".cgifields" value="147"  /><input type="hidden" name="
..\\Data\\global_lib.h(349):     .cgifields" value="228"  /><input type="hidden" name=".cgifields" value="268"  /><input ty
..\\Data\\global_lib.h(349):     pe="hidden" name=".cgifields" value="69"  /><input type="hidden" name=".cgifields" value="
..\\Data\\global_lib.h(349):     112"  /><input type="hidden" name=".cgifields" value="172"  /><input type="hidden" name=".
..\\Data\\global_lib.h(349):     cgifields" value="191"  /><input type="hidden" name=".cgifields" value="224"  /><input typ
..\\Data\\global_lib.h(349):     e="hidden" name=".cgifields" value="187"  /><input type="hidden" name=".cgifields" value="
..\\Data\\global_lib.h(349):     223"  /><input type="hidden" name=".cgifields" value="282"  /><input type="hidden" name=".
..\\Data\\global_lib.h(349):     cgifields" value="262"  /><input type="hidden" name=".cgifields" value="79"  /><input type
..\\Data\\global_lib.h(349):     ="hidden" name=".cgifields" value="121"  /><input type="hidden" name=".cgifields" value="2
..\\Data\\global_lib.h(349):     12"  /><input type="hidden" name=".cgifields" value="126"  /><input type="hidden" name=".c
..\\Data\\global_lib.h(349):     gifields" value="238"  /><input type="hidden" name=".cgifields" value="251"  /><input type
..\\Data\\global_lib.h(349):     ="hidden" name=".cgifields" value="253"  /><input type="hidden" name=".cgifields" value="2
..\\Data\\global_lib.h(349):     79"  /><input type="hidden" name=".cgifields" value="176"  /><input type="hidden" name=".c
..\\Data\\global_lib.h(349):     gifields" value="209"  /><input type="hidden" name=".cgifields" value="216"  /><input type
..\\Data\\global_lib.h(349):     ="hidden" name=".cgifields" value="256"  /><input type="hidden" name=".cgifields" value="1
..\\Data\\global_lib.h(349):     17"  /><input type="hidden" name=".cgifields" value="170"  /><input type="hidden" name=".c
..\\Data\\global_lib.h(349):     gifields" value="33"  /><input type="hidden" name=".cgifields" value="63"  /><input type="
..\\Data\\global_lib.h(349):     hidden" name=".cgifields" value="7"  /><input type="hidden" name=".cgifields" value="80"  
..\\Data\\global_lib.h(349):     /><input type="hidden" name=".cgifields" value="26"  /><input type="hidden" name=".cgifiel
..\\Data\\global_lib.h(349):     ds" value="227"  /><input type="hidden" name=".cgifields" value="99"  /><input type="hidde
..\\Data\\global_lib.h(349):     n" name=".cgifields" value="72"  /><input type="hidden" name=".cgifields" value="179"  /><
..\\Data\\global_lib.h(349):     input type="hidden" name=".cgifields" value="264"  /><input type="hidden" name=".cgifields
..\\Data\\global_lib.h(349):     " value="255"  /><input type="hidden" name=".cgifields" value="297"  /><input type="hidden
..\\Data\\global_lib.h(349):     " name=".cgifields" value="182"  /><input type="hidden" name=".cgifields" value="108"  /><
..\\Data\\global_lib.h(349):     input type="hidden" name=".cgifields" value="277"  /><input type="hidden" name=".cgifields
..\\Data\\global_lib.h(349):     " value="92"  /><input type="hidden" name=".cgifields" value="232"  /><input type="hidden"
..\\Data\\global_lib.h(349):      name=".cgifields" value="10"  /><input type="hidden" name=".cgifields" value="225"  /><in
..\\Data\\global_lib.h(349):     put type="hidden" name=".cgifields" value="142"  /><input type="hidden" name=".cgifields" 
..\\Data\\global_lib.h(349):     value="207"  /><input type="hidden" name=".cgifields" value="263"  /><input type="hidden" 
..\\Data\\global_lib.h(349):     name=".cgifields" value="167"  /><input type="hidden" name=".cgifields" value="48"  /><inp
..\\Data\\global_lib.h(349):     ut type="hidden" name=".cgifields" value="133"  /><input type="hidden" name=".cgifields" v
..\\Data\\global_lib.h(349):     alue="290"  /><input type="hidden" name=".cgifields" value="123"  /><input type="hidden" n
..\\Data\\global_lib.h(349):     ame=".cgifields" value="149"  /><input type="hidden" name=".cgifields" value="50"  /><inpu
..\\Data\\global_lib.h(349):     t type="hidden" name=".cgifields" value="210"  /><input type="hidden" name=".cgifields" va
..\\Data\\global_lib.h(349):     lue="258"  /><input type="hidden" name=".cgifields" value="173"  /><input type="hidden" na
..\\Data\\global_lib.h(349):     me=".cgifields" value="56"  /><input type="hidden" name=".cgifields" value="66"  /><input 
..\\Data\\global_lib.h(349):     type="hidden" name=".cgifields" value="19"  /><input type="hidden" name=".cgifields" value
..\\Data\\global_lib.h(349):     ="293"  /><input type="hidden" name=".cgifields" value="54"  /><input type="hidden" name="
..\\Data\\global_lib.h(349):     .cgifields" value="274"  /><input type="hidden" name=".cgifields" value="70"  /><input typ
..\\Data\\global_lib.h(349):     e="hidden" name=".cgifields" value="166"  /><input type="hidden" name=".cgifields" value="
..\\Data\\global_lib.h(349):     88"  /><input type="hidden" name=".cgifields" value="30"  /><input type="hidden" name=".cg
..\\Data\\global_lib.h(349):     ifields" value="141"  /><input type="hidden" name=".cgifields" value="128"  /><input type=
..\\Data\\global_lib.h(349):     "hidden" name=".cgifields" value="252"  /><input type="hidden" name=".cgifields" value="28
..\\Data\\global_lib.h(349):     "  /><input type="hidden" name=".cgifields" value="283"  /><input type="hidden" name=".cgi
..\\Data\\global_lib.h(349):     fields" value="75"  /><input type="hidden" name=".cgifields" value="40"  /><input type="hi
..\\Data\\global_lib.h(349):     dden" name=".cgifields" value="134"  /><input type="hidden" name=".cgifields" value="156" 
..\\Data\\global_lib.h(349):      /><input type="hidden" name=".cgifields" value="192"  /><input type="hidden" name=".cgifi
..\\Data\\global_lib.h(349):     elds" value="250"  /><input type="hidden" name=".cgifields" value="59"  /><input type="hid
..\\Data\\global_lib.h(349):     den" name=".cgifields" value="215"  /><input type="hidden" name=".cgifields" value="278"  
..\\Data\\global_lib.h(349):     /><input type="hidden" name=".cgifields" value="150"  /><input type="hidden" name=".cgifie
..\\Data\\global_lib.h(349):     lds" value="271"  /><input type="hidden" name=".cgifields" value="130"  /><input type="hid
..\\Data\\global_lib.h(349):     den" name=".cgifields" value="155"  /><input type="hidden" name=".cgifields" value="53"  /
..\\Data\\global_lib.h(349):     ><input type="hidden" name=".cgifields" value="245"  /><input type="hidden" name=".cgifiel
..\\Data\\global_lib.h(349):     ds" value="267"  /><input type="hidden" name=".cgifields" value="219"  /><input type="hidd
..\\Data\\global_lib.h(349):     en" name=".cgifields" value="13"  /><input type="hidden" name=".cgifields" value="257"  />
..\\Data\\global_lib.h(349):     <input type="hidden" name=".cgifields" value="105"  /><input type="hidden" name=".cgifield
..\\Data\\global_lib.h(349):     s" value="85"  /><input type="hidden" name=".cgifields" value="3"  /><input type="hidden" 
..\\Data\\global_lib.h(349):     name=".cgifields" value="185"  /><input type="hidden" name=".cgifields" value="248"  /><in
..\\Data\\global_lib.h(349):     put type="hidden" name=".cgifields" value="111"  /><input type="hidden" name=".cgifields" 
..\\Data\\global_lib.h(349):     value="9"  /><input type="hidden" name=".cgifields" value="146"  /><input type="hidden" na
..\\Data\\global_lib.h(349):     me=".cgifields" value="38"  /><input type="hidden" name=".cgifields" value="4"  /><input t
..\\Data\\global_lib.h(349):     ype="hidden" name=".cgifields" value="34"  /><input type="hidden" name=".cgifields" value=
..\\Data\\global_lib.h(349):     "164"  /><input type="hidden" name=".cgifields" value="196"  /><input type="hidden" name="
..\\Data\\global_lib.h(349):     .cgifields" value="242"  /></div></form>\n
..\\Data\\global_lib.h(349):     \n
..\\Data\\global_lib.h(349):     </center>\n
..\\Data\\global_lib.h(349):     \n
..\\Data\\global_lib.h(349):     </body>\n
..\\Data\\global_lib.h(349):     </html>
..\\Data\\global_lib.h(349): t=7246458ms: Request done "http://localhost:1080/cgi-bin/itinerary.pl"  	[MsgId: MMSG-26000]
..\\Data\\global_lib.h(349): Notify: Saving Parameter "flightNumber_original_1 = 1".	[MsgId: MMSG-13798]
..\\Data\\global_lib.h(349): Notify: Saving Parameter "flightNumber_original_2 = 2".	[MsgId: MMSG-13798]
..\\Data\\global_lib.h(349): Notify: Saving Parameter "flightNumber_original_3 = 3".	[MsgId: MMSG-13798]
..\\Data\\global_lib.h(349): Notify: Saving Parameter "flightNumber_original_4 = 4".	[MsgId: MMSG-13798]
..\\Data\\global_lib.h(349): Notify: Saving Parameter "flightNumber_original_5 = 5".	[MsgId: MMSG-13798]
..\\Data\\global_lib.h(349): Notify: Saving Parameter "flightNumber_original_6 = 6".	[MsgId: MMSG-13798]
..\\Data\\global_lib.h(349): Notify: Saving Parameter "flightNumber_original_7 = 7".	[MsgId: MMSG-13798]
..\\Data\\global_lib.h(349): Notify: Saving Parameter "flightNumber_original_8 = 8".	[MsgId: MMSG-13798]
..\\Data\\global_lib.h(349): Notify: Saving Parameter "flightNumber_original_9 = 9".	[MsgId: MMSG-13798]
..\\Data\\global_lib.h(349): Notify: Saving Parameter "flightNumber_original_10 = 10".	[MsgId: MMSG-13798]
..\\Data\\global_lib.h(349): Notify: Saving Parameter "flightNumber_original_11 = 11".	[MsgId: MMSG-13798]
..\\Data\\global_lib.h(349): Notify: Saving Parameter "flightNumber_original_12 = 12".	[MsgId: MMSG-13798]
..\\Data\\global_lib.h(349): Notify: Saving Parameter "flightNumber_original_13 = 13".	[MsgId: MMSG-13798]
..\\Data\\global_lib.h(349): Notify: Saving Parameter "flightNumber_original_14 = 14".	[MsgId: MMSG-13798]
..\\Data\\global_lib.h(349): Notify: Saving Parameter "flightNumber_original_15 = 15".	[MsgId: MMSG-13798]
..\\Data\\global_lib.h(349): Notify: Saving Parameter "flightNumber_original_16 = 16".	[MsgId: MMSG-13798]
..\\Data\\global_lib.h(349): Notify: Saving Parameter "flightNumber_original_17 = 17".	[MsgId: MMSG-13798]
..\\Data\\global_lib.h(349): Notify: Saving Parameter "flightNumber_original_18 = 18".	[MsgId: MMSG-13798]
..\\Data\\global_lib.h(349): Notify: Saving Parameter "flightNumber_original_19 = 19".	[MsgId: MMSG-13798]
..\\Data\\global_lib.h(349): Notify: Saving Parameter "flightNumber_original_20 = 20".	[MsgId: MMSG-13798]
..\\Data\\global_lib.h(349): Notify: Saving Parameter "flightNumber_original_21 = 21".	[MsgId: MMSG-13798]
..\\Data\\global_lib.h(349): Notify: Saving Parameter "flightNumber_original_22 = 22".	[MsgId: MMSG-13798]
..\\Data\\global_lib.h(349): Notify: Saving Parameter "flightNumber_original_23 = 23".	[MsgId: MMSG-13798]
..\\Data\\global_lib.h(349): Notify: Saving Parameter "flightNumber_original_24 = 24".	[MsgId: MMSG-13798]
..\\Data\\global_lib.h(349): Notify: Saving Parameter "flightNumber_original_25 = 25".	[MsgId: MMSG-13798]
..\\Data\\global_lib.h(349): Notify: Saving Parameter "flightNumber_original_26 = 26".	[MsgId: MMSG-13798]
..\\Data\\global_lib.h(349): Notify: Saving Parameter "flightNumber_original_27 = 27".	[MsgId: MMSG-13798]
..\\Data\\global_lib.h(349): Notify: Saving Parameter "flightNumber_original_28 = 28".	[MsgId: MMSG-13798]
..\\Data\\global_lib.h(349): Notify: Saving Parameter "flightNumber_original_29 = 29".	[MsgId: MMSG-13798]
..\\Data\\global_lib.h(349): Notify: Saving Parameter "flightNumber_original_30 = 30".	[MsgId: MMSG-13798]
..\\Data\\global_lib.h(349): Notify: Saving Parameter "flightNumber_original_31 = 31".	[MsgId: MMSG-13798]
..\\Data\\global_lib.h(349): Notify: Saving Parameter "flightNumber_original_32 = 32".	[MsgId: MMSG-13798]
..\\Data\\global_lib.h(349): Notify: Saving Parameter "flightNumber_original_33 = 33".	[MsgId: MMSG-13798]
..\\Data\\global_lib.h(349): Notify: Saving Parameter "flightNumber_original_34 = 34".	[MsgId: MMSG-13798]
..\\Data\\global_lib.h(349): Notify: Saving Parameter "flightNumber_original_35 = 35".	[MsgId: MMSG-13798]
..\\Data\\global_lib.h(349): Notify: Saving Parameter "flightNumber_original_36 = 36".	[MsgId: MMSG-13798]
..\\Data\\global_lib.h(349): Notify: Saving Parameter "flightNumber_original_37 = 37".	[MsgId: MMSG-13798]
..\\Data\\global_lib.h(349): Notify: Saving Parameter "flightNumber_original_38 = 38".	[MsgId: MMSG-13798]
..\\Data\\global_lib.h(349): Notify: Saving Parameter "flightNumber_original_39 = 39".	[MsgId: MMSG-13798]
..\\Data\\global_lib.h(349): Notify: Saving Parameter "flightNumber_original_40 = 40".	[MsgId: MMSG-13798]
..\\Data\\global_lib.h(349): Notify: Saving Parameter "flightNumber_original_41 = 41".	[MsgId: MMSG-13798]
..\\Data\\global_lib.h(349): Notify: Saving Parameter "flightNumber_original_42 = 42".	[MsgId: MMSG-13798]
..\\Data\\global_lib.h(349): Notify: Saving Parameter "flightNumber_original_43 = 43".	[MsgId: MMSG-13798]
..\\Data\\global_lib.h(349): Notify: Saving Parameter "flightNumber_original_44 = 44".	[MsgId: MMSG-13798]
..\\Data\\global_lib.h(349): Notify: Saving Parameter "flightNumber_original_45 = 45".	[MsgId: MMSG-13798]
..\\Data\\global_lib.h(349): Notify: Saving Parameter "flightNumber_original_46 = 46".	[MsgId: MMSG-13798]
..\\Data\\global_lib.h(349): Notify: Saving Parameter "flightNumber_original_47 = 47".	[MsgId: MMSG-13798]
..\\Data\\global_lib.h(349): Notify: Saving Parameter "flightNumber_original_48 = 48".	[MsgId: MMSG-13798]
..\\Data\\global_lib.h(349): Notify: Saving Parameter "flightNumber_original_49 = 49".	[MsgId: MMSG-13798]
..\\Data\\global_lib.h(349): Notify: Saving Parameter "flightNumber_original_50 = 50".	[MsgId: MMSG-13798]
..\\Data\\global_lib.h(349): Notify: Saving Parameter "flightNumber_original_51 = 51".	[MsgId: MMSG-13798]
..\\Data\\global_lib.h(349): Notify: Saving Parameter "flightNumber_original_52 = 52".	[MsgId: MMSG-13798]
..\\Data\\global_lib.h(349): Notify: Saving Parameter "flightNumber_original_53 = 53".	[MsgId: MMSG-13798]
..\\Data\\global_lib.h(349): Notify: Saving Parameter "flightNumber_original_54 = 54".	[MsgId: MMSG-13798]
..\\Data\\global_lib.h(349): Notify: Saving Parameter "flightNumber_original_55 = 55".	[MsgId: MMSG-13798]
..\\Data\\global_lib.h(349): Notify: Saving Parameter "flightNumber_original_56 = 56".	[MsgId: MMSG-13798]
..\\Data\\global_lib.h(349): Notify: Saving Parameter "flightNumber_original_57 = 57".	[MsgId: MMSG-13798]
..\\Data\\global_lib.h(349): Notify: Saving Parameter "flightNumber_original_58 = 58".	[MsgId: MMSG-13798]
..\\Data\\global_lib.h(349): Notify: Saving Parameter "flightNumber_original_59 = 59".	[MsgId: MMSG-13798]
..\\Data\\global_lib.h(349): Notify: Saving Parameter "flightNumber_original_60 = 60".	[MsgId: MMSG-13798]
..\\Data\\global_lib.h(349): Notify: Saving Parameter "flightNumber_original_61 = 61".	[MsgId: MMSG-13798]
..\\Data\\global_lib.h(349): Notify: Saving Parameter "flightNumber_original_62 = 62".	[MsgId: MMSG-13798]
..\\Data\\global_lib.h(349): Notify: Saving Parameter "flightNumber_original_63 = 63".	[MsgId: MMSG-13798]
..\\Data\\global_lib.h(349): Notify: Saving Parameter "flightNumber_original_64 = 64".	[MsgId: MMSG-13798]
..\\Data\\global_lib.h(349): Notify: Saving Parameter "flightNumber_original_65 = 65".	[MsgId: MMSG-13798]
..\\Data\\global_lib.h(349): Notify: Saving Parameter "flightNumber_original_66 = 66".	[MsgId: MMSG-13798]
..\\Data\\global_lib.h(349): Notify: Saving Parameter "flightNumber_original_67 = 67".	[MsgId: MMSG-13798]
..\\Data\\global_lib.h(349): Notify: Saving Parameter "flightNumber_original_68 = 68".	[MsgId: MMSG-13798]
..\\Data\\global_lib.h(349): Notify: Saving Parameter "flightNumber_original_69 = 69".	[MsgId: MMSG-13798]
..\\Data\\global_lib.h(349): Notify: Saving Parameter "flightNumber_original_70 = 70".	[MsgId: MMSG-13798]
..\\Data\\global_lib.h(349): Notify: Saving Parameter "flightNumber_original_71 = 71".	[MsgId: MMSG-13798]
..\\Data\\global_lib.h(349): Notify: Saving Parameter "flightNumber_original_72 = 72".	[MsgId: MMSG-13798]
..\\Data\\global_lib.h(349): Notify: Saving Parameter "flightNumber_original_73 = 73".	[MsgId: MMSG-13798]
..\\Data\\global_lib.h(349): Notify: Saving Parameter "flightNumber_original_74 = 74".	[MsgId: MMSG-13798]
..\\Data\\global_lib.h(349): Notify: Saving Parameter "flightNumber_original_75 = 75".	[MsgId: MMSG-13798]
..\\Data\\global_lib.h(349): Notify: Saving Parameter "flightNumber_original_76 = 76".	[MsgId: MMSG-13798]
..\\Data\\global_lib.h(349): Notify: Saving Parameter "flightNumber_original_77 = 77".	[MsgId: MMSG-13798]
..\\Data\\global_lib.h(349): Notify: Saving Parameter "flightNumber_original_78 = 78".	[MsgId: MMSG-13798]
..\\Data\\global_lib.h(349): Notify: Saving Parameter "flightNumber_original_79 = 79".	[MsgId: MMSG-13798]
..\\Data\\global_lib.h(349): Notify: Saving Parameter "flightNumber_original_80 = 80".	[MsgId: MMSG-13798]
..\\Data\\global_lib.h(349): Notify: Saving Parameter "flightNumber_original_81 = 81".	[MsgId: MMSG-13798]
..\\Data\\global_lib.h(349): Notify: Saving Parameter "flightNumber_original_82 = 82".	[MsgId: MMSG-13798]
..\\Data\\global_lib.h(349): Notify: Saving Parameter "flightNumber_original_83 = 83".	[MsgId: MMSG-13798]
..\\Data\\global_lib.h(349): Notify: Saving Parameter "flightNumber_original_84 = 84".	[MsgId: MMSG-13798]
..\\Data\\global_lib.h(349): Notify: Saving Parameter "flightNumber_original_85 = 85".	[MsgId: MMSG-13798]
..\\Data\\global_lib.h(349): Notify: Saving Parameter "flightNumber_original_86 = 86".	[MsgId: MMSG-13798]
..\\Data\\global_lib.h(349): Notify: Saving Parameter "flightNumber_original_87 = 87".	[MsgId: MMSG-13798]
..\\Data\\global_lib.h(349): Notify: Saving Parameter "flightNumber_original_88 = 88".	[MsgId: MMSG-13798]
..\\Data\\global_lib.h(349): Notify: Saving Parameter "flightNumber_original_89 = 89".	[MsgId: MMSG-13798]
..\\Data\\global_lib.h(349): Notify: Saving Parameter "flightNumber_original_90 = 90".	[MsgId: MMSG-13798]
..\\Data\\global_lib.h(349): Notify: Saving Parameter "flightNumber_original_91 = 91".	[MsgId: MMSG-13798]
..\\Data\\global_lib.h(349): Notify: Saving Parameter "flightNumber_original_92 = 92".	[MsgId: MMSG-13798]
..\\Data\\global_lib.h(349): Notify: Saving Parameter "flightNumber_original_93 = 93".	[MsgId: MMSG-13798]
..\\Data\\global_lib.h(349): Notify: Saving Parameter "flightNumber_original_94 = 94".	[MsgId: MMSG-13798]
..\\Data\\global_lib.h(349): Notify: Saving Parameter "flightNumber_original_95 = 95".	[MsgId: MMSG-13798]
..\\Data\\global_lib.h(349): Notify: Saving Parameter "flightNumber_original_96 = 96".	[MsgId: MMSG-13798]
..\\Data\\global_lib.h(349): Notify: Saving Parameter "flightNumber_original_97 = 97".	[MsgId: MMSG-13798]
..\\Data\\global_lib.h(349): Notify: Saving Parameter "flightNumber_original_98 = 98".	[MsgId: MMSG-13798]
..\\Data\\global_lib.h(349): Notify: Saving Parameter "flightNumber_original_99 = 99".	[MsgId: MMSG-13798]
..\\Data\\global_lib.h(349): Notify: Saving Parameter "flightNumber_original_100 = 100".	[MsgId: MMSG-13798]
..\\Data\\global_lib.h(349): Notify: Saving Parameter "flightNumber_original_101 = 101".	[MsgId: MMSG-13798]
..\\Data\\global_lib.h(349): Notify: Saving Parameter "flightNumber_original_102 = 102".	[MsgId: MMSG-13798]
..\\Data\\global_lib.h(349): Notify: Saving Parameter "flightNumber_original_103 = 103".	[MsgId: MMSG-13798]
..\\Data\\global_lib.h(349): Notify: Saving Parameter "flightNumber_original_104 = 104".	[MsgId: MMSG-13798]
..\\Data\\global_lib.h(349): Notify: Saving Parameter "flightNumber_original_105 = 105".	[MsgId: MMSG-13798]
..\\Data\\global_lib.h(349): Notify: Saving Parameter "flightNumber_original_106 = 106".	[MsgId: MMSG-13798]
..\\Data\\global_lib.h(349): Notify: Saving Parameter "flightNumber_original_107 = 107".	[MsgId: MMSG-13798]
..\\Data\\global_lib.h(349): Notify: Saving Parameter "flightNumber_original_108 = 108".	[MsgId: MMSG-13798]
..\\Data\\global_lib.h(349): Notify: Saving Parameter "flightNumber_original_109 = 109".	[MsgId: MMSG-13798]
..\\Data\\global_lib.h(349): Notify: Saving Parameter "flightNumber_original_110 = 110".	[MsgId: MMSG-13798]
..\\Data\\global_lib.h(349): Notify: Saving Parameter "flightNumber_original_111 = 111".	[MsgId: MMSG-13798]
..\\Data\\global_lib.h(349): Notify: Saving Parameter "flightNumber_original_112 = 112".	[MsgId: MMSG-13798]
..\\Data\\global_lib.h(349): Notify: Saving Parameter "flightNumber_original_113 = 113".	[MsgId: MMSG-13798]
..\\Data\\global_lib.h(349): Notify: Saving Parameter "flightNumber_original_114 = 114".	[MsgId: MMSG-13798]
..\\Data\\global_lib.h(349): Notify: Saving Parameter "flightNumber_original_115 = 115".	[MsgId: MMSG-13798]
..\\Data\\global_lib.h(349): Notify: Saving Parameter "flightNumber_original_116 = 116".	[MsgId: MMSG-13798]
..\\Data\\global_lib.h(349): Notify: Saving Parameter "flightNumber_original_117 = 117".	[MsgId: MMSG-13798]
..\\Data\\global_lib.h(349): Notify: Saving Parameter "flightNumber_original_118 = 118".	[MsgId: MMSG-13798]
..\\Data\\global_lib.h(349): Notify: Saving Parameter "flightNumber_original_119 = 119".	[MsgId: MMSG-13798]
..\\Data\\global_lib.h(349): Notify: Saving Parameter "flightNumber_original_120 = 120".	[MsgId: MMSG-13798]
..\\Data\\global_lib.h(349): Notify: Saving Parameter "flightNumber_original_121 = 121".	[MsgId: MMSG-13798]
..\\Data\\global_lib.h(349): Notify: Saving Parameter "flightNumber_original_122 = 122".	[MsgId: MMSG-13798]
..\\Data\\global_lib.h(349): Notify: Saving Parameter "flightNumber_original_123 = 123".	[MsgId: MMSG-13798]
..\\Data\\global_lib.h(349): Notify: Saving Parameter "flightNumber_original_124 = 124".	[MsgId: MMSG-13798]
..\\Data\\global_lib.h(349): Notify: Saving Parameter "flightNumber_original_125 = 125".	[MsgId: MMSG-13798]
..\\Data\\global_lib.h(349): Notify: Saving Parameter "flightNumber_original_126 = 126".	[MsgId: MMSG-13798]
..\\Data\\global_lib.h(349): Notify: Saving Parameter "flightNumber_original_127 = 127".	[MsgId: MMSG-13798]
..\\Data\\global_lib.h(349): Notify: Saving Parameter "flightNumber_original_128 = 128".	[MsgId: MMSG-13798]
..\\Data\\global_lib.h(349): Notify: Saving Parameter "flightNumber_original_129 = 129".	[MsgId: MMSG-13798]
..\\Data\\global_lib.h(349): Notify: Saving Parameter "flightNumber_original_130 = 130".	[MsgId: MMSG-13798]
..\\Data\\global_lib.h(349): Notify: Saving Parameter "flightNumber_original_131 = 131".	[MsgId: MMSG-13798]
..\\Data\\global_lib.h(349): Notify: Saving Parameter "flightNumber_original_132 = 132".	[MsgId: MMSG-13798]
..\\Data\\global_lib.h(349): Notify: Saving Parameter "flightNumber_original_133 = 133".	[MsgId: MMSG-13798]
..\\Data\\global_lib.h(349): Notify: Saving Parameter "flightNumber_original_134 = 134".	[MsgId: MMSG-13798]
..\\Data\\global_lib.h(349): Notify: Saving Parameter "flightNumber_original_135 = 135".	[MsgId: MMSG-13798]
..\\Data\\global_lib.h(349): Notify: Saving Parameter "flightNumber_original_136 = 136".	[MsgId: MMSG-13798]
..\\Data\\global_lib.h(349): Notify: Saving Parameter "flightNumber_original_137 = 137".	[MsgId: MMSG-13798]
..\\Data\\global_lib.h(349): Notify: Saving Parameter "flightNumber_original_138 = 138".	[MsgId: MMSG-13798]
..\\Data\\global_lib.h(349): Notify: Saving Parameter "flightNumber_original_139 = 139".	[MsgId: MMSG-13798]
..\\Data\\global_lib.h(349): Notify: Saving Parameter "flightNumber_original_140 = 140".	[MsgId: MMSG-13798]
..\\Data\\global_lib.h(349): Notify: Saving Parameter "flightNumber_original_141 = 141".	[MsgId: MMSG-13798]
..\\Data\\global_lib.h(349): Notify: Saving Parameter "flightNumber_original_142 = 142".	[MsgId: MMSG-13798]
..\\Data\\global_lib.h(349): Notify: Saving Parameter "flightNumber_original_143 = 143".	[MsgId: MMSG-13798]
..\\Data\\global_lib.h(349): Notify: Saving Parameter "flightNumber_original_144 = 144".	[MsgId: MMSG-13798]
..\\Data\\global_lib.h(349): Notify: Saving Parameter "flightNumber_original_145 = 145".	[MsgId: MMSG-13798]
..\\Data\\global_lib.h(349): Notify: Saving Parameter "flightNumber_original_146 = 146".	[MsgId: MMSG-13798]
..\\Data\\global_lib.h(349): Notify: Saving Parameter "flightNumber_original_147 = 147".	[MsgId: MMSG-13798]
..\\Data\\global_lib.h(349): Notify: Saving Parameter "flightNumber_original_148 = 148".	[MsgId: MMSG-13798]
..\\Data\\global_lib.h(349): Notify: Saving Parameter "flightNumber_original_149 = 149".	[MsgId: MMSG-13798]
..\\Data\\global_lib.h(349): Notify: Saving Parameter "flightNumber_original_150 = 150".	[MsgId: MMSG-13798]
..\\Data\\global_lib.h(349): Notify: Saving Parameter "flightNumber_original_151 = 151".	[MsgId: MMSG-13798]
..\\Data\\global_lib.h(349): Notify: Saving Parameter "flightNumber_original_152 = 152".	[MsgId: MMSG-13798]
..\\Data\\global_lib.h(349): Notify: Saving Parameter "flightNumber_original_153 = 153".	[MsgId: MMSG-13798]
..\\Data\\global_lib.h(349): Notify: Saving Parameter "flightNumber_original_154 = 154".	[MsgId: MMSG-13798]
..\\Data\\global_lib.h(349): Notify: Saving Parameter "flightNumber_original_155 = 155".	[MsgId: MMSG-13798]
..\\Data\\global_lib.h(349): Notify: Saving Parameter "flightNumber_original_156 = 156".	[MsgId: MMSG-13798]
..\\Data\\global_lib.h(349): Notify: Saving Parameter "flightNumber_original_157 = 157".	[MsgId: MMSG-13798]
..\\Data\\global_lib.h(349): Notify: Saving Parameter "flightNumber_original_158 = 158".	[MsgId: MMSG-13798]
..\\Data\\global_lib.h(349): Notify: Saving Parameter "flightNumber_original_159 = 159".	[MsgId: MMSG-13798]
..\\Data\\global_lib.h(349): Notify: Saving Parameter "flightNumber_original_160 = 160".	[MsgId: MMSG-13798]
..\\Data\\global_lib.h(349): Notify: Saving Parameter "flightNumber_original_161 = 161".	[MsgId: MMSG-13798]
..\\Data\\global_lib.h(349): Notify: Saving Parameter "flightNumber_original_162 = 162".	[MsgId: MMSG-13798]
..\\Data\\global_lib.h(349): Notify: Saving Parameter "flightNumber_original_163 = 163".	[MsgId: MMSG-13798]
..\\Data\\global_lib.h(349): Notify: Saving Parameter "flightNumber_original_164 = 164".	[MsgId: MMSG-13798]
..\\Data\\global_lib.h(349): Notify: Saving Parameter "flightNumber_original_165 = 165".	[MsgId: MMSG-13798]
..\\Data\\global_lib.h(349): Notify: Saving Parameter "flightNumber_original_166 = 166".	[MsgId: MMSG-13798]
..\\Data\\global_lib.h(349): Notify: Saving Parameter "flightNumber_original_167 = 167".	[MsgId: MMSG-13798]
..\\Data\\global_lib.h(349): Notify: Saving Parameter "flightNumber_original_168 = 168".	[MsgId: MMSG-13798]
..\\Data\\global_lib.h(349): Notify: Saving Parameter "flightNumber_original_169 = 169".	[MsgId: MMSG-13798]
..\\Data\\global_lib.h(349): Notify: Saving Parameter "flightNumber_original_170 = 170".	[MsgId: MMSG-13798]
..\\Data\\global_lib.h(349): Notify: Saving Parameter "flightNumber_original_171 = 171".	[MsgId: MMSG-13798]
..\\Data\\global_lib.h(349): Notify: Saving Parameter "flightNumber_original_172 = 172".	[MsgId: MMSG-13798]
..\\Data\\global_lib.h(349): Notify: Saving Parameter "flightNumber_original_173 = 173".	[MsgId: MMSG-13798]
..\\Data\\global_lib.h(349): Notify: Saving Parameter "flightNumber_original_174 = 174".	[MsgId: MMSG-13798]
..\\Data\\global_lib.h(349): Notify: Saving Parameter "flightNumber_original_175 = 175".	[MsgId: MMSG-13798]
..\\Data\\global_lib.h(349): Notify: Saving Parameter "flightNumber_original_176 = 176".	[MsgId: MMSG-13798]
..\\Data\\global_lib.h(349): Notify: Saving Parameter "flightNumber_original_177 = 177".	[MsgId: MMSG-13798]
..\\Data\\global_lib.h(349): Notify: Saving Parameter "flightNumber_original_178 = 178".	[MsgId: MMSG-13798]
..\\Data\\global_lib.h(349): Notify: Saving Parameter "flightNumber_original_179 = 179".	[MsgId: MMSG-13798]
..\\Data\\global_lib.h(349): Notify: Saving Parameter "flightNumber_original_180 = 180".	[MsgId: MMSG-13798]
..\\Data\\global_lib.h(349): Notify: Saving Parameter "flightNumber_original_181 = 181".	[MsgId: MMSG-13798]
..\\Data\\global_lib.h(349): Notify: Saving Parameter "flightNumber_original_182 = 182".	[MsgId: MMSG-13798]
..\\Data\\global_lib.h(349): Notify: Saving Parameter "flightNumber_original_183 = 183".	[MsgId: MMSG-13798]
..\\Data\\global_lib.h(349): Notify: Saving Parameter "flightNumber_original_184 = 184".	[MsgId: MMSG-13798]
..\\Data\\global_lib.h(349): Notify: Saving Parameter "flightNumber_original_185 = 185".	[MsgId: MMSG-13798]
..\\Data\\global_lib.h(349): Notify: Saving Parameter "flightNumber_original_186 = 186".	[MsgId: MMSG-13798]
..\\Data\\global_lib.h(349): Notify: Saving Parameter "flightNumber_original_187 = 187".	[MsgId: MMSG-13798]
..\\Data\\global_lib.h(349): Notify: Saving Parameter "flightNumber_original_188 = 188".	[MsgId: MMSG-13798]
..\\Data\\global_lib.h(349): Notify: Saving Parameter "flightNumber_original_189 = 189".	[MsgId: MMSG-13798]
..\\Data\\global_lib.h(349): Notify: Saving Parameter "flightNumber_original_190 = 190".	[MsgId: MMSG-13798]
..\\Data\\global_lib.h(349): Notify: Saving Parameter "flightNumber_original_191 = 191".	[MsgId: MMSG-13798]
..\\Data\\global_lib.h(349): Notify: Saving Parameter "flightNumber_original_192 = 192".	[MsgId: MMSG-13798]
..\\Data\\global_lib.h(349): Notify: Saving Parameter "flightNumber_original_193 = 193".	[MsgId: MMSG-13798]
..\\Data\\global_lib.h(349): Notify: Saving Parameter "flightNumber_original_194 = 194".	[MsgId: MMSG-13798]
..\\Data\\global_lib.h(349): Notify: Saving Parameter "flightNumber_original_195 = 195".	[MsgId: MMSG-13798]
..\\Data\\global_lib.h(349): Notify: Saving Parameter "flightNumber_original_196 = 196".	[MsgId: MMSG-13798]
..\\Data\\global_lib.h(349): Notify: Saving Parameter "flightNumber_original_197 = 197".	[MsgId: MMSG-13798]
..\\Data\\global_lib.h(349): Notify: Saving Parameter "flightNumber_original_198 = 198".	[MsgId: MMSG-13798]
..\\Data\\global_lib.h(349): Notify: Saving Parameter "flightNumber_original_199 = 199".	[MsgId: MMSG-13798]
..\\Data\\global_lib.h(349): Notify: Saving Parameter "flightNumber_original_200 = 200".	[MsgId: MMSG-13798]
..\\Data\\global_lib.h(349): Notify: Saving Parameter "flightNumber_original_201 = 201".	[MsgId: MMSG-13798]
..\\Data\\global_lib.h(349): Notify: Saving Parameter "flightNumber_original_202 = 202".	[MsgId: MMSG-13798]
..\\Data\\global_lib.h(349): Notify: Saving Parameter "flightNumber_original_203 = 203".	[MsgId: MMSG-13798]
..\\Data\\global_lib.h(349): Notify: Saving Parameter "flightNumber_original_204 = 204".	[MsgId: MMSG-13798]
..\\Data\\global_lib.h(349): Notify: Saving Parameter "flightNumber_original_205 = 205".	[MsgId: MMSG-13798]
..\\Data\\global_lib.h(349): Notify: Saving Parameter "flightNumber_original_206 = 206".	[MsgId: MMSG-13798]
..\\Data\\global_lib.h(349): Notify: Saving Parameter "flightNumber_original_207 = 207".	[MsgId: MMSG-13798]
..\\Data\\global_lib.h(349): Notify: Saving Parameter "flightNumber_original_208 = 208".	[MsgId: MMSG-13798]
..\\Data\\global_lib.h(349): Notify: Saving Parameter "flightNumber_original_209 = 209".	[MsgId: MMSG-13798]
..\\Data\\global_lib.h(349): Notify: Saving Parameter "flightNumber_original_210 = 210".	[MsgId: MMSG-13798]
..\\Data\\global_lib.h(349): Notify: Saving Parameter "flightNumber_original_211 = 211".	[MsgId: MMSG-13798]
..\\Data\\global_lib.h(349): Notify: Saving Parameter "flightNumber_original_212 = 212".	[MsgId: MMSG-13798]
..\\Data\\global_lib.h(349): Notify: Saving Parameter "flightNumber_original_213 = 213".	[MsgId: MMSG-13798]
..\\Data\\global_lib.h(349): Notify: Saving Parameter "flightNumber_original_214 = 214".	[MsgId: MMSG-13798]
..\\Data\\global_lib.h(349): Notify: Saving Parameter "flightNumber_original_215 = 215".	[MsgId: MMSG-13798]
..\\Data\\global_lib.h(349): Notify: Saving Parameter "flightNumber_original_216 = 216".	[MsgId: MMSG-13798]
..\\Data\\global_lib.h(349): Notify: Saving Parameter "flightNumber_original_217 = 217".	[MsgId: MMSG-13798]
..\\Data\\global_lib.h(349): Notify: Saving Parameter "flightNumber_original_218 = 218".	[MsgId: MMSG-13798]
..\\Data\\global_lib.h(349): Notify: Saving Parameter "flightNumber_original_219 = 219".	[MsgId: MMSG-13798]
..\\Data\\global_lib.h(349): Notify: Saving Parameter "flightNumber_original_220 = 220".	[MsgId: MMSG-13798]
..\\Data\\global_lib.h(349): Notify: Saving Parameter "flightNumber_original_221 = 221".	[MsgId: MMSG-13798]
..\\Data\\global_lib.h(349): Notify: Saving Parameter "flightNumber_original_222 = 222".	[MsgId: MMSG-13798]
..\\Data\\global_lib.h(349): Notify: Saving Parameter "flightNumber_original_223 = 223".	[MsgId: MMSG-13798]
..\\Data\\global_lib.h(349): Notify: Saving Parameter "flightNumber_original_224 = 224".	[MsgId: MMSG-13798]
..\\Data\\global_lib.h(349): Notify: Saving Parameter "flightNumber_original_225 = 225".	[MsgId: MMSG-13798]
..\\Data\\global_lib.h(349): Notify: Saving Parameter "flightNumber_original_226 = 226".	[MsgId: MMSG-13798]
..\\Data\\global_lib.h(349): Notify: Saving Parameter "flightNumber_original_227 = 227".	[MsgId: MMSG-13798]
..\\Data\\global_lib.h(349): Notify: Saving Parameter "flightNumber_original_228 = 228".	[MsgId: MMSG-13798]
..\\Data\\global_lib.h(349): Notify: Saving Parameter "flightNumber_original_229 = 229".	[MsgId: MMSG-13798]
..\\Data\\global_lib.h(349): Notify: Saving Parameter "flightNumber_original_230 = 230".	[MsgId: MMSG-13798]
..\\Data\\global_lib.h(349): Notify: Saving Parameter "flightNumber_original_231 = 231".	[MsgId: MMSG-13798]
..\\Data\\global_lib.h(349): Notify: Saving Parameter "flightNumber_original_232 = 232".	[MsgId: MMSG-13798]
..\\Data\\global_lib.h(349): Notify: Saving Parameter "flightNumber_original_233 = 233".	[MsgId: MMSG-13798]
..\\Data\\global_lib.h(349): Notify: Saving Parameter "flightNumber_original_234 = 234".	[MsgId: MMSG-13798]
..\\Data\\global_lib.h(349): Notify: Saving Parameter "flightNumber_original_235 = 235".	[MsgId: MMSG-13798]
..\\Data\\global_lib.h(349): Notify: Saving Parameter "flightNumber_original_236 = 236".	[MsgId: MMSG-13798]
..\\Data\\global_lib.h(349): Notify: Saving Parameter "flightNumber_original_237 = 237".	[MsgId: MMSG-13798]
..\\Data\\global_lib.h(349): Notify: Saving Parameter "flightNumber_original_238 = 238".	[MsgId: MMSG-13798]
..\\Data\\global_lib.h(349): Notify: Saving Parameter "flightNumber_original_239 = 239".	[MsgId: MMSG-13798]
..\\Data\\global_lib.h(349): Notify: Saving Parameter "flightNumber_original_240 = 240".	[MsgId: MMSG-13798]
..\\Data\\global_lib.h(349): Notify: Saving Parameter "flightNumber_original_241 = 241".	[MsgId: MMSG-13798]
..\\Data\\global_lib.h(349): Notify: Saving Parameter "flightNumber_original_242 = 242".	[MsgId: MMSG-13798]
..\\Data\\global_lib.h(349): Notify: Saving Parameter "flightNumber_original_243 = 243".	[MsgId: MMSG-13798]
..\\Data\\global_lib.h(349): Notify: Saving Parameter "flightNumber_original_244 = 244".	[MsgId: MMSG-13798]
..\\Data\\global_lib.h(349): Notify: Saving Parameter "flightNumber_original_245 = 245".	[MsgId: MMSG-13798]
..\\Data\\global_lib.h(349): Notify: Saving Parameter "flightNumber_original_246 = 246".	[MsgId: MMSG-13798]
..\\Data\\global_lib.h(349): Notify: Saving Parameter "flightNumber_original_247 = 247".	[MsgId: MMSG-13798]
..\\Data\\global_lib.h(349): Notify: Saving Parameter "flightNumber_original_248 = 248".	[MsgId: MMSG-13798]
..\\Data\\global_lib.h(349): Notify: Saving Parameter "flightNumber_original_249 = 249".	[MsgId: MMSG-13798]
..\\Data\\global_lib.h(349): Notify: Saving Parameter "flightNumber_original_250 = 250".	[MsgId: MMSG-13798]
..\\Data\\global_lib.h(349): Notify: Saving Parameter "flightNumber_original_251 = 251".	[MsgId: MMSG-13798]
..\\Data\\global_lib.h(349): Notify: Saving Parameter "flightNumber_original_252 = 252".	[MsgId: MMSG-13798]
..\\Data\\global_lib.h(349): Notify: Saving Parameter "flightNumber_original_253 = 253".	[MsgId: MMSG-13798]
..\\Data\\global_lib.h(349): Notify: Saving Parameter "flightNumber_original_254 = 254".	[MsgId: MMSG-13798]
..\\Data\\global_lib.h(349): Notify: Saving Parameter "flightNumber_original_255 = 255".	[MsgId: MMSG-13798]
..\\Data\\global_lib.h(349): Notify: Saving Parameter "flightNumber_original_256 = 256".	[MsgId: MMSG-13798]
..\\Data\\global_lib.h(349): Notify: Saving Parameter "flightNumber_original_257 = 257".	[MsgId: MMSG-13798]
..\\Data\\global_lib.h(349): Notify: Saving Parameter "flightNumber_original_258 = 258".	[MsgId: MMSG-13798]
..\\Data\\global_lib.h(349): Notify: Saving Parameter "flightNumber_original_259 = 259".	[MsgId: MMSG-13798]
..\\Data\\global_lib.h(349): Notify: Saving Parameter "flightNumber_original_260 = 260".	[MsgId: MMSG-13798]
..\\Data\\global_lib.h(349): Notify: Saving Parameter "flightNumber_original_261 = 261".	[MsgId: MMSG-13798]
..\\Data\\global_lib.h(349): Notify: Saving Parameter "flightNumber_original_262 = 262".	[MsgId: MMSG-13798]
..\\Data\\global_lib.h(349): Notify: Saving Parameter "flightNumber_original_263 = 263".	[MsgId: MMSG-13798]
..\\Data\\global_lib.h(349): Notify: Saving Parameter "flightNumber_original_264 = 264".	[MsgId: MMSG-13798]
..\\Data\\global_lib.h(349): Notify: Saving Parameter "flightNumber_original_265 = 265".	[MsgId: MMSG-13798]
..\\Data\\global_lib.h(349): Notify: Saving Parameter "flightNumber_original_266 = 266".	[MsgId: MMSG-13798]
..\\Data\\global_lib.h(349): Notify: Saving Parameter "flightNumber_original_267 = 267".	[MsgId: MMSG-13798]
..\\Data\\global_lib.h(349): Notify: Saving Parameter "flightNumber_original_268 = 268".	[MsgId: MMSG-13798]
..\\Data\\global_lib.h(349): Notify: Saving Parameter "flightNumber_original_269 = 269".	[MsgId: MMSG-13798]
..\\Data\\global_lib.h(349): Notify: Saving Parameter "flightNumber_original_270 = 270".	[MsgId: MMSG-13798]
..\\Data\\global_lib.h(349): Notify: Saving Parameter "flightNumber_original_271 = 271".	[MsgId: MMSG-13798]
..\\Data\\global_lib.h(349): Notify: Saving Parameter "flightNumber_original_272 = 272".	[MsgId: MMSG-13798]
..\\Data\\global_lib.h(349): Notify: Saving Parameter "flightNumber_original_273 = 273".	[MsgId: MMSG-13798]
..\\Data\\global_lib.h(349): Notify: Saving Parameter "flightNumber_original_274 = 274".	[MsgId: MMSG-13798]
..\\Data\\global_lib.h(349): Notify: Saving Parameter "flightNumber_original_275 = 275".	[MsgId: MMSG-13798]
..\\Data\\global_lib.h(349): Notify: Saving Parameter "flightNumber_original_276 = 276".	[MsgId: MMSG-13798]
..\\Data\\global_lib.h(349): Notify: Saving Parameter "flightNumber_original_277 = 277".	[MsgId: MMSG-13798]
..\\Data\\global_lib.h(349): Notify: Saving Parameter "flightNumber_original_278 = 278".	[MsgId: MMSG-13798]
..\\Data\\global_lib.h(349): Notify: Saving Parameter "flightNumber_original_279 = 279".	[MsgId: MMSG-13798]
..\\Data\\global_lib.h(349): Notify: Saving Parameter "flightNumber_original_280 = 280".	[MsgId: MMSG-13798]
..\\Data\\global_lib.h(349): Notify: Saving Parameter "flightNumber_original_281 = 281".	[MsgId: MMSG-13798]
..\\Data\\global_lib.h(349): Notify: Saving Parameter "flightNumber_original_282 = 282".	[MsgId: MMSG-13798]
..\\Data\\global_lib.h(349): Notify: Saving Parameter "flightNumber_original_283 = 283".	[MsgId: MMSG-13798]
..\\Data\\global_lib.h(349): Notify: Saving Parameter "flightNumber_original_284 = 284".	[MsgId: MMSG-13798]
..\\Data\\global_lib.h(349): Notify: Saving Parameter "flightNumber_original_285 = 285".	[MsgId: MMSG-13798]
..\\Data\\global_lib.h(349): Notify: Saving Parameter "flightNumber_original_286 = 286".	[MsgId: MMSG-13798]
..\\Data\\global_lib.h(349): Notify: Saving Parameter "flightNumber_original_287 = 287".	[MsgId: MMSG-13798]
..\\Data\\global_lib.h(349): Notify: Saving Parameter "flightNumber_original_288 = 288".	[MsgId: MMSG-13798]
..\\Data\\global_lib.h(349): Notify: Saving Parameter "flightNumber_original_289 = 289".	[MsgId: MMSG-13798]
..\\Data\\global_lib.h(349): Notify: Saving Parameter "flightNumber_original_290 = 290".	[MsgId: MMSG-13798]
..\\Data\\global_lib.h(349): Notify: Saving Parameter "flightNumber_original_291 = 291".	[MsgId: MMSG-13798]
..\\Data\\global_lib.h(349): Notify: Saving Parameter "flightNumber_original_292 = 292".	[MsgId: MMSG-13798]
..\\Data\\global_lib.h(349): Notify: Saving Parameter "flightNumber_original_293 = 293".	[MsgId: MMSG-13798]
..\\Data\\global_lib.h(349): Notify: Saving Parameter "flightNumber_original_294 = 294".	[MsgId: MMSG-13798]
..\\Data\\global_lib.h(349): Notify: Saving Parameter "flightNumber_original_295 = 295".	[MsgId: MMSG-13798]
..\\Data\\global_lib.h(349): Notify: Saving Parameter "flightNumber_original_296 = 296".	[MsgId: MMSG-13798]
..\\Data\\global_lib.h(349): Notify: Saving Parameter "flightNumber_original_297 = 297".	[MsgId: MMSG-13798]
..\\Data\\global_lib.h(349): Notify: Saving Parameter "flightNumber_original_298 = 298".	[MsgId: MMSG-13798]
..\\Data\\global_lib.h(349): Notify: Saving Parameter "flightNumber_original_299 = 299".	[MsgId: MMSG-13798]
..\\Data\\global_lib.h(349): Notify: Saving Parameter "flightNumber_original_300 = 300".	[MsgId: MMSG-13798]
..\\Data\\global_lib.h(349): Notify: Saving Parameter "flightNumber_original_301 = 301".	[MsgId: MMSG-13798]
..\\Data\\global_lib.h(349): Notify: Saving Parameter "flightNumber_original_302 = 302".	[MsgId: MMSG-13798]
..\\Data\\global_lib.h(349): t=7246465ms: Already connected [0] to localhost:1080  	[MsgId: MMSG-26000]
..\\Data\\global_lib.h(349): t=7246465ms: 618-byte request headers for "http://localhost:1080/WebTours/images/cancelreservation.gif" (RelFrameId=, Internal ID=471)
..\\Data\\global_lib.h(349):     GET /WebTours/images/cancelreservation.gif HTTP/1.1\r\n
..\\Data\\global_lib.h(349):     Referer: http://localhost:1080/cgi-bin/itinerary.pl\r\n
..\\Data\\global_lib.h(349):     Sec-Fetch-Dest: frame\r\n
..\\Data\\global_lib.h(349):     Sec-Fetch-Site: same-origin\r\n
..\\Data\\global_lib.h(349):     Sec-Fetch-User: ?1\r\n
..\\Data\\global_lib.h(349):     Upgrade-Insecure-Requests: 1\r\n
..\\Data\\global_lib.h(349):     User-Agent: Mozilla/5.0 (Windows NT 10.0; Win64; x64) AppleWebKit/537.36 (KHTML, like Geck
..\\Data\\global_lib.h(349):     o) Chrome/90.0.4430.212 Safari/537.36\r\n
..\\Data\\global_lib.h(349):     Accept-Encoding: gzip, deflate, br\r\n
..\\Data\\global_lib.h(349):     Accept-Language: en-US,en;q=0.9,ru;q=0.8\r\n
..\\Data\\global_lib.h(349):     Accept: */*\r\n
..\\Data\\global_lib.h(349):     Connection: Keep-Alive\r\n
..\\Data\\global_lib.h(349):     Host: localhost:1080\r\n
..\\Data\\global_lib.h(349):     Cookie: MSO=SID&1623179667; MTUserInfo=firstName&ivan9&address2&&username&ivan9&hash&121&l
..\\Data\\global_lib.h(349):     astName&ivan9%0A&address1&&creditCard&&expDate&%0A\r\n
..\\Data\\global_lib.h(349):     \r\n
..\\Data\\global_lib.h(349): t=7246466ms: Already connected [1] to localhost:1080  	[MsgId: MMSG-26000]
..\\Data\\global_lib.h(349): t=7246466ms: 622-byte request headers for "http://localhost:1080/WebTours/images/cancelallreservations.gif" (RelFrameId=, Internal ID=472)
..\\Data\\global_lib.h(349):     GET /WebTours/images/cancelallreservations.gif HTTP/1.1\r\n
..\\Data\\global_lib.h(349):     Referer: http://localhost:1080/cgi-bin/itinerary.pl\r\n
..\\Data\\global_lib.h(349):     Sec-Fetch-Dest: frame\r\n
..\\Data\\global_lib.h(349):     Sec-Fetch-Site: same-origin\r\n
..\\Data\\global_lib.h(349):     Sec-Fetch-User: ?1\r\n
..\\Data\\global_lib.h(349):     Upgrade-Insecure-Requests: 1\r\n
..\\Data\\global_lib.h(349):     User-Agent: Mozilla/5.0 (Windows NT 10.0; Win64; x64) AppleWebKit/537.36 (KHTML, like Geck
..\\Data\\global_lib.h(349):     o) Chrome/90.0.4430.212 Safari/537.36\r\n
..\\Data\\global_lib.h(349):     Accept-Encoding: gzip, deflate, br\r\n
..\\Data\\global_lib.h(349):     Accept-Language: en-US,en;q=0.9,ru;q=0.8\r\n
..\\Data\\global_lib.h(349):     Accept: */*\r\n
..\\Data\\global_lib.h(349):     Connection: Keep-Alive\r\n
..\\Data\\global_lib.h(349):     Host: localhost:1080\r\n
..\\Data\\global_lib.h(349):     Cookie: MSO=SID&1623179667; MTUserInfo=firstName&ivan9&address2&&username&ivan9&hash&121&l
..\\Data\\global_lib.h(349):     astName&ivan9%0A&address1&&creditCard&&expDate&%0A\r\n
..\\Data\\global_lib.h(349):     \r\n
..\\Data\\global_lib.h(349): t=7246466ms: 297-byte response headers for "http://localhost:1080/WebTours/images/cancelreservation.gif" (RelFrameId=, Internal ID=471)
..\\Data\\global_lib.h(349):     HTTP/1.1 200 OK\r\n
..\\Data\\global_lib.h(349):     Date: Tue, 08 Jun 2021 19:14:38 GMT\r\n
..\\Data\\global_lib.h(349):     Server: Apache/2.2.21 (Win32)\r\n
..\\Data\\global_lib.h(349):     Last-Modified: Sun, 06 Jun 2021 20:13:35 GMT\r\n
..\\Data\\global_lib.h(349):     ETag: "100000001ebc9-33f-5c41e8f4f5bd7"\r\n
..\\Data\\global_lib.h(349):     Accept-Ranges: bytes\r\n
..\\Data\\global_lib.h(349):     Content-Length: 831\r\n
..\\Data\\global_lib.h(349):     Keep-Alive: timeout=5, max=98\r\n
..\\Data\\global_lib.h(349):     Connection: Keep-Alive\r\n
..\\Data\\global_lib.h(349):     Content-Type: image/gif\r\n
..\\Data\\global_lib.h(349):     \r\n
..\\Data\\global_lib.h(349): t=7246467ms: 831-byte response body for "http://localhost:1080/WebTours/images/cancelreservation.gif" (RelFrameId=, Internal ID=471)
..\\Data\\global_lib.h(349): t=7246467ms: Request done "http://localhost:1080/WebTours/images/cancelreservation.gif"  	[MsgId: MMSG-26000]
..\\Data\\global_lib.h(349): t=7246467ms: 297-byte response headers for "http://localhost:1080/WebTours/images/cancelallreservations.gif" (RelFrameId=, Internal ID=472)
..\\Data\\global_lib.h(349):     HTTP/1.1 200 OK\r\n
..\\Data\\global_lib.h(349):     Date: Tue, 08 Jun 2021 19:14:38 GMT\r\n
..\\Data\\global_lib.h(349):     Server: Apache/2.2.21 (Win32)\r\n
..\\Data\\global_lib.h(349):     Last-Modified: Sun, 06 Jun 2021 20:13:35 GMT\r\n
..\\Data\\global_lib.h(349):     ETag: "100000001ebc8-2e6-5c41e8f4f05e4"\r\n
..\\Data\\global_lib.h(349):     Accept-Ranges: bytes\r\n
..\\Data\\global_lib.h(349):     Content-Length: 742\r\n
..\\Data\\global_lib.h(349):     Keep-Alive: timeout=5, max=99\r\n
..\\Data\\global_lib.h(349):     Connection: Keep-Alive\r\n
..\\Data\\global_lib.h(349):     Content-Type: image/gif\r\n
..\\Data\\global_lib.h(349):     \r\n
..\\Data\\global_lib.h(349): t=7246467ms: 742-byte response body for "http://localhost:1080/WebTours/images/cancelallreservations.gif" (RelFrameId=, Internal ID=472)
..\\Data\\global_lib.h(349): t=7246467ms: Request done "http://localhost:1080/WebTours/images/cancelallreservations.gif"  	[MsgId: MMSG-26000]
..\\Data\\global_lib.h(349): Notify: Saving Parameter "flightNumber_original_count = 302".	[MsgId: MMSG-13798]
..\\Data\\global_lib.h(349): Registered web_reg_find successful for "Text=User wants the intineraries" (count=1)  	[MsgId: MMSG-26364]
..\\Data\\global_lib.h(349): web_image("Itinerary Button") was successful, 350568 body bytes, 1917 header bytes, 683 chunking overhead bytes  	[MsgId: MMSG-26385]
Action.c(27): Notify: Transaction "Go_to_itinerary_page" ended with a "Pass" status (Duration: 5.3625 Think Time: 5.0102 Wasted Time: 0.0080).	[MsgId: MMSG-16870]
Action.c(30): Notify: Transaction "Sign_off" started.	[MsgId: MMSG-16999]
..\\Data\\global_lib.h(226): web_reg_find started  	[MsgId: MMSG-26355]
..\\Data\\global_lib.h(226): Registering web_reg_find was successful  	[MsgId: MMSG-26390]
..\\Data\\global_lib.h(228): web_url("SignOff Button") started  	[MsgId: MMSG-26355]
..\\Data\\global_lib.h(228): t=7246468ms: Already connected [0] to localhost:1080  	[MsgId: MMSG-26000]
..\\Data\\global_lib.h(228): t=7246468ms: 624-byte request headers for "http://localhost:1080/cgi-bin/welcome.pl?signOff=1" (RelFrameId=1, Internal ID=473)
..\\Data\\global_lib.h(228):     GET /cgi-bin/welcome.pl?signOff=1 HTTP/1.1\r\n
..\\Data\\global_lib.h(228):     Referer: http://localhost:1080/cgi-bin/nav.pl?page=menu&in=flights\r\n
..\\Data\\global_lib.h(228):     Sec-Fetch-Dest: frame\r\n
..\\Data\\global_lib.h(228):     Sec-Fetch-Site: same-origin\r\n
..\\Data\\global_lib.h(228):     Sec-Fetch-User: ?1\r\n
..\\Data\\global_lib.h(228):     Upgrade-Insecure-Requests: 1\r\n
..\\Data\\global_lib.h(228):     User-Agent: Mozilla/5.0 (Windows NT 10.0; Win64; x64) AppleWebKit/537.36 (KHTML, like Geck
..\\Data\\global_lib.h(228):     o) Chrome/90.0.4430.212 Safari/537.36\r\n
..\\Data\\global_lib.h(228):     Accept-Encoding: gzip, deflate, br\r\n
..\\Data\\global_lib.h(228):     Accept-Language: en-US,en;q=0.9,ru;q=0.8\r\n
..\\Data\\global_lib.h(228):     Accept: */*\r\n
..\\Data\\global_lib.h(228):     Connection: Keep-Alive\r\n
..\\Data\\global_lib.h(228):     Host: localhost:1080\r\n
..\\Data\\global_lib.h(228):     Cookie: MSO=SID&1623179667; MTUserInfo=firstName&ivan9&address2&&username&ivan9&hash&121&l
..\\Data\\global_lib.h(228):     astName&ivan9%0A&address1&&creditCard&&expDate&%0A\r\n
..\\Data\\global_lib.h(228):     \r\n
..\\Data\\global_lib.h(228): t=7246508ms: 327-byte response headers for "http://localhost:1080/cgi-bin/welcome.pl?signOff=1" (RelFrameId=1, Internal ID=473)
..\\Data\\global_lib.h(228):     HTTP/1.1 200 OK\r\n
..\\Data\\global_lib.h(228):     Date: Tue, 08 Jun 2021 19:14:38 GMT\r\n
..\\Data\\global_lib.h(228):     Server: Apache/2.2.21 (Win32)\r\n
..\\Data\\global_lib.h(228):     Set-Cookie: MSO=SID&1623179678; path=/\r\n
..\\Data\\global_lib.h(228):     Set-Cookie: MTUserInfo=; path=/; expires=Mon, 07-Jun-2021 19:14:38 GMT\r\n
..\\Data\\global_lib.h(228):     Keep-Alive: timeout=5, max=97\r\n
..\\Data\\global_lib.h(228):     Connection: Keep-Alive\r\n
..\\Data\\global_lib.h(228):     Transfer-Encoding: chunked\r\n
..\\Data\\global_lib.h(228):     Content-Type: text/html; charset=ISO-8859-1\r\n
..\\Data\\global_lib.h(228):     \r\n
..\\Data\\global_lib.h(228): t=7246508ms: 5-byte chunked response overhead for "http://localhost:1080/cgi-bin/welcome.pl?signOff=1" (RelFrameId=1, Internal ID=473)
..\\Data\\global_lib.h(228):     2ae\r\n
..\\Data\\global_lib.h(228): t=7246508ms: 2-byte chunked response overhead for "http://localhost:1080/cgi-bin/welcome.pl?signOff=1" (RelFrameId=1, Internal ID=473)
..\\Data\\global_lib.h(228):     \r\n
..\\Data\\global_lib.h(228): t=7246508ms: 686-byte chunked response body for "http://localhost:1080/cgi-bin/welcome.pl?signOff=1" (RelFrameId=1, Internal ID=473)
..\\Data\\global_lib.h(228):     <!-- \n
..\\Data\\global_lib.h(228):      A Session ID has been created and loaded into a cookie called MSO.\n
..\\Data\\global_lib.h(228):      Also, the server options have been loaded into the cookie called\n
..\\Data\\global_lib.h(228):      MSO as well.  The server options can be set via the Admin page.\n
..\\Data\\global_lib.h(228):      --->\n
..\\Data\\global_lib.h(228):     \n
..\\Data\\global_lib.h(228):     <html>\n
..\\Data\\global_lib.h(228):     <title>Web Tours</title>\n
..\\Data\\global_lib.h(228):        <!-- Frame Set -->\n
..\\Data\\global_lib.h(228):        <frameset cols="160,*" border="1" frameborder="1">\n
..\\Data\\global_lib.h(228):           <!-- Navigation Frame -->\n
..\\Data\\global_lib.h(228):           <frame src="nav.pl?in=home" name="navbar" marginheight="2" marginwidth="2" \n
..\\Data\\global_lib.h(228):                 noresize="noresize" scrolling="auto"/>\n
..\\Data\\global_lib.h(228):           <!-- Home Frame -->\n
..\\Data\\global_lib.h(228):           <frame src="/WebTours/home.html" name="info" marginheight="2" marginwidth="2" \n
..\\Data\\global_lib.h(228):                 noresize="noresize" scrolling="auto"/>\n
..\\Data\\global_lib.h(228):        </frameset>\n
..\\Data\\global_lib.h(228):     </html>\n
..\\Data\\global_lib.h(228):     \n
..\\Data\\global_lib.h(228):     </body>\n
..\\Data\\global_lib.h(228):     </html>
..\\Data\\global_lib.h(228): Detected non-resource "http://localhost:1080/cgi-bin/nav.pl?in=home" in "http://localhost:1080/cgi-bin/welcome.pl?signOff=1"  	[MsgId: MMSG-26574]
..\\Data\\global_lib.h(228): Detected non-resource "http://localhost:1080/WebTours/home.html" in "http://localhost:1080/cgi-bin/welcome.pl?signOff=1"  	[MsgId: MMSG-26574]
..\\Data\\global_lib.h(228): Retrieving data from cache for "http://localhost:1080/WebTours/home.html"  	[MsgId: MMSG-26558]
..\\Data\\global_lib.h(228): t=7246509ms: 1361-byte response body retrieved from cache for "http://localhost:1080/WebTours/home.html" (RelFrameId=1.2, Internal ID=475)
..\\Data\\global_lib.h(228):     <HTML>\n
..\\Data\\global_lib.h(228):     <HEAD>\n
..\\Data\\global_lib.h(228):     \t<title>Web Tours</title>\n
..\\Data\\global_lib.h(228):     </HEAD>\n
..\\Data\\global_lib.h(228):     <style>\n
..\\Data\\global_lib.h(228):     \tblockquote {font-family: tahoma; font-size : 10pt}\n
..\\Data\\global_lib.h(228):     \tH1 {font-family: tahoma; font-size : 22pt; color: #003366}\n
..\\Data\\global_lib.h(228):     \tsmall {font-family: tahoma; font-size : 8pt}\n
..\\Data\\global_lib.h(228):     \tH3{font-family: tahoma; font-size : 10pt; color: black}\n
..\\Data\\global_lib.h(228):     \tA {FONT-WEIGHT: bold; FONT-SIZE: 10pt; COLOR: black; FONT-FAMILY: Tahoma; TEXT-DECORATIO
..\\Data\\global_lib.h(228):     N: none}\n
..\\Data\\global_lib.h(228):     \tA:hover{ FONT-WEIGHT: bold; FONT-SIZE: 10pt; COLOR: #993333; FONT-FAMILY: Tahoma;TEXT-DE
..\\Data\\global_lib.h(228):     CORATION: underline}\n
..\\Data\\global_lib.h(228):     \tTD {font-family: tahoma; font-size : 10pt; color: black}\n
..\\Data\\global_lib.h(228):     </style>\n
..\\Data\\global_lib.h(228):     <body bgcolor="#e0e7f1">\n
..\\Data\\global_lib.h(228):     <BR/>\n
..\\Data\\global_lib.h(228):     <BR/>\n
..\\Data\\global_lib.h(228):     <BR/>\n
..\\Data\\global_lib.h(228):     <br/>\n
..\\Data\\global_lib.h(228):     <table border="0">\n
..\\Data\\global_lib.h(228):     <tr><td></td></tr>\n
..\\Data\\global_lib.h(228):     <TR><TD></TD></TR>\n
..\\Data\\global_lib.h(228):     <TR><TD>\n
..\\Data\\global_lib.h(228):     <blockquote>\n
..\\Data\\global_lib.h(228):     <H1><b>Web Tours</b></H1>\n
..\\Data\\global_lib.h(228):     Welcome to the Web Tours site.\n
..\\Data\\global_lib.h(228):     <br/>\n
..\\Data\\global_lib.h(228):     To make reservations,please enter your account information to the left.\n
..\\Data\\global_lib.h(228):     <br/>\n
..\\Data\\global_lib.h(228):     If you haven't registered yet, <A href="/cgi-bin/login.pl?username=&amp;password=&amp;getI
..\\Data\\global_lib.h(228):     nfo=true" ><B>sign up now</B></A> to get access to all our resources.\n
..\\Data\\global_lib.h(228):     <br/>\n
..\\Data\\global_lib.h(228):     To configure the server options, use <A href="/cgi-bin/admin.pl" target="body" ><b>adminis
..\\Data\\global_lib.h(228):     tration</b></A> link.\n
..\\Data\\global_lib.h(228):     <br/><br/><br/><br/><br/><br/>\n
..\\Data\\global_lib.h(228):     <br/><small>\n
..\\Data\\global_lib.h(228):     This product uses parts of the SMT Kernel, Copyright (c) 1991-99 <A href="http://www.imati
..\\Data\\global_lib.h(228):     x.com" target="new"><B><small>iMatix Corporation</small></B></A> \n
..\\Data\\global_lib.h(228):     </small>\n
..\\Data\\global_lib.h(228):     </blockquote></TD>\n
..\\Data\\global_lib.h(228):     <TD></TD></TR>\n
..\\Data\\global_lib.h(228):     </table>\n
..\\Data\\global_lib.h(228):     </body>\n
..\\Data\\global_lib.h(228):     </HTML>\n
..\\Data\\global_lib.h(228): t=7246511ms: 5-byte chunked response overhead for "http://localhost:1080/cgi-bin/welcome.pl?signOff=1" (RelFrameId=1, Internal ID=473)
..\\Data\\global_lib.h(228):     0\r\n
..\\Data\\global_lib.h(228):     \r\n
..\\Data\\global_lib.h(228): t=7246511ms: Request done "http://localhost:1080/cgi-bin/welcome.pl?signOff=1"  	[MsgId: MMSG-26000]
..\\Data\\global_lib.h(228): t=7246511ms: Already connected [1] to localhost:1080  	[MsgId: MMSG-26000]
..\\Data\\global_lib.h(228): t=7246511ms: 497-byte request headers for "http://localhost:1080/cgi-bin/nav.pl?in=home" (RelFrameId=1.1, Internal ID=474)
..\\Data\\global_lib.h(228):     GET /cgi-bin/nav.pl?in=home HTTP/1.1\r\n
..\\Data\\global_lib.h(228):     Referer: http://localhost:1080/cgi-bin/welcome.pl?signOff=1\r\n
..\\Data\\global_lib.h(228):     Sec-Fetch-Dest: frame\r\n
..\\Data\\global_lib.h(228):     Sec-Fetch-Site: same-origin\r\n
..\\Data\\global_lib.h(228):     Sec-Fetch-User: ?1\r\n
..\\Data\\global_lib.h(228):     Upgrade-Insecure-Requests: 1\r\n
..\\Data\\global_lib.h(228):     User-Agent: Mozilla/5.0 (Windows NT 10.0; Win64; x64) AppleWebKit/537.36 (KHTML, like Geck
..\\Data\\global_lib.h(228):     o) Chrome/90.0.4430.212 Safari/537.36\r\n
..\\Data\\global_lib.h(228):     Accept-Encoding: gzip, deflate, br\r\n
..\\Data\\global_lib.h(228):     Accept-Language: en-US,en;q=0.9,ru;q=0.8\r\n
..\\Data\\global_lib.h(228):     Accept: */*\r\n
..\\Data\\global_lib.h(228):     Connection: Keep-Alive\r\n
..\\Data\\global_lib.h(228):     Host: localhost:1080\r\n
..\\Data\\global_lib.h(228):     Cookie: MSO=SID&1623179678\r\n
..\\Data\\global_lib.h(228):     \r\n
..\\Data\\global_lib.h(228): t=7246552ms: 255-byte response headers for "http://localhost:1080/cgi-bin/nav.pl?in=home" (RelFrameId=1.1, Internal ID=474)
..\\Data\\global_lib.h(228):     HTTP/1.1 200 OK\r\n
..\\Data\\global_lib.h(228):     Date: Tue, 08 Jun 2021 19:14:38 GMT\r\n
..\\Data\\global_lib.h(228):     Server: Apache/2.2.21 (Win32)\r\n
..\\Data\\global_lib.h(228):     Expires: Mon, 07 Jun 2021 19:14:38 GMT\r\n
..\\Data\\global_lib.h(228):     Keep-Alive: timeout=5, max=98\r\n
..\\Data\\global_lib.h(228):     Connection: Keep-Alive\r\n
..\\Data\\global_lib.h(228):     Transfer-Encoding: chunked\r\n
..\\Data\\global_lib.h(228):     Content-Type: text/html; charset=ISO-8859-1\r\n
..\\Data\\global_lib.h(228):     \r\n
..\\Data\\global_lib.h(228): t=7246552ms: 5-byte chunked response overhead for "http://localhost:1080/cgi-bin/nav.pl?in=home" (RelFrameId=1.1, Internal ID=474)
..\\Data\\global_lib.h(228):     5d1\r\n
..\\Data\\global_lib.h(228): t=7246552ms: 2-byte chunked response overhead for "http://localhost:1080/cgi-bin/nav.pl?in=home" (RelFrameId=1.1, Internal ID=474)
..\\Data\\global_lib.h(228):     \r\n
..\\Data\\global_lib.h(228): t=7246552ms: 1489-byte chunked response body for "http://localhost:1080/cgi-bin/nav.pl?in=home" (RelFrameId=1.1, Internal ID=474)
..\\Data\\global_lib.h(228):     <!DOCTYPE html\n
..\\Data\\global_lib.h(228):     \tPUBLIC "-//W3C//DTD XHTML 1.0 Transitional//EN"\n
..\\Data\\global_lib.h(228):     \t "http://www.w3.org/TR/xhtml1/DTD/xhtml1-transitional.dtd">\n
..\\Data\\global_lib.h(228):     <html xmlns="http://www.w3.org/1999/xhtml" lang="en-US" xml:lang="en-US">\n
..\\Data\\global_lib.h(228):     <head>\n
..\\Data\\global_lib.h(228):     <title>Web Tours Navigation Bar</title>\n
..\\Data\\global_lib.h(228):     <meta http-equiv="Content-Type" content="text/html; charset=iso-8859-1" />\n
..\\Data\\global_lib.h(228):     </head>\n
..\\Data\\global_lib.h(228):     <body bgcolor="#E0E7F1">\n
..\\Data\\global_lib.h(228):     <style>\n
..\\Data\\global_lib.h(228):     blockquote {font-family: tahoma; font-size : 10pt}\n
..\\Data\\global_lib.h(228):     H1 {font-family: tahoma; font-size : 22pt; color: #993333}\n
..\\Data\\global_lib.h(228):     H3 {font-family: tahoma; font-size : 10pt; color: black}\n
..\\Data\\global_lib.h(228):     small {font-family: tahoma; font-size : 8pt}\n
..\\Data\\global_lib.h(228):     </style>\n
..\\Data\\global_lib.h(228):     <form method="post" action="/cgi-bin/login.pl" target="body">\n
..\\Data\\global_lib.h(228):     <input type="hidden" name="userSession" value="131484.785581207zHzDctipzfiDDDDDtAfHQptQVQf
..\\Data\\global_lib.h(228):     "/>\n
..\\Data\\global_lib.h(228):     <table border="0"><tr><td>&nbsp;</td>\n
..\\Data\\global_lib.h(228):     <td>&nbsp;</td></tr>\n
..\\Data\\global_lib.h(228):     <tr><td>&nbsp;</td>\n
..\\Data\\global_lib.h(228):     <td>&nbsp;</td></tr>\n
..\\Data\\global_lib.h(228):     <tr><td>&nbsp;</td>\n
..\\Data\\global_lib.h(228):     <td><small>&nbsp;Username</small></td></tr>\n
..\\Data\\global_lib.h(228):     <tr><td>&nbsp;</td>\n
..\\Data\\global_lib.h(228):     <td><input type="text" name="username" value="" size="14" maxlength="14"/></td></tr>\n
..\\Data\\global_lib.h(228):     <tr><td>&nbsp;</td>\n
..\\Data\\global_lib.h(228):     <td><small>&nbsp;Password</small></td>\n
..\\Data\\global_lib.h(228):     <tr><td>&nbsp;</td>\n
..\\Data\\global_lib.h(228):     <td><input type="password" name="password" value="" size="14" maxlength="14"/></td></tr>\n
..\\Data\\global_lib.h(228):     <tr><td>&nbsp;</td>\n
..\\Data\\global_lib.h(228):     <td>&nbsp;</td></tr>\n
..\\Data\\global_lib.h(228):     <tr><td>&nbsp;</td>\n
..\\Data\\global_lib.h(228):     <td><input type="image" name="login" value="Login" alt="Login" border="1" \n
..\\Data\\global_lib.h(228):     src="/WebTours/images/mer_login.gif"/></td></tr>\n
..\\Data\\global_lib.h(228):     <tr><td>&nbsp;</td><td>&nbsp;</td></tr>\n
..\\Data\\global_lib.h(228):     </table><input type="hidden" name="JSFormSubmit" value="off"/>\n
..\\Data\\global_lib.h(228):     </form>\n
..\\Data\\global_lib.h(228):     \n
..\\Data\\global_lib.h(228):     </body>\n
..\\Data\\global_lib.h(228):     </html>\n
..\\Data\\global_lib.h(228): Resource "http://localhost:1080/WebTours/images/mer_login.gif" is in the cache already and will not be downloaded again  	[MsgId: MMSG-26655]
..\\Data\\global_lib.h(228): t=7246554ms: 5-byte chunked response overhead for "http://localhost:1080/cgi-bin/nav.pl?in=home" (RelFrameId=1.1, Internal ID=474)
..\\Data\\global_lib.h(228):     0\r\n
..\\Data\\global_lib.h(228):     \r\n
..\\Data\\global_lib.h(228): t=7246554ms: Request done "http://localhost:1080/cgi-bin/nav.pl?in=home"  	[MsgId: MMSG-26000]
..\\Data\\global_lib.h(228): Registered web_reg_find successful for "Text=Welcome to the Web Tours site." (count=1)  	[MsgId: MMSG-26364]
..\\Data\\global_lib.h(228): web_url("SignOff Button") was successful, 2175 body bytes, 582 header bytes, 24 chunking overhead bytes  	[MsgId: MMSG-26385]
Action.c(34): Notify: Transaction "Sign_off" ended with a "Pass" status (Duration: 0.0868 Wasted Time: 0.0000).	[MsgId: MMSG-16871]
Action.c(37): Notify: Transaction "S1_Go_to_flights" ended with a "Pass" status (Duration: 15.6621 Think Time: 15.0150 Wasted Time: 0.0085).	[MsgId: MMSG-16870]
Ending action Action.	[MsgId: MMSG-15918]
Action was aborted.	[MsgId: MMSG-10694]
Ending Vuser...	[MsgId: MMSG-15966]
Starting action vuser_end.	[MsgId: MMSG-15919]
Ending action vuser_end.	[MsgId: MMSG-15918]
Vuser Terminated.	[MsgId: MMSG-15963]
t=7246555ms: Closed connection [0] to localhost:1080 after completing 4 request(s)  	[MsgId: MMSG-26000]
t=7246555ms: Closed connection [1] to localhost:1080 after completing 3 request(s)  	[MsgId: MMSG-26000]
t=7246555ms: Closed connection [2] to localhost:1080 after completing 1 request(s)  	[MsgId: MMSG-26000]
t=7246555ms: Closed connection [3] to localhost:1080 after completing 1 request(s)  	[MsgId: MMSG-26000]
HTML-Mode memory management statistics: Reusable=52, NonReusable=0, CsMemBlockSize=4096, checks disabled  	[MsgId: MMSG-26000]
Vuser 2 (thread 1072), ended OK."	[MsgId: MMSG-10695]
